{"target": 0.6904892426061116, "params": {"p1": -1.8482727553871872, "p2": 1.6641031014566936, "p3": 205.24017510858994}, "datetime": {"datetime": "2023-11-14 17:14:00", "elapsed": 0.101129, "delta": 0.001023}}
{"target": 0.6969994273357334, "params": {"p1": -2.263646867021879, "p2": 1.7398357407860878, "p3": 434.37639934293486}, "datetime": {"datetime": "2023-11-14 17:14:00", "elapsed": 0.102168, "delta": 0.001039}}
{"target": 0.7038351213018363, "params": {"p1": -2.365232776934939, "p2": 1.638601825593512, "p3": 483.0697791455945}, "datetime": {"datetime": "2023-11-14 17:14:00", "elapsed": 0.103171, "delta": 0.001003}}
{"target": 0.6807239655116786, "params": {"p1": -1.7182931601280527, "p2": 2.118678919941551, "p3": 246.27396850556968}, "datetime": {"datetime": "2023-11-14 17:14:00", "elapsed": 0.104183, "delta": 0.001012}}
{"target": 0.6953718811533279, "params": {"p1": -2.3376487749457953, "p2": 1.5777489686780068, "p3": 414.6373954321147}, "datetime": {"datetime": "2023-11-14 17:14:00", "elapsed": 0.105204, "delta": 0.001021}}
{"target": 0.6810494747481597, "params": {"p1": -2.395954524606542, "p2": 2.347646243388115, "p3": 332.95614155828946}, "datetime": {"datetime": "2023-11-14 17:14:00", "elapsed": 0.106245, "delta": 0.001041}}
{"target": 0.6904892426061116, "params": {"p1": -2.312992012015079, "p2": 1.9058769095537413, "p3": 273.8123943922842}, "datetime": {"datetime": "2023-11-14 17:14:00", "elapsed": 0.107338, "delta": 0.001093}}
{"target": 0.7051371582477608, "params": {"p1": -2.3002753392092754, "p2": 1.910656746147453, "p3": 430.2084466532851}, "datetime": {"datetime": "2023-11-14 17:14:00", "elapsed": 0.108391, "delta": 0.001053}}
{"target": 0.6559852635391155, "params": {"p1": -1.5462217482321985, "p2": 2.2291085397923536, "p3": 510.2022269176539}, "datetime": {"datetime": "2023-11-14 17:14:00", "elapsed": 0.109405, "delta": 0.001014}}
{"target": 0.6869086410048195, "params": {"p1": -1.6975517855843063, "p2": 1.7560558295139508, "p3": 477.40915531303824}, "datetime": {"datetime": "2023-11-14 17:14:00", "elapsed": 0.110438, "delta": 0.001033}}
{"target": 0.6875596594777816, "params": {"p1": -2.270022285100519, "p2": 1.8383324958014797, "p3": 199.3777325836584}, "datetime": {"datetime": "2023-11-14 17:14:00", "elapsed": 0.11157, "delta": 0.001132}}
{"target": 0.6865831317683384, "params": {"p1": -1.7069091904404279, "p2": 1.768727143287896, "p3": 394.9218062919208}, "datetime": {"datetime": "2023-11-14 17:14:00", "elapsed": 0.112614, "delta": 0.001044}}
{"target": 0.6810494747481597, "params": {"p1": -1.504825274791711, "p2": 1.8728749137092155, "p3": 205.68059694130608}, "datetime": {"datetime": "2023-11-14 17:14:00", "elapsed": 0.113642, "delta": 0.001028}}
{"target": 0.6735627623090945, "params": {"p1": -1.7214763939903182, "p2": 2.166992836813328, "p3": 206.8534316370309}, "datetime": {"datetime": "2023-11-14 17:14:00", "elapsed": 0.114699, "delta": 0.001057}}
{"target": 0.6729117438361324, "params": {"p1": -1.6436245413750887, "p2": 1.711119929008297, "p3": 434.61785692074534}, "datetime": {"datetime": "2023-11-14 17:14:00", "elapsed": 0.11573, "delta": 0.001031}}
{"target": 0.6787709100927921, "params": {"p1": -2.2675182885709706, "p2": 2.109250596332349, "p3": 193.45204302557127}, "datetime": {"datetime": "2023-11-14 17:14:00", "elapsed": 0.116772, "delta": 0.001042}}
{"target": 0.6872341502413005, "params": {"p1": -2.439292913359811, "p2": 2.2744241052837153, "p3": 324.8554671753261}, "datetime": {"datetime": "2023-11-14 17:14:00", "elapsed": 0.117809, "delta": 0.001037}}
{"target": 0.7070902136666473, "params": {"p1": -2.497737554684484, "p2": 1.7004193603208175, "p3": 436.65613296099446}, "datetime": {"datetime": "2023-11-14 17:14:00", "elapsed": 0.118852, "delta": 0.001043}}
{"target": 0.6777943823833488, "params": {"p1": -1.5483566841557583, "p2": 1.9240845828313398, "p3": 252.97244836243672}, "datetime": {"datetime": "2023-11-14 17:14:00", "elapsed": 0.119983, "delta": 0.001131}}
{"target": 0.6927678072614791, "params": {"p1": -2.4430243822901323, "p2": 1.6646290045507082, "p3": 284.87735094394657}, "datetime": {"datetime": "2023-11-14 17:14:00", "elapsed": 0.121045, "delta": 0.001062}}
{"target": 0.6803984562751976, "params": {"p1": -1.5932682987668387, "p2": 1.5645620850461355, "p3": 424.25915862551545}, "datetime": {"datetime": "2023-11-14 17:14:00", "elapsed": 0.122131, "delta": 0.001086}}
{"target": 0.6771433639103865, "params": {"p1": -1.9283018797857256, "p2": 2.324586108297124, "p3": 191.40086493657412}, "datetime": {"datetime": "2023-11-14 17:14:00", "elapsed": 0.123189, "delta": 0.001058}}
{"target": 0.6953718811533279, "params": {"p1": -2.291587644117455, "p2": 1.753746904941844, "p3": 376.78852968238743}, "datetime": {"datetime": "2023-11-14 17:14:00", "elapsed": 0.124253, "delta": 0.001064}}
{"target": 0.6771433639103865, "params": {"p1": -2.180871608254286, "p2": 2.3775365185398476, "p3": 324.26792841660665}, "datetime": {"datetime": "2023-11-14 17:14:00", "elapsed": 0.125312, "delta": 0.001059}}
{"target": 0.6930933164979602, "params": {"p1": -1.9280275934089004, "p2": 1.5360269642751132, "p3": 537.6860210889979}, "datetime": {"datetime": "2023-11-14 17:14:00", "elapsed": 0.126358, "delta": 0.001046}}
{"target": 0.678445400856311, "params": {"p1": -2.2347591123774326, "p2": 2.28143437831537, "p3": 292.24950557919794}, "datetime": {"datetime": "2023-11-14 17:14:00", "elapsed": 0.127404, "delta": 0.001046}}
{"target": 0.6774688731468677, "params": {"p1": -1.9446885171277755, "p2": 2.19005356040352, "p3": 365.94713328487694}, "datetime": {"datetime": "2023-11-14 17:14:00", "elapsed": 0.128443, "delta": 0.001039}}
{"target": 0.6797474378022353, "params": {"p1": -1.851946143107289, "p2": 2.380957291950671, "p3": 405.9525075104202}, "datetime": {"datetime": "2023-11-14 17:14:00", "elapsed": 0.129472, "delta": 0.001029}}
{"target": 0.6898382241331493, "params": {"p1": -1.5694113702550256, "p2": 2.169863460699843, "p3": 111.91229484818481}, "datetime": {"datetime": "2023-11-14 17:14:00", "elapsed": 0.13053, "delta": 0.001058}}
{"target": 0.6664015591065104, "params": {"p1": -2.1575136988303583, "p2": 2.3840163652521027, "p3": 298.70355102471643}, "datetime": {"datetime": "2023-11-14 17:14:00", "elapsed": 0.131594, "delta": 0.001064}}
{"target": 0.6683546145253971, "params": {"p1": -1.9524978166772342, "p2": 2.355281116700769, "p3": 205.28946625169772}, "datetime": {"datetime": "2023-11-14 17:14:00", "elapsed": 0.132634, "delta": 0.00104}}
{"target": 0.6937443349709225, "params": {"p1": -2.140712656081659, "p2": 1.9077513163236701, "p3": 423.1609166273888}, "datetime": {"datetime": "2023-11-14 17:14:00", "elapsed": 0.13367, "delta": 0.001036}}
{"target": 0.6986269735181388, "params": {"p1": -2.0262823569198627, "p2": 1.5076447259584072, "p3": 150.22549024694428}, "datetime": {"datetime": "2023-11-14 17:14:00", "elapsed": 0.134712, "delta": 0.001042}}
{"target": 0.6872341502413005, "params": {"p1": -2.000194402974094, "p2": 1.8334292173318691, "p3": 109.30336232889498}, "datetime": {"datetime": "2023-11-14 17:14:00", "elapsed": 0.135785, "delta": 0.001073}}
{"target": 0.6794219285657543, "params": {"p1": -2.2878477333083103, "p2": 2.1532770332651445, "p3": 170.69131719195224}, "datetime": {"datetime": "2023-11-14 17:14:00", "elapsed": 0.13683, "delta": 0.001045}}
{"target": 0.6641229944511429, "params": {"p1": -1.5136172264897798, "p2": 2.3915750166172574, "p3": 397.1614772601323}, "datetime": {"datetime": "2023-11-14 17:14:00", "elapsed": 0.137895, "delta": 0.001065}}
{"target": 0.69895248275462, "params": {"p1": -2.3484471959658735, "p2": 1.7037725651674913, "p3": 405.0571694150206}, "datetime": {"datetime": "2023-11-14 17:14:00", "elapsed": 0.138944, "delta": 0.001049}}
{"target": 0.6996035012275821, "params": {"p1": -1.6343267551213185, "p2": 1.6648680245659646, "p3": 111.5468142626522}, "datetime": {"datetime": "2023-11-14 17:14:00", "elapsed": 0.139999, "delta": 0.001055}}
{"target": 0.6836535486400085, "params": {"p1": -2.199177522924051, "p2": 1.5417649245083669, "p3": 261.99394171493714}, "datetime": {"datetime": "2023-11-14 17:14:00", "elapsed": 0.141069, "delta": 0.00107}}
{"target": 0.6777943823833488, "params": {"p1": -2.282832968881113, "p2": 2.1881113942625134, "p3": 190.4684545536544}, "datetime": {"datetime": "2023-11-14 17:14:00", "elapsed": 0.142165, "delta": 0.001096}}
{"target": 0.6921167887885169, "params": {"p1": -2.1007765417481865, "p2": 2.2005366093588345, "p3": 494.02411652169803}, "datetime": {"datetime": "2023-11-14 17:14:00", "elapsed": 0.143234, "delta": 0.001069}}
{"target": 0.6787709100927921, "params": {"p1": -2.134986491976438, "p2": 1.9285764862527257, "p3": 163.74378641657444}, "datetime": {"datetime": "2023-11-14 17:14:00", "elapsed": 0.144311, "delta": 0.001077}}
{"target": 0.6719352161266892, "params": {"p1": -2.368721425643259, "p2": 2.2867334789869878, "p3": 246.37396253062968}, "datetime": {"datetime": "2023-11-14 17:14:00", "elapsed": 0.145391, "delta": 0.00108}}
{"target": 0.7181575277070045, "params": {"p1": -2.354174082993647, "p2": 2.1698347170925443, "p3": 531.6432485932423}, "datetime": {"datetime": "2023-11-14 17:14:00", "elapsed": 0.14646, "delta": 0.001069}}
{"target": 0.6983014642816577, "params": {"p1": -2.394850790298325, "p2": 1.8943735064711413, "p3": 402.64525075543577}, "datetime": {"datetime": "2023-11-14 17:14:00", "elapsed": 0.147569, "delta": 0.001109}}
{"target": 0.6650995221605861, "params": {"p1": -1.52405103024991, "p2": 2.22850304731705, "p3": 413.8086627227314}, "datetime": {"datetime": "2023-11-14 17:14:00", "elapsed": 0.148629, "delta": 0.00106}}
{"target": 0.6872341502413005, "params": {"p1": -2.0740873278312786, "p2": 1.9335352946489488, "p3": 148.40060638667106}, "datetime": {"datetime": "2023-11-14 17:14:00", "elapsed": 0.149691, "delta": 0.001062}}
{"target": 0.6914657703155548, "params": {"p1": -2.3684627873216657, "p2": 1.7927989843430128, "p3": 208.48899439958123}, "datetime": {"datetime": "2023-11-14 17:14:00", "elapsed": 0.150759, "delta": 0.001068}}
{"target": 0.702533084355912, "params": {"p1": -2.0552148900924294, "p2": 1.8079464420224074, "p3": 540.0808200868645}, "datetime": {"datetime": "2023-11-14 17:14:00", "elapsed": 0.151854, "delta": 0.001095}}
{"target": 0.6745392900185379, "params": {"p1": -2.0972110113863547, "p2": 2.2216883852582727, "p3": 110.6540929712514}, "datetime": {"datetime": "2023-11-14 17:14:00", "elapsed": 0.152949, "delta": 0.001095}}
{"target": 0.6878851687142628, "params": {"p1": -2.1651830990254584, "p2": 1.7614772457617067, "p3": 116.31921760128049}, "datetime": {"datetime": "2023-11-14 17:14:00", "elapsed": 0.154037, "delta": 0.001088}}
{"target": 0.6911402610790737, "params": {"p1": -2.428793929812386, "p2": 1.7928372855989032, "p3": 184.7301876006769}, "datetime": {"datetime": "2023-11-14 17:14:00", "elapsed": 0.1551, "delta": 0.001063}}
{"target": 0.7074157229031284, "params": {"p1": -2.1525843540221414, "p2": 2.277703281115606, "p3": 517.7508273431938}, "datetime": {"datetime": "2023-11-14 17:14:00", "elapsed": 0.15623, "delta": 0.00113}}
{"target": 0.6598913743768886, "params": {"p1": -1.533344296833889, "p2": 2.0552152106012653, "p3": 545.7463606839169}, "datetime": {"datetime": "2023-11-14 17:14:00", "elapsed": 0.157326, "delta": 0.001096}}
{"target": 0.7109963245044204, "params": {"p1": -2.4553300843036627, "p2": 1.7865490607319214, "p3": 547.6454678244385}, "datetime": {"datetime": "2023-11-14 17:14:00", "elapsed": 0.158407, "delta": 0.001081}}
{"target": 0.6657505406335483, "params": {"p1": -1.6086263076014813, "p2": 2.063012844508571, "p3": 473.96556663943363}, "datetime": {"datetime": "2023-11-14 17:14:00", "elapsed": 0.15952, "delta": 0.001113}}
{"target": 0.685281094822414, "params": {"p1": -2.207688277544645, "p2": 1.749041170806563, "p3": 333.85844695293656}, "datetime": {"datetime": "2023-11-14 17:14:00", "elapsed": 0.16061, "delta": 0.00109}}
{"target": 0.7083922506125717, "params": {"p1": -2.265565906076469, "p2": 2.382877828319441, "p3": 546.0089398013972}, "datetime": {"datetime": "2023-11-14 17:14:00", "elapsed": 0.161754, "delta": 0.001144}}
{"target": 0.6797474378022353, "params": {"p1": -1.654556904355287, "p2": 2.000196245080394, "p3": 237.7290682166926}, "datetime": {"datetime": "2023-11-14 17:14:00", "elapsed": 0.162834, "delta": 0.00108}}
{"target": 0.6969994273357334, "params": {"p1": -2.078994153015532, "p2": 1.690887797794041, "p3": 546.2695236951362}, "datetime": {"datetime": "2023-11-14 17:14:00", "elapsed": 0.163928, "delta": 0.001094}}
{"target": 0.6764923454374244, "params": {"p1": -1.7455979876289045, "p2": 1.8604985922971715, "p3": 441.91635749559225}, "datetime": {"datetime": "2023-11-14 17:14:00", "elapsed": 0.165018, "delta": 0.00109}}
{"target": 0.6589148466674453, "params": {"p1": -1.6014613506198832, "p2": 2.4871207440306335, "p3": 274.6964158625362}, "datetime": {"datetime": "2023-11-14 17:14:00", "elapsed": 0.166101, "delta": 0.001083}}
{"target": 0.685281094822414, "params": {"p1": -2.2536409091294765, "p2": 2.4874765313876472, "p3": 362.12794079736983}, "datetime": {"datetime": "2023-11-14 17:14:00", "elapsed": 0.167189, "delta": 0.001088}}
{"target": 0.688861696423706, "params": {"p1": -1.7376858088679485, "p2": 1.5273164600861309, "p3": 217.19166904239495}, "datetime": {"datetime": "2023-11-14 17:14:00", "elapsed": 0.168275, "delta": 0.001086}}
{"target": 0.6979759550451767, "params": {"p1": -2.0790695963554, "p2": 1.503060547944763, "p3": 144.8513820125524}, "datetime": {"datetime": "2023-11-14 17:14:00", "elapsed": 0.169374, "delta": 0.001099}}
{"target": 0.7145769261057124, "params": {"p1": -1.5822834089593627, "p2": 1.5359556825826035, "p3": 105.71975575217678}, "datetime": {"datetime": "2023-11-14 17:14:00", "elapsed": 0.170463, "delta": 0.001089}}
{"target": 0.6869086410048195, "params": {"p1": -1.6434018848676715, "p2": 1.6363038016338238, "p3": 312.62237858814586}, "datetime": {"datetime": "2023-11-14 17:14:00", "elapsed": 0.171601, "delta": 0.001138}}
{"target": 0.6862576225318573, "params": {"p1": -2.1685053036141735, "p2": 1.717710668289414, "p3": 239.85857286777588}, "datetime": {"datetime": "2023-11-14 17:14:00", "elapsed": 0.172712, "delta": 0.001111}}
{"target": 0.6703076699442836, "params": {"p1": -1.5597360019160513, "p2": 2.412834263189392, "p3": 457.4671839431822}, "datetime": {"datetime": "2023-11-14 17:14:00", "elapsed": 0.173801, "delta": 0.001089}}
{"target": 0.6911402610790737, "params": {"p1": -1.9783421977498334, "p2": 1.690782466366707, "p3": 495.48456000692653}, "datetime": {"datetime": "2023-11-14 17:14:00", "elapsed": 0.174895, "delta": 0.001094}}
{"target": 0.664448503687624, "params": {"p1": -1.6851800071585195, "p2": 2.3563057229934232, "p3": 481.65687258729025}, "datetime": {"datetime": "2023-11-14 17:14:00", "elapsed": 0.176014, "delta": 0.001119}}
{"target": 0.6830025301670464, "params": {"p1": -2.1183258232782163, "p2": 1.7562876954051183, "p3": 171.82275206487054}, "datetime": {"datetime": "2023-11-14 17:14:00", "elapsed": 0.177135, "delta": 0.001121}}
{"target": 0.7070902136666473, "params": {"p1": -1.5654540392214273, "p2": 1.6752463822293344, "p3": 126.57879603420126}, "datetime": {"datetime": "2023-11-14 17:14:00", "elapsed": 0.178243, "delta": 0.001108}}
{"target": 0.6755158177279812, "params": {"p1": -1.7045617737230327, "p2": 2.1867002154175994, "p3": 406.2377292408839}, "datetime": {"datetime": "2023-11-14 17:14:00", "elapsed": 0.179335, "delta": 0.001092}}
{"target": 0.6843045671129707, "params": {"p1": -1.7994321695990918, "p2": 1.5068520823175964, "p3": 537.45618869607}, "datetime": {"datetime": "2023-11-14 17:14:00", "elapsed": 0.180418, "delta": 0.001083}}
{"target": 0.6751903084915001, "params": {"p1": -1.5939792390564662, "p2": 1.5041911359190157, "p3": 345.5419425078301}, "datetime": {"datetime": "2023-11-14 17:14:00", "elapsed": 0.181561, "delta": 0.001143}}
{"target": 0.6800729470387165, "params": {"p1": -2.186285174367889, "p2": 2.3917258722641987, "p3": 332.09690696583596}, "datetime": {"datetime": "2023-11-14 17:14:00", "elapsed": 0.182657, "delta": 0.001096}}
{"target": 0.6859321132953762, "params": {"p1": -1.9420248514688148, "p2": 2.125903586758573, "p3": 431.0197356851929}, "datetime": {"datetime": "2023-11-14 17:14:00", "elapsed": 0.183749, "delta": 0.001092}}
{"target": 0.6865831317683384, "params": {"p1": -1.8992719814181376, "p2": 2.067966712764388, "p3": 258.7643008024839}, "datetime": {"datetime": "2023-11-14 17:14:00", "elapsed": 0.18485, "delta": 0.001101}}
{"target": 0.7077412321396095, "params": {"p1": -2.4663445997095828, "p2": 1.828856423975836, "p3": 352.2610391490689}, "datetime": {"datetime": "2023-11-14 17:14:00", "elapsed": 0.186018, "delta": 0.001168}}
{"target": 0.6758413269644623, "params": {"p1": -2.39670935780782, "p2": 2.181673491185474, "p3": 236.1046381735457}, "datetime": {"datetime": "2023-11-14 17:14:00", "elapsed": 0.187125, "delta": 0.001107}}
{"target": 0.6856066040588951, "params": {"p1": -1.7469313059184066, "p2": 1.7906466935286285, "p3": 398.15476041178124}, "datetime": {"datetime": "2023-11-14 17:14:00", "elapsed": 0.188228, "delta": 0.001103}}
{"target": 0.7044861397747986, "params": {"p1": -2.251616303579911, "p2": 2.352679130501964, "p3": 484.61509202783674}, "datetime": {"datetime": "2023-11-14 17:14:00", "elapsed": 0.189348, "delta": 0.00112}}
{"target": 0.7044861397747986, "params": {"p1": -1.9885600073425187, "p2": 2.1493352931411693, "p3": 524.7615507452182}, "datetime": {"datetime": "2023-11-14 17:14:00", "elapsed": 0.190449, "delta": 0.001101}}
{"target": 0.678445400856311, "params": {"p1": -1.6622143170345591, "p2": 1.5118170081205862, "p3": 337.9384843448063}, "datetime": {"datetime": "2023-11-14 17:14:00", "elapsed": 0.191587, "delta": 0.001138}}
{"target": 0.69895248275462, "params": {"p1": -2.29658116289581, "p2": 1.5162646651523561, "p3": 277.73582566413575}, "datetime": {"datetime": "2023-11-14 17:14:00", "elapsed": 0.192682, "delta": 0.001095}}
{"target": 0.6953718811533279, "params": {"p1": -2.0265375326601127, "p2": 1.7712898334373284, "p3": 441.9445023720406}, "datetime": {"datetime": "2023-11-14 17:14:00", "elapsed": 0.193791, "delta": 0.001109}}
{"target": 0.6712841976537269, "params": {"p1": -2.0168905439793323, "p2": 2.296976805713033, "p3": 227.59716239244494}, "datetime": {"datetime": "2023-11-14 17:14:00", "elapsed": 0.194946, "delta": 0.001155}}
{"target": 0.6872341502413005, "params": {"p1": -1.7037424386708007, "p2": 1.593587679567799, "p3": 316.23063871955276}, "datetime": {"datetime": "2023-11-14 17:14:00", "elapsed": 0.196111, "delta": 0.001165}}
{"target": 0.6624954482687373, "params": {"p1": -1.950073554821576, "p2": 2.442127862688417, "p3": 167.9615932870655}, "datetime": {"datetime": "2023-11-14 17:14:00", "elapsed": 0.197248, "delta": 0.001137}}
{"target": 0.6908147518425926, "params": {"p1": -1.899489989522075, "p2": 1.5135776640640384, "p3": 204.53724145775618}, "datetime": {"datetime": "2023-11-14 17:14:00", "elapsed": 0.198363, "delta": 0.001115}}
{"target": 0.6690056329983592, "params": {"p1": -1.7784186446559176, "p2": 2.344482832607303, "p3": 361.4356116764332}, "datetime": {"datetime": "2023-11-14 17:14:00", "elapsed": 0.199499, "delta": 0.001136}}
{"target": 0.6696566514713214, "params": {"p1": -1.7689700230673528, "p2": 2.382597591479932, "p3": 451.8026916743474}, "datetime": {"datetime": "2023-11-14 17:14:00", "elapsed": 0.20062, "delta": 0.001121}}
{"target": 0.668029105288916, "params": {"p1": -1.7766049458101718, "p2": 2.2836755316304576, "p3": 406.4691015846363}, "datetime": {"datetime": "2023-11-14 17:14:00", "elapsed": 0.201759, "delta": 0.001139}}
{"target": 0.6537066988837479, "params": {"p1": -1.5058385477350704, "p2": 2.462886675784048, "p3": 440.51849118626996}, "datetime": {"datetime": "2023-11-14 17:14:00", "elapsed": 0.202875, "delta": 0.001116}}
{"target": 0.6917912795520358, "params": {"p1": -2.121616462592434, "p2": 1.8418579673605118, "p3": 259.3805330220924}, "datetime": {"datetime": "2023-11-14 17:14:00", "elapsed": 0.204003, "delta": 0.001128}}
{"target": 0.6836535486400085, "params": {"p1": -1.7783942316332497, "p2": 2.1955318116330815, "p3": 363.6842656576747}, "datetime": {"datetime": "2023-11-14 17:14:00", "elapsed": 0.20513, "delta": 0.001127}}
{"target": 0.6690056329983592, "params": {"p1": -1.693518641090706, "p2": 2.4317169201320366, "p3": 110.64865896663088}, "datetime": {"datetime": "2023-11-14 17:14:00", "elapsed": 0.206256, "delta": 0.001126}}
{"target": 0.6810494747481597, "params": {"p1": -1.8980164145311758, "p2": 2.2370336114411487, "p3": 374.13250077340075}, "datetime": {"datetime": "2023-11-14 17:14:00", "elapsed": 0.207388, "delta": 0.001132}}
{"target": 0.6657505406335483, "params": {"p1": -1.6962877926498527, "p2": 2.2582680442791245, "p3": 274.53729030725685}, "datetime": {"datetime": "2023-11-14 17:14:00", "elapsed": 0.208507, "delta": 0.001119}}
{"target": 0.6823515116940841, "params": {"p1": -1.6970759665973276, "p2": 1.9281849651927092, "p3": 365.55905778841986}, "datetime": {"datetime": "2023-11-14 17:14:00", "elapsed": 0.209642, "delta": 0.001135}}
{"target": 0.6956973903898089, "params": {"p1": -1.6113693263321927, "p2": 1.6482137879222032, "p3": 194.43094038014033}, "datetime": {"datetime": "2023-11-14 17:14:00", "elapsed": 0.210819, "delta": 0.001177}}
{"target": 0.6735627623090945, "params": {"p1": -1.5253909084522035, "p2": 1.6541929385098388, "p3": 414.53212151188745}, "datetime": {"datetime": "2023-11-14 17:14:00", "elapsed": 0.212017, "delta": 0.001198}}
{"target": 0.6953718811533279, "params": {"p1": -2.1521837461229234, "p2": 1.5258084848668683, "p3": 505.8311009770453}, "datetime": {"datetime": "2023-11-14 17:14:00", "elapsed": 0.213178, "delta": 0.001161}}
{"target": 0.6966739180992523, "params": {"p1": -1.9772548120559783, "p2": 1.6735423701994792, "p3": 120.35497130775693}, "datetime": {"datetime": "2023-11-14 17:14:00", "elapsed": 0.214309, "delta": 0.001131}}
