{"target": 0.6999290104640632, "params": {"p1": -2.2595396328161446, "p2": 2.1851706884899875, "p3": 492.615235079329}, "datetime": {"datetime": "2023-11-14 17:14:03", "elapsed": 3.053962, "delta": 0.002913}}
{"target": 0.6722607253631703, "params": {"p1": -1.9256231358195195, "p2": 2.4073554192995834, "p3": 163.45329285970706}, "datetime": {"datetime": "2023-11-14 17:14:03", "elapsed": 3.056909, "delta": 0.002947}}
{"target": 0.706113685957204, "params": {"p1": -2.493081299337538, "p2": 1.8634763498704838, "p3": 413.7768721968229}, "datetime": {"datetime": "2023-11-14 17:14:03", "elapsed": 3.059838, "delta": 0.002929}}
{"target": 0.6664015591065104, "params": {"p1": -1.7680671559927499, "p2": 2.331381550157127, "p3": 213.3044166908644}, "datetime": {"datetime": "2023-11-14 17:14:03", "elapsed": 3.062769, "delta": 0.002931}}
{"target": 0.692442298024998, "params": {"p1": -2.43664951140195, "p2": 1.5827541795107152, "p3": 240.78133219780938}, "datetime": {"datetime": "2023-11-14 17:14:03", "elapsed": 3.06567, "delta": 0.002901}}
{"target": 0.6787709100927921, "params": {"p1": -1.6992797036146463, "p2": 2.178510952417102, "p3": 223.3445496605832}, "datetime": {"datetime": "2023-11-14 17:14:03", "elapsed": 3.068632, "delta": 0.002962}}
{"target": 0.6735627623090945, "params": {"p1": -1.9721963916502805, "p2": 2.4430170359119057, "p3": 243.35570824855446}, "datetime": {"datetime": "2023-11-14 17:14:03", "elapsed": 3.071582, "delta": 0.00295}}
{"target": 0.6983014642816577, "params": {"p1": -2.2039282583354076, "p2": 1.784454552931596, "p3": 125.13558001378945}, "datetime": {"datetime": "2023-11-14 17:14:03", "elapsed": 3.074493, "delta": 0.002911}}
{"target": 0.6839790578764896, "params": {"p1": -1.9096899311618913, "p2": 1.9633751077383932, "p3": 172.8244158846337}, "datetime": {"datetime": "2023-11-14 17:14:03", "elapsed": 3.077421, "delta": 0.002928}}
{"target": 0.6875596594777816, "params": {"p1": -2.0883752258583343, "p2": 2.0531365315227657, "p3": 315.5888056849078}, "datetime": {"datetime": "2023-11-14 17:14:03", "elapsed": 3.080309, "delta": 0.002888}}
{"target": 0.7012310474099877, "params": {"p1": -2.423506437255125, "p2": 2.4205937779756486, "p3": 434.59902189841773}, "datetime": {"datetime": "2023-11-14 17:14:03", "elapsed": 3.083218, "delta": 0.002909}}
{"target": 0.6735627623090945, "params": {"p1": -1.8464059619643207, "p2": 2.421042652905812, "p3": 383.4515557282001}, "datetime": {"datetime": "2023-11-14 17:14:03", "elapsed": 3.086288, "delta": 0.00307}}
{"target": 0.6930933164979602, "params": {"p1": -2.1018924357815867, "p2": 2.060076531829101, "p3": 435.0979978162094}, "datetime": {"datetime": "2023-11-14 17:14:03", "elapsed": 3.089451, "delta": 0.003163}}
{"target": 0.6927678072614791, "params": {"p1": -2.2889399649485194, "p2": 1.963050144153224, "p3": 320.0007440817333}, "datetime": {"datetime": "2023-11-14 17:14:03", "elapsed": 3.092482, "delta": 0.003031}}
{"target": 0.6677035960524349, "params": {"p1": -2.0164331594582405, "p2": 2.3298496275613148, "p3": 322.21376085519734}, "datetime": {"datetime": "2023-11-14 17:14:03", "elapsed": 3.095693, "delta": 0.003211}}
{"target": 0.6856066040588951, "params": {"p1": -1.8358878835035681, "p2": 1.904176516212957, "p3": 177.49371844294745}, "datetime": {"datetime": "2023-11-14 17:14:03", "elapsed": 3.098696, "delta": 0.003003}}
{"target": 0.6595658651404075, "params": {"p1": -2.2598322533110458, "p2": 2.483741047684696, "p3": 150.8873514710113}, "datetime": {"datetime": "2023-11-14 17:14:03", "elapsed": 3.101633, "delta": 0.002937}}
{"target": 0.6807239655116786, "params": {"p1": -1.6759580302415216, "p2": 1.7584361116148672, "p3": 534.8503703406034}, "datetime": {"datetime": "2023-11-14 17:14:03", "elapsed": 3.104603, "delta": 0.00297}}
{"target": 0.6794219285657543, "params": {"p1": -1.6640177929541766, "p2": 2.092196567963915, "p3": 266.9889396417863}, "datetime": {"datetime": "2023-11-14 17:14:03", "elapsed": 3.107604, "delta": 0.003001}}
{"target": 0.6677035960524349, "params": {"p1": -2.416885511713597, "p2": 2.349905287243538, "p3": 217.24888161259685}, "datetime": {"datetime": "2023-11-14 17:14:03", "elapsed": 3.11058, "delta": 0.002976}}
{"target": 0.6983014642816577, "params": {"p1": -2.145665876804422, "p2": 2.3388591005681976, "p3": 487.3371300085698}, "datetime": {"datetime": "2023-11-14 17:14:03", "elapsed": 3.113497, "delta": 0.002917}}
{"target": 0.7070902136666473, "params": {"p1": -1.8119013425858248, "p2": 1.535435673916373, "p3": 220.22655296414322}, "datetime": {"datetime": "2023-11-14 17:14:03", "elapsed": 3.116438, "delta": 0.002941}}
{"target": 0.664448503687624, "params": {"p1": -1.5916250116657078, "p2": 2.074005230752959, "p3": 432.3224313118676}, "datetime": {"datetime": "2023-11-14 17:14:03", "elapsed": 3.119372, "delta": 0.002934}}
{"target": 0.7041606305383175, "params": {"p1": -2.375783522617212, "p2": 2.3082113761068452, "p3": 425.90071568123324}, "datetime": {"datetime": "2023-11-14 17:14:03", "elapsed": 3.122311, "delta": 0.002939}}
{"target": 0.688861696423706, "params": {"p1": -2.336202452384897, "p2": 1.7148399838142256, "p3": 238.73970058655385}, "datetime": {"datetime": "2023-11-14 17:14:03", "elapsed": 3.125223, "delta": 0.002912}}
{"target": 0.7041606305383175, "params": {"p1": -2.423060457180481, "p2": 2.190930625109039, "p3": 485.14377313282574}, "datetime": {"datetime": "2023-11-14 17:14:03", "elapsed": 3.1282, "delta": 0.002977}}
{"target": 0.685281094822414, "params": {"p1": -1.8381211210598654, "p2": 1.8094817686794689, "p3": 400.633640897853}, "datetime": {"datetime": "2023-11-14 17:14:03", "elapsed": 3.131253, "delta": 0.003053}}
{"target": 0.69602289962629, "params": {"p1": -1.8777552960854806, "p2": 1.7010170527156032, "p3": 425.2630225683049}, "datetime": {"datetime": "2023-11-14 17:14:03", "elapsed": 3.134233, "delta": 0.00298}}
{"target": 0.6703076699442836, "params": {"p1": -1.9832078328856677, "p2": 2.315205178795618, "p3": 206.97452972201478}, "datetime": {"datetime": "2023-11-14 17:14:03", "elapsed": 3.137731, "delta": 0.003498}}
{"target": 0.6914657703155548, "params": {"p1": -2.1577540960618746, "p2": 2.1804230947705534, "p3": 411.23357476847644}, "datetime": {"datetime": "2023-11-14 17:14:03", "elapsed": 3.14093, "delta": 0.003199}}
{"target": 0.6947208626803657, "params": {"p1": -2.2717953315995034, "p2": 2.1157332833500013, "p3": 344.1687236824855}, "datetime": {"datetime": "2023-11-14 17:14:03", "elapsed": 3.143931, "delta": 0.003001}}
{"target": 0.6862576225318573, "params": {"p1": -2.0277361140181145, "p2": 1.9487056985111333, "p3": 335.8406087819785}, "datetime": {"datetime": "2023-11-14 17:14:03", "elapsed": 3.14691, "delta": 0.002979}}
{"target": 0.6729117438361324, "params": {"p1": -1.7203263070083392, "p2": 2.232819131786308, "p3": 275.540868467519}, "datetime": {"datetime": "2023-11-14 17:14:03", "elapsed": 3.149944, "delta": 0.003034}}
{"target": 0.69602289962629, "params": {"p1": -2.2033153218232697, "p2": 2.2820170933290225, "p3": 379.015014053961}, "datetime": {"datetime": "2023-11-14 17:14:03", "elapsed": 3.152951, "delta": 0.003007}}
{"target": 0.6898382241331493, "params": {"p1": -1.5114123302101934, "p2": 2.063785099248938, "p3": 160.9327095618186}, "datetime": {"datetime": "2023-11-14 17:14:03", "elapsed": 3.155922, "delta": 0.002971}}
{"target": 0.6803984562751976, "params": {"p1": -1.7888961347752008, "p2": 2.0561429282646015, "p3": 147.74175256775334}, "datetime": {"datetime": "2023-11-14 17:14:03", "elapsed": 3.158872, "delta": 0.00295}}
{"target": 0.6901637333696304, "params": {"p1": -2.207291355975604, "p2": 1.8040573403485411, "p3": 410.6862185670923}, "datetime": {"datetime": "2023-11-14 17:14:03", "elapsed": 3.161882, "delta": 0.00301}}
{"target": 0.6859321132953762, "params": {"p1": -2.127974133014352, "p2": 2.065550151089572, "p3": 127.48354253422329}, "datetime": {"datetime": "2023-11-14 17:14:03", "elapsed": 3.164876, "delta": 0.002994}}
{"target": 0.6976504458086956, "params": {"p1": -1.8325639222103889, "p2": 1.6932546510295279, "p3": 182.9680943520625}, "datetime": {"datetime": "2023-11-14 17:14:03", "elapsed": 3.167877, "delta": 0.003001}}
{"target": 0.7018820658829498, "params": {"p1": -2.452009998186155, "p2": 1.5147225697457105, "p3": 476.84888326621365}, "datetime": {"datetime": "2023-11-14 17:14:03", "elapsed": 3.170814, "delta": 0.002937}}
{"target": 0.7005800289370254, "params": {"p1": -2.1106994510056634, "p2": 1.7319974386446675, "p3": 510.2942319966078}, "datetime": {"datetime": "2023-11-14 17:14:03", "elapsed": 3.173841, "delta": 0.003027}}
{"target": 0.6826770209305653, "params": {"p1": -2.050624200134301, "p2": 2.101151321408305, "p3": 286.32212649115485}, "datetime": {"datetime": "2023-11-14 17:14:03", "elapsed": 3.176888, "delta": 0.003047}}
{"target": 0.7070902136666473, "params": {"p1": -2.367821285183777, "p2": 2.163726613320629, "p3": 465.04648308828166}, "datetime": {"datetime": "2023-11-14 17:14:03", "elapsed": 3.180056, "delta": 0.003168}}
{"target": 0.692442298024998, "params": {"p1": -2.229582040301732, "p2": 1.810215788647226, "p3": 352.32573934740583}, "datetime": {"datetime": "2023-11-14 17:14:03", "elapsed": 3.183034, "delta": 0.002978}}
{"target": 0.6843045671129707, "params": {"p1": -2.325620606784216, "p2": 1.6099283260496904, "p3": 106.66192905518241}, "datetime": {"datetime": "2023-11-14 17:14:03", "elapsed": 3.186066, "delta": 0.003032}}
{"target": 0.6956973903898089, "params": {"p1": -2.2023956835719853, "p2": 1.5165926804364878, "p3": 541.9426510766109}, "datetime": {"datetime": "2023-11-14 17:14:03", "elapsed": 3.18905, "delta": 0.002984}}
{"target": 0.6901637333696304, "params": {"p1": -1.9526875252536, "p2": 2.1852764455867546, "p3": 526.3705969002318}, "datetime": {"datetime": "2023-11-14 17:14:03", "elapsed": 3.192064, "delta": 0.003014}}
{"target": 0.6817004932211219, "params": {"p1": -2.2145186964800434, "p2": 1.6926631583223077, "p3": 470.3442071610867}, "datetime": {"datetime": "2023-11-14 17:14:03", "elapsed": 3.195047, "delta": 0.002983}}
{"target": 0.6904892426061116, "params": {"p1": -2.3719917470191882, "p2": 2.4098502855325137, "p3": 391.6446890292204}, "datetime": {"datetime": "2023-11-14 17:14:03", "elapsed": 3.198107, "delta": 0.00306}}
{"target": 0.6823515116940841, "params": {"p1": -1.7247228414789237, "p2": 1.6710179024714384, "p3": 453.27783840184435}, "datetime": {"datetime": "2023-11-14 17:14:03", "elapsed": 3.201084, "delta": 0.002977}}
{"target": 0.6641229944511429, "params": {"p1": -1.7351612991328518, "p2": 2.391101402734632, "p3": 308.3149221198381}, "datetime": {"datetime": "2023-11-14 17:14:03", "elapsed": 3.204098, "delta": 0.003014}}
{"target": 0.6764923454374244, "params": {"p1": -1.7457446445255507, "p2": 2.1533735326249936, "p3": 464.8911599044771}, "datetime": {"datetime": "2023-11-14 17:14:03", "elapsed": 3.207065, "delta": 0.002967}}
{"target": 0.7207616015988533, "params": {"p1": -2.4545625217691622, "p2": 2.3608261836241704, "p3": 513.3344178867387}, "datetime": {"datetime": "2023-11-14 17:14:03", "elapsed": 3.210045, "delta": 0.00298}}
{"target": 0.6904892426061116, "params": {"p1": -1.7585700724579327, "p2": 1.8020375460315803, "p3": 263.4284293694443}, "datetime": {"datetime": "2023-11-14 17:14:03", "elapsed": 3.212997, "delta": 0.002952}}
{"target": 0.6843045671129707, "params": {"p1": -1.6640773975364356, "p2": 1.880390142984957, "p3": 442.00544817980773}, "datetime": {"datetime": "2023-11-14 17:14:03", "elapsed": 3.215949, "delta": 0.002952}}
{"target": 0.6937443349709225, "params": {"p1": -2.456831662036081, "p2": 1.861983493026751, "p3": 223.0260286002896}, "datetime": {"datetime": "2023-11-14 17:14:03", "elapsed": 3.218988, "delta": 0.003039}}
{"target": 0.6872341502413005, "params": {"p1": -1.8347566601812844, "p2": 1.62094842711506, "p3": 161.32114992796244}, "datetime": {"datetime": "2023-11-14 17:14:03", "elapsed": 3.221987, "delta": 0.002999}}
{"target": 0.6943953534438847, "params": {"p1": -2.485843369974758, "p2": 1.7486438386348966, "p3": 284.76670415728677}, "datetime": {"datetime": "2023-11-14 17:14:03", "elapsed": 3.224977, "delta": 0.00299}}
{"target": 0.688861696423706, "params": {"p1": -2.4489114105811947, "p2": 2.165615031126155, "p3": 299.9499297864312}, "datetime": {"datetime": "2023-11-14 17:14:03", "elapsed": 3.227974, "delta": 0.002997}}
{"target": 0.6722607253631703, "params": {"p1": -1.6621462841110342, "p2": 1.7715706329787184, "p3": 485.64057703543403}, "datetime": {"datetime": "2023-11-14 17:14:03", "elapsed": 3.230971, "delta": 0.002997}}
{"target": 0.6885361871872249, "params": {"p1": -2.120334457245867, "p2": 1.6937618703267034, "p3": 355.90730913395987}, "datetime": {"datetime": "2023-11-14 17:14:03", "elapsed": 3.233971, "delta": 0.003}}
{"target": 0.6869086410048195, "params": {"p1": -1.947954417830647, "p2": 1.9117646613697326, "p3": 234.63461888350523}, "datetime": {"datetime": "2023-11-14 17:14:03", "elapsed": 3.236978, "delta": 0.003007}}
{"target": 0.6927678072614791, "params": {"p1": -2.2195162189116715, "p2": 1.9353673135922684, "p3": 256.4877555624662}, "datetime": {"datetime": "2023-11-14 17:14:03", "elapsed": 3.240032, "delta": 0.003054}}
{"target": 0.6774688731468677, "params": {"p1": -1.6310570401099849, "p2": 1.7864456607014856, "p3": 350.6213430899094}, "datetime": {"datetime": "2023-11-14 17:14:03", "elapsed": 3.243022, "delta": 0.00299}}
{"target": 0.6882106779507438, "params": {"p1": -1.6948629876672507, "p2": 2.207392966241677, "p3": 203.32671077578203}, "datetime": {"datetime": "2023-11-14 17:14:03", "elapsed": 3.246043, "delta": 0.003021}}
{"target": 0.6898382241331493, "params": {"p1": -2.0397914045435956, "p2": 1.6665969604806197, "p3": 147.97605329304588}, "datetime": {"datetime": "2023-11-14 17:14:03", "elapsed": 3.249033, "delta": 0.00299}}
{"target": 0.682026002457603, "params": {"p1": -1.897450375703904, "p2": 1.8166992762214509, "p3": 466.37455980692715}, "datetime": {"datetime": "2023-11-14 17:14:03", "elapsed": 3.252005, "delta": 0.002972}}
{"target": 0.7031841028288741, "params": {"p1": -2.2585754019893907, "p2": 2.259109453626402, "p3": 532.4541060823428}, "datetime": {"datetime": "2023-11-14 17:14:03", "elapsed": 3.255003, "delta": 0.002998}}
{"target": 0.7015565566464688, "params": {"p1": -2.4295054927342585, "p2": 2.208093550342162, "p3": 466.3596210272424}, "datetime": {"datetime": "2023-11-14 17:14:03", "elapsed": 3.258, "delta": 0.002997}}
{"target": 0.6758413269644623, "params": {"p1": -1.908186521338311, "p2": 2.3836637469625126, "p3": 432.9770205889201}, "datetime": {"datetime": "2023-11-14 17:14:03", "elapsed": 3.26108, "delta": 0.00308}}
{"target": 0.6885361871872249, "params": {"p1": -1.9524078773510825, "p2": 1.6793745395891602, "p3": 220.99750832900514}, "datetime": {"datetime": "2023-11-14 17:14:03", "elapsed": 3.264115, "delta": 0.003035}}
{"target": 0.6637974852146618, "params": {"p1": -1.9349515664727062, "p2": 2.4107850962995476, "p3": 110.74728908924915}, "datetime": {"datetime": "2023-11-14 17:14:03", "elapsed": 3.267196, "delta": 0.003081}}
{"target": 0.6969994273357334, "params": {"p1": -2.3571333256159175, "p2": 1.6115856815206682, "p3": 223.63130586573507}, "datetime": {"datetime": "2023-11-14 17:14:03", "elapsed": 3.2702, "delta": 0.003004}}
{"target": 0.6891872056601871, "params": {"p1": -1.8797955289317603, "p2": 1.9560474700391755, "p3": 133.87662608877588}, "datetime": {"datetime": "2023-11-14 17:14:03", "elapsed": 3.273237, "delta": 0.003037}}
{"target": 0.7002545197005443, "params": {"p1": -2.4629868357393456, "p2": 2.310985530244772, "p3": 446.8610653030284}, "datetime": {"datetime": "2023-11-14 17:14:03", "elapsed": 3.276288, "delta": 0.003051}}
{"target": 0.6983014642816577, "params": {"p1": -1.7641710517601963, "p2": 1.5305733605732295, "p3": 176.6376644256964}, "datetime": {"datetime": "2023-11-14 17:14:03", "elapsed": 3.279318, "delta": 0.00303}}
{"target": 0.6927678072614791, "params": {"p1": -1.8595269840295658, "p2": 1.6578740792872282, "p3": 240.5710358754988}, "datetime": {"datetime": "2023-11-14 17:14:03", "elapsed": 3.282368, "delta": 0.00305}}
{"target": 0.6725862345996513, "params": {"p1": -1.7206757299220956, "p2": 2.34030674020235, "p3": 439.97601223097473}, "datetime": {"datetime": "2023-11-14 17:14:03", "elapsed": 3.285389, "delta": 0.003021}}
{"target": 0.682026002457603, "params": {"p1": -1.8639390305077435, "p2": 2.427854154663145, "p3": 444.77057605595166}, "datetime": {"datetime": "2023-11-14 17:14:03", "elapsed": 3.288399, "delta": 0.00301}}
{"target": 0.706113685957204, "params": {"p1": -1.5978091276874231, "p2": 1.5093482447311657, "p3": 120.48794971884733}, "datetime": {"datetime": "2023-11-14 17:14:03", "elapsed": 3.291443, "delta": 0.003044}}
{"target": 0.6810494747481597, "params": {"p1": -1.956909846860147, "p2": 2.112274353813787, "p3": 464.09413994277855}, "datetime": {"datetime": "2023-11-14 17:14:03", "elapsed": 3.294431, "delta": 0.002988}}
{"target": 0.6943953534438847, "params": {"p1": -2.2215857794404728, "p2": 2.2693828857968237, "p3": 454.83197471236076}, "datetime": {"datetime": "2023-11-14 17:14:03", "elapsed": 3.297479, "delta": 0.003048}}
{"target": 0.6882106779507438, "params": {"p1": -1.9271427110547883, "p2": 1.7557599932988937, "p3": 259.15908637823907}, "datetime": {"datetime": "2023-11-14 17:14:03", "elapsed": 3.300531, "delta": 0.003052}}
{"target": 0.6787709100927921, "params": {"p1": -1.5269094369719456, "p2": 1.975502321402723, "p3": 244.5642849789062}, "datetime": {"datetime": "2023-11-14 17:14:03", "elapsed": 3.303586, "delta": 0.003055}}
{"target": 0.6843045671129707, "params": {"p1": -1.543177516167213, "p2": 1.8087762576329538, "p3": 155.63373283383538}, "datetime": {"datetime": "2023-11-14 17:14:03", "elapsed": 3.306587, "delta": 0.003001}}
{"target": 0.6937443349709225, "params": {"p1": -2.114983423597552, "p2": 1.9485247309373799, "p3": 182.9019583932322}, "datetime": {"datetime": "2023-11-14 17:14:03", "elapsed": 3.309634, "delta": 0.003047}}
{"target": 0.6839790578764896, "params": {"p1": -1.9741372300173357, "p2": 1.5295381032534772, "p3": 510.7506521165664}, "datetime": {"datetime": "2023-11-14 17:14:03", "elapsed": 3.312677, "delta": 0.003043}}
{"target": 0.7080667413760906, "params": {"p1": -2.384758216296909, "p2": 2.3195722567513326, "p3": 455.58952331431925}, "datetime": {"datetime": "2023-11-14 17:14:03", "elapsed": 3.315705, "delta": 0.003028}}
{"target": 0.6546832265931911, "params": {"p1": -1.5634632858387643, "p2": 2.2622604591805127, "p3": 433.1906089882465}, "datetime": {"datetime": "2023-11-14 17:14:03", "elapsed": 3.31878, "delta": 0.003075}}
{"target": 0.6738882715455756, "params": {"p1": -1.7016098948500038, "p2": 1.561978221054775, "p3": 442.35165180414685}, "datetime": {"datetime": "2023-11-14 17:14:03", "elapsed": 3.32185, "delta": 0.00307}}
{"target": 0.6956973903898089, "params": {"p1": -2.3601245796333865, "p2": 1.6980544656070218, "p3": 301.46765726025023}, "datetime": {"datetime": "2023-11-14 17:14:03", "elapsed": 3.324932, "delta": 0.003082}}
{"target": 0.6742137807820567, "params": {"p1": -1.7100291259529818, "p2": 2.2206268699015577, "p3": 446.27207391909224}, "datetime": {"datetime": "2023-11-14 17:14:03", "elapsed": 3.328014, "delta": 0.003082}}
{"target": 0.6817004932211219, "params": {"p1": -1.6182780826300063, "p2": 1.862962963462505, "p3": 333.28272675366475}, "datetime": {"datetime": "2023-11-14 17:14:03", "elapsed": 3.331034, "delta": 0.00302}}
{"target": 0.6875596594777816, "params": {"p1": -2.1315448957679983, "p2": 2.4427465025437134, "p3": 388.9514586851924}, "datetime": {"datetime": "2023-11-14 17:14:03", "elapsed": 3.334096, "delta": 0.003062}}
{"target": 0.6878851687142628, "params": {"p1": -2.1269221569694867, "p2": 1.66734827416128, "p3": 199.29064938679548}, "datetime": {"datetime": "2023-11-14 17:14:03", "elapsed": 3.337086, "delta": 0.00299}}
{"target": 0.6839790578764896, "params": {"p1": -1.7030480097766474, "p2": 2.0807904273764493, "p3": 248.8934913117371}, "datetime": {"datetime": "2023-11-14 17:14:03", "elapsed": 3.340132, "delta": 0.003046}}
{"target": 0.6790964193292732, "params": {"p1": -1.5366650577147163, "p2": 1.5517249196228262, "p3": 548.0051341136669}, "datetime": {"datetime": "2023-11-14 17:14:03", "elapsed": 3.343225, "delta": 0.003093}}
{"target": 0.6973249365722145, "params": {"p1": -2.418532887685178, "p2": 2.4605865885851173, "p3": 398.2471503429846}, "datetime": {"datetime": "2023-11-14 17:14:03", "elapsed": 3.346274, "delta": 0.003049}}
{"target": 0.6973249365722145, "params": {"p1": -1.7394120368103672, "p2": 1.6756219522306361, "p3": 122.94523056929435}, "datetime": {"datetime": "2023-11-14 17:14:03", "elapsed": 3.349325, "delta": 0.003051}}
{"target": 0.6940698442074036, "params": {"p1": -1.5389777681947903, "p2": 1.5073708412742841, "p3": 203.0827267319648}, "datetime": {"datetime": "2023-11-14 17:14:03", "elapsed": 3.352358, "delta": 0.003033}}
{"target": 0.6654250313970672, "params": {"p1": -1.6693057028699316, "p2": 2.466986541194409, "p3": 332.3485585800447}, "datetime": {"datetime": "2023-11-14 17:14:03", "elapsed": 3.355491, "delta": 0.003133}}
{"target": 0.6872341502413005, "params": {"p1": -2.062307187601122, "p2": 2.0253940131365047, "p3": 446.2882371082888}, "datetime": {"datetime": "2023-11-14 17:14:03", "elapsed": 3.358546, "delta": 0.003055}}
{"target": 0.6537066988837479, "params": {"p1": -1.648668477481662, "p2": 2.3240962823222433, "p3": 210.62254863731658}, "datetime": {"datetime": "2023-11-14 17:14:03", "elapsed": 3.36157, "delta": 0.003024}}
{"target": 0.6862576225318573, "params": {"p1": -2.08877032150331, "p2": 2.1774545485893384, "p3": 172.27861435622606}, "datetime": {"datetime": "2023-11-14 17:14:03", "elapsed": 3.364661, "delta": 0.003091}}
{"target": 0.6813749839846408, "params": {"p1": -1.8856293604648071, "p2": 2.09326152095059, "p3": 232.24656996868487}, "datetime": {"datetime": "2023-11-14 17:14:03", "elapsed": 3.367738, "delta": 0.003077}}
