{"target": 0.6856066040588951, "params": {"p1": -2.0953826898811365, "p2": 1.9548966671392347, "p3": 172.99257304192656}, "datetime": {"datetime": "2023-11-14 17:14:01", "elapsed": 0.885044, "delta": 0.00176}}
{"target": 0.6914657703155548, "params": {"p1": -2.2932969767292026, "p2": 1.5042410050295572, "p3": 347.0975821431806}, "datetime": {"datetime": "2023-11-14 17:14:01", "elapsed": 0.886791, "delta": 0.001747}}
{"target": 0.6660760498700293, "params": {"p1": -1.5663822778744096, "p2": 1.9445933433799043, "p3": 503.45631148774436}, "datetime": {"datetime": "2023-11-14 17:14:01", "elapsed": 0.888572, "delta": 0.001781}}
{"target": 0.678445400856311, "params": {"p1": -1.7302862163931052, "p2": 2.1033499699649685, "p3": 421.10097541841975}, "datetime": {"datetime": "2023-11-14 17:14:01", "elapsed": 0.890329, "delta": 0.001757}}
{"target": 0.6742137807820567, "params": {"p1": -1.7805096428518459, "p2": 2.142560776902055, "p3": 423.5878610624176}, "datetime": {"datetime": "2023-11-14 17:14:01", "elapsed": 0.892076, "delta": 0.001747}}
{"target": 0.6895127148966682, "params": {"p1": -1.883130081197903, "p2": 1.7046527450451137, "p3": 225.7895128404602}, "datetime": {"datetime": "2023-11-14 17:14:01", "elapsed": 0.893838, "delta": 0.001762}}
{"target": 0.706113685957204, "params": {"p1": -1.678972179200334, "p2": 1.6446060092939891, "p3": 108.33744465149243}, "datetime": {"datetime": "2023-11-14 17:14:01", "elapsed": 0.895602, "delta": 0.001764}}
{"target": 0.6826770209305653, "params": {"p1": -1.9146755955407864, "p2": 2.268981270345787, "p3": 325.092119125336}, "datetime": {"datetime": "2023-11-14 17:14:01", "elapsed": 0.89733, "delta": 0.001728}}
{"target": 0.6745392900185379, "params": {"p1": -1.8072842209808622, "p2": 1.801422188891661, "p3": 515.230180907803}, "datetime": {"datetime": "2023-11-14 17:14:01", "elapsed": 0.899125, "delta": 0.001795}}
{"target": 0.6686801237618781, "params": {"p1": -2.284840041617421, "p2": 2.4292045645721267, "p3": 248.27075042692746}, "datetime": {"datetime": "2023-11-14 17:14:01", "elapsed": 0.900876, "delta": 0.001751}}
{"target": 0.6729117438361324, "params": {"p1": -1.7206228565011294, "p2": 2.033654532541477, "p3": 360.36751767928155}, "datetime": {"datetime": "2023-11-14 17:14:01", "elapsed": 0.902628, "delta": 0.001752}}
{"target": 0.6742137807820567, "params": {"p1": -1.9611770607630985, "p2": 2.4037386885819374, "p3": 330.7584395009698}, "datetime": {"datetime": "2023-11-14 17:14:01", "elapsed": 0.904364, "delta": 0.001736}}
{"target": 0.6777943823833488, "params": {"p1": -1.7109827628474812, "p2": 2.171576310484566, "p3": 360.5606445936405}, "datetime": {"datetime": "2023-11-14 17:14:01", "elapsed": 0.906115, "delta": 0.001751}}
{"target": 0.6807239655116786, "params": {"p1": -2.023821841713918, "p2": 2.1989279534207498, "p3": 183.65897233846897}, "datetime": {"datetime": "2023-11-14 17:14:01", "elapsed": 0.907897, "delta": 0.001782}}
{"target": 0.6657505406335483, "params": {"p1": -1.7289373453368224, "p2": 2.4140198280301313, "p3": 348.7531692371168}, "datetime": {"datetime": "2023-11-14 17:14:01", "elapsed": 0.909646, "delta": 0.001749}}
{"target": 0.7005800289370254, "params": {"p1": -2.4388650981735056, "p2": 2.1441247975872786, "p3": 416.7452760255785}, "datetime": {"datetime": "2023-11-14 17:14:01", "elapsed": 0.911401, "delta": 0.001755}}
{"target": 0.6745392900185379, "params": {"p1": -1.9105561256081427, "p2": 2.3111194854945953, "p3": 498.8653859273765}, "datetime": {"datetime": "2023-11-14 17:14:01", "elapsed": 0.913167, "delta": 0.001766}}
{"target": 0.7057881767207229, "params": {"p1": -2.4878067465304117, "p2": 1.5923763098578227, "p3": 443.3606221899823}, "datetime": {"datetime": "2023-11-14 17:14:01", "elapsed": 0.914967, "delta": 0.0018}}
{"target": 0.6826770209305653, "params": {"p1": -2.4977612289605053, "p2": 1.6372960964983498, "p3": 274.56142658744477}, "datetime": {"datetime": "2023-11-14 17:14:01", "elapsed": 0.916737, "delta": 0.00177}}
{"target": 0.6833280394035275, "params": {"p1": -1.637045837099852, "p2": 2.0084253550769935, "p3": 163.59020991791337}, "datetime": {"datetime": "2023-11-14 17:14:01", "elapsed": 0.91852, "delta": 0.001783}}
{"target": 0.7012310474099877, "params": {"p1": -2.1914988699323064, "p2": 2.461797469248696, "p3": 542.2050441611805}, "datetime": {"datetime": "2023-11-14 17:14:01", "elapsed": 0.920263, "delta": 0.001743}}
{"target": 0.6836535486400085, "params": {"p1": -1.973144723474625, "p2": 1.9224210912694133, "p3": 293.0427263690674}, "datetime": {"datetime": "2023-11-14 17:14:01", "elapsed": 0.922025, "delta": 0.001762}}
{"target": 0.6953718811533279, "params": {"p1": -2.1802834755810077, "p2": 1.5577549291252655, "p3": 462.83143149160304}, "datetime": {"datetime": "2023-11-14 17:14:01", "elapsed": 0.923785, "delta": 0.00176}}
{"target": 0.6914657703155548, "params": {"p1": -1.5769797598095379, "p2": 1.9093460769137462, "p3": 100.62259275128419}, "datetime": {"datetime": "2023-11-14 17:14:01", "elapsed": 0.925537, "delta": 0.001752}}
{"target": 0.6618444297957752, "params": {"p1": -1.5933841989045865, "p2": 2.321648445752016, "p3": 451.84057080159454}, "datetime": {"datetime": "2023-11-14 17:14:01", "elapsed": 0.927265, "delta": 0.001728}}
{"target": 0.6950463719168468, "params": {"p1": -1.8947376496479422, "p2": 1.8627666305095842, "p3": 247.60701805028975}, "datetime": {"datetime": "2023-11-14 17:14:01", "elapsed": 0.929052, "delta": 0.001787}}
{"target": 0.6660760498700293, "params": {"p1": -2.2965220481377946, "p2": 2.4666394871228308, "p3": 167.89561988428056}, "datetime": {"datetime": "2023-11-14 17:14:01", "elapsed": 0.930813, "delta": 0.001761}}
{"target": 0.6901637333696304, "params": {"p1": -1.981937126943434, "p2": 1.9033784890385181, "p3": 349.03104841093443}, "datetime": {"datetime": "2023-11-14 17:14:01", "elapsed": 0.932612, "delta": 0.001799}}
{"target": 0.6869086410048195, "params": {"p1": -1.8232914824736501, "p2": 1.625633123703764, "p3": 529.220631656726}, "datetime": {"datetime": "2023-11-14 17:14:01", "elapsed": 0.934442, "delta": 0.00183}}
{"target": 0.6813749839846408, "params": {"p1": -1.8981857336355366, "p2": 1.585877167741805, "p3": 225.53168102353266}, "datetime": {"datetime": "2023-11-14 17:14:01", "elapsed": 0.93624, "delta": 0.001798}}
{"target": 0.6699821607078025, "params": {"p1": -1.9210453304695791, "p2": 2.3362900255024766, "p3": 193.82493473804337}, "datetime": {"datetime": "2023-11-14 17:14:01", "elapsed": 0.93808, "delta": 0.00184}}
{"target": 0.6722607253631703, "params": {"p1": -1.5390365766144587, "p2": 1.662926969310281, "p3": 516.9878303470441}, "datetime": {"datetime": "2023-11-14 17:14:01", "elapsed": 0.939852, "delta": 0.001772}}
{"target": 0.6725862345996513, "params": {"p1": -1.736373294596273, "p2": 2.2568160064133678, "p3": 115.09722632341953}, "datetime": {"datetime": "2023-11-14 17:14:01", "elapsed": 0.941658, "delta": 0.001806}}
{"target": 0.6869086410048195, "params": {"p1": -2.000168073144488, "p2": 1.7369319943654855, "p3": 392.6601038029093}, "datetime": {"datetime": "2023-11-14 17:14:01", "elapsed": 0.943435, "delta": 0.001777}}
{"target": 0.685281094822414, "params": {"p1": -1.7993812493759496, "p2": 1.8762588421785438, "p3": 259.61143360078245}, "datetime": {"datetime": "2023-11-14 17:14:01", "elapsed": 0.945211, "delta": 0.001776}}
{"target": 0.6914657703155548, "params": {"p1": -2.1583177967887552, "p2": 1.7099527417577374, "p3": 443.5212608318185}, "datetime": {"datetime": "2023-11-14 17:14:01", "elapsed": 0.947022, "delta": 0.001811}}
{"target": 0.6927678072614791, "params": {"p1": -1.7030990107019592, "p2": 1.7794992117668, "p3": 220.18433796143367}, "datetime": {"datetime": "2023-11-14 17:14:01", "elapsed": 0.948829, "delta": 0.001807}}
{"target": 0.6862576225318573, "params": {"p1": -2.261868004587964, "p2": 2.3430792712803687, "p3": 315.3153215212976}, "datetime": {"datetime": "2023-11-14 17:14:01", "elapsed": 0.950616, "delta": 0.001787}}
{"target": 0.6693311422348404, "params": {"p1": -2.2035871762300183, "p2": 2.333485873731551, "p3": 213.56877986229824}, "datetime": {"datetime": "2023-11-14 17:14:01", "elapsed": 0.952367, "delta": 0.001751}}
{"target": 0.6787709100927921, "params": {"p1": -1.6671274107151692, "p2": 1.8231156615146413, "p3": 424.1849863797359}, "datetime": {"datetime": "2023-11-14 17:14:01", "elapsed": 0.954216, "delta": 0.001849}}
{"target": 0.6690056329983592, "params": {"p1": -1.5597115380533224, "p2": 2.4149870213366573, "p3": 465.63130522404543}, "datetime": {"datetime": "2023-11-14 17:14:01", "elapsed": 0.956069, "delta": 0.001853}}
{"target": 0.6712841976537269, "params": {"p1": -1.594600326495713, "p2": 1.5920948615114887, "p3": 481.7940774070508}, "datetime": {"datetime": "2023-11-14 17:14:01", "elapsed": 0.957899, "delta": 0.00183}}
{"target": 0.668029105288916, "params": {"p1": -1.8341871965504986, "p2": 2.4359997125136155, "p3": 304.0818358269886}, "datetime": {"datetime": "2023-11-14 17:14:01", "elapsed": 0.959707, "delta": 0.001808}}
{"target": 0.6836535486400085, "params": {"p1": -2.4794463741768187, "p2": 2.1603598508674597, "p3": 263.2517225824814}, "datetime": {"datetime": "2023-11-14 17:14:01", "elapsed": 0.961539, "delta": 0.001832}}
{"target": 0.6839790578764896, "params": {"p1": -2.4269577937486497, "p2": 1.503026938772503, "p3": 128.93518118699143}, "datetime": {"datetime": "2023-11-14 17:14:01", "elapsed": 0.963342, "delta": 0.001803}}
{"target": 0.6732372530726134, "params": {"p1": -2.462090856455281, "p2": 2.309187911215965, "p3": 245.85957227031864}, "datetime": {"datetime": "2023-11-14 17:14:01", "elapsed": 0.965162, "delta": 0.00182}}
{"target": 0.6637974852146618, "params": {"p1": -1.536367278338303, "p2": 2.0687407504445647, "p3": 316.72567140918306}, "datetime": {"datetime": "2023-11-14 17:14:01", "elapsed": 0.966983, "delta": 0.001821}}
{"target": 0.6670525775794727, "params": {"p1": -1.7748548506607116, "p2": 2.2270875321774204, "p3": 422.12374033570865}, "datetime": {"datetime": "2023-11-14 17:14:01", "elapsed": 0.968784, "delta": 0.001801}}
{"target": 0.682026002457603, "params": {"p1": -1.8715373200609458, "p2": 1.8167841742723478, "p3": 352.35572338504653}, "datetime": {"datetime": "2023-11-14 17:14:01", "elapsed": 0.970586, "delta": 0.001802}}
{"target": 0.6963484088627712, "params": {"p1": -2.0557957461171608, "p2": 1.5511559455121744, "p3": 388.07120443764916}, "datetime": {"datetime": "2023-11-14 17:14:01", "elapsed": 0.97236, "delta": 0.001774}}
{"target": 0.6729117438361324, "params": {"p1": -2.2740640107965513, "p2": 2.2851385070135475, "p3": 207.63470370114734}, "datetime": {"datetime": "2023-11-14 17:14:01", "elapsed": 0.974154, "delta": 0.001794}}
{"target": 0.699277991991101, "params": {"p1": -2.260426766006982, "p2": 1.5709822929605615, "p3": 433.7231528479781}, "datetime": {"datetime": "2023-11-14 17:14:01", "elapsed": 0.975969, "delta": 0.001815}}
{"target": 0.6901637333696304, "params": {"p1": -2.466248510671913, "p2": 1.8380989502858194, "p3": 290.04173166500743}, "datetime": {"datetime": "2023-11-14 17:14:01", "elapsed": 0.977797, "delta": 0.001828}}
{"target": 0.6797474378022353, "params": {"p1": -1.9192421616052147, "p2": 2.1573912458708353, "p3": 349.12354120550674}, "datetime": {"datetime": "2023-11-14 17:14:01", "elapsed": 0.979594, "delta": 0.001797}}
{"target": 0.6914657703155548, "params": {"p1": -2.455782548195097, "p2": 2.0587892277356925, "p3": 185.00858677695186}, "datetime": {"datetime": "2023-11-14 17:14:01", "elapsed": 0.981397, "delta": 0.001803}}
{"target": 0.6869086410048195, "params": {"p1": -2.0299410216456684, "p2": 2.131289757228571, "p3": 299.0889079931243}, "datetime": {"datetime": "2023-11-14 17:14:01", "elapsed": 0.983213, "delta": 0.001816}}
{"target": 0.6843045671129707, "params": {"p1": -1.5777909145529005, "p2": 1.9260081049369728, "p3": 272.251815185954}, "datetime": {"datetime": "2023-11-14 17:14:01", "elapsed": 0.985011, "delta": 0.001798}}
{"target": 0.6800729470387165, "params": {"p1": -2.0742042503751845, "p2": 2.2598695135106537, "p3": 432.68034995741743}, "datetime": {"datetime": "2023-11-14 17:14:01", "elapsed": 0.986842, "delta": 0.001831}}
{"target": 0.6901637333696304, "params": {"p1": -1.9500444503240804, "p2": 2.216719228467086, "p3": 486.71994184344226}, "datetime": {"datetime": "2023-11-14 17:14:01", "elapsed": 0.98867, "delta": 0.001828}}
{"target": 0.685281094822414, "params": {"p1": -2.054774855945296, "p2": 2.014812157696637, "p3": 288.1396887443059}, "datetime": {"datetime": "2023-11-14 17:14:01", "elapsed": 0.990453, "delta": 0.001783}}
{"target": 0.6817004932211219, "params": {"p1": -1.7888672324023445, "p2": 1.6359104276084022, "p3": 294.88638557266984}, "datetime": {"datetime": "2023-11-14 17:14:01", "elapsed": 0.992246, "delta": 0.001793}}
{"target": 0.7064391951936851, "params": {"p1": -2.1901020273800142, "p2": 2.018219879431715, "p3": 537.5233523234168}, "datetime": {"datetime": "2023-11-14 17:14:01", "elapsed": 0.994047, "delta": 0.001801}}
{"target": 0.6908147518425926, "params": {"p1": -1.9211303128583137, "p2": 1.7582575998604861, "p3": 203.96888429211413}, "datetime": {"datetime": "2023-11-14 17:14:01", "elapsed": 0.995858, "delta": 0.001811}}
{"target": 0.6966739180992523, "params": {"p1": -1.7016313881192018, "p2": 1.6464843619138168, "p3": 204.67222379584712}, "datetime": {"datetime": "2023-11-14 17:14:01", "elapsed": 0.997724, "delta": 0.001866}}
{"target": 0.6751903084915001, "params": {"p1": -1.6811992810607634, "p2": 2.109481164976117, "p3": 405.8044263947049}, "datetime": {"datetime": "2023-11-14 17:14:01", "elapsed": 0.99953, "delta": 0.001806}}
{"target": 0.6725862345996513, "params": {"p1": -2.163811809307851, "p2": 2.23828572697434, "p3": 151.44343916050883}, "datetime": {"datetime": "2023-11-14 17:14:01", "elapsed": 1.001339, "delta": 0.001809}}
{"target": 0.6862576225318573, "params": {"p1": -2.414263002562311, "p2": 1.981864676049765, "p3": 217.0157575154111}, "datetime": {"datetime": "2023-11-14 17:14:01", "elapsed": 1.003143, "delta": 0.001804}}
{"target": 0.7044861397747986, "params": {"p1": -2.4549545159061736, "p2": 1.68026905695568, "p3": 435.97882043068114}, "datetime": {"datetime": "2023-11-14 17:14:01", "elapsed": 1.004935, "delta": 0.001792}}
{"target": 0.6771433639103865, "params": {"p1": -1.809218914802277, "p2": 2.1606452176361706, "p3": 143.47281200724012}, "datetime": {"datetime": "2023-11-14 17:14:01", "elapsed": 1.006762, "delta": 0.001827}}
{"target": 0.6699821607078025, "params": {"p1": -1.5157328513676518, "p2": 1.7547817845314087, "p3": 468.34572166767657}, "datetime": {"datetime": "2023-11-14 17:14:01", "elapsed": 1.008626, "delta": 0.001864}}
{"target": 0.6667270683429916, "params": {"p1": -1.8045366732253543, "p2": 2.437840665515464, "p3": 224.85586457217994}, "datetime": {"datetime": "2023-11-14 17:14:01", "elapsed": 1.010419, "delta": 0.001793}}
{"target": 0.6690056329983592, "params": {"p1": -2.235813187675844, "p2": 2.2574472596928894, "p3": 137.8117056185381}, "datetime": {"datetime": "2023-11-14 17:14:01", "elapsed": 1.012243, "delta": 0.001824}}
{"target": 0.6891872056601871, "params": {"p1": -2.0120313910155025, "p2": 1.7154004475301305, "p3": 434.3439477703318}, "datetime": {"datetime": "2023-11-14 17:14:01", "elapsed": 1.01405, "delta": 0.001807}}
{"target": 0.6869086410048195, "params": {"p1": -1.8998412718971687, "p2": 1.7494942028866034, "p3": 323.4032316881116}, "datetime": {"datetime": "2023-11-14 17:14:01", "elapsed": 1.015863, "delta": 0.001813}}
{"target": 0.6885361871872249, "params": {"p1": -2.010658567567435, "p2": 1.8310625268522416, "p3": 233.07354865792493}, "datetime": {"datetime": "2023-11-14 17:14:01", "elapsed": 1.017709, "delta": 0.001846}}
{"target": 0.682026002457603, "params": {"p1": -1.639665182519219, "p2": 1.660500492900049, "p3": 416.8809555836024}, "datetime": {"datetime": "2023-11-14 17:14:01", "elapsed": 1.019553, "delta": 0.001844}}
{"target": 0.6973249365722145, "params": {"p1": -1.621000494876784, "p2": 1.5904065233970561, "p3": 180.09191398023606}, "datetime": {"datetime": "2023-11-14 17:14:01", "elapsed": 1.021359, "delta": 0.001806}}
{"target": 0.7074157229031284, "params": {"p1": -2.300882060790711, "p2": 1.676200010443348, "p3": 438.5295910432742}, "datetime": {"datetime": "2023-11-14 17:14:01", "elapsed": 1.023167, "delta": 0.001808}}
{"target": 0.6872341502413005, "params": {"p1": -2.4892215835978297, "p2": 1.936078028987434, "p3": 123.29304294056662}, "datetime": {"datetime": "2023-11-14 17:14:01", "elapsed": 1.024989, "delta": 0.001822}}
{"target": 0.6953718811533279, "params": {"p1": -2.234566643838095, "p2": 1.5772903662531457, "p3": 469.7403769912752}, "datetime": {"datetime": "2023-11-14 17:14:01", "elapsed": 1.026819, "delta": 0.00183}}
{"target": 0.682026002457603, "params": {"p1": -2.215216740626977, "p2": 2.278077879973891, "p3": 197.29644641469434}, "datetime": {"datetime": "2023-11-14 17:14:01", "elapsed": 1.028674, "delta": 0.001855}}
{"target": 0.661193411322813, "params": {"p1": -1.6969279526655017, "p2": 2.384472616989431, "p3": 454.58913221467634}, "datetime": {"datetime": "2023-11-14 17:14:01", "elapsed": 1.030502, "delta": 0.001828}}
{"target": 0.6849555855859328, "params": {"p1": -1.8736521016091827, "p2": 2.1111505885253568, "p3": 170.85546358176947}, "datetime": {"datetime": "2023-11-14 17:14:01", "elapsed": 1.032319, "delta": 0.001817}}
{"target": 0.6986269735181388, "params": {"p1": -2.296883324555967, "p2": 1.5059348622741742, "p3": 480.3994672878183}, "datetime": {"datetime": "2023-11-14 17:14:01", "elapsed": 1.034154, "delta": 0.001835}}
{"target": 0.6891872056601871, "params": {"p1": -1.8928805866065235, "p2": 1.8409254987801305, "p3": 109.17250083471933}, "datetime": {"datetime": "2023-11-14 17:14:01", "elapsed": 1.035978, "delta": 0.001824}}
{"target": 0.6898382241331493, "params": {"p1": -1.8862167479854284, "p2": 1.5970847550415908, "p3": 252.23229720195678}, "datetime": {"datetime": "2023-11-14 17:14:01", "elapsed": 1.037843, "delta": 0.001865}}
{"target": 0.668029105288916, "params": {"p1": -2.0610470111327364, "p2": 2.282517206686677, "p3": 138.96765346634953}, "datetime": {"datetime": "2023-11-14 17:14:01", "elapsed": 1.039668, "delta": 0.001825}}
{"target": 0.6563107727755966, "params": {"p1": -1.5168790823696812, "p2": 2.3954147705275872, "p3": 386.8023257329591}, "datetime": {"datetime": "2023-11-14 17:14:01", "elapsed": 1.041489, "delta": 0.001821}}
{"target": 0.7041606305383175, "params": {"p1": -2.425041647750512, "p2": 2.233927864236402, "p3": 422.7241218054897}, "datetime": {"datetime": "2023-11-14 17:14:01", "elapsed": 1.043371, "delta": 0.001882}}
{"target": 0.7012310474099877, "params": {"p1": -2.4928941214661164, "p2": 1.6302582093597073, "p3": 263.5274974287339}, "datetime": {"datetime": "2023-11-14 17:14:01", "elapsed": 1.045238, "delta": 0.001867}}
{"target": 0.6719352161266892, "params": {"p1": -2.2600688057576073, "p2": 2.3446963557885603, "p3": 224.22659058199667}, "datetime": {"datetime": "2023-11-14 17:14:01", "elapsed": 1.047119, "delta": 0.001881}}
{"target": 0.6908147518425926, "params": {"p1": -2.4713474379566023, "p2": 1.8579421626786268, "p3": 286.80025340291627}, "datetime": {"datetime": "2023-11-14 17:14:01", "elapsed": 1.048994, "delta": 0.001875}}
{"target": 0.6771433639103865, "params": {"p1": -1.6610086449302313, "p2": 1.7986124481783745, "p3": 384.7280532006412}, "datetime": {"datetime": "2023-11-14 17:14:01", "elapsed": 1.050868, "delta": 0.001874}}
{"target": 0.6969994273357334, "params": {"p1": -2.117195743914178, "p2": 1.6951715539374195, "p3": 168.87363672801897}, "datetime": {"datetime": "2023-11-14 17:14:01", "elapsed": 1.052717, "delta": 0.001849}}
{"target": 0.671609706890208, "params": {"p1": -2.2197838808559225, "p2": 2.4992281492679647, "p3": 269.65787389117634}, "datetime": {"datetime": "2023-11-14 17:14:01", "elapsed": 1.054597, "delta": 0.00188}}
{"target": 0.6647740129241051, "params": {"p1": -2.1169699843734153, "p2": 2.49595751498795, "p3": 344.62757174169474}, "datetime": {"datetime": "2023-11-14 17:14:01", "elapsed": 1.056438, "delta": 0.001841}}
{"target": 0.6673780868159538, "params": {"p1": -1.6373692634055534, "p2": 2.446122087648839, "p3": 160.92622719121744}, "datetime": {"datetime": "2023-11-14 17:14:01", "elapsed": 1.058394, "delta": 0.001956}}
{"target": 0.692442298024998, "params": {"p1": -2.2706900062365447, "p2": 1.6814589501174533, "p3": 207.9757711953015}, "datetime": {"datetime": "2023-11-14 17:14:01", "elapsed": 1.060238, "delta": 0.001844}}
{"target": 0.6927678072614791, "params": {"p1": -2.073433610733569, "p2": 1.6176260398190738, "p3": 339.78579843537307}, "datetime": {"datetime": "2023-11-14 17:14:01", "elapsed": 1.062102, "delta": 0.001864}}
{"target": 0.6956973903898089, "params": {"p1": -1.9224166362418762, "p2": 1.6736653681170526, "p3": 162.22781841861382}, "datetime": {"datetime": "2023-11-14 17:14:01", "elapsed": 1.063973, "delta": 0.001871}}
{"target": 0.69602289962629, "params": {"p1": -1.8738376889398523, "p2": 1.621815540161255, "p3": 142.58957673146443}, "datetime": {"datetime": "2023-11-14 17:14:01", "elapsed": 1.065828, "delta": 0.001855}}
{"target": 0.69895248275462, "params": {"p1": -2.320058332906637, "p2": 1.5643707484971021, "p3": 102.09570549626125}, "datetime": {"datetime": "2023-11-14 17:14:01", "elapsed": 1.067697, "delta": 0.001869}}
{"target": 0.6911402610790737, "params": {"p1": -1.8426116457991037, "p2": 1.7041287644628562, "p3": 548.7486240049552}, "datetime": {"datetime": "2023-11-14 17:14:01", "elapsed": 1.069607, "delta": 0.00191}}
{"target": 0.6996035012275821, "params": {"p1": -2.2709586313837256, "p2": 2.3529534071078184, "p3": 474.4547823067052}, "datetime": {"datetime": "2023-11-14 17:14:01", "elapsed": 1.071454, "delta": 0.001847}}
{"target": 0.6937443349709225, "params": {"p1": -1.90277496524273, "p2": 1.542400425272993, "p3": 147.52859341903113}, "datetime": {"datetime": "2023-11-14 17:14:01", "elapsed": 1.073343, "delta": 0.001889}}
