{"target": 0.6520791527013423, "params": {"p1": -1.5027720379779783, "p2": 2.361546703151127, "p3": 420.21058681567257}, "datetime": {"datetime": "2023-11-14 17:14:01", "elapsed": 1.598557, "delta": 0.002278}}
{"target": 0.6947208626803657, "params": {"p1": -1.501127210492412, "p2": 1.6651214187234058, "p3": 178.1511080149916}, "datetime": {"datetime": "2023-11-14 17:14:01", "elapsed": 1.600773, "delta": 0.002216}}
{"target": 0.6725862345996513, "params": {"p1": -2.139559696541132, "p2": 2.3974272239812744, "p3": 192.49481761608422}, "datetime": {"datetime": "2023-11-14 17:14:01", "elapsed": 1.603034, "delta": 0.002261}}
{"target": 0.692442298024998, "params": {"p1": -1.8818781832504632, "p2": 1.699211204262706, "p3": 193.45053651700243}, "datetime": {"datetime": "2023-11-14 17:14:01", "elapsed": 1.605295, "delta": 0.002261}}
{"target": 0.7009055381735065, "params": {"p1": -2.0864062127500485, "p2": 1.9247675310170491, "p3": 530.3842578310699}, "datetime": {"datetime": "2023-11-14 17:14:01", "elapsed": 1.607538, "delta": 0.002243}}
{"target": 0.7041606305383175, "params": {"p1": -2.056628384413047, "p2": 2.3740744920598518, "p3": 533.7909191149163}, "datetime": {"datetime": "2023-11-14 17:14:01", "elapsed": 1.609763, "delta": 0.002225}}
{"target": 0.6956973903898089, "params": {"p1": -1.8575429904899048, "p2": 1.5569354538581286, "p3": 294.60183287464577}, "datetime": {"datetime": "2023-11-14 17:14:01", "elapsed": 1.612047, "delta": 0.002284}}
{"target": 0.699277991991101, "params": {"p1": -2.4597592686985235, "p2": 2.085017357544127, "p3": 353.7943653769772}, "datetime": {"datetime": "2023-11-14 17:14:01", "elapsed": 1.614284, "delta": 0.002237}}
{"target": 0.6722607253631703, "params": {"p1": -1.5968131533833962, "p2": 2.188375329888622, "p3": 250.0706381793412}, "datetime": {"datetime": "2023-11-14 17:14:01", "elapsed": 1.616577, "delta": 0.002293}}
{"target": 0.6790964193292732, "params": {"p1": -2.0746467622704996, "p2": 1.7267712510144486, "p3": 463.69358590027}, "datetime": {"datetime": "2023-11-14 17:14:01", "elapsed": 1.618805, "delta": 0.002228}}
{"target": 0.6699821607078025, "params": {"p1": -1.5597176568252413, "p2": 1.9828824015783881, "p3": 285.64889639428657}, "datetime": {"datetime": "2023-11-14 17:14:01", "elapsed": 1.621033, "delta": 0.002228}}
{"target": 0.6904892426061116, "params": {"p1": -1.697874884263313, "p2": 2.1861133141360045, "p3": 222.92913053054485}, "datetime": {"datetime": "2023-11-14 17:14:01", "elapsed": 1.623297, "delta": 0.002264}}
{"target": 0.7012310474099877, "params": {"p1": -2.2101399623360876, "p2": 1.951979027016371, "p3": 459.61386232425696}, "datetime": {"datetime": "2023-11-14 17:14:01", "elapsed": 1.625582, "delta": 0.002285}}
{"target": 0.6914657703155548, "params": {"p1": -1.721433796524756, "p2": 1.6306479026958391, "p3": 331.3331874520314}, "datetime": {"datetime": "2023-11-14 17:14:01", "elapsed": 1.627828, "delta": 0.002246}}
{"target": 0.7074157229031284, "params": {"p1": -2.315631550101796, "p2": 1.8728196213397865, "p3": 448.41282066401567}, "datetime": {"datetime": "2023-11-14 17:14:01", "elapsed": 1.63008, "delta": 0.002252}}
{"target": 0.69895248275462, "params": {"p1": -2.479211934775155, "p2": 1.84250618318365, "p3": 313.13178835679884}, "datetime": {"datetime": "2023-11-14 17:14:01", "elapsed": 1.632319, "delta": 0.002239}}
{"target": 0.6699821607078025, "params": {"p1": -2.0182255499885215, "p2": 2.4121862177556284, "p3": 119.2259555091045}, "datetime": {"datetime": "2023-11-14 17:14:01", "elapsed": 1.634635, "delta": 0.002316}}
{"target": 0.6673780868159538, "params": {"p1": -2.202069721656172, "p2": 2.4813179552862152, "p3": 233.40512743325095}, "datetime": {"datetime": "2023-11-14 17:14:01", "elapsed": 1.636928, "delta": 0.002293}}
{"target": 0.6859321132953762, "params": {"p1": -2.2498435330640962, "p2": 2.440345127631669, "p3": 344.1618823669487}, "datetime": {"datetime": "2023-11-14 17:14:01", "elapsed": 1.639217, "delta": 0.002289}}
{"target": 0.7018820658829498, "params": {"p1": -2.253238544936776, "p2": 1.5887950247781544, "p3": 490.5225223367757}, "datetime": {"datetime": "2023-11-14 17:14:01", "elapsed": 1.641483, "delta": 0.002266}}
{"target": 0.6621699390322562, "params": {"p1": -1.6600535286025169, "p2": 2.0756544317586516, "p3": 451.59073573805773}, "datetime": {"datetime": "2023-11-14 17:14:01", "elapsed": 1.643752, "delta": 0.002269}}
{"target": 0.685281094822414, "params": {"p1": -1.8945968821032766, "p2": 2.002809305760719, "p3": 302.04570098980423}, "datetime": {"datetime": "2023-11-14 17:14:01", "elapsed": 1.646054, "delta": 0.002302}}
{"target": 0.6934188257344414, "params": {"p1": -1.6965719498512049, "p2": 1.7660168684167932, "p3": 194.09469188533495}, "datetime": {"datetime": "2023-11-14 17:14:01", "elapsed": 1.648296, "delta": 0.002242}}
{"target": 0.7070902136666473, "params": {"p1": -2.3552831426983785, "p2": 2.4096251405903133, "p3": 509.4291040855445}, "datetime": {"datetime": "2023-11-14 17:14:01", "elapsed": 1.65055, "delta": 0.002254}}
{"target": 0.6885361871872249, "params": {"p1": -2.086173776218615, "p2": 1.660283751387589, "p3": 324.1455925844909}, "datetime": {"datetime": "2023-11-14 17:14:01", "elapsed": 1.652826, "delta": 0.002276}}
{"target": 0.6657505406335483, "params": {"p1": -2.1216421816499436, "p2": 2.4638620215182927, "p3": 158.42257666600352}, "datetime": {"datetime": "2023-11-14 17:14:01", "elapsed": 1.655116, "delta": 0.00229}}
{"target": 0.69895248275462, "params": {"p1": -2.4105224135010634, "p2": 1.9794888278525762, "p3": 388.62967617478523}, "datetime": {"datetime": "2023-11-14 17:14:01", "elapsed": 1.6574, "delta": 0.002284}}
{"target": 0.6751903084915001, "params": {"p1": -1.749260687290498, "p2": 1.5029684118746962, "p3": 396.8214934429436}, "datetime": {"datetime": "2023-11-14 17:14:01", "elapsed": 1.659674, "delta": 0.002274}}
{"target": 0.6790964193292732, "params": {"p1": -2.3874850323197556, "p2": 2.020864081600891, "p3": 157.33133348029702}, "datetime": {"datetime": "2023-11-14 17:14:01", "elapsed": 1.661944, "delta": 0.00227}}
{"target": 0.6934188257344414, "params": {"p1": -2.0522795711098905, "p2": 1.6924203135910534, "p3": 324.7333320305694}, "datetime": {"datetime": "2023-11-14 17:14:01", "elapsed": 1.664225, "delta": 0.002281}}
{"target": 0.6904892426061116, "params": {"p1": -2.343468985914034, "p2": 1.608435720054136, "p3": 208.86661780194137}, "datetime": {"datetime": "2023-11-14 17:14:01", "elapsed": 1.66658, "delta": 0.002355}}
{"target": 0.6826770209305653, "params": {"p1": -1.9446399434899173, "p2": 1.983753353690359, "p3": 381.3569567539484}, "datetime": {"datetime": "2023-11-14 17:14:01", "elapsed": 1.668853, "delta": 0.002273}}
{"target": 0.6826770209305653, "params": {"p1": -2.3781701514225086, "p2": 2.2491240433577855, "p3": 354.4536567526836}, "datetime": {"datetime": "2023-11-14 17:14:01", "elapsed": 1.671134, "delta": 0.002281}}
{"target": 0.6904892426061116, "params": {"p1": -2.255827138466315, "p2": 1.6287867740932604, "p3": 395.00556376892285}, "datetime": {"datetime": "2023-11-14 17:14:01", "elapsed": 1.673404, "delta": 0.00227}}
{"target": 0.7070902136666473, "params": {"p1": -2.1870557640474564, "p2": 1.6551840668052484, "p3": 524.5467528928252}, "datetime": {"datetime": "2023-11-14 17:14:01", "elapsed": 1.675745, "delta": 0.002341}}
{"target": 0.6797474378022353, "params": {"p1": -1.897426206331803, "p2": 2.3276740006423924, "p3": 379.20692756308694}, "datetime": {"datetime": "2023-11-14 17:14:01", "elapsed": 1.678079, "delta": 0.002334}}
{"target": 0.7168554907610801, "params": {"p1": -2.4433614089010534, "p2": 1.8754437689124006, "p3": 453.87391945053054}, "datetime": {"datetime": "2023-11-14 17:14:01", "elapsed": 1.680399, "delta": 0.00232}}
{"target": 0.6865831317683384, "params": {"p1": -1.9274752741279548, "p2": 1.834589018351528, "p3": 289.5766572892307}, "datetime": {"datetime": "2023-11-14 17:14:01", "elapsed": 1.682692, "delta": 0.002293}}
{"target": 0.6660760498700293, "params": {"p1": -1.5562416679610909, "p2": 2.1295245380096643, "p3": 464.0375797472678}, "datetime": {"datetime": "2023-11-14 17:14:01", "elapsed": 1.68497, "delta": 0.002278}}
{"target": 0.6800729470387165, "params": {"p1": -1.6824847096344473, "p2": 1.9443340869717782, "p3": 472.8172355758796}, "datetime": {"datetime": "2023-11-14 17:14:01", "elapsed": 1.687312, "delta": 0.002342}}
{"target": 0.668029105288916, "params": {"p1": -1.9996346884253313, "p2": 2.302803554482466, "p3": 154.1622887402205}, "datetime": {"datetime": "2023-11-14 17:14:01", "elapsed": 1.689595, "delta": 0.002283}}
{"target": 0.6875596594777816, "params": {"p1": -2.438399013743504, "p2": 1.7030256726350537, "p3": 332.3913546885771}, "datetime": {"datetime": "2023-11-14 17:14:01", "elapsed": 1.691894, "delta": 0.002299}}
{"target": 0.6999290104640632, "params": {"p1": -1.5814762044178061, "p2": 1.7058445784960914, "p3": 168.43020067117763}, "datetime": {"datetime": "2023-11-14 17:14:01", "elapsed": 1.694162, "delta": 0.002268}}
{"target": 0.6745392900185379, "params": {"p1": -1.6099643295492605, "p2": 1.772753448235754, "p3": 413.6171441887676}, "datetime": {"datetime": "2023-11-14 17:14:01", "elapsed": 1.69647, "delta": 0.002308}}
{"target": 0.7064391951936851, "params": {"p1": -2.3552491471557344, "p2": 2.157971076748676, "p3": 435.39906458597915}, "datetime": {"datetime": "2023-11-14 17:14:01", "elapsed": 1.69881, "delta": 0.00234}}
{"target": 0.6963484088627712, "params": {"p1": -1.5334730503146805, "p2": 1.5574347251392895, "p3": 248.1554107646553}, "datetime": {"datetime": "2023-11-14 17:14:01", "elapsed": 1.701094, "delta": 0.002284}}
{"target": 0.6527301711743045, "params": {"p1": -1.5122871208646078, "p2": 2.20724616924503, "p3": 518.0872640208992}, "datetime": {"datetime": "2023-11-14 17:14:01", "elapsed": 1.703385, "delta": 0.002291}}
{"target": 0.6823515116940841, "params": {"p1": -1.5304426744528516, "p2": 1.6823763008488404, "p3": 306.68710753568604}, "datetime": {"datetime": "2023-11-14 17:14:01", "elapsed": 1.705716, "delta": 0.002331}}
{"target": 0.6826770209305653, "params": {"p1": -1.7010407007667379, "p2": 1.765374419288868, "p3": 379.0309052097814}, "datetime": {"datetime": "2023-11-14 17:14:01", "elapsed": 1.708054, "delta": 0.002338}}
{"target": 0.6761668362009433, "params": {"p1": -1.8152617880006148, "p2": 2.3174837072877867, "p3": 513.35407496718}, "datetime": {"datetime": "2023-11-14 17:14:01", "elapsed": 1.710364, "delta": 0.00231}}
{"target": 0.664448503687624, "params": {"p1": -1.6312295013074476, "p2": 2.297357253589168, "p3": 369.5655326901263}, "datetime": {"datetime": "2023-11-14 17:14:01", "elapsed": 1.712682, "delta": 0.002318}}
{"target": 0.6885361871872249, "params": {"p1": -1.7762517224080798, "p2": 1.6277011995670587, "p3": 296.9522035812575}, "datetime": {"datetime": "2023-11-14 17:14:01", "elapsed": 1.714953, "delta": 0.002271}}
{"target": 0.6953718811533279, "params": {"p1": -2.309993942597157, "p2": 2.1224250113700402, "p3": 413.27378657365847}, "datetime": {"datetime": "2023-11-14 17:14:01", "elapsed": 1.717283, "delta": 0.00233}}
{"target": 0.6865831317683384, "params": {"p1": -1.8277504131169056, "p2": 1.5712164261442696, "p3": 538.0434117368216}, "datetime": {"datetime": "2023-11-14 17:14:01", "elapsed": 1.719656, "delta": 0.002373}}
{"target": 0.6983014642816577, "params": {"p1": -2.3055419240243396, "p2": 1.7176829030566105, "p3": 205.70913700470174}, "datetime": {"datetime": "2023-11-14 17:14:01", "elapsed": 1.721991, "delta": 0.002335}}
{"target": 0.6862576225318573, "params": {"p1": -2.021785607280343, "p2": 1.5549669066335552, "p3": 349.19914947472415}, "datetime": {"datetime": "2023-11-14 17:14:01", "elapsed": 1.72434, "delta": 0.002349}}
{"target": 0.6790964193292732, "params": {"p1": -1.8764046527048222, "p2": 2.108606117631049, "p3": 270.060709639345}, "datetime": {"datetime": "2023-11-14 17:14:01", "elapsed": 1.72667, "delta": 0.00233}}
{"target": 0.6751903084915001, "params": {"p1": -1.9109873465413165, "p2": 2.15350702457633, "p3": 129.6774392723142}, "datetime": {"datetime": "2023-11-14 17:14:01", "elapsed": 1.729035, "delta": 0.002365}}
{"target": 0.6875596594777816, "params": {"p1": -2.104277767641826, "p2": 1.950251546384501, "p3": 355.4075141436705}, "datetime": {"datetime": "2023-11-14 17:14:01", "elapsed": 1.73137, "delta": 0.002335}}
{"target": 0.7083922506125717, "params": {"p1": -2.474999704070129, "p2": 2.2629527148823954, "p3": 436.65241579048774}, "datetime": {"datetime": "2023-11-14 17:14:01", "elapsed": 1.733715, "delta": 0.002345}}
{"target": 0.6729117438361324, "params": {"p1": -1.8315068442298945, "p2": 2.2368217750253563, "p3": 375.7482284164881}, "datetime": {"datetime": "2023-11-14 17:14:01", "elapsed": 1.736033, "delta": 0.002318}}
{"target": 0.6895127148966682, "params": {"p1": -2.4452943504244207, "p2": 2.2405679027902883, "p3": 260.26953488304105}, "datetime": {"datetime": "2023-11-14 17:14:01", "elapsed": 1.738409, "delta": 0.002376}}
{"target": 0.6999290104640632, "params": {"p1": -2.30095053063732, "p2": 1.5344748475091354, "p3": 466.069411207418}, "datetime": {"datetime": "2023-11-14 17:14:01", "elapsed": 1.740739, "delta": 0.00233}}
{"target": 0.6878851687142628, "params": {"p1": -2.495895866040824, "p2": 2.2015077960104694, "p3": 325.59201551513365}, "datetime": {"datetime": "2023-11-14 17:14:02", "elapsed": 1.743036, "delta": 0.002297}}
{"target": 0.6712841976537269, "params": {"p1": -1.7900384886291345, "p2": 2.476751151606912, "p3": 491.81371459156685}, "datetime": {"datetime": "2023-11-14 17:14:02", "elapsed": 1.745318, "delta": 0.002282}}
{"target": 0.6947208626803657, "params": {"p1": -1.8443533498781162, "p2": 1.5639353280498098, "p3": 205.41723921118376}, "datetime": {"datetime": "2023-11-14 17:14:02", "elapsed": 1.747654, "delta": 0.002336}}
{"target": 0.6673780868159538, "params": {"p1": -1.9572143751929925, "p2": 2.435589500292053, "p3": 205.79075935061144}, "datetime": {"datetime": "2023-11-14 17:14:02", "elapsed": 1.74999, "delta": 0.002336}}
{"target": 0.6670525775794727, "params": {"p1": -1.5713742701896614, "p2": 1.7583222124426439, "p3": 545.9423940009813}, "datetime": {"datetime": "2023-11-14 17:14:02", "elapsed": 1.752341, "delta": 0.002351}}
{"target": 0.6823515116940841, "params": {"p1": -1.8755463628262947, "p2": 1.6591160067034811, "p3": 331.1764149630318}, "datetime": {"datetime": "2023-11-14 17:14:02", "elapsed": 1.754677, "delta": 0.002336}}
{"target": 0.6898382241331493, "params": {"p1": -1.9520222827869333, "p2": 1.6266420487376678, "p3": 435.9877106727488}, "datetime": {"datetime": "2023-11-14 17:14:02", "elapsed": 1.757021, "delta": 0.002344}}
{"target": 0.668029105288916, "params": {"p1": -1.875223112342185, "p2": 2.2199645771958867, "p3": 330.1253523861541}, "datetime": {"datetime": "2023-11-14 17:14:02", "elapsed": 1.759373, "delta": 0.002352}}
{"target": 0.6771433639103865, "params": {"p1": -1.6403002262051185, "p2": 2.017513045871114, "p3": 202.17888344503524}, "datetime": {"datetime": "2023-11-14 17:14:02", "elapsed": 1.76173, "delta": 0.002357}}
{"target": 0.6849555855859328, "params": {"p1": -1.8865363906734434, "p2": 1.5393961192273675, "p3": 333.8005090741908}, "datetime": {"datetime": "2023-11-14 17:14:02", "elapsed": 1.818295, "delta": 0.056565}}
{"target": 0.6800729470387165, "params": {"p1": -1.9130846070320873, "p2": 1.917857236685148, "p3": 174.05805981126514}, "datetime": {"datetime": "2023-11-14 17:14:02", "elapsed": 1.821235, "delta": 0.00294}}
{"target": 0.7048116490112797, "params": {"p1": -2.3842335976111806, "p2": 1.7811758551842427, "p3": 536.1639145122332}, "datetime": {"datetime": "2023-11-14 17:14:02", "elapsed": 1.823706, "delta": 0.002471}}
{"target": 0.712623870686826, "params": {"p1": -2.3939633095318484, "p2": 1.7970753169529925, "p3": 478.5212638377802}, "datetime": {"datetime": "2023-11-14 17:14:02", "elapsed": 1.826141, "delta": 0.002435}}
{"target": 0.6953718811533279, "params": {"p1": -1.756531266753421, "p2": 1.7577126862127623, "p3": 165.29336137042714}, "datetime": {"datetime": "2023-11-14 17:14:02", "elapsed": 1.828561, "delta": 0.00242}}
{"target": 0.6810494747481597, "params": {"p1": -1.8111524853097611, "p2": 2.040962722343429, "p3": 354.04836848008625}, "datetime": {"datetime": "2023-11-14 17:14:02", "elapsed": 1.830929, "delta": 0.002368}}
{"target": 0.6973249365722145, "params": {"p1": -2.3170379552385962, "p2": 1.7772256392245724, "p3": 281.22884941055105}, "datetime": {"datetime": "2023-11-14 17:14:02", "elapsed": 1.833249, "delta": 0.00232}}
{"target": 0.6934188257344414, "params": {"p1": -1.5251448301849466, "p2": 1.5172871238254209, "p3": 158.11703345157616}, "datetime": {"datetime": "2023-11-14 17:14:02", "elapsed": 1.835555, "delta": 0.002306}}
{"target": 0.6732372530726134, "params": {"p1": -1.8144552666330451, "p2": 2.4411651614750416, "p3": 270.86523860613283}, "datetime": {"datetime": "2023-11-14 17:14:02", "elapsed": 1.837833, "delta": 0.002278}}
{"target": 0.6963484088627712, "params": {"p1": -2.058924422074439, "p2": 1.515236604783418, "p3": 207.43826947630748}, "datetime": {"datetime": "2023-11-14 17:14:02", "elapsed": 1.840099, "delta": 0.002266}}
{"target": 0.6885361871872249, "params": {"p1": -2.388712324833695, "p2": 2.0868083390400822, "p3": 351.5010171686515}, "datetime": {"datetime": "2023-11-14 17:14:02", "elapsed": 1.842402, "delta": 0.002303}}
{"target": 0.6696566514713214, "params": {"p1": -1.7095575291580296, "p2": 2.4513763739505565, "p3": 220.45336497079631}, "datetime": {"datetime": "2023-11-14 17:14:02", "elapsed": 1.844715, "delta": 0.002313}}
{"target": 0.6966739180992523, "params": {"p1": -2.4906528886730115, "p2": 2.0364736874271845, "p3": 312.06079602457606}, "datetime": {"datetime": "2023-11-14 17:14:02", "elapsed": 1.846989, "delta": 0.002274}}
{"target": 0.6956973903898089, "params": {"p1": -2.204982003475212, "p2": 1.7792008950596891, "p3": 431.31788020555}, "datetime": {"datetime": "2023-11-14 17:14:02", "elapsed": 1.849356, "delta": 0.002367}}
{"target": 0.685281094822414, "params": {"p1": -2.1389434140108365, "p2": 2.359098712709436, "p3": 271.6732330390429}, "datetime": {"datetime": "2023-11-14 17:14:02", "elapsed": 1.851771, "delta": 0.002415}}
{"target": 0.6686801237618781, "params": {"p1": -1.67524228774825, "p2": 2.189447958118752, "p3": 345.73812123384937}, "datetime": {"datetime": "2023-11-14 17:14:02", "elapsed": 1.854066, "delta": 0.002295}}
{"target": 0.6664015591065104, "params": {"p1": -1.8719008640617998, "p2": 2.4540358610562887, "p3": 132.19543179596522}, "datetime": {"datetime": "2023-11-14 17:14:02", "elapsed": 1.856384, "delta": 0.002318}}
{"target": 0.6872341502413005, "params": {"p1": -1.935164863620065, "p2": 1.8616864766807972, "p3": 198.46125980549095}, "datetime": {"datetime": "2023-11-14 17:14:02", "elapsed": 1.858695, "delta": 0.002311}}
{"target": 0.6703076699442836, "params": {"p1": -2.168929984315665, "p2": 2.3200209684509256, "p3": 218.16406848479727}, "datetime": {"datetime": "2023-11-14 17:14:02", "elapsed": 1.861031, "delta": 0.002336}}
{"target": 0.6777943823833488, "params": {"p1": -2.122306168410934, "p2": 2.1868508480041964, "p3": 286.4708497091754}, "datetime": {"datetime": "2023-11-14 17:14:02", "elapsed": 1.863316, "delta": 0.002285}}
{"target": 0.685281094822414, "params": {"p1": -2.127214528626119, "p2": 1.6397992861718962, "p3": 124.18162005748161}, "datetime": {"datetime": "2023-11-14 17:14:02", "elapsed": 1.86561, "delta": 0.002294}}
{"target": 0.6911402610790737, "params": {"p1": -1.670087961388239, "p2": 1.5062885743117338, "p3": 283.0292158992722}, "datetime": {"datetime": "2023-11-14 17:14:02", "elapsed": 1.867869, "delta": 0.002259}}
{"target": 0.7012310474099877, "params": {"p1": -2.361657621772028, "p2": 1.7583236403907052, "p3": 431.35597225390046}, "datetime": {"datetime": "2023-11-14 17:14:02", "elapsed": 1.87017, "delta": 0.002301}}
{"target": 0.678445400856311, "params": {"p1": -1.6558909756594355, "p2": 1.9645202651249734, "p3": 445.93875392703626}, "datetime": {"datetime": "2023-11-14 17:14:02", "elapsed": 1.87248, "delta": 0.00231}}
{"target": 0.6794219285657543, "params": {"p1": -1.712255005724739, "p2": 2.0234811326486506, "p3": 302.7865554500079}, "datetime": {"datetime": "2023-11-14 17:14:02", "elapsed": 1.874781, "delta": 0.002301}}
{"target": 0.6817004932211219, "params": {"p1": -2.0105135135909835, "p2": 2.4099285385126423, "p3": 439.1375380445539}, "datetime": {"datetime": "2023-11-14 17:14:02", "elapsed": 1.877098, "delta": 0.002317}}
{"target": 0.6797474378022353, "params": {"p1": -1.850243131467917, "p2": 2.3008058766902937, "p3": 256.2585984541381}, "datetime": {"datetime": "2023-11-14 17:14:02", "elapsed": 1.87936, "delta": 0.002262}}
{"target": 0.6901637333696304, "params": {"p1": -1.9697782359046014, "p2": 1.740184736280175, "p3": 168.1767986644601}, "datetime": {"datetime": "2023-11-14 17:14:02", "elapsed": 1.881703, "delta": 0.002343}}
{"target": 0.6823515116940841, "params": {"p1": -1.5348940974660548, "p2": 1.5255047697369943, "p3": 314.73995631397537}, "datetime": {"datetime": "2023-11-14 17:14:02", "elapsed": 1.883991, "delta": 0.002288}}
{"target": 0.6764923454374244, "params": {"p1": -2.129495137905714, "p2": 2.343606285930281, "p3": 356.4816758419166}, "datetime": {"datetime": "2023-11-14 17:14:02", "elapsed": 1.886274, "delta": 0.002283}}
{"target": 0.6914657703155548, "params": {"p1": -2.3067675987217386, "p2": 1.9760656500138345, "p3": 365.276954948021}, "datetime": {"datetime": "2023-11-14 17:14:02", "elapsed": 1.888562, "delta": 0.002288}}
{"target": 0.678445400856311, "params": {"p1": -2.119605617665058, "p2": 2.1569075006730287, "p3": 182.0492788414541}, "datetime": {"datetime": "2023-11-14 17:14:02", "elapsed": 1.890884, "delta": 0.002322}}
{"target": 0.6810494747481597, "params": {"p1": -1.9599209976855585, "p2": 2.3605750118573647, "p3": 475.2435431974153}, "datetime": {"datetime": "2023-11-14 17:14:02", "elapsed": 1.893216, "delta": 0.002332}}
