{"target": 0.6911402610790737, "params": {"p1": -2.3760820623643077, "p2": 1.5097284727964284, "p3": 105.45806982103363}, "datetime": {"datetime": "2023-11-14 17:14:03", "elapsed": 3.370792, "delta": 0.003054}}
{"target": 0.6937443349709225, "params": {"p1": -1.647472988736268, "p2": 1.6276042712547465, "p3": 280.66001712488173}, "datetime": {"datetime": "2023-11-14 17:14:03", "elapsed": 3.373849, "delta": 0.003057}}
{"target": 0.6943953534438847, "params": {"p1": -2.1435715879292028, "p2": 1.6666906131267578, "p3": 421.65763523871874}, "datetime": {"datetime": "2023-11-14 17:14:03", "elapsed": 3.376998, "delta": 0.003149}}
{"target": 0.6764923454374244, "params": {"p1": -2.143387163201707, "p2": 2.461912946517701, "p3": 267.14065415430406}, "datetime": {"datetime": "2023-11-14 17:14:03", "elapsed": 3.380139, "delta": 0.003141}}
{"target": 0.6953718811533279, "params": {"p1": -2.203161482721149, "p2": 1.6964904256646842, "p3": 157.81871843703988}, "datetime": {"datetime": "2023-11-14 17:14:03", "elapsed": 3.383276, "delta": 0.003137}}
{"target": 0.6908147518425926, "params": {"p1": -1.5172729631988386, "p2": 1.6539079496060562, "p3": 263.8492501149922}, "datetime": {"datetime": "2023-11-14 17:14:03", "elapsed": 3.386357, "delta": 0.003081}}
{"target": 0.6794219285657543, "params": {"p1": -2.1288490960563324, "p2": 2.2973558700755805, "p3": 381.8892156117052}, "datetime": {"datetime": "2023-11-14 17:14:03", "elapsed": 3.389553, "delta": 0.003196}}
{"target": 0.685281094822414, "params": {"p1": -1.5083248344423326, "p2": 1.7046221175942184, "p3": 228.76185083082382}, "datetime": {"datetime": "2023-11-14 17:14:03", "elapsed": 3.39268, "delta": 0.003127}}
{"target": 0.6940698442074036, "params": {"p1": -2.238664041655679, "p2": 1.6578519085063794, "p3": 341.93217133124494}, "datetime": {"datetime": "2023-11-14 17:14:03", "elapsed": 3.395767, "delta": 0.003087}}
{"target": 0.6813749839846408, "params": {"p1": -1.6347629213723422, "p2": 1.619278028148658, "p3": 429.2423673631797}, "datetime": {"datetime": "2023-11-14 17:14:03", "elapsed": 3.39886, "delta": 0.003093}}
{"target": 0.6963484088627712, "params": {"p1": -1.7852042574107008, "p2": 1.6773324719356997, "p3": 272.3024362473856}, "datetime": {"datetime": "2023-11-14 17:14:03", "elapsed": 3.455589, "delta": 0.056729}}
{"target": 0.6849555855859328, "params": {"p1": -2.1345770053598967, "p2": 2.041832175527519, "p3": 149.56810173755343}, "datetime": {"datetime": "2023-11-14 17:14:03", "elapsed": 3.459166, "delta": 0.003577}}
{"target": 0.692442298024998, "params": {"p1": -2.3969172454735688, "p2": 2.315307133060445, "p3": 414.82811721604986}, "datetime": {"datetime": "2023-11-14 17:14:03", "elapsed": 3.46235, "delta": 0.003184}}
{"target": 0.6618444297957752, "params": {"p1": -2.0709299983110494, "p2": 2.49388300846237, "p3": 164.71920268263355}, "datetime": {"datetime": "2023-11-14 17:14:03", "elapsed": 3.465584, "delta": 0.003234}}
{"target": 0.6976504458086956, "params": {"p1": -1.6652898039225124, "p2": 1.6736469457666727, "p3": 231.44034772863645}, "datetime": {"datetime": "2023-11-14 17:14:03", "elapsed": 3.468743, "delta": 0.003159}}
{"target": 0.7035096120653552, "params": {"p1": -2.4207121070090136, "p2": 2.1064791950490473, "p3": 399.8003142866783}, "datetime": {"datetime": "2023-11-14 17:14:03", "elapsed": 3.471831, "delta": 0.003088}}
{"target": 0.6911402610790737, "params": {"p1": -2.0551652994570353, "p2": 1.8243240255680169, "p3": 416.25116460259164}, "datetime": {"datetime": "2023-11-14 17:14:03", "elapsed": 3.475015, "delta": 0.003184}}
{"target": 0.6755158177279812, "params": {"p1": -2.47355578253896, "p2": 2.1944089795043324, "p3": 138.45164887183537}, "datetime": {"datetime": "2023-11-14 17:14:03", "elapsed": 3.478202, "delta": 0.003187}}
{"target": 0.6595658651404075, "params": {"p1": -1.806417568938494, "p2": 2.488620115325372, "p3": 133.26274692673485}, "datetime": {"datetime": "2023-11-14 17:14:03", "elapsed": 3.48133, "delta": 0.003128}}
{"target": 0.6930933164979602, "params": {"p1": -2.2906976715970755, "p2": 1.6299611897465307, "p3": 431.70219141662267}, "datetime": {"datetime": "2023-11-14 17:14:03", "elapsed": 3.48444, "delta": 0.00311}}
{"target": 0.6865831317683384, "params": {"p1": -2.0194160793653007, "p2": 1.8083566478337945, "p3": 507.536291440129}, "datetime": {"datetime": "2023-11-14 17:14:03", "elapsed": 3.487568, "delta": 0.003128}}
{"target": 0.6585893374309642, "params": {"p1": -1.5400741842449648, "p2": 2.4498346980807506, "p3": 437.8830100273716}, "datetime": {"datetime": "2023-11-14 17:14:03", "elapsed": 3.490684, "delta": 0.003116}}
{"target": 0.6930933164979602, "params": {"p1": -2.245721444479976, "p2": 2.0198673731508343, "p3": 404.7361421462992}, "datetime": {"datetime": "2023-11-14 17:14:03", "elapsed": 3.493844, "delta": 0.00316}}
{"target": 0.6621699390322562, "params": {"p1": -1.640069167989834, "p2": 2.480018611675429, "p3": 447.63266189780495}, "datetime": {"datetime": "2023-11-14 17:14:03", "elapsed": 3.497014, "delta": 0.00317}}
{"target": 0.6882106779507438, "params": {"p1": -1.9436166705856228, "p2": 2.0259314877646446, "p3": 342.7042746707301}, "datetime": {"datetime": "2023-11-14 17:14:03", "elapsed": 3.500113, "delta": 0.003099}}
{"target": 0.685281094822414, "params": {"p1": -1.6639611181653247, "p2": 1.6130844313625885, "p3": 278.52544849509786}, "datetime": {"datetime": "2023-11-14 17:14:03", "elapsed": 3.503286, "delta": 0.003173}}
{"target": 0.6911402610790737, "params": {"p1": -2.2527726450119827, "p2": 1.6878373223468564, "p3": 206.83544947842194}, "datetime": {"datetime": "2023-11-14 17:14:03", "elapsed": 3.506368, "delta": 0.003082}}
{"target": 0.6781198916198299, "params": {"p1": -2.050917090548939, "p2": 2.4773331381283423, "p3": 332.6130250988125}, "datetime": {"datetime": "2023-11-14 17:14:03", "elapsed": 3.509468, "delta": 0.0031}}
{"target": 0.6963484088627712, "params": {"p1": -2.054592054969444, "p2": 2.262266083358478, "p3": 548.588258869077}, "datetime": {"datetime": "2023-11-14 17:14:03", "elapsed": 3.512602, "delta": 0.003134}}
{"target": 0.6745392900185379, "params": {"p1": -2.1143715615613585, "p2": 2.3644200412342338, "p3": 313.2003567040063}, "datetime": {"datetime": "2023-11-14 17:14:03", "elapsed": 3.5158, "delta": 0.003198}}
{"target": 0.692442298024998, "params": {"p1": -2.45587231483753, "p2": 1.750362483061406, "p3": 257.2354648148488}, "datetime": {"datetime": "2023-11-14 17:14:03", "elapsed": 3.518956, "delta": 0.003156}}
{"target": 0.6777943823833488, "params": {"p1": -2.3593754546094887, "p2": 1.9700177082564188, "p3": 112.94799353654662}, "datetime": {"datetime": "2023-11-14 17:14:03", "elapsed": 3.522156, "delta": 0.0032}}
{"target": 0.688861696423706, "params": {"p1": -2.181834745860288, "p2": 2.1800012886694917, "p3": 415.5742633436984}, "datetime": {"datetime": "2023-11-14 17:14:03", "elapsed": 3.52533, "delta": 0.003174}}
{"target": 0.6787709100927921, "params": {"p1": -1.80346864009521, "p2": 2.415516584046124, "p3": 549.5484042904402}, "datetime": {"datetime": "2023-11-14 17:14:03", "elapsed": 3.528417, "delta": 0.003087}}
{"target": 0.6797474378022353, "params": {"p1": -1.734356239183378, "p2": 2.28008606274293, "p3": 470.6394487479642}, "datetime": {"datetime": "2023-11-14 17:14:03", "elapsed": 3.531591, "delta": 0.003174}}
{"target": 0.6823515116940841, "params": {"p1": -1.8488301277012131, "p2": 2.4067790170579855, "p3": 375.2594531379387}, "datetime": {"datetime": "2023-11-14 17:14:03", "elapsed": 3.534738, "delta": 0.003147}}
{"target": 0.6830025301670464, "params": {"p1": -2.2138230691088125, "p2": 2.072434933860488, "p3": 153.9057605651604}, "datetime": {"datetime": "2023-11-14 17:14:03", "elapsed": 3.537885, "delta": 0.003147}}
{"target": 0.6790964193292732, "params": {"p1": -1.6204903925276994, "p2": 1.8702494259381666, "p3": 485.999645491982}, "datetime": {"datetime": "2023-11-14 17:14:03", "elapsed": 3.541087, "delta": 0.003202}}
{"target": 0.6885361871872249, "params": {"p1": -2.2109334314188387, "p2": 1.899426343581685, "p3": 146.23895554072664}, "datetime": {"datetime": "2023-11-14 17:14:03", "elapsed": 3.544234, "delta": 0.003147}}
{"target": 0.6683546145253971, "params": {"p1": -1.7206322205117797, "p2": 2.3479121731969963, "p3": 251.605896509721}, "datetime": {"datetime": "2023-11-14 17:14:03", "elapsed": 3.547392, "delta": 0.003158}}
{"target": 0.671609706890208, "params": {"p1": -2.417185850223974, "p2": 2.045166428202219, "p3": 107.94003914720953}, "datetime": {"datetime": "2023-11-14 17:14:03", "elapsed": 3.550558, "delta": 0.003166}}
{"target": 0.6830025301670464, "params": {"p1": -2.205164909092459, "p2": 1.92426935652811, "p3": 184.861535655038}, "datetime": {"datetime": "2023-11-14 17:14:03", "elapsed": 3.553735, "delta": 0.003177}}
{"target": 0.6810494747481597, "params": {"p1": -2.09205330540067, "p2": 2.1376661733440248, "p3": 292.1283745662521}, "datetime": {"datetime": "2023-11-14 17:14:03", "elapsed": 3.556803, "delta": 0.003068}}
{"target": 0.6722607253631703, "params": {"p1": -1.776454607421264, "p2": 2.4577508715016965, "p3": 305.200629789412}, "datetime": {"datetime": "2023-11-14 17:14:03", "elapsed": 3.559992, "delta": 0.003189}}
{"target": 0.6914657703155548, "params": {"p1": -2.2339753000881344, "p2": 1.6699735590556928, "p3": 461.68658034443956}, "datetime": {"datetime": "2023-11-14 17:14:03", "elapsed": 3.563223, "delta": 0.003231}}
{"target": 0.6621699390322562, "params": {"p1": -1.5243669222674696, "p2": 1.951604387883796, "p3": 455.8640035929131}, "datetime": {"datetime": "2023-11-14 17:14:03", "elapsed": 3.566344, "delta": 0.003121}}
{"target": 0.6686801237618781, "params": {"p1": -2.2159029147286846, "p2": 2.4277275991325507, "p3": 221.17363088690598}, "datetime": {"datetime": "2023-11-14 17:14:03", "elapsed": 3.569552, "delta": 0.003208}}
{"target": 0.6725862345996513, "params": {"p1": -1.5032998859569213, "p2": 1.66847102117756, "p3": 459.47090177186277}, "datetime": {"datetime": "2023-11-14 17:14:03", "elapsed": 3.572746, "delta": 0.003194}}
{"target": 0.6817004932211219, "params": {"p1": -2.101988601822249, "p2": 2.0067894979982053, "p3": 150.7629223987591}, "datetime": {"datetime": "2023-11-14 17:14:03", "elapsed": 3.575951, "delta": 0.003205}}
{"target": 0.709368778322015, "params": {"p1": -2.4612866394647317, "p2": 2.457371743122156, "p3": 422.2838517588253}, "datetime": {"datetime": "2023-11-14 17:14:03", "elapsed": 3.57917, "delta": 0.003219}}
{"target": 0.6833280394035275, "params": {"p1": -1.8564634128386133, "p2": 1.9377543766821703, "p3": 290.6855668657124}, "datetime": {"datetime": "2023-11-14 17:14:03", "elapsed": 3.582345, "delta": 0.003175}}
{"target": 0.6849555855859328, "params": {"p1": -1.996742527637228, "p2": 2.0536228178881846, "p3": 186.3883426540234}, "datetime": {"datetime": "2023-11-14 17:14:03", "elapsed": 3.585561, "delta": 0.003216}}
{"target": 0.699277991991101, "params": {"p1": -1.700459592136327, "p2": 1.5846764863326568, "p3": 114.09585843166262}, "datetime": {"datetime": "2023-11-14 17:14:03", "elapsed": 3.588785, "delta": 0.003224}}
{"target": 0.6914657703155548, "params": {"p1": -2.259415398824345, "p2": 1.8745089932536865, "p3": 401.23890363556274}, "datetime": {"datetime": "2023-11-14 17:14:03", "elapsed": 3.591948, "delta": 0.003163}}
{"target": 0.6693311422348404, "params": {"p1": -1.5836642881870977, "p2": 1.8557292713254063, "p3": 414.99536398867104}, "datetime": {"datetime": "2023-11-14 17:14:03", "elapsed": 3.595078, "delta": 0.00313}}
{"target": 0.6898382241331493, "params": {"p1": -2.0246062055040026, "p2": 1.864986516723837, "p3": 147.9522005035698}, "datetime": {"datetime": "2023-11-14 17:14:03", "elapsed": 3.598354, "delta": 0.003276}}
{"target": 0.6983014642816577, "params": {"p1": -2.2563432898343265, "p2": 1.9831824756561898, "p3": 498.05207844671264}, "datetime": {"datetime": "2023-11-14 17:14:03", "elapsed": 3.601519, "delta": 0.003165}}
{"target": 0.6758413269644623, "params": {"p1": -2.444276545665911, "p2": 2.2887599455535628, "p3": 266.6522421884867}, "datetime": {"datetime": "2023-11-14 17:14:03", "elapsed": 3.604707, "delta": 0.003188}}
{"target": 0.6908147518425926, "params": {"p1": -2.1081033112678114, "p2": 1.5941954984688964, "p3": 544.3571880498158}, "datetime": {"datetime": "2023-11-14 17:14:03", "elapsed": 3.607928, "delta": 0.003221}}
{"target": 0.6712841976537269, "params": {"p1": -1.7373491254903293, "p2": 2.227132041027889, "p3": 328.25289294063407}, "datetime": {"datetime": "2023-11-14 17:14:03", "elapsed": 3.611074, "delta": 0.003146}}
{"target": 0.692442298024998, "params": {"p1": -2.035262734613911, "p2": 2.2006744042297464, "p3": 494.38695627254884}, "datetime": {"datetime": "2023-11-14 17:14:03", "elapsed": 3.614195, "delta": 0.003121}}
{"target": 0.6817004932211219, "params": {"p1": -1.8969318738400451, "p2": 2.2107245634423, "p3": 186.78502929615996}, "datetime": {"datetime": "2023-11-14 17:14:03", "elapsed": 3.617397, "delta": 0.003202}}
{"target": 0.6797474378022353, "params": {"p1": -2.3821881028975236, "p2": 1.7903431713072324, "p3": 105.08731769137981}, "datetime": {"datetime": "2023-11-14 17:14:03", "elapsed": 3.620598, "delta": 0.003201}}
{"target": 0.6843045671129707, "params": {"p1": -2.400162028115075, "p2": 2.429358812870923, "p3": 340.44568272217634}, "datetime": {"datetime": "2023-11-14 17:14:03", "elapsed": 3.62375, "delta": 0.003152}}
{"target": 0.6683546145253971, "params": {"p1": -1.7315086859412503, "p2": 2.36473696382626, "p3": 135.99686233365054}, "datetime": {"datetime": "2023-11-14 17:14:03", "elapsed": 3.626939, "delta": 0.003189}}
{"target": 0.6856066040588951, "params": {"p1": -1.8926964034620852, "p2": 2.128280680212211, "p3": 312.6180574317235}, "datetime": {"datetime": "2023-11-14 17:14:03", "elapsed": 3.630156, "delta": 0.003217}}
{"target": 0.6719352161266892, "params": {"p1": -1.7932005364100259, "p2": 2.4147343765508715, "p3": 321.944017851842}, "datetime": {"datetime": "2023-11-14 17:14:03", "elapsed": 3.633358, "delta": 0.003202}}
{"target": 0.6856066040588951, "params": {"p1": -1.967831490413145, "p2": 2.144389169099327, "p3": 117.99620476315332}, "datetime": {"datetime": "2023-11-14 17:14:03", "elapsed": 3.636572, "delta": 0.003214}}
{"target": 0.674864799255019, "params": {"p1": -2.04924448178084, "p2": 2.303964475271706, "p3": 149.63911841946788}, "datetime": {"datetime": "2023-11-14 17:14:03", "elapsed": 3.639783, "delta": 0.003211}}
{"target": 0.6865831317683384, "params": {"p1": -2.103263634223852, "p2": 2.0060801165409283, "p3": 201.68318800249685}, "datetime": {"datetime": "2023-11-14 17:14:03", "elapsed": 3.642991, "delta": 0.003208}}
{"target": 0.6745392900185379, "params": {"p1": -1.7430449955843605, "p2": 2.2725572272048087, "p3": 332.9320983796832}, "datetime": {"datetime": "2023-11-14 17:14:03", "elapsed": 3.646256, "delta": 0.003265}}
{"target": 0.6800729470387165, "params": {"p1": -1.8863804303870135, "p2": 2.14772970304188, "p3": 178.27584818581644}, "datetime": {"datetime": "2023-11-14 17:14:03", "elapsed": 3.649455, "delta": 0.003199}}
{"target": 0.6996035012275821, "params": {"p1": -1.9649214279865195, "p2": 1.5126387019447103, "p3": 114.4877501783258}, "datetime": {"datetime": "2023-11-14 17:14:03", "elapsed": 3.652627, "delta": 0.003172}}
{"target": 0.6966739180992523, "params": {"p1": -2.3918258835773214, "p2": 1.517357840391947, "p3": 192.38778059423004}, "datetime": {"datetime": "2023-11-14 17:14:03", "elapsed": 3.655846, "delta": 0.003219}}
{"target": 0.6781198916198299, "params": {"p1": -1.974223956157997, "p2": 1.6076168419906107, "p3": 447.0119623673494}, "datetime": {"datetime": "2023-11-14 17:14:03", "elapsed": 3.658986, "delta": 0.00314}}
{"target": 0.7009055381735065, "params": {"p1": -2.4536974824408433, "p2": 1.9020981330635491, "p3": 430.03444748776667}, "datetime": {"datetime": "2023-11-14 17:14:03", "elapsed": 3.662162, "delta": 0.003176}}
{"target": 0.6735627623090945, "params": {"p1": -2.2822637062472344, "p2": 2.4242059506815874, "p3": 322.4883444148826}, "datetime": {"datetime": "2023-11-14 17:14:03", "elapsed": 3.665477, "delta": 0.003315}}
{"target": 0.6768178546739055, "params": {"p1": -1.882666106640408, "p2": 2.4744087075863423, "p3": 431.9479532189127}, "datetime": {"datetime": "2023-11-14 17:14:03", "elapsed": 3.668693, "delta": 0.003216}}
{"target": 0.6833280394035275, "params": {"p1": -1.759998557678733, "p2": 2.0410932958056494, "p3": 112.2873105318947}, "datetime": {"datetime": "2023-11-14 17:14:03", "elapsed": 3.671901, "delta": 0.003208}}
{"target": 0.6953718811533279, "params": {"p1": -2.2771018991099057, "p2": 1.8872342720322433, "p3": 172.87001942543748}, "datetime": {"datetime": "2023-11-14 17:14:03", "elapsed": 3.675174, "delta": 0.003273}}
{"target": 0.6826770209305653, "params": {"p1": -1.672780925075616, "p2": 1.9408520623207401, "p3": 241.64718919356616}, "datetime": {"datetime": "2023-11-14 17:14:03", "elapsed": 3.678326, "delta": 0.003152}}
{"target": 0.6781198916198299, "params": {"p1": -1.7800058108060448, "p2": 2.2050894936008945, "p3": 547.7161080468023}, "datetime": {"datetime": "2023-11-14 17:14:03", "elapsed": 3.681488, "delta": 0.003162}}
{"target": 0.6751903084915001, "params": {"p1": -1.7463763504807015, "p2": 1.9050161754377042, "p3": 491.53916658362647}, "datetime": {"datetime": "2023-11-14 17:14:03", "elapsed": 3.684693, "delta": 0.003205}}
{"target": 0.716204472288118, "params": {"p1": -2.342965663937145, "p2": 2.3973089367567932, "p3": 532.550922009663}, "datetime": {"datetime": "2023-11-14 17:14:03", "elapsed": 3.687861, "delta": 0.003168}}
{"target": 0.7038351213018363, "params": {"p1": -2.1284645676545573, "p2": 1.863601501442689, "p3": 514.2007312601768}, "datetime": {"datetime": "2023-11-14 17:14:03", "elapsed": 3.691019, "delta": 0.003158}}
{"target": 0.6605423928498508, "params": {"p1": -2.3297376101436127, "p2": 2.390781295036346, "p3": 102.7567051230832}, "datetime": {"datetime": "2023-11-14 17:14:03", "elapsed": 3.694273, "delta": 0.003254}}
{"target": 0.6794219285657543, "params": {"p1": -1.8130206706297574, "p2": 2.3306028049475116, "p3": 529.0715784418749}, "datetime": {"datetime": "2023-11-14 17:14:03", "elapsed": 3.697455, "delta": 0.003182}}
{"target": 0.6745392900185379, "params": {"p1": -1.5480063357161469, "p2": 2.105532274729785, "p3": 305.3555605635843}, "datetime": {"datetime": "2023-11-14 17:14:03", "elapsed": 3.700635, "delta": 0.00318}}
{"target": 0.6875596594777816, "params": {"p1": -2.079502293529319, "p2": 1.7095971206126577, "p3": 216.41716347208506}, "datetime": {"datetime": "2023-11-14 17:14:03", "elapsed": 3.703959, "delta": 0.003324}}
{"target": 0.674864799255019, "params": {"p1": -1.858133477134854, "p2": 1.8398602669861286, "p3": 492.2143616874557}, "datetime": {"datetime": "2023-11-14 17:14:03", "elapsed": 3.707177, "delta": 0.003218}}
{"target": 0.6859321132953762, "params": {"p1": -1.5492800473745372, "p2": 1.555566761763009, "p3": 296.62777602431174}, "datetime": {"datetime": "2023-11-14 17:14:03", "elapsed": 3.710336, "delta": 0.003159}}
{"target": 0.6693311422348404, "params": {"p1": -1.5875784080572886, "p2": 1.7562940820965587, "p3": 413.532195964446}, "datetime": {"datetime": "2023-11-14 17:14:03", "elapsed": 3.713585, "delta": 0.003249}}
{"target": 0.688861696423706, "params": {"p1": -1.5605810447477086, "p2": 2.037658322718535, "p3": 202.27577918489013}, "datetime": {"datetime": "2023-11-14 17:14:03", "elapsed": 3.716796, "delta": 0.003211}}
{"target": 0.7044861397747986, "params": {"p1": -2.3411378290488036, "p2": 1.5021557354853892, "p3": 528.0947434757757}, "datetime": {"datetime": "2023-11-14 17:14:03", "elapsed": 3.719997, "delta": 0.003201}}
{"target": 0.6891872056601871, "params": {"p1": -1.9838912367316843, "p2": 1.8297383828124405, "p3": 164.97252024627863}, "datetime": {"datetime": "2023-11-14 17:14:03", "elapsed": 3.723202, "delta": 0.003205}}
{"target": 0.6833280394035275, "params": {"p1": -1.6093675051724077, "p2": 2.0228990776020477, "p3": 258.3285365628592}, "datetime": {"datetime": "2023-11-14 17:14:04", "elapsed": 3.779645, "delta": 0.056443}}
{"target": 0.6771433639103865, "params": {"p1": -2.2728292680181026, "p2": 2.1334776430810587, "p3": 174.45208078532863}, "datetime": {"datetime": "2023-11-14 17:14:04", "elapsed": 3.783371, "delta": 0.003726}}
{"target": 0.69602289962629, "params": {"p1": -2.155921248293293, "p2": 1.583176280226092, "p3": 289.51352071622597}, "datetime": {"datetime": "2023-11-14 17:14:04", "elapsed": 3.786661, "delta": 0.00329}}
{"target": 0.6878851687142628, "params": {"p1": -2.3399209255475233, "p2": 1.9783887733050778, "p3": 332.69034262765956}, "datetime": {"datetime": "2023-11-14 17:14:04", "elapsed": 3.789945, "delta": 0.003284}}
{"target": 0.6875596594777816, "params": {"p1": -2.0221819885467274, "p2": 1.61733846795785, "p3": 317.5454143116556}, "datetime": {"datetime": "2023-11-14 17:14:04", "elapsed": 3.793199, "delta": 0.003254}}
{"target": 0.6999290104640632, "params": {"p1": -2.434125023718747, "p2": 1.6674699065325502, "p3": 493.8843289712454}, "datetime": {"datetime": "2023-11-14 17:14:04", "elapsed": 3.796407, "delta": 0.003208}}
{"target": 0.6637974852146618, "params": {"p1": -1.6401380395324314, "p2": 2.2612361441387963, "p3": 330.2956785536405}, "datetime": {"datetime": "2023-11-14 17:14:04", "elapsed": 3.799631, "delta": 0.003224}}
{"target": 0.6735627623090945, "params": {"p1": -1.6191117960665178, "p2": 2.341787655786258, "p3": 136.7280953061845}, "datetime": {"datetime": "2023-11-14 17:14:04", "elapsed": 3.802838, "delta": 0.003207}}
{"target": 0.6950463719168468, "params": {"p1": -1.9466094895456554, "p2": 1.5996383597426713, "p3": 121.6899975238284}, "datetime": {"datetime": "2023-11-14 17:14:04", "elapsed": 3.80605, "delta": 0.003212}}
{"target": 0.6976504458086956, "params": {"p1": -2.4243366588443713, "p2": 1.5174346849151998, "p3": 413.4930601582114}, "datetime": {"datetime": "2023-11-14 17:14:04", "elapsed": 3.809217, "delta": 0.003167}}
