{"target": 0.6836535486400085, "params": {"p1": -2.0919838170051515, "p2": 2.410675363092571, "p3": 267.72191054359143}, "datetime": {"datetime": "2023-11-14 17:14:04", "elapsed": 4.522686, "delta": 0.003492}}
{"target": 0.6911402610790737, "params": {"p1": -2.0776765467365284, "p2": 2.3970752359889897, "p3": 454.24763545021824}, "datetime": {"datetime": "2023-11-14 17:14:04", "elapsed": 4.526182, "delta": 0.003496}}
{"target": 0.6882106779507438, "params": {"p1": -2.044151470628322, "p2": 1.7294425697992089, "p3": 277.30069246085}, "datetime": {"datetime": "2023-11-14 17:14:04", "elapsed": 4.529723, "delta": 0.003541}}
{"target": 0.6761668362009433, "params": {"p1": -1.8228835499361924, "p2": 2.2599271995080037, "p3": 136.5591687376239}, "datetime": {"datetime": "2023-11-14 17:14:04", "elapsed": 4.533223, "delta": 0.0035}}
{"target": 0.6865831317683384, "params": {"p1": -1.8687767235679984, "p2": 2.1540644072867674, "p3": 503.856981483217}, "datetime": {"datetime": "2023-11-14 17:14:04", "elapsed": 4.536751, "delta": 0.003528}}
{"target": 0.6738882715455756, "params": {"p1": -1.7615957720432904, "p2": 2.231673092440307, "p3": 395.6094002017656}, "datetime": {"datetime": "2023-11-14 17:14:04", "elapsed": 4.540288, "delta": 0.003537}}
{"target": 0.668029105288916, "params": {"p1": -2.472655277628631, "p2": 2.1544012315054766, "p3": 123.56718974189451}, "datetime": {"datetime": "2023-11-14 17:14:04", "elapsed": 4.54391, "delta": 0.003622}}
{"target": 0.7048116490112797, "params": {"p1": -2.351339592862197, "p2": 2.038994300251502, "p3": 470.05786336920545}, "datetime": {"datetime": "2023-11-14 17:14:04", "elapsed": 4.547459, "delta": 0.003549}}
{"target": 0.7106708152679393, "params": {"p1": -2.4988606593297087, "p2": 2.026621405739035, "p3": 461.7715532100221}, "datetime": {"datetime": "2023-11-14 17:14:04", "elapsed": 4.550996, "delta": 0.003537}}
{"target": 0.6911402610790737, "params": {"p1": -2.0230634405807115, "p2": 1.6629676722028766, "p3": 237.4416728075784}, "datetime": {"datetime": "2023-11-14 17:14:04", "elapsed": 4.554535, "delta": 0.003539}}
{"target": 0.6950463719168468, "params": {"p1": -2.138174649281871, "p2": 1.9394828998890583, "p3": 456.50295719436036}, "datetime": {"datetime": "2023-11-14 17:14:04", "elapsed": 4.55814, "delta": 0.003605}}
{"target": 0.6667270683429916, "params": {"p1": -1.7044983084594492, "p2": 2.378793757535526, "p3": 122.44992705352898}, "datetime": {"datetime": "2023-11-14 17:14:04", "elapsed": 4.561748, "delta": 0.003608}}
{"target": 0.6937443349709225, "params": {"p1": -2.3497706718141815, "p2": 2.341752644808466, "p3": 422.827340117759}, "datetime": {"datetime": "2023-11-14 17:14:04", "elapsed": 4.565284, "delta": 0.003536}}
{"target": 0.6722607253631703, "params": {"p1": -1.7266199803803286, "p2": 2.475196926181948, "p3": 332.4948429063215}, "datetime": {"datetime": "2023-11-14 17:14:04", "elapsed": 4.568807, "delta": 0.003523}}
{"target": 0.6803984562751976, "params": {"p1": -1.970584955253483, "p2": 2.1762908597900883, "p3": 543.4000395299411}, "datetime": {"datetime": "2023-11-14 17:14:04", "elapsed": 4.572428, "delta": 0.003621}}
{"target": 0.6800729470387165, "params": {"p1": -1.556922692465371, "p2": 1.7315809053939577, "p3": 329.6649281028872}, "datetime": {"datetime": "2023-11-14 17:14:04", "elapsed": 4.575964, "delta": 0.003536}}
{"target": 0.6927678072614791, "params": {"p1": -2.1710276560339246, "p2": 1.5445213368775925, "p3": 383.6541902758765}, "datetime": {"datetime": "2023-11-14 17:14:04", "elapsed": 4.579474, "delta": 0.00351}}
{"target": 0.6771433639103865, "params": {"p1": -1.6200450576794925, "p2": 2.2818698015175345, "p3": 103.91066599176132}, "datetime": {"datetime": "2023-11-14 17:14:04", "elapsed": 4.583064, "delta": 0.00359}}
{"target": 0.6771433639103865, "params": {"p1": -2.073250789874462, "p2": 2.171929302738272, "p3": 210.06082679779644}, "datetime": {"datetime": "2023-11-14 17:14:04", "elapsed": 4.586758, "delta": 0.003694}}
{"target": 0.685281094822414, "params": {"p1": -1.6706915577197545, "p2": 1.5274343720943921, "p3": 351.0888585910284}, "datetime": {"datetime": "2023-11-14 17:14:04", "elapsed": 4.5903, "delta": 0.003542}}
{"target": 0.661193411322813, "params": {"p1": -1.500034242278658, "p2": 2.321914559519069, "p3": 413.96854340849467}, "datetime": {"datetime": "2023-11-14 17:14:04", "elapsed": 4.593886, "delta": 0.003586}}
{"target": 0.6891872056601871, "params": {"p1": -2.356140288445595, "p2": 1.7555732155997397, "p3": 156.49614400050532}, "datetime": {"datetime": "2023-11-14 17:14:04", "elapsed": 4.597418, "delta": 0.003532}}
{"target": 0.7022075751194309, "params": {"p1": -2.0778304665625367, "p2": 1.5524387547865675, "p3": 535.6262179590813}, "datetime": {"datetime": "2023-11-14 17:14:04", "elapsed": 4.600971, "delta": 0.003553}}
{"target": 0.6764923454374244, "params": {"p1": -2.122191697692295, "p2": 2.2135375165547893, "p3": 194.87376433799892}, "datetime": {"datetime": "2023-11-14 17:14:04", "elapsed": 4.658212, "delta": 0.057241}}
{"target": 0.6930933164979602, "params": {"p1": -2.23416108526415, "p2": 1.769970160782987, "p3": 351.31838625423563}, "datetime": {"datetime": "2023-11-14 17:14:04", "elapsed": 4.662213, "delta": 0.004001}}
{"target": 0.6953718811533279, "params": {"p1": -2.2174112508662613, "p2": 1.6481087877330975, "p3": 290.66339901806055}, "datetime": {"datetime": "2023-11-14 17:14:04", "elapsed": 4.665837, "delta": 0.003624}}
{"target": 0.6869086410048195, "params": {"p1": -2.063545588529137, "p2": 2.0873451919357215, "p3": 396.2164994846522}, "datetime": {"datetime": "2023-11-14 17:14:04", "elapsed": 4.669456, "delta": 0.003619}}
{"target": 0.6937443349709225, "params": {"p1": -1.9164916480766847, "p2": 1.89408708267641, "p3": 122.46498738968435}, "datetime": {"datetime": "2023-11-14 17:14:04", "elapsed": 4.673151, "delta": 0.003695}}
{"target": 0.6833280394035275, "params": {"p1": -1.9835741074005335, "p2": 2.021579485609067, "p3": 436.21453476160707}, "datetime": {"datetime": "2023-11-14 17:14:04", "elapsed": 4.67681, "delta": 0.003659}}
{"target": 0.6706331791807647, "params": {"p1": -2.4459627678949065, "p2": 2.06130077619751, "p3": 129.35905277045794}, "datetime": {"datetime": "2023-11-14 17:14:04", "elapsed": 4.680387, "delta": 0.003577}}
{"target": 0.6856066040588951, "params": {"p1": -2.2606877366391904, "p2": 1.9259116677547865, "p3": 179.85575424553414}, "datetime": {"datetime": "2023-11-14 17:14:04", "elapsed": 4.683977, "delta": 0.00359}}
{"target": 0.6706331791807647, "params": {"p1": -1.718776622627672, "p2": 2.4892270467084527, "p3": 531.6868241113933}, "datetime": {"datetime": "2023-11-14 17:14:04", "elapsed": 4.68755, "delta": 0.003573}}
{"target": 0.6738882715455756, "params": {"p1": -1.5703997765860884, "p2": 1.6876213279781327, "p3": 475.350324745173}, "datetime": {"datetime": "2023-11-14 17:14:04", "elapsed": 4.691151, "delta": 0.003601}}
{"target": 0.6846300763494517, "params": {"p1": -1.7032104170788127, "p2": 1.739941697243854, "p3": 435.7975313896565}, "datetime": {"datetime": "2023-11-14 17:14:04", "elapsed": 4.69473, "delta": 0.003579}}
{"target": 0.6807239655116786, "params": {"p1": -1.8809491779957952, "p2": 1.8977783827128691, "p3": 518.5757035484112}, "datetime": {"datetime": "2023-11-14 17:14:04", "elapsed": 4.698282, "delta": 0.003552}}
{"target": 0.6914657703155548, "params": {"p1": -2.334373092108298, "p2": 1.5726020997061592, "p3": 275.2851464715973}, "datetime": {"datetime": "2023-11-14 17:14:04", "elapsed": 4.701962, "delta": 0.00368}}
{"target": 0.6937443349709225, "params": {"p1": -1.7373607081037192, "p2": 1.805518445233799, "p3": 240.5057665790421}, "datetime": {"datetime": "2023-11-14 17:14:04", "elapsed": 4.705536, "delta": 0.003574}}
{"target": 0.6927678072614791, "params": {"p1": -1.5441041246899103, "p2": 1.5059390036170361, "p3": 216.43920899228095}, "datetime": {"datetime": "2023-11-14 17:14:04", "elapsed": 4.709142, "delta": 0.003606}}
{"target": 0.6742137807820567, "params": {"p1": -2.142878257718017, "p2": 2.444447710187683, "p3": 254.2063970617239}, "datetime": {"datetime": "2023-11-14 17:14:04", "elapsed": 4.712808, "delta": 0.003666}}
{"target": 0.6774688731468677, "params": {"p1": -1.5258366055728572, "p2": 1.5071075169208363, "p3": 526.9076948769525}, "datetime": {"datetime": "2023-11-14 17:14:04", "elapsed": 4.716349, "delta": 0.003541}}
{"target": 0.7015565566464688, "params": {"p1": -2.4079517710362173, "p2": 1.5086841462937932, "p3": 496.52115451711796}, "datetime": {"datetime": "2023-11-14 17:14:04", "elapsed": 4.719928, "delta": 0.003579}}
{"target": 0.7015565566464688, "params": {"p1": -1.6458771541742623, "p2": 1.7592961687776412, "p3": 111.79208789901219}, "datetime": {"datetime": "2023-11-14 17:14:04", "elapsed": 4.723493, "delta": 0.003565}}
{"target": 0.6839790578764896, "params": {"p1": -1.7519921252372312, "p2": 1.6742895368515738, "p3": 332.04680691887484}, "datetime": {"datetime": "2023-11-14 17:14:04", "elapsed": 4.727013, "delta": 0.00352}}
{"target": 0.6693311422348404, "params": {"p1": -1.535400771558692, "p2": 2.046682134600421, "p3": 383.41846793820514}, "datetime": {"datetime": "2023-11-14 17:14:04", "elapsed": 4.730545, "delta": 0.003532}}
{"target": 0.6859321132953762, "params": {"p1": -1.754172550670292, "p2": 1.5182910624303143, "p3": 504.09319502476006}, "datetime": {"datetime": "2023-11-14 17:14:04", "elapsed": 4.734175, "delta": 0.00363}}
{"target": 0.6986269735181388, "params": {"p1": -2.451560740418251, "p2": 2.383555875173738, "p3": 413.50757007501096}, "datetime": {"datetime": "2023-11-14 17:14:04", "elapsed": 4.737797, "delta": 0.003622}}
{"target": 0.6771433639103865, "params": {"p1": -1.5129704545653553, "p2": 1.8237254688862703, "p3": 346.0841476082182}, "datetime": {"datetime": "2023-11-14 17:14:05", "elapsed": 4.741415, "delta": 0.003618}}
{"target": 0.6683546145253971, "params": {"p1": -2.1530640224410442, "p2": 2.39057619855091, "p3": 152.29573329174434}, "datetime": {"datetime": "2023-11-14 17:14:05", "elapsed": 4.74505, "delta": 0.003635}}
{"target": 0.6856066040588951, "params": {"p1": -2.485133661801672, "p2": 2.0638456606061975, "p3": 314.79673737208327}, "datetime": {"datetime": "2023-11-14 17:14:05", "elapsed": 4.74864, "delta": 0.00359}}
{"target": 0.6807239655116786, "params": {"p1": -1.8188791386963912, "p2": 2.1475904984124368, "p3": 278.18849603673766}, "datetime": {"datetime": "2023-11-14 17:14:05", "elapsed": 4.752212, "delta": 0.003572}}
{"target": 0.6696566514713214, "params": {"p1": -1.6952864121654514, "p2": 2.4159051046228868, "p3": 353.1770563566474}, "datetime": {"datetime": "2023-11-14 17:14:05", "elapsed": 4.755851, "delta": 0.003639}}
{"target": 0.6872341502413005, "params": {"p1": -2.385798158048539, "p2": 2.1954194916347056, "p3": 308.71597308085654}, "datetime": {"datetime": "2023-11-14 17:14:05", "elapsed": 4.759485, "delta": 0.003634}}
{"target": 0.6712841976537269, "params": {"p1": -1.6522251349411863, "p2": 2.1838469957634516, "p3": 327.74078955265554}, "datetime": {"datetime": "2023-11-14 17:14:05", "elapsed": 4.763302, "delta": 0.003817}}
{"target": 0.6693311422348404, "params": {"p1": -1.6988849968960076, "p2": 2.3856444364581164, "p3": 159.06967407479243}, "datetime": {"datetime": "2023-11-14 17:14:05", "elapsed": 4.766984, "delta": 0.003682}}
{"target": 0.6937443349709225, "params": {"p1": -2.2332881604441965, "p2": 1.672433448324072, "p3": 246.49546414963203}, "datetime": {"datetime": "2023-11-14 17:14:05", "elapsed": 4.770565, "delta": 0.003581}}
{"target": 0.6803984562751976, "params": {"p1": -2.3759566008688524, "p2": 1.9696464813761052, "p3": 145.6360803273542}, "datetime": {"datetime": "2023-11-14 17:14:05", "elapsed": 4.774151, "delta": 0.003586}}
{"target": 0.688861696423706, "params": {"p1": -1.8698359693910014, "p2": 1.698397150425477, "p3": 282.04589699886094}, "datetime": {"datetime": "2023-11-14 17:14:05", "elapsed": 4.777856, "delta": 0.003705}}
{"target": 0.6911402610790737, "params": {"p1": -2.377118181995958, "p2": 1.7658754833047423, "p3": 180.9540152528897}, "datetime": {"datetime": "2023-11-14 17:14:05", "elapsed": 4.781453, "delta": 0.003597}}
{"target": 0.6908147518425926, "params": {"p1": -1.5147401315410547, "p2": 1.5201553005168038, "p3": 289.21533347519653}, "datetime": {"datetime": "2023-11-14 17:14:05", "elapsed": 4.78506, "delta": 0.003607}}
{"target": 0.6768178546739055, "params": {"p1": -1.890431796122766, "p2": 1.5922418617303962, "p3": 484.07732592594454}, "datetime": {"datetime": "2023-11-14 17:14:05", "elapsed": 4.788738, "delta": 0.003678}}
{"target": 0.7155534538151558, "params": {"p1": -2.487051152786912, "p2": 2.414708708096991, "p3": 488.58038961417475}, "datetime": {"datetime": "2023-11-14 17:14:05", "elapsed": 4.792343, "delta": 0.003605}}
{"target": 0.6706331791807647, "params": {"p1": -1.8212695990802987, "p2": 2.290826851857914, "p3": 264.4302304520228}, "datetime": {"datetime": "2023-11-14 17:14:05", "elapsed": 4.795951, "delta": 0.003608}}
{"target": 0.7028585935923931, "params": {"p1": -2.2600513617343747, "p2": 1.6704235217283039, "p3": 497.07960934440405}, "datetime": {"datetime": "2023-11-14 17:14:05", "elapsed": 4.799562, "delta": 0.003611}}
{"target": 0.6657505406335483, "params": {"p1": -1.7329779047386258, "p2": 2.363465788679111, "p3": 330.0206145166077}, "datetime": {"datetime": "2023-11-14 17:14:05", "elapsed": 4.803211, "delta": 0.003649}}
{"target": 0.6885361871872249, "params": {"p1": -2.365121411766715, "p2": 2.293759389296679, "p3": 342.8189242564964}, "datetime": {"datetime": "2023-11-14 17:14:05", "elapsed": 4.806842, "delta": 0.003631}}
{"target": 0.6859321132953762, "params": {"p1": -1.5453200463765073, "p2": 2.1993860895109973, "p3": 118.93124434300336}, "datetime": {"datetime": "2023-11-14 17:14:05", "elapsed": 4.810466, "delta": 0.003624}}
{"target": 0.7002545197005443, "params": {"p1": -2.2340413683703764, "p2": 2.0599798631730333, "p3": 507.31194174606065}, "datetime": {"datetime": "2023-11-14 17:14:05", "elapsed": 4.814079, "delta": 0.003613}}
{"target": 0.6641229944511429, "params": {"p1": -1.5456863217179266, "p2": 2.0785737147321015, "p3": 522.7193720337505}, "datetime": {"datetime": "2023-11-14 17:14:05", "elapsed": 4.817705, "delta": 0.003626}}
{"target": 0.6956973903898089, "params": {"p1": -2.1702581788918858, "p2": 2.2905190041431864, "p3": 470.67270023284465}, "datetime": {"datetime": "2023-11-14 17:14:05", "elapsed": 4.821323, "delta": 0.003618}}
{"target": 0.6755158177279812, "params": {"p1": -1.5640619157675038, "p2": 2.238316513710454, "p3": 111.64265399920782}, "datetime": {"datetime": "2023-11-14 17:14:05", "elapsed": 4.824906, "delta": 0.003583}}
{"target": 0.7080667413760906, "params": {"p1": -2.3022991212655652, "p2": 2.3428513012315584, "p3": 510.4166077168979}, "datetime": {"datetime": "2023-11-14 17:14:05", "elapsed": 4.828473, "delta": 0.003567}}
{"target": 0.6891872056601871, "params": {"p1": -2.1895040210690477, "p2": 1.7794549753702085, "p3": 411.17453713987965}, "datetime": {"datetime": "2023-11-14 17:14:05", "elapsed": 4.832163, "delta": 0.00369}}
{"target": 0.6836535486400085, "params": {"p1": -1.5105652001890357, "p2": 2.0574809379211354, "p3": 124.20547965593886}, "datetime": {"datetime": "2023-11-14 17:14:05", "elapsed": 4.835768, "delta": 0.003605}}
{"target": 0.7054626674842419, "params": {"p1": -2.247841432552366, "p2": 2.137779177718301, "p3": 520.9907498474661}, "datetime": {"datetime": "2023-11-14 17:14:05", "elapsed": 4.839417, "delta": 0.003649}}
{"target": 0.6973249365722145, "params": {"p1": -2.2124654424187042, "p2": 2.3569747871006683, "p3": 364.60092923075064}, "datetime": {"datetime": "2023-11-14 17:14:05", "elapsed": 4.843097, "delta": 0.00368}}
{"target": 0.6865831317683384, "params": {"p1": -2.1945593327261017, "p2": 1.5953905812077456, "p3": 255.39604918332}, "datetime": {"datetime": "2023-11-14 17:14:05", "elapsed": 4.846719, "delta": 0.003622}}
{"target": 0.6843045671129707, "params": {"p1": -2.0812804431588816, "p2": 1.8981267752203255, "p3": 122.4701360433637}, "datetime": {"datetime": "2023-11-14 17:14:05", "elapsed": 4.850326, "delta": 0.003607}}
{"target": 0.6706331791807647, "params": {"p1": -1.5958317639541384, "p2": 1.7174386574048603, "p3": 357.56046865133516}, "datetime": {"datetime": "2023-11-14 17:14:05", "elapsed": 4.853957, "delta": 0.003631}}
{"target": 0.6963484088627712, "params": {"p1": -2.097046457674083, "p2": 1.833928575721651, "p3": 542.5185404502834}, "datetime": {"datetime": "2023-11-14 17:14:05", "elapsed": 4.857611, "delta": 0.003654}}
{"target": 0.6839790578764896, "params": {"p1": -1.6567045594180545, "p2": 2.2315257357184204, "p3": 234.11181100008153}, "datetime": {"datetime": "2023-11-14 17:14:05", "elapsed": 4.861182, "delta": 0.003571}}
{"target": 0.7067647044301661, "params": {"p1": -2.4355030768070134, "p2": 1.8523700059446164, "p3": 423.0099964799979}, "datetime": {"datetime": "2023-11-14 17:14:05", "elapsed": 4.864833, "delta": 0.003651}}
{"target": 0.6709586884172458, "params": {"p1": -1.9306998262977928, "p2": 2.389224365456251, "p3": 112.88992808839124}, "datetime": {"datetime": "2023-11-14 17:14:05", "elapsed": 4.868441, "delta": 0.003608}}
{"target": 0.682026002457603, "params": {"p1": -1.8167868975705912, "p2": 1.7964275981487083, "p3": 267.2811636148378}, "datetime": {"datetime": "2023-11-14 17:14:05", "elapsed": 4.871999, "delta": 0.003558}}
{"target": 0.6963484088627712, "params": {"p1": -2.4662671137191396, "p2": 1.520650422331456, "p3": 303.82911800936586}, "datetime": {"datetime": "2023-11-14 17:14:05", "elapsed": 4.875715, "delta": 0.003716}}
{"target": 0.6908147518425926, "params": {"p1": -2.102784408303938, "p2": 1.9418472346670126, "p3": 254.2224087700024}, "datetime": {"datetime": "2023-11-14 17:14:05", "elapsed": 4.879359, "delta": 0.003644}}
{"target": 0.6703076699442836, "params": {"p1": -1.6674575098477276, "p2": 2.248567418541949, "p3": 520.603649394159}, "datetime": {"datetime": "2023-11-14 17:14:05", "elapsed": 4.883034, "delta": 0.003675}}
{"target": 0.7002545197005443, "params": {"p1": -2.4043085352456584, "p2": 2.3138818596412127, "p3": 427.6128370095334}, "datetime": {"datetime": "2023-11-14 17:14:05", "elapsed": 4.88667, "delta": 0.003636}}
{"target": 0.6859321132953762, "params": {"p1": -2.2289179206739207, "p2": 1.9088671112869902, "p3": 138.98271175999042}, "datetime": {"datetime": "2023-11-14 17:14:05", "elapsed": 4.890299, "delta": 0.003629}}
{"target": 0.6771433639103865, "params": {"p1": -1.5324934371260097, "p2": 2.1845728697348075, "p3": 188.02916395104415}, "datetime": {"datetime": "2023-11-14 17:14:05", "elapsed": 4.893953, "delta": 0.003654}}
{"target": 0.6800729470387165, "params": {"p1": -2.3769642624038974, "p2": 2.194084034805782, "p3": 257.89893289559984}, "datetime": {"datetime": "2023-11-14 17:14:05", "elapsed": 4.897577, "delta": 0.003624}}
{"target": 0.7038351213018363, "params": {"p1": -2.370513874603134, "p2": 1.90437534668636, "p3": 486.17068848459}, "datetime": {"datetime": "2023-11-14 17:14:05", "elapsed": 4.901204, "delta": 0.003627}}
{"target": 0.6768178546739055, "params": {"p1": -1.7085976261554316, "p2": 1.7471764262904412, "p3": 509.3744871145567}, "datetime": {"datetime": "2023-11-14 17:14:05", "elapsed": 4.904806, "delta": 0.003602}}
{"target": 0.702533084355912, "params": {"p1": -2.2154693969860153, "p2": 2.2006414609124443, "p3": 542.5440512258463}, "datetime": {"datetime": "2023-11-14 17:14:05", "elapsed": 4.908405, "delta": 0.003599}}
{"target": 0.6729117438361324, "params": {"p1": -1.8171893401006114, "p2": 2.4917240511178003, "p3": 406.546846037154}, "datetime": {"datetime": "2023-11-14 17:14:05", "elapsed": 4.912058, "delta": 0.003653}}
{"target": 0.6813749839846408, "params": {"p1": -1.7803039500260405, "p2": 1.8447901789603414, "p3": 481.1165029948158}, "datetime": {"datetime": "2023-11-14 17:14:05", "elapsed": 4.915693, "delta": 0.003635}}
{"target": 0.6911402610790737, "params": {"p1": -2.4299553409670525, "p2": 2.062390081352806, "p3": 296.53834394606395}, "datetime": {"datetime": "2023-11-14 17:14:05", "elapsed": 4.91943, "delta": 0.003737}}
{"target": 0.6654250313970672, "params": {"p1": -1.5803448225284644, "p2": 2.158650050231951, "p3": 481.83756565829805}, "datetime": {"datetime": "2023-11-14 17:14:05", "elapsed": 4.923076, "delta": 0.003646}}
{"target": 0.7041606305383175, "params": {"p1": -1.6811600751634899, "p2": 1.7200031026713507, "p3": 111.55362160082755}, "datetime": {"datetime": "2023-11-14 17:14:05", "elapsed": 4.926687, "delta": 0.003611}}
{"target": 0.6891872056601871, "params": {"p1": -2.197258006984619, "p2": 1.9206168325784445, "p3": 413.92559057081183}, "datetime": {"datetime": "2023-11-14 17:14:05", "elapsed": 4.930338, "delta": 0.003651}}
{"target": 0.6839790578764896, "params": {"p1": -2.052868518220124, "p2": 2.397857879265946, "p3": 425.0844080760437}, "datetime": {"datetime": "2023-11-14 17:14:05", "elapsed": 4.934029, "delta": 0.003691}}
{"target": 0.6940698442074036, "params": {"p1": -2.348852666721566, "p2": 1.5096207039570804, "p3": 336.6227162025758}, "datetime": {"datetime": "2023-11-14 17:14:05", "elapsed": 4.937715, "delta": 0.003686}}
{"target": 0.6761668362009433, "params": {"p1": -1.7321211827281469, "p2": 2.274925022767361, "p3": 194.42722097960961}, "datetime": {"datetime": "2023-11-14 17:14:05", "elapsed": 4.941412, "delta": 0.003697}}
{"target": 0.7080667413760906, "params": {"p1": -2.2714143349787554, "p2": 2.460325819721777, "p3": 507.44725442344605}, "datetime": {"datetime": "2023-11-14 17:14:05", "elapsed": 4.94514, "delta": 0.003728}}
{"target": 0.6969994273357334, "params": {"p1": -2.4203175461163795, "p2": 2.1651813751097175, "p3": 386.6638531816071}, "datetime": {"datetime": "2023-11-14 17:14:05", "elapsed": 4.948789, "delta": 0.003649}}
{"target": 0.6843045671129707, "params": {"p1": -1.953061596836762, "p2": 1.8419513742020022, "p3": 518.0402717707266}, "datetime": {"datetime": "2023-11-14 17:14:05", "elapsed": 4.952446, "delta": 0.003657}}
