{"target": 0.7005800289370254, "params": {"p1": -1.6575862199465314, "p2": 1.7863353622502047, "p3": 124.68228646783948}, "datetime": {"datetime": "2023-11-14 17:14:03", "elapsed": 2.755488, "delta": 0.002736}}
{"target": 0.69602289962629, "params": {"p1": -2.171613605745679, "p2": 1.8004568557216685, "p3": 432.9080572769087}, "datetime": {"datetime": "2023-11-14 17:14:03", "elapsed": 2.75823, "delta": 0.002742}}
{"target": 0.6777943823833488, "params": {"p1": -1.8059871576523285, "p2": 2.0356484979270033, "p3": 386.1273619736941}, "datetime": {"datetime": "2023-11-14 17:14:03", "elapsed": 2.760975, "delta": 0.002745}}
{"target": 0.6862576225318573, "params": {"p1": -2.2458980172344365, "p2": 1.9657175668616356, "p3": 295.78053092000516}, "datetime": {"datetime": "2023-11-14 17:14:03", "elapsed": 2.763726, "delta": 0.002751}}
{"target": 0.6830025301670464, "params": {"p1": -1.7727021981380764, "p2": 1.987202000274391, "p3": 201.06854779725845}, "datetime": {"datetime": "2023-11-14 17:14:03", "elapsed": 2.766413, "delta": 0.002687}}
{"target": 0.7015565566464688, "params": {"p1": -2.1370439261897003, "p2": 1.739442637444105, "p3": 474.4889011596164}, "datetime": {"datetime": "2023-11-14 17:14:03", "elapsed": 2.769178, "delta": 0.002765}}
{"target": 0.6735627623090945, "params": {"p1": -1.6532277942191782, "p2": 2.2823908824176318, "p3": 372.73183846996426}, "datetime": {"datetime": "2023-11-14 17:14:03", "elapsed": 2.771952, "delta": 0.002774}}
{"target": 0.6856066040588951, "params": {"p1": -1.9346438009914, "p2": 1.665085801398607, "p3": 450.5247891031961}, "datetime": {"datetime": "2023-11-14 17:14:03", "elapsed": 2.774705, "delta": 0.002753}}
{"target": 0.6677035960524349, "params": {"p1": -1.953519492852531, "p2": 2.4566897941977333, "p3": 207.63214203994795}, "datetime": {"datetime": "2023-11-14 17:14:03", "elapsed": 2.777485, "delta": 0.00278}}
{"target": 0.7015565566464688, "params": {"p1": -2.3788540773624196, "p2": 1.8303511652625837, "p3": 397.1070324455769}, "datetime": {"datetime": "2023-11-14 17:14:03", "elapsed": 2.78031, "delta": 0.002825}}
{"target": 0.6947208626803657, "params": {"p1": -2.0763341863660187, "p2": 1.602058700147052, "p3": 251.86346980793638}, "datetime": {"datetime": "2023-11-14 17:14:03", "elapsed": 2.783028, "delta": 0.002718}}
{"target": 0.6878851687142628, "params": {"p1": -2.108906410285574, "p2": 2.0490233968720295, "p3": 184.68553485327035}, "datetime": {"datetime": "2023-11-14 17:14:03", "elapsed": 2.78583, "delta": 0.002802}}
{"target": 0.7113218337409015, "params": {"p1": -2.4351499984470086, "p2": 1.93146793130237, "p3": 517.4268357702747}, "datetime": {"datetime": "2023-11-14 17:14:03", "elapsed": 2.788625, "delta": 0.002795}}
{"target": 0.685281094822414, "params": {"p1": -1.8910728709845965, "p2": 2.034452404775413, "p3": 289.7955849371439}, "datetime": {"datetime": "2023-11-14 17:14:03", "elapsed": 2.791412, "delta": 0.002787}}
{"target": 0.6621699390322562, "params": {"p1": -2.139833089980434, "p2": 2.2866676882903145, "p3": 175.60544730847874}, "datetime": {"datetime": "2023-11-14 17:14:03", "elapsed": 2.79422, "delta": 0.002808}}
{"target": 0.685281094822414, "params": {"p1": -2.1868931755027905, "p2": 1.9662374871847033, "p3": 102.11834434514634}, "datetime": {"datetime": "2023-11-14 17:14:03", "elapsed": 2.797027, "delta": 0.002807}}
{"target": 0.723040166254221, "params": {"p1": -2.470661524185039, "p2": 2.4331947013334148, "p3": 529.0744387492969}, "datetime": {"datetime": "2023-11-14 17:14:03", "elapsed": 2.799813, "delta": 0.002786}}
{"target": 0.6969994273357334, "params": {"p1": -2.487395609725116, "p2": 1.9890545048387342, "p3": 402.19163747296176}, "datetime": {"datetime": "2023-11-14 17:14:03", "elapsed": 2.802557, "delta": 0.002744}}
{"target": 0.7044861397747986, "params": {"p1": -2.494496570715267, "p2": 1.9032639719196125, "p3": 507.16114564624974}, "datetime": {"datetime": "2023-11-14 17:14:03", "elapsed": 2.805305, "delta": 0.002748}}
{"target": 0.6846300763494517, "params": {"p1": -1.671126843469472, "p2": 1.680611181025205, "p3": 226.34246346089327}, "datetime": {"datetime": "2023-11-14 17:14:03", "elapsed": 2.808048, "delta": 0.002743}}
{"target": 0.6764923454374244, "params": {"p1": -1.7590517013070426, "p2": 1.7227740304730612, "p3": 447.0494294887619}, "datetime": {"datetime": "2023-11-14 17:14:03", "elapsed": 2.810763, "delta": 0.002715}}
{"target": 0.6833280394035275, "params": {"p1": -1.957420818993271, "p2": 2.324372320533359, "p3": 335.17251486655954}, "datetime": {"datetime": "2023-11-14 17:14:03", "elapsed": 2.813494, "delta": 0.002731}}
{"target": 0.6755158177279812, "params": {"p1": -1.787082250760032, "p2": 2.0193048816310633, "p3": 254.7997405773115}, "datetime": {"datetime": "2023-11-14 17:14:03", "elapsed": 2.81627, "delta": 0.002776}}
{"target": 0.6865831317683384, "params": {"p1": -1.532080955598626, "p2": 1.8504374798735679, "p3": 375.4885467367758}, "datetime": {"datetime": "2023-11-14 17:14:03", "elapsed": 2.819085, "delta": 0.002815}}
{"target": 0.6950463719168468, "params": {"p1": -2.402985412917307, "p2": 1.730543225325322, "p3": 390.3043795203042}, "datetime": {"datetime": "2023-11-14 17:14:03", "elapsed": 2.822112, "delta": 0.003027}}
{"target": 0.6849555855859328, "params": {"p1": -2.364894187260906, "p2": 1.9674172657381415, "p3": 112.00596347922222}, "datetime": {"datetime": "2023-11-14 17:14:03", "elapsed": 2.824947, "delta": 0.002835}}
{"target": 0.6823515116940841, "params": {"p1": -1.7708630551731726, "p2": 1.6377000223423326, "p3": 252.05075149659592}, "datetime": {"datetime": "2023-11-14 17:14:03", "elapsed": 2.827698, "delta": 0.002751}}
{"target": 0.6839790578764896, "params": {"p1": -2.0253423755038424, "p2": 1.5905233852749086, "p3": 272.9276390622824}, "datetime": {"datetime": "2023-11-14 17:14:03", "elapsed": 2.830482, "delta": 0.002784}}
{"target": 0.6755158177279812, "params": {"p1": -1.7789480925274113, "p2": 2.271568773362897, "p3": 482.61817798333897}, "datetime": {"datetime": "2023-11-14 17:14:03", "elapsed": 2.833259, "delta": 0.002777}}
{"target": 0.6914657703155548, "params": {"p1": -1.6527190383076849, "p2": 1.9783774641347844, "p3": 123.24283311131057}, "datetime": {"datetime": "2023-11-14 17:14:03", "elapsed": 2.836074, "delta": 0.002815}}
{"target": 0.6901637333696304, "params": {"p1": -2.2250769430266604, "p2": 1.6931917260462415, "p3": 325.34331685240863}, "datetime": {"datetime": "2023-11-14 17:14:03", "elapsed": 2.838906, "delta": 0.002832}}
{"target": 0.688861696423706, "params": {"p1": -2.2062858316956273, "p2": 2.121554700060975, "p3": 329.51455681156847}, "datetime": {"datetime": "2023-11-14 17:14:03", "elapsed": 2.841732, "delta": 0.002826}}
{"target": 0.6729117438361324, "params": {"p1": -1.6890764365693347, "p2": 2.151520469324175, "p3": 346.6913455431149}, "datetime": {"datetime": "2023-11-14 17:14:03", "elapsed": 2.844506, "delta": 0.002774}}
{"target": 0.6856066040588951, "params": {"p1": -1.5091384711260227, "p2": 1.831940345136211, "p3": 320.94940907295774}, "datetime": {"datetime": "2023-11-14 17:14:03", "elapsed": 2.847337, "delta": 0.002831}}
{"target": 0.6602168836133697, "params": {"p1": -1.5811418103108688, "p2": 2.2625353734774047, "p3": 469.9348362067732}, "datetime": {"datetime": "2023-11-14 17:14:03", "elapsed": 2.850108, "delta": 0.002771}}
{"target": 0.6966739180992523, "params": {"p1": -2.1679234323475964, "p2": 1.5856450952273842, "p3": 425.87512348345695}, "datetime": {"datetime": "2023-11-14 17:14:03", "elapsed": 2.852951, "delta": 0.002843}}
{"target": 0.6895127148966682, "params": {"p1": -2.2403309640078843, "p2": 1.5340734524532267, "p3": 292.62700213346534}, "datetime": {"datetime": "2023-11-14 17:14:03", "elapsed": 2.855762, "delta": 0.002811}}
{"target": 0.6908147518425926, "params": {"p1": -1.5956137200348222, "p2": 1.8393652820064401, "p3": 141.56287387492404}, "datetime": {"datetime": "2023-11-14 17:14:03", "elapsed": 2.858557, "delta": 0.002795}}
{"target": 0.6956973903898089, "params": {"p1": -2.370812190938593, "p2": 2.3022092763482074, "p3": 415.5538640433518}, "datetime": {"datetime": "2023-11-14 17:14:03", "elapsed": 2.861303, "delta": 0.002746}}
{"target": 0.6999290104640632, "params": {"p1": -2.460950395774284, "p2": 2.3914820142662974, "p3": 417.5594619639582}, "datetime": {"datetime": "2023-11-14 17:14:03", "elapsed": 2.864126, "delta": 0.002823}}
{"target": 0.6937443349709225, "params": {"p1": -2.119635799110463, "p2": 2.106034729203919, "p3": 467.4126935006752}, "datetime": {"datetime": "2023-11-14 17:14:03", "elapsed": 2.866884, "delta": 0.002758}}
{"target": 0.69602289962629, "params": {"p1": -2.2784182787606486, "p2": 1.5778899964346351, "p3": 476.9678038051058}, "datetime": {"datetime": "2023-11-14 17:14:03", "elapsed": 2.869688, "delta": 0.002804}}
{"target": 0.6914657703155548, "params": {"p1": -1.856292458700365, "p2": 1.6176104665732287, "p3": 199.71629816971654}, "datetime": {"datetime": "2023-11-14 17:14:03", "elapsed": 2.872463, "delta": 0.002775}}
{"target": 0.6628209575052184, "params": {"p1": -1.5291432257608233, "p2": 1.8945125536065617, "p3": 530.5862053320812}, "datetime": {"datetime": "2023-11-14 17:14:03", "elapsed": 2.875367, "delta": 0.002904}}
{"target": 0.6904892426061116, "params": {"p1": -1.8764213289137817, "p2": 1.5022221532125486, "p3": 458.2446824810795}, "datetime": {"datetime": "2023-11-14 17:14:03", "elapsed": 2.878221, "delta": 0.002854}}
{"target": 0.692442298024998, "params": {"p1": -1.9442217120559846, "p2": 2.0138928669277107, "p3": 546.8512733162936}, "datetime": {"datetime": "2023-11-14 17:14:03", "elapsed": 2.881033, "delta": 0.002812}}
{"target": 0.6696566514713214, "params": {"p1": -2.4343987224682246, "p2": 2.357326343644319, "p3": 179.06819136779768}, "datetime": {"datetime": "2023-11-14 17:14:03", "elapsed": 2.883851, "delta": 0.002818}}
{"target": 0.6725862345996513, "params": {"p1": -1.863301679360772, "p2": 2.377283632279995, "p3": 447.6064900525772}, "datetime": {"datetime": "2023-11-14 17:14:03", "elapsed": 2.886673, "delta": 0.002822}}
{"target": 0.6686801237618781, "params": {"p1": -1.6860990778996006, "p2": 2.419002423605886, "p3": 365.9191635294493}, "datetime": {"datetime": "2023-11-14 17:14:03", "elapsed": 2.889445, "delta": 0.002772}}
{"target": 0.6667270683429916, "params": {"p1": -1.5486688631592034, "p2": 1.8377616538299417, "p3": 416.7255329597346}, "datetime": {"datetime": "2023-11-14 17:14:03", "elapsed": 2.892264, "delta": 0.002819}}
{"target": 0.6904892426061116, "params": {"p1": -2.1944583349593603, "p2": 1.6491537652413149, "p3": 403.084575200855}, "datetime": {"datetime": "2023-11-14 17:14:03", "elapsed": 2.895056, "delta": 0.002792}}
{"target": 0.7035096120653552, "params": {"p1": -2.461493440313279, "p2": 1.6209349257833254, "p3": 516.9742187090967}, "datetime": {"datetime": "2023-11-14 17:14:03", "elapsed": 2.897912, "delta": 0.002856}}
{"target": 0.685281094822414, "params": {"p1": -1.966842178001822, "p2": 1.7135795181198068, "p3": 261.6562393521665}, "datetime": {"datetime": "2023-11-14 17:14:03", "elapsed": 2.900747, "delta": 0.002835}}
{"target": 0.6703076699442836, "params": {"p1": -1.7983689862949166, "p2": 2.434368786671116, "p3": 198.51720720485366}, "datetime": {"datetime": "2023-11-14 17:14:03", "elapsed": 2.903581, "delta": 0.002834}}
{"target": 0.6856066040588951, "params": {"p1": -1.7065065791621734, "p2": 1.8197926626129624, "p3": 254.53087652599066}, "datetime": {"datetime": "2023-11-14 17:14:03", "elapsed": 2.906397, "delta": 0.002816}}
{"target": 0.6940698442074036, "params": {"p1": -1.5750771817724676, "p2": 1.883518133289818, "p3": 168.35400424863576}, "datetime": {"datetime": "2023-11-14 17:14:03", "elapsed": 2.909203, "delta": 0.002806}}
{"target": 0.6921167887885169, "params": {"p1": -2.1573090673225077, "p2": 1.527146162092338, "p3": 400.20124430732795}, "datetime": {"datetime": "2023-11-14 17:14:03", "elapsed": 2.912049, "delta": 0.002846}}
{"target": 0.6592403559039264, "params": {"p1": -1.962442107761174, "p2": 2.3802106536097174, "p3": 152.6349789086782}, "datetime": {"datetime": "2023-11-14 17:14:03", "elapsed": 2.914883, "delta": 0.002834}}
{"target": 0.6950463719168468, "params": {"p1": -1.9323439793497832, "p2": 1.5499154091517067, "p3": 191.7419570166964}, "datetime": {"datetime": "2023-11-14 17:14:03", "elapsed": 2.917749, "delta": 0.002866}}
{"target": 0.6934188257344414, "params": {"p1": -1.9432587425022718, "p2": 1.920895675942257, "p3": 441.7453300213737}, "datetime": {"datetime": "2023-11-14 17:14:03", "elapsed": 2.920657, "delta": 0.002908}}
{"target": 0.6758413269644623, "params": {"p1": -1.7105687606826492, "p2": 1.9292195773648804, "p3": 381.9430161108716}, "datetime": {"datetime": "2023-11-14 17:14:03", "elapsed": 2.923499, "delta": 0.002842}}
{"target": 0.6856066040588951, "params": {"p1": -1.7378306468247446, "p2": 1.9328326253247985, "p3": 256.8710322134657}, "datetime": {"datetime": "2023-11-14 17:14:03", "elapsed": 2.926334, "delta": 0.002835}}
{"target": 0.6709586884172458, "params": {"p1": -2.1565929165388167, "p2": 2.4248557699172357, "p3": 196.62881350207596}, "datetime": {"datetime": "2023-11-14 17:14:03", "elapsed": 2.929176, "delta": 0.002842}}
{"target": 0.7028585935923931, "params": {"p1": -1.517802354786429, "p2": 1.7934379746149585, "p3": 145.94028082709934}, "datetime": {"datetime": "2023-11-14 17:14:03", "elapsed": 2.932072, "delta": 0.002896}}
{"target": 0.6996035012275821, "params": {"p1": -2.3594137268450375, "p2": 1.9702522421841002, "p3": 406.5807593939133}, "datetime": {"datetime": "2023-11-14 17:14:03", "elapsed": 2.934935, "delta": 0.002863}}
{"target": 0.6709586884172458, "params": {"p1": -1.838709943857058, "p2": 2.2825319509810207, "p3": 265.7147115819587}, "datetime": {"datetime": "2023-11-14 17:14:03", "elapsed": 2.937756, "delta": 0.002821}}
{"target": 0.6602168836133697, "params": {"p1": -1.5693293967512656, "p2": 2.0494302944486216, "p3": 454.98682906335483}, "datetime": {"datetime": "2023-11-14 17:14:03", "elapsed": 2.940602, "delta": 0.002846}}
{"target": 0.6934188257344414, "params": {"p1": -1.9333241019838583, "p2": 1.5153833482697214, "p3": 546.8368125636371}, "datetime": {"datetime": "2023-11-14 17:14:03", "elapsed": 2.943521, "delta": 0.002919}}
{"target": 0.6956973903898089, "params": {"p1": -2.0531391641799637, "p2": 1.9968675998204173, "p3": 454.99660951067887}, "datetime": {"datetime": "2023-11-14 17:14:03", "elapsed": 2.946379, "delta": 0.002858}}
{"target": 0.6966739180992523, "params": {"p1": -1.71177365666154, "p2": 1.5953992070459897, "p3": 167.4914565676466}, "datetime": {"datetime": "2023-11-14 17:14:03", "elapsed": 2.949283, "delta": 0.002904}}
{"target": 0.6865831317683384, "params": {"p1": -1.7572202979566454, "p2": 2.033635060835424, "p3": 276.9685828877508}, "datetime": {"datetime": "2023-11-14 17:14:03", "elapsed": 2.952142, "delta": 0.002859}}
{"target": 0.661193411322813, "params": {"p1": -1.51603767298587, "p2": 2.381565705292087, "p3": 503.6717118291805}, "datetime": {"datetime": "2023-11-14 17:14:03", "elapsed": 2.955029, "delta": 0.002887}}
{"target": 0.6803984562751976, "params": {"p1": -1.6674952185250411, "p2": 2.0247625043797797, "p3": 191.56946688669572}, "datetime": {"datetime": "2023-11-14 17:14:03", "elapsed": 2.957913, "delta": 0.002884}}
{"target": 0.6937443349709225, "params": {"p1": -2.223626834038042, "p2": 1.5461477044939378, "p3": 322.9234025081977}, "datetime": {"datetime": "2023-11-14 17:14:03", "elapsed": 2.960784, "delta": 0.002871}}
{"target": 0.6693311422348404, "params": {"p1": -1.557157214536442, "p2": 2.3418754869197222, "p3": 441.61524236942523}, "datetime": {"datetime": "2023-11-14 17:14:03", "elapsed": 2.963694, "delta": 0.00291}}
{"target": 0.674864799255019, "params": {"p1": -2.4917257918620304, "p2": 1.9436089848159501, "p3": 128.01809451862044}, "datetime": {"datetime": "2023-11-14 17:14:03", "elapsed": 2.966632, "delta": 0.002938}}
{"target": 0.6950463719168468, "params": {"p1": -2.0716881429830902, "p2": 1.5028369827443566, "p3": 281.4694396182973}, "datetime": {"datetime": "2023-11-14 17:14:03", "elapsed": 2.969509, "delta": 0.002877}}
{"target": 0.6878851687142628, "params": {"p1": -1.8505769134824988, "p2": 1.7007434551035407, "p3": 355.78694782329444}, "datetime": {"datetime": "2023-11-14 17:14:03", "elapsed": 2.972377, "delta": 0.002868}}
{"target": 0.6996035012275821, "params": {"p1": -2.0888562270616906, "p2": 2.1191445659218537, "p3": 544.0764300901596}, "datetime": {"datetime": "2023-11-14 17:14:03", "elapsed": 2.975227, "delta": 0.00285}}
{"target": 0.6859321132953762, "params": {"p1": -1.9316429973682623, "p2": 2.154395603123923, "p3": 452.9826350325247}, "datetime": {"datetime": "2023-11-14 17:14:03", "elapsed": 2.978142, "delta": 0.002915}}
{"target": 0.6966739180992523, "params": {"p1": -1.8849667902553553, "p2": 1.6488131949984104, "p3": 106.33403104198267}, "datetime": {"datetime": "2023-11-14 17:14:03", "elapsed": 2.981006, "delta": 0.002864}}
{"target": 0.7057881767207229, "params": {"p1": -2.461559399956032, "p2": 2.039660595312442, "p3": 362.99275091090436}, "datetime": {"datetime": "2023-11-14 17:14:03", "elapsed": 2.983872, "delta": 0.002866}}
{"target": 0.685281094822414, "params": {"p1": -2.24052479723652, "p2": 1.779813462630457, "p3": 294.98305568323303}, "datetime": {"datetime": "2023-11-14 17:14:03", "elapsed": 2.986805, "delta": 0.002933}}
{"target": 0.6891872056601871, "params": {"p1": -2.350322176239871, "p2": 1.8090303938342411, "p3": 104.58138979511072}, "datetime": {"datetime": "2023-11-14 17:14:03", "elapsed": 2.989727, "delta": 0.002922}}
{"target": 0.6865831317683384, "params": {"p1": -1.8343868078402887, "p2": 2.0591366017192896, "p3": 201.75021807239517}, "datetime": {"datetime": "2023-11-14 17:14:03", "elapsed": 2.992605, "delta": 0.002878}}
{"target": 0.6901637333696304, "params": {"p1": -2.4462198198179412, "p2": 2.258116764775635, "p3": 333.8890704428884}, "datetime": {"datetime": "2023-11-14 17:14:03", "elapsed": 2.995491, "delta": 0.002886}}
{"target": 0.6843045671129707, "params": {"p1": -1.8307177031042152, "p2": 1.6835389249832762, "p3": 394.38908182735565}, "datetime": {"datetime": "2023-11-14 17:14:03", "elapsed": 2.99836, "delta": 0.002869}}
{"target": 0.6693311422348404, "params": {"p1": -1.717546726202006, "p2": 2.220584101299173, "p3": 159.65803638441648}, "datetime": {"datetime": "2023-11-14 17:14:03", "elapsed": 3.001277, "delta": 0.002917}}
{"target": 0.6615189205592941, "params": {"p1": -2.4117702529658436, "p2": 2.2378315505528987, "p3": 118.53365251309461}, "datetime": {"datetime": "2023-11-14 17:14:03", "elapsed": 3.004279, "delta": 0.003002}}
{"target": 0.660867902086332, "params": {"p1": -1.6619602305993266, "p2": 2.4872764574424155, "p3": 435.2941227169348}, "datetime": {"datetime": "2023-11-14 17:14:03", "elapsed": 3.007207, "delta": 0.002928}}
{"target": 0.6895127148966682, "params": {"p1": -2.1718306442511035, "p2": 1.8147723985334636, "p3": 175.74962583003065}, "datetime": {"datetime": "2023-11-14 17:14:03", "elapsed": 3.010138, "delta": 0.002931}}
{"target": 0.6758413269644623, "params": {"p1": -1.7946348529687195, "p2": 2.031450130942127, "p3": 270.3896329454027}, "datetime": {"datetime": "2023-11-14 17:14:03", "elapsed": 3.01312, "delta": 0.002982}}
{"target": 0.6637974852146618, "params": {"p1": -1.5054585761009216, "p2": 1.792660289510235, "p3": 545.8721093084462}, "datetime": {"datetime": "2023-11-14 17:14:03", "elapsed": 3.016031, "delta": 0.002911}}
{"target": 0.6937443349709225, "params": {"p1": -2.1912796831880548, "p2": 1.673768873277497, "p3": 438.0443490736136}, "datetime": {"datetime": "2023-11-14 17:14:03", "elapsed": 3.018927, "delta": 0.002896}}
{"target": 0.6745392900185379, "params": {"p1": -1.6009550974070095, "p2": 2.1842113385860835, "p3": 286.33082946763477}, "datetime": {"datetime": "2023-11-14 17:14:03", "elapsed": 3.021862, "delta": 0.002935}}
{"target": 0.709043269085534, "params": {"p1": -2.297550037633506, "p2": 2.125219291577249, "p3": 531.087836503425}, "datetime": {"datetime": "2023-11-14 17:14:03", "elapsed": 3.024755, "delta": 0.002893}}
{"target": 0.6686801237618781, "params": {"p1": -2.431988869358731, "p2": 2.451817365057398, "p3": 235.380595579404}, "datetime": {"datetime": "2023-11-14 17:14:03", "elapsed": 3.027672, "delta": 0.002917}}
{"target": 0.6790964193292732, "params": {"p1": -1.681791693514286, "p2": 2.010662382641721, "p3": 315.5607227463845}, "datetime": {"datetime": "2023-11-14 17:14:03", "elapsed": 3.030595, "delta": 0.002923}}
{"target": 0.6657505406335483, "params": {"p1": -2.087060273802348, "p2": 2.4757968059304973, "p3": 158.94866881060312}, "datetime": {"datetime": "2023-11-14 17:14:03", "elapsed": 3.033477, "delta": 0.002882}}
{"target": 0.6914657703155548, "params": {"p1": -2.1067483597339507, "p2": 2.349772188301136, "p3": 519.6699324418689}, "datetime": {"datetime": "2023-11-14 17:14:03", "elapsed": 3.036408, "delta": 0.002931}}
{"target": 0.7087177598490528, "params": {"p1": -2.4085669301960824, "p2": 2.213918228534131, "p3": 488.74404452562254}, "datetime": {"datetime": "2023-11-14 17:14:03", "elapsed": 3.039319, "delta": 0.002911}}
{"target": 0.6807239655116786, "params": {"p1": -1.681755323931029, "p2": 1.8899408089272942, "p3": 523.2387787802388}, "datetime": {"datetime": "2023-11-14 17:14:03", "elapsed": 3.042289, "delta": 0.00297}}
{"target": 0.6761668362009433, "params": {"p1": -1.8872165682890238, "p2": 2.129666146359588, "p3": 130.11560982015098}, "datetime": {"datetime": "2023-11-14 17:14:03", "elapsed": 3.045219, "delta": 0.00293}}
{"target": 0.6781198916198299, "params": {"p1": -1.798773008164166, "p2": 2.2625736081270844, "p3": 145.44284616946987}, "datetime": {"datetime": "2023-11-14 17:14:03", "elapsed": 3.048175, "delta": 0.002956}}
{"target": 0.6979759550451767, "params": {"p1": -2.3186137759174708, "p2": 1.7483709544505577, "p3": 360.37231790856583}, "datetime": {"datetime": "2023-11-14 17:14:03", "elapsed": 3.051049, "delta": 0.002874}}
