{"target": 0.682026002457603, "params": {"p1": -2.1590240847574313, "p2": 2.0742570504796607, "p3": 139.13961298897163}, "datetime": {"datetime": "2023-11-14 17:14:04", "elapsed": 4.158585, "delta": 0.003487}}
{"target": 0.702533084355912, "params": {"p1": -2.13281186193219, "p2": 1.9902852177576458, "p3": 518.1619759849161}, "datetime": {"datetime": "2023-11-14 17:14:04", "elapsed": 4.16198, "delta": 0.003395}}
{"target": 0.6911402610790737, "params": {"p1": -2.1987601442208824, "p2": 1.9379585011025602, "p3": 291.555323533026}, "datetime": {"datetime": "2023-11-14 17:14:04", "elapsed": 4.165326, "delta": 0.003346}}
{"target": 0.6729117438361324, "params": {"p1": -1.5563692887793381, "p2": 1.7249538273024814, "p3": 527.2251507636313}, "datetime": {"datetime": "2023-11-14 17:14:04", "elapsed": 4.168801, "delta": 0.003475}}
{"target": 0.6830025301670464, "params": {"p1": -1.5742449357039359, "p2": 1.6809625107264754, "p3": 416.24540785820994}, "datetime": {"datetime": "2023-11-14 17:14:04", "elapsed": 4.172178, "delta": 0.003377}}
{"target": 0.6735627623090945, "params": {"p1": -1.7722732348710577, "p2": 2.0847525361323855, "p3": 413.56279818025007}, "datetime": {"datetime": "2023-11-14 17:14:04", "elapsed": 4.175504, "delta": 0.003326}}
{"target": 0.6898382241331493, "params": {"p1": -2.465848382933118, "p2": 2.128384954235236, "p3": 295.4908582554387}, "datetime": {"datetime": "2023-11-14 17:14:04", "elapsed": 4.178905, "delta": 0.003401}}
{"target": 0.6794219285657543, "params": {"p1": -1.7335319499294388, "p2": 1.5119052838104508, "p3": 491.2523459966768}, "datetime": {"datetime": "2023-11-14 17:14:04", "elapsed": 4.18227, "delta": 0.003365}}
{"target": 0.6937443349709225, "params": {"p1": -2.0690058437837644, "p2": 1.5520336278140208, "p3": 427.51089626623855}, "datetime": {"datetime": "2023-11-14 17:14:04", "elapsed": 4.185721, "delta": 0.003451}}
{"target": 0.6927678072614791, "params": {"p1": -1.8850573536097954, "p2": 1.5081410243546525, "p3": 326.2080362692982}, "datetime": {"datetime": "2023-11-14 17:14:04", "elapsed": 4.189089, "delta": 0.003368}}
{"target": 0.6667270683429916, "params": {"p1": -1.6635901504872734, "p2": 2.4427510126611134, "p3": 306.80253847891294}, "datetime": {"datetime": "2023-11-14 17:14:04", "elapsed": 4.192448, "delta": 0.003359}}
{"target": 0.6683546145253971, "params": {"p1": -2.191172917007429, "p2": 2.1042184451503423, "p3": 151.14359932832087}, "datetime": {"datetime": "2023-11-14 17:14:04", "elapsed": 4.195838, "delta": 0.00339}}
{"target": 0.6979759550451767, "params": {"p1": -2.2447104105323756, "p2": 1.928859986441346, "p3": 267.43611113519864}, "datetime": {"datetime": "2023-11-14 17:14:04", "elapsed": 4.199179, "delta": 0.003341}}
{"target": 0.6813749839846408, "params": {"p1": -1.827495549253631, "p2": 2.2763665827997412, "p3": 410.51187442203116}, "datetime": {"datetime": "2023-11-14 17:14:04", "elapsed": 4.202614, "delta": 0.003435}}
{"target": 0.6875596594777816, "params": {"p1": -2.3121112039326586, "p2": 1.614286907470995, "p3": 188.87159795582028}, "datetime": {"datetime": "2023-11-14 17:14:04", "elapsed": 4.205949, "delta": 0.003335}}
{"target": 0.6781198916198299, "params": {"p1": -2.0617907436779026, "p2": 2.047034149027758, "p3": 153.6349652303946}, "datetime": {"datetime": "2023-11-14 17:14:04", "elapsed": 4.209447, "delta": 0.003498}}
{"target": 0.6794219285657543, "params": {"p1": -1.725248906765187, "p2": 1.8801985034256283, "p3": 337.60409420388396}, "datetime": {"datetime": "2023-11-14 17:14:04", "elapsed": 4.212852, "delta": 0.003405}}
{"target": 0.6634719759781806, "params": {"p1": -2.2418206852116915, "p2": 2.487719761776378, "p3": 210.9098713655901}, "datetime": {"datetime": "2023-11-14 17:14:04", "elapsed": 4.216278, "delta": 0.003426}}
{"target": 0.709043269085534, "params": {"p1": -2.462556841576342, "p2": 1.9359758466937318, "p3": 449.8399092463764}, "datetime": {"datetime": "2023-11-14 17:14:04", "elapsed": 4.219691, "delta": 0.003413}}
{"target": 0.7096942875584961, "params": {"p1": -2.4329221344384493, "p2": 1.9426006381134258, "p3": 461.78362603047714}, "datetime": {"datetime": "2023-11-14 17:14:04", "elapsed": 4.223122, "delta": 0.003431}}
{"target": 0.6810494747481597, "params": {"p1": -2.1356905977309637, "p2": 1.6810936194759027, "p3": 286.9725318194513}, "datetime": {"datetime": "2023-11-14 17:14:04", "elapsed": 4.226597, "delta": 0.003475}}
{"target": 0.6953718811533279, "params": {"p1": -2.087445433055596, "p2": 2.198220055092527, "p3": 511.3470260898973}, "datetime": {"datetime": "2023-11-14 17:14:04", "elapsed": 4.229985, "delta": 0.003388}}
{"target": 0.6908147518425926, "params": {"p1": -2.1075225288955117, "p2": 1.9995026864501535, "p3": 364.23031695289626}, "datetime": {"datetime": "2023-11-14 17:14:04", "elapsed": 4.233339, "delta": 0.003354}}
{"target": 0.6690056329983592, "params": {"p1": -1.8069350732366103, "p2": 2.495777466672864, "p3": 279.49986539913414}, "datetime": {"datetime": "2023-11-14 17:14:04", "elapsed": 4.236804, "delta": 0.003465}}
{"target": 0.6709586884172458, "params": {"p1": -1.5248681128207802, "p2": 2.0695016182656496, "p3": 435.0349890641723}, "datetime": {"datetime": "2023-11-14 17:14:04", "elapsed": 4.240192, "delta": 0.003388}}
{"target": 0.6563107727755966, "params": {"p1": -1.5573146382247156, "p2": 2.0772064399864023, "p3": 522.2016018685601}, "datetime": {"datetime": "2023-11-14 17:14:04", "elapsed": 4.243589, "delta": 0.003397}}
{"target": 0.6908147518425926, "params": {"p1": -2.241197033420015, "p2": 2.4966757106492765, "p3": 383.25127854011794}, "datetime": {"datetime": "2023-11-14 17:14:04", "elapsed": 4.247014, "delta": 0.003425}}
{"target": 0.6654250313970672, "params": {"p1": -1.647123944949211, "p2": 2.2738756169850807, "p3": 350.1723740754027}, "datetime": {"datetime": "2023-11-14 17:14:04", "elapsed": 4.25049, "delta": 0.003476}}
{"target": 0.6895127148966682, "params": {"p1": -2.036343001602319, "p2": 1.9044207249846679, "p3": 312.7638373206163}, "datetime": {"datetime": "2023-11-14 17:14:04", "elapsed": 4.253917, "delta": 0.003427}}
{"target": 0.6921167887885169, "params": {"p1": -1.8960042628055673, "p2": 1.6386361578998487, "p3": 502.29589690943294}, "datetime": {"datetime": "2023-11-14 17:14:04", "elapsed": 4.257305, "delta": 0.003388}}
{"target": 0.6976504458086956, "params": {"p1": -2.4606247508659984, "p2": 1.615073869788312, "p3": 387.22576402791225}, "datetime": {"datetime": "2023-11-14 17:14:04", "elapsed": 4.26073, "delta": 0.003425}}
{"target": 0.6908147518425926, "params": {"p1": -2.00507788659455, "p2": 1.5392499866990312, "p3": 281.3646329262162}, "datetime": {"datetime": "2023-11-14 17:14:04", "elapsed": 4.264187, "delta": 0.003457}}
{"target": 0.6803984562751976, "params": {"p1": -1.6073810647147995, "p2": 1.6325419678202073, "p3": 318.2829405915097}, "datetime": {"datetime": "2023-11-14 17:14:04", "elapsed": 4.267633, "delta": 0.003446}}
{"target": 0.6927678072614791, "params": {"p1": -1.858019182017184, "p2": 1.7353211375959368, "p3": 272.05951454066974}, "datetime": {"datetime": "2023-11-14 17:14:04", "elapsed": 4.271022, "delta": 0.003389}}
{"target": 0.688861696423706, "params": {"p1": -1.881239507486879, "p2": 1.9579962055757067, "p3": 415.2650327905153}, "datetime": {"datetime": "2023-11-14 17:14:04", "elapsed": 4.274479, "delta": 0.003457}}
{"target": 0.6895127148966682, "params": {"p1": -2.1008901469505283, "p2": 1.743459671151264, "p3": 336.65158240558935}, "datetime": {"datetime": "2023-11-14 17:14:04", "elapsed": 4.277915, "delta": 0.003436}}
{"target": 0.6934188257344414, "params": {"p1": -2.0616519335804098, "p2": 1.573347180040905, "p3": 174.91201904216354}, "datetime": {"datetime": "2023-11-14 17:14:04", "elapsed": 4.281357, "delta": 0.003442}}
{"target": 0.6878851687142628, "params": {"p1": -1.7589357003227537, "p2": 1.768854133511071, "p3": 388.25362252085245}, "datetime": {"datetime": "2023-11-14 17:14:04", "elapsed": 4.284828, "delta": 0.003471}}
{"target": 0.6875596594777816, "params": {"p1": -1.989472665906023, "p2": 1.9380978227064687, "p3": 285.48564468655525}, "datetime": {"datetime": "2023-11-14 17:14:04", "elapsed": 4.288262, "delta": 0.003434}}
{"target": 0.6693311422348404, "params": {"p1": -1.8820213931114687, "p2": 2.3764634129860935, "p3": 184.30058229398526}, "datetime": {"datetime": "2023-11-14 17:14:04", "elapsed": 4.291717, "delta": 0.003455}}
{"target": 0.661193411322813, "params": {"p1": -1.568394805012094, "p2": 2.416811700669835, "p3": 441.52853448585853}, "datetime": {"datetime": "2023-11-14 17:14:04", "elapsed": 4.29513, "delta": 0.003413}}
{"target": 0.6898382241331493, "params": {"p1": -2.0614949404886063, "p2": 1.580790971872998, "p3": 507.8819157375103}, "datetime": {"datetime": "2023-11-14 17:14:04", "elapsed": 4.298611, "delta": 0.003481}}
{"target": 0.6664015591065104, "params": {"p1": -2.3394924147913674, "p2": 2.3262258542603833, "p3": 184.49539505504208}, "datetime": {"datetime": "2023-11-14 17:14:04", "elapsed": 4.302014, "delta": 0.003403}}
{"target": 0.6843045671129707, "params": {"p1": -1.9477463837440625, "p2": 1.9064755472867234, "p3": 517.1277175490194}, "datetime": {"datetime": "2023-11-14 17:14:04", "elapsed": 4.305418, "delta": 0.003404}}
{"target": 0.6738882715455756, "params": {"p1": -1.5070193571694679, "p2": 2.3287202613176907, "p3": 155.64276737136657}, "datetime": {"datetime": "2023-11-14 17:14:04", "elapsed": 4.308907, "delta": 0.003489}}
{"target": 0.7051371582477608, "params": {"p1": -2.3608487466956722, "p2": 2.3410683765698512, "p3": 413.1547216296358}, "datetime": {"datetime": "2023-11-14 17:14:04", "elapsed": 4.312321, "delta": 0.003414}}
{"target": 0.6901637333696304, "params": {"p1": -2.184192471423528, "p2": 2.029458231360609, "p3": 424.1639722327956}, "datetime": {"datetime": "2023-11-14 17:14:04", "elapsed": 4.315775, "delta": 0.003454}}
{"target": 0.6761668362009433, "params": {"p1": -1.6518091481602268, "p2": 1.5008476795516807, "p3": 448.8209402735367}, "datetime": {"datetime": "2023-11-14 17:14:04", "elapsed": 4.319228, "delta": 0.003453}}
{"target": 0.6810494747481597, "params": {"p1": -1.7343306191436496, "p2": 1.7829361941225832, "p3": 495.06102526681025}, "datetime": {"datetime": "2023-11-14 17:14:04", "elapsed": 4.32266, "delta": 0.003432}}
{"target": 0.6735627623090945, "params": {"p1": -1.9824564897951416, "p2": 2.3645507238935854, "p3": 350.7076701157431}, "datetime": {"datetime": "2023-11-14 17:14:04", "elapsed": 4.326056, "delta": 0.003396}}
{"target": 0.6764923454374244, "params": {"p1": -1.6418266795313807, "p2": 1.752884158910956, "p3": 393.2452072409545}, "datetime": {"datetime": "2023-11-14 17:14:04", "elapsed": 4.329461, "delta": 0.003405}}
{"target": 0.6875596594777816, "params": {"p1": -2.237609917988777, "p2": 2.2781216718677886, "p3": 347.269493547922}, "datetime": {"datetime": "2023-11-14 17:14:04", "elapsed": 4.333023, "delta": 0.003562}}
{"target": 0.6869086410048195, "params": {"p1": -1.74477587491634, "p2": 2.107405867015824, "p3": 456.1259420756704}, "datetime": {"datetime": "2023-11-14 17:14:04", "elapsed": 4.33646, "delta": 0.003437}}
{"target": 0.688861696423706, "params": {"p1": -2.0341796276573443, "p2": 1.793553469264128, "p3": 218.7221585655339}, "datetime": {"datetime": "2023-11-14 17:14:04", "elapsed": 4.339904, "delta": 0.003444}}
{"target": 0.6908147518425926, "params": {"p1": -1.7967921250068124, "p2": 1.728659271475644, "p3": 205.081280128593}, "datetime": {"datetime": "2023-11-14 17:14:04", "elapsed": 4.343383, "delta": 0.003479}}
{"target": 0.7022075751194309, "params": {"p1": -2.2152352320702167, "p2": 1.638462483067706, "p3": 434.2951841417027}, "datetime": {"datetime": "2023-11-14 17:14:04", "elapsed": 4.346817, "delta": 0.003434}}
{"target": 0.6901637333696304, "params": {"p1": -2.0489635644608946, "p2": 1.6452072433618001, "p3": 520.748209452076}, "datetime": {"datetime": "2023-11-14 17:14:04", "elapsed": 4.350307, "delta": 0.00349}}
{"target": 0.6865831317683384, "params": {"p1": -2.104818507802082, "p2": 2.259570477876153, "p3": 315.064297917378}, "datetime": {"datetime": "2023-11-14 17:14:04", "elapsed": 4.353754, "delta": 0.003447}}
{"target": 0.6891872056601871, "params": {"p1": -2.019169106111212, "p2": 1.6357597326725895, "p3": 286.0971845463762}, "datetime": {"datetime": "2023-11-14 17:14:04", "elapsed": 4.357215, "delta": 0.003461}}
{"target": 0.6794219285657543, "params": {"p1": -2.3055104924627985, "p2": 1.9708350056527038, "p3": 124.93374627879594}, "datetime": {"datetime": "2023-11-14 17:14:04", "elapsed": 4.360648, "delta": 0.003433}}
{"target": 0.6755158177279812, "params": {"p1": -2.3712837204278827, "p2": 2.121940131040656, "p3": 140.1567197619149}, "datetime": {"datetime": "2023-11-14 17:14:04", "elapsed": 4.364075, "delta": 0.003427}}
{"target": 0.6969994273357334, "params": {"p1": -2.1854784190661616, "p2": 1.6119433277647062, "p3": 114.81250353275436}, "datetime": {"datetime": "2023-11-14 17:14:04", "elapsed": 4.367574, "delta": 0.003499}}
{"target": 0.685281094822414, "params": {"p1": -2.3310906911991727, "p2": 1.640126737899759, "p3": 112.7266728334432}, "datetime": {"datetime": "2023-11-14 17:14:04", "elapsed": 4.371042, "delta": 0.003468}}
{"target": 0.6836535486400085, "params": {"p1": -2.1441013986051902, "p2": 2.0504441511239446, "p3": 143.1180949749626}, "datetime": {"datetime": "2023-11-14 17:14:04", "elapsed": 4.37452, "delta": 0.003478}}
{"target": 0.6677035960524349, "params": {"p1": -1.7681083251761738, "p2": 2.311598165709107, "p3": 134.37440264841942}, "datetime": {"datetime": "2023-11-14 17:14:04", "elapsed": 4.378008, "delta": 0.003488}}
{"target": 0.6787709100927921, "params": {"p1": -1.9923426905392962, "p2": 2.3078549106871127, "p3": 447.35439671703614}, "datetime": {"datetime": "2023-11-14 17:14:04", "elapsed": 4.381479, "delta": 0.003471}}
{"target": 0.6589148466674453, "params": {"p1": -1.5232343483484514, "p2": 2.3634554762305324, "p3": 402.1021612029743}, "datetime": {"datetime": "2023-11-14 17:14:04", "elapsed": 4.385055, "delta": 0.003576}}
{"target": 0.6803984562751976, "params": {"p1": -1.616827486282288, "p2": 2.2166435005089595, "p3": 115.26619235159174}, "datetime": {"datetime": "2023-11-14 17:14:04", "elapsed": 4.388691, "delta": 0.003636}}
{"target": 0.6810494747481597, "params": {"p1": -2.423063487794621, "p2": 1.6593231568117184, "p3": 136.156884508685}, "datetime": {"datetime": "2023-11-14 17:14:04", "elapsed": 4.392273, "delta": 0.003582}}
{"target": 0.6947208626803657, "params": {"p1": -1.9381129998407451, "p2": 1.627832876646139, "p3": 124.48434988800985}, "datetime": {"datetime": "2023-11-14 17:14:04", "elapsed": 4.395886, "delta": 0.003613}}
{"target": 0.6768178546739055, "params": {"p1": -1.818251177109148, "p2": 2.3209300516929656, "p3": 479.91591940523347}, "datetime": {"datetime": "2023-11-14 17:14:04", "elapsed": 4.399381, "delta": 0.003495}}
{"target": 0.6966739180992523, "params": {"p1": -2.1738580962102203, "p2": 1.965271021919678, "p3": 531.284248511158}, "datetime": {"datetime": "2023-11-14 17:14:04", "elapsed": 4.402907, "delta": 0.003526}}
{"target": 0.6810494747481597, "params": {"p1": -2.205370501928689, "p2": 1.9520386147437985, "p3": 159.7704378168489}, "datetime": {"datetime": "2023-11-14 17:14:04", "elapsed": 4.406367, "delta": 0.00346}}
{"target": 0.7077412321396095, "params": {"p1": -2.44064306802826, "p2": 1.5947224117244525, "p3": 515.1115300674902}, "datetime": {"datetime": "2023-11-14 17:14:04", "elapsed": 4.409808, "delta": 0.003441}}
{"target": 0.6843045671129707, "params": {"p1": -2.278761127881807, "p2": 1.9729865001701477, "p3": 170.1347630079249}, "datetime": {"datetime": "2023-11-14 17:14:04", "elapsed": 4.413287, "delta": 0.003479}}
{"target": 0.7096942875584961, "params": {"p1": -2.408019989323073, "p2": 1.6757585380620301, "p3": 479.6854983027128}, "datetime": {"datetime": "2023-11-14 17:14:04", "elapsed": 4.416858, "delta": 0.003571}}
{"target": 0.6914657703155548, "params": {"p1": -1.8514053752116109, "p2": 1.566135608395746, "p3": 145.1740943807274}, "datetime": {"datetime": "2023-11-14 17:14:04", "elapsed": 4.420347, "delta": 0.003489}}
{"target": 0.6595658651404075, "params": {"p1": -2.032120261669685, "p2": 2.4860955250795325, "p3": 179.6934264622081}, "datetime": {"datetime": "2023-11-14 17:14:04", "elapsed": 4.423859, "delta": 0.003512}}
{"target": 0.6943953534438847, "params": {"p1": -2.4025388778605605, "p2": 2.112728588507786, "p3": 270.54122123584966}, "datetime": {"datetime": "2023-11-14 17:14:04", "elapsed": 4.427381, "delta": 0.003522}}
{"target": 0.6943953534438847, "params": {"p1": -2.071256568835177, "p2": 1.6164292886410785, "p3": 397.93055803873887}, "datetime": {"datetime": "2023-11-14 17:14:04", "elapsed": 4.430882, "delta": 0.003501}}
{"target": 0.6729117438361324, "params": {"p1": -2.3894523209655976, "p2": 2.3105431933479306, "p3": 204.13462860834613}, "datetime": {"datetime": "2023-11-14 17:14:04", "elapsed": 4.434438, "delta": 0.003556}}
{"target": 0.6865831317683384, "params": {"p1": -1.786506020742419, "p2": 1.7055570855286715, "p3": 294.2075539311031}, "datetime": {"datetime": "2023-11-14 17:14:04", "elapsed": 4.437956, "delta": 0.003518}}
{"target": 0.6891872056601871, "params": {"p1": -2.3437866285786066, "p2": 1.6462627172764948, "p3": 256.84987472762685}, "datetime": {"datetime": "2023-11-14 17:14:04", "elapsed": 4.441418, "delta": 0.003462}}
{"target": 0.6810494747481597, "params": {"p1": -1.9403915062807462, "p2": 1.847461660390208, "p3": 501.1959471290508}, "datetime": {"datetime": "2023-11-14 17:14:04", "elapsed": 4.444884, "delta": 0.003466}}
{"target": 0.682026002457603, "params": {"p1": -1.691957292196204, "p2": 1.5509737303367432, "p3": 380.5073755824243}, "datetime": {"datetime": "2023-11-14 17:14:04", "elapsed": 4.448354, "delta": 0.00347}}
{"target": 0.6592403559039264, "params": {"p1": -2.066275502803611, "p2": 2.4460742135405753, "p3": 139.3474085685653}, "datetime": {"datetime": "2023-11-14 17:14:04", "elapsed": 4.451887, "delta": 0.003533}}
{"target": 0.6777943823833488, "params": {"p1": -1.779500745441728, "p2": 1.8064286190414618, "p3": 508.8864197782581}, "datetime": {"datetime": "2023-11-14 17:14:04", "elapsed": 4.45542, "delta": 0.003533}}
{"target": 0.688861696423706, "params": {"p1": -2.2261851748665356, "p2": 1.9852617043375478, "p3": 169.06762694342152}, "datetime": {"datetime": "2023-11-14 17:14:04", "elapsed": 4.459034, "delta": 0.003614}}
{"target": 0.6794219285657543, "params": {"p1": -1.7213130776269376, "p2": 1.618126781362248, "p3": 382.38148111881657}, "datetime": {"datetime": "2023-11-14 17:14:04", "elapsed": 4.462608, "delta": 0.003574}}
{"target": 0.692442298024998, "params": {"p1": -2.2911557390108497, "p2": 2.0810450004942718, "p3": 323.4142088946815}, "datetime": {"datetime": "2023-11-14 17:14:04", "elapsed": 4.466118, "delta": 0.00351}}
{"target": 0.69895248275462, "params": {"p1": -2.2213124266252047, "p2": 1.6882611046847065, "p3": 313.1860551532543}, "datetime": {"datetime": "2023-11-14 17:14:04", "elapsed": 4.469668, "delta": 0.00355}}
{"target": 0.6719352161266892, "params": {"p1": -1.9098821555496832, "p2": 2.3864624812881683, "p3": 316.453459543751}, "datetime": {"datetime": "2023-11-14 17:14:04", "elapsed": 4.473195, "delta": 0.003527}}
{"target": 0.6875596594777816, "params": {"p1": -2.3462659180700354, "p2": 1.833833950467009, "p3": 177.5555084613262}, "datetime": {"datetime": "2023-11-14 17:14:04", "elapsed": 4.476723, "delta": 0.003528}}
{"target": 0.6878851687142628, "params": {"p1": -2.0404819312382774, "p2": 2.1024640020740866, "p3": 548.9586285428854}, "datetime": {"datetime": "2023-11-14 17:14:04", "elapsed": 4.480222, "delta": 0.003499}}
{"target": 0.6657505406335483, "params": {"p1": -1.6706040109485998, "p2": 2.0544287695994443, "p3": 477.7323326668314}, "datetime": {"datetime": "2023-11-14 17:14:04", "elapsed": 4.483765, "delta": 0.003543}}
{"target": 0.6901637333696304, "params": {"p1": -1.928990358380889, "p2": 1.798425462494355, "p3": 188.12438072165185}, "datetime": {"datetime": "2023-11-14 17:14:04", "elapsed": 4.487312, "delta": 0.003547}}
{"target": 0.6911402610790737, "params": {"p1": -2.103102797205736, "p2": 1.7125467616863759, "p3": 533.4231441131808}, "datetime": {"datetime": "2023-11-14 17:14:04", "elapsed": 4.490803, "delta": 0.003491}}
{"target": 0.6803984562751976, "params": {"p1": -1.9402013694548335, "p2": 2.2836647323419585, "p3": 179.3447255111326}, "datetime": {"datetime": "2023-11-14 17:14:04", "elapsed": 4.494347, "delta": 0.003544}}
{"target": 0.6833280394035275, "params": {"p1": -2.290265599576892, "p2": 1.9690377900087632, "p3": 162.68854847797076}, "datetime": {"datetime": "2023-11-14 17:14:04", "elapsed": 4.497894, "delta": 0.003547}}
{"target": 0.6947208626803657, "params": {"p1": -1.835898246656591, "p2": 1.6288764085429057, "p3": 275.6414457375856}, "datetime": {"datetime": "2023-11-14 17:14:04", "elapsed": 4.501472, "delta": 0.003578}}
{"target": 0.7012310474099877, "params": {"p1": -2.4890983372695064, "p2": 1.7933391363439237, "p3": 415.00232030193445}, "datetime": {"datetime": "2023-11-14 17:14:04", "elapsed": 4.505004, "delta": 0.003532}}
{"target": 0.6856066040588951, "params": {"p1": -1.546219458462764, "p2": 1.628067721762405, "p3": 295.89842297983694}, "datetime": {"datetime": "2023-11-14 17:14:04", "elapsed": 4.508625, "delta": 0.003621}}
{"target": 0.7109963245044204, "params": {"p1": -2.480958723629604, "p2": 1.7566664520528432, "p3": 538.2445007454467}, "datetime": {"datetime": "2023-11-14 17:14:04", "elapsed": 4.512142, "delta": 0.003517}}
{"target": 0.6764923454374244, "params": {"p1": -1.5103868401961762, "p2": 1.8880197956685538, "p3": 263.49418168222223}, "datetime": {"datetime": "2023-11-14 17:14:04", "elapsed": 4.515638, "delta": 0.003496}}
{"target": 0.682026002457603, "params": {"p1": -2.0677956765246064, "p2": 2.1144823240022497, "p3": 220.23756842789538}, "datetime": {"datetime": "2023-11-14 17:14:04", "elapsed": 4.519194, "delta": 0.003556}}
