{"target": 0.6895127148966682, "params": {"p1": -2.102713943251903, "p2": 1.950281541382015, "p3": 146.21879199944806}, "datetime": {"datetime": "2023-11-14 17:14:00", "elapsed": 0.343908, "delta": 0.001278}}
{"target": 0.6690056329983592, "params": {"p1": -1.7631454448656, "p2": 2.074219710952433, "p3": 400.206144423129}, "datetime": {"datetime": "2023-11-14 17:14:00", "elapsed": 0.345175, "delta": 0.001267}}
{"target": 0.6937443349709225, "params": {"p1": -2.2000693648117666, "p2": 1.8738573422279008, "p3": 295.7961361237832}, "datetime": {"datetime": "2023-11-14 17:14:00", "elapsed": 0.346443, "delta": 0.001268}}
{"target": 0.6703076699442836, "params": {"p1": -1.6318663967558371, "p2": 2.285714237604024, "p3": 428.08247579566194}, "datetime": {"datetime": "2023-11-14 17:14:00", "elapsed": 0.347719, "delta": 0.001276}}
{"target": 0.6735627623090945, "params": {"p1": -1.6099936343531671, "p2": 2.436179902291631, "p3": 205.4609111486111}, "datetime": {"datetime": "2023-11-14 17:14:00", "elapsed": 0.349032, "delta": 0.001313}}
{"target": 0.674864799255019, "params": {"p1": -2.272728612859027, "p2": 2.131493841914244, "p3": 217.32456464026572}, "datetime": {"datetime": "2023-11-14 17:14:00", "elapsed": 0.350351, "delta": 0.001319}}
{"target": 0.6771433639103865, "params": {"p1": -1.8778034801030297, "p2": 2.3035387166417403, "p3": 149.96615158775984}, "datetime": {"datetime": "2023-11-14 17:14:00", "elapsed": 0.35171, "delta": 0.001359}}
{"target": 0.6875596594777816, "params": {"p1": -2.2396088448431186, "p2": 1.871976311523181, "p3": 199.5843009612077}, "datetime": {"datetime": "2023-11-14 17:14:00", "elapsed": 0.353014, "delta": 0.001304}}
{"target": 0.6712841976537269, "params": {"p1": -1.6355798091292617, "p2": 2.1947461536162556, "p3": 404.90974221593143}, "datetime": {"datetime": "2023-11-14 17:14:00", "elapsed": 0.354317, "delta": 0.001303}}
{"target": 0.6950463719168468, "params": {"p1": -1.5678628847553369, "p2": 1.664148894333529, "p3": 180.57049775938052}, "datetime": {"datetime": "2023-11-14 17:14:00", "elapsed": 0.355647, "delta": 0.00133}}
{"target": 0.6872341502413005, "params": {"p1": -2.0399716574343922, "p2": 2.114538125661592, "p3": 116.6341569641345}, "datetime": {"datetime": "2023-11-14 17:14:00", "elapsed": 0.356932, "delta": 0.001285}}
{"target": 0.6764923454374244, "params": {"p1": -2.394574817578077, "p2": 1.9642392921593868, "p3": 118.8848941942604}, "datetime": {"datetime": "2023-11-14 17:14:00", "elapsed": 0.358218, "delta": 0.001286}}
{"target": 0.6963484088627712, "params": {"p1": -2.2825533387293286, "p2": 2.2439577254683614, "p3": 396.34192416275044}, "datetime": {"datetime": "2023-11-14 17:14:00", "elapsed": 0.359533, "delta": 0.001315}}
{"target": 0.6911402610790737, "params": {"p1": -2.2296331700171375, "p2": 1.8307790517576175, "p3": 169.8062270476023}, "datetime": {"datetime": "2023-11-14 17:14:00", "elapsed": 0.360844, "delta": 0.001311}}
{"target": 0.6712841976537269, "params": {"p1": -1.7066881770278428, "p2": 2.181579232183215, "p3": 421.37985676325434}, "datetime": {"datetime": "2023-11-14 17:14:00", "elapsed": 0.362164, "delta": 0.00132}}
{"target": 0.7015565566464688, "params": {"p1": -2.116510202048045, "p2": 1.763784175837, "p3": 103.84224315167488}, "datetime": {"datetime": "2023-11-14 17:14:00", "elapsed": 0.363484, "delta": 0.00132}}
{"target": 0.6843045671129707, "params": {"p1": -2.1756062350920997, "p2": 2.3920919986341347, "p3": 355.4634946196795}, "datetime": {"datetime": "2023-11-14 17:14:00", "elapsed": 0.364796, "delta": 0.001312}}
{"target": 0.6800729470387165, "params": {"p1": -1.995650285132852, "p2": 2.098011865706538, "p3": 342.19460125691285}, "datetime": {"datetime": "2023-11-14 17:14:00", "elapsed": 0.366084, "delta": 0.001288}}
{"target": 0.6856066040588951, "params": {"p1": -2.2132910016740857, "p2": 1.911348969018292, "p3": 266.9426165090029}, "datetime": {"datetime": "2023-11-14 17:14:00", "elapsed": 0.367376, "delta": 0.001292}}
{"target": 0.6862576225318573, "params": {"p1": -1.8272241881529814, "p2": 1.8123752644057691, "p3": 292.32052570003566}, "datetime": {"datetime": "2023-11-14 17:14:00", "elapsed": 0.36868, "delta": 0.001304}}
{"target": 0.688861696423706, "params": {"p1": -1.8688766760270328, "p2": 1.6188411265736748, "p3": 514.0726013657229}, "datetime": {"datetime": "2023-11-14 17:14:00", "elapsed": 0.369967, "delta": 0.001287}}
{"target": 0.6927678072614791, "params": {"p1": -1.854029246039064, "p2": 2.433928442941961, "p3": 523.4927393154162}, "datetime": {"datetime": "2023-11-14 17:14:00", "elapsed": 0.371272, "delta": 0.001305}}
{"target": 0.6703076699442836, "params": {"p1": -1.582746254925782, "p2": 1.9594352457596202, "p3": 505.0388630616583}, "datetime": {"datetime": "2023-11-14 17:14:00", "elapsed": 0.372613, "delta": 0.001341}}
{"target": 0.6781198916198299, "params": {"p1": -1.5936690903410222, "p2": 1.5602996157981326, "p3": 351.8162656337709}, "datetime": {"datetime": "2023-11-14 17:14:00", "elapsed": 0.37392, "delta": 0.001307}}
{"target": 0.6930933164979602, "params": {"p1": -1.5473660712375836, "p2": 1.8520958622090187, "p3": 210.20074932511568}, "datetime": {"datetime": "2023-11-14 17:14:00", "elapsed": 0.375211, "delta": 0.001291}}
{"target": 0.6940698442074036, "params": {"p1": -2.2142668532362824, "p2": 1.9515636830321048, "p3": 470.2742061497513}, "datetime": {"datetime": "2023-11-14 17:14:00", "elapsed": 0.376546, "delta": 0.001335}}
{"target": 0.6986269735181388, "params": {"p1": -2.102865221123459, "p2": 1.981402209466629, "p3": 493.5196430664791}, "datetime": {"datetime": "2023-11-14 17:14:00", "elapsed": 0.377868, "delta": 0.001322}}
{"target": 0.688861696423706, "params": {"p1": -2.399042223118337, "p2": 2.422121655012904, "p3": 373.88215415191115}, "datetime": {"datetime": "2023-11-14 17:14:00", "elapsed": 0.37919, "delta": 0.001322}}
{"target": 0.6943953534438847, "params": {"p1": -2.2756526094767784, "p2": 1.5770167986775085, "p3": 515.6484670069572}, "datetime": {"datetime": "2023-11-14 17:14:00", "elapsed": 0.380496, "delta": 0.001306}}
{"target": 0.6940698442074036, "params": {"p1": -1.8135182440332982, "p2": 1.8816747121512916, "p3": 252.5276043596474}, "datetime": {"datetime": "2023-11-14 17:14:00", "elapsed": 0.381841, "delta": 0.001345}}
{"target": 0.6911402610790737, "params": {"p1": -1.779303092617646, "p2": 1.5009521935439287, "p3": 316.7456622282637}, "datetime": {"datetime": "2023-11-14 17:14:00", "elapsed": 0.383145, "delta": 0.001304}}
{"target": 0.6637974852146618, "params": {"p1": -1.6262767893204904, "p2": 1.8570601060388572, "p3": 470.4392959878171}, "datetime": {"datetime": "2023-11-14 17:14:00", "elapsed": 0.384449, "delta": 0.001304}}
{"target": 0.6732372530726134, "params": {"p1": -1.808884553476009, "p2": 2.2323957316060654, "p3": 232.99123694116955}, "datetime": {"datetime": "2023-11-14 17:14:00", "elapsed": 0.385766, "delta": 0.001317}}
{"target": 0.6940698442074036, "params": {"p1": -2.223047080814593, "p2": 1.7111010251630936, "p3": 503.2610925508086}, "datetime": {"datetime": "2023-11-14 17:14:00", "elapsed": 0.387111, "delta": 0.001345}}
{"target": 0.6973249365722145, "params": {"p1": -2.4334366711032978, "p2": 1.6275137298980011, "p3": 289.635887372054}, "datetime": {"datetime": "2023-11-14 17:14:00", "elapsed": 0.388422, "delta": 0.001311}}
{"target": 0.671609706890208, "params": {"p1": -2.102622037771595, "p2": 2.4615704312401387, "p3": 200.20189842413316}, "datetime": {"datetime": "2023-11-14 17:14:00", "elapsed": 0.389739, "delta": 0.001317}}
{"target": 0.6758413269644623, "params": {"p1": -1.7507627177646587, "p2": 2.2993823062296985, "p3": 387.8227921295011}, "datetime": {"datetime": "2023-11-14 17:14:00", "elapsed": 0.391057, "delta": 0.001318}}
{"target": 0.6722607253631703, "params": {"p1": -2.065455650371225, "p2": 2.432569980849355, "p3": 270.4037789379354}, "datetime": {"datetime": "2023-11-14 17:14:00", "elapsed": 0.392416, "delta": 0.001359}}
{"target": 0.7012310474099877, "params": {"p1": -1.6105794738461783, "p2": 1.6870287164686377, "p3": 135.65061815480547}, "datetime": {"datetime": "2023-11-14 17:14:00", "elapsed": 0.393751, "delta": 0.001335}}
{"target": 0.6882106779507438, "params": {"p1": -1.8492694323585992, "p2": 2.048377455375984, "p3": 380.1698395833434}, "datetime": {"datetime": "2023-11-14 17:14:00", "elapsed": 0.395074, "delta": 0.001323}}
{"target": 0.6813749839846408, "params": {"p1": -1.9138922496496689, "p2": 2.0491359885229414, "p3": 423.6750309057035}, "datetime": {"datetime": "2023-11-14 17:14:00", "elapsed": 0.396387, "delta": 0.001313}}
{"target": 0.7009055381735065, "params": {"p1": -1.7351094089832777, "p2": 1.6631551857638884, "p3": 122.70197974124801}, "datetime": {"datetime": "2023-11-14 17:14:00", "elapsed": 0.397728, "delta": 0.001341}}
{"target": 0.6963484088627712, "params": {"p1": -1.7201594865749554, "p2": 1.8763389461253766, "p3": 107.99202839484323}, "datetime": {"datetime": "2023-11-14 17:14:00", "elapsed": 0.399056, "delta": 0.001328}}
{"target": 0.6641229944511429, "params": {"p1": -1.5854170584184462, "p2": 2.3813727743484026, "p3": 313.81936813298574}, "datetime": {"datetime": "2023-11-14 17:14:00", "elapsed": 0.400386, "delta": 0.00133}}
{"target": 0.6911402610790737, "params": {"p1": -2.0038329067777183, "p2": 1.7248625948277718, "p3": 210.8793595602317}, "datetime": {"datetime": "2023-11-14 17:14:00", "elapsed": 0.401737, "delta": 0.001351}}
{"target": 0.6973249365722145, "params": {"p1": -2.361954714400386, "p2": 1.5075518055187764, "p3": 468.1738502482651}, "datetime": {"datetime": "2023-11-14 17:14:00", "elapsed": 0.40307, "delta": 0.001333}}
{"target": 0.6937443349709225, "params": {"p1": -2.067546855279213, "p2": 1.8253107130469384, "p3": 282.5227839042146}, "datetime": {"datetime": "2023-11-14 17:14:00", "elapsed": 0.404395, "delta": 0.001325}}
{"target": 0.6709586884172458, "params": {"p1": -1.6467743795341918, "p2": 2.2126149916684974, "p3": 418.7417392697809}, "datetime": {"datetime": "2023-11-14 17:14:00", "elapsed": 0.405722, "delta": 0.001327}}
{"target": 0.692442298024998, "params": {"p1": -2.0064703201816974, "p2": 1.8358796823982169, "p3": 184.81283501675284}, "datetime": {"datetime": "2023-11-14 17:14:00", "elapsed": 0.407054, "delta": 0.001332}}
{"target": 0.6797474378022353, "params": {"p1": -2.4674537100832525, "p2": 2.164635752967442, "p3": 128.28711509150025}, "datetime": {"datetime": "2023-11-14 17:14:00", "elapsed": 0.408429, "delta": 0.001375}}
{"target": 0.6677035960524349, "params": {"p1": -2.434521545030474, "p2": 2.3032163468632505, "p3": 237.2850680833016}, "datetime": {"datetime": "2023-11-14 17:14:00", "elapsed": 0.409781, "delta": 0.001352}}
{"target": 0.6927678072614791, "params": {"p1": -1.6318392420376715, "p2": 1.6141501315832782, "p3": 232.9761121989294}, "datetime": {"datetime": "2023-11-14 17:14:00", "elapsed": 0.411129, "delta": 0.001348}}
{"target": 0.6979759550451767, "params": {"p1": -1.5957336594719171, "p2": 1.8012727243281164, "p3": 110.71394565521537}, "datetime": {"datetime": "2023-11-14 17:14:00", "elapsed": 0.412523, "delta": 0.001394}}
{"target": 0.678445400856311, "params": {"p1": -1.7349134619390736, "p2": 1.8780883175979382, "p3": 407.9898461813988}, "datetime": {"datetime": "2023-11-14 17:14:00", "elapsed": 0.41386, "delta": 0.001337}}
{"target": 0.6872341502413005, "params": {"p1": -2.3399647064309486, "p2": 2.4818004639401643, "p3": 296.7516675127074}, "datetime": {"datetime": "2023-11-14 17:14:00", "elapsed": 0.415192, "delta": 0.001332}}
{"target": 0.6950463719168468, "params": {"p1": -1.5144896923634859, "p2": 1.890149946411944, "p3": 190.0367465726323}, "datetime": {"datetime": "2023-11-14 17:14:00", "elapsed": 0.416545, "delta": 0.001353}}
{"target": 0.6973249365722145, "params": {"p1": -2.371571957377183, "p2": 1.881684641372669, "p3": 354.27004186992247}, "datetime": {"datetime": "2023-11-14 17:14:00", "elapsed": 0.417889, "delta": 0.001344}}
{"target": 0.6849555855859328, "params": {"p1": -1.6396372422677012, "p2": 1.5925471220925524, "p3": 276.30229197759326}, "datetime": {"datetime": "2023-11-14 17:14:00", "elapsed": 0.41923, "delta": 0.001341}}
{"target": 0.6725862345996513, "params": {"p1": -1.681136243427006, "p2": 1.8460762562828075, "p3": 495.27600320101334}, "datetime": {"datetime": "2023-11-14 17:14:00", "elapsed": 0.420577, "delta": 0.001347}}
{"target": 0.661193411322813, "params": {"p1": -2.2953238606331228, "p2": 2.334380277720673, "p3": 139.4202620426259}, "datetime": {"datetime": "2023-11-14 17:14:00", "elapsed": 0.421949, "delta": 0.001372}}
{"target": 0.6973249365722145, "params": {"p1": -2.145541780078139, "p2": 1.6456249965962901, "p3": 479.9100357021728}, "datetime": {"datetime": "2023-11-14 17:14:00", "elapsed": 0.423317, "delta": 0.001368}}
{"target": 0.6917912795520358, "params": {"p1": -2.0328512471516884, "p2": 1.8976856237260717, "p3": 400.8549498434389}, "datetime": {"datetime": "2023-11-14 17:14:00", "elapsed": 0.424693, "delta": 0.001376}}
{"target": 0.7041606305383175, "params": {"p1": -2.439475626386699, "p2": 1.831109391329508, "p3": 454.4747518757913}, "datetime": {"datetime": "2023-11-14 17:14:00", "elapsed": 0.426063, "delta": 0.00137}}
{"target": 0.6810494747481597, "params": {"p1": -1.9603299133389136, "p2": 2.0327613234029727, "p3": 275.72755552307564}, "datetime": {"datetime": "2023-11-14 17:14:00", "elapsed": 0.427432, "delta": 0.001369}}
{"target": 0.6823515116940841, "params": {"p1": -2.0160693006128727, "p2": 2.1201224356498667, "p3": 227.18737889878753}, "datetime": {"datetime": "2023-11-14 17:14:00", "elapsed": 0.42882, "delta": 0.001388}}
{"target": 0.671609706890208, "params": {"p1": -1.6418531043014766, "p2": 1.9885204985033718, "p3": 423.41720258294436}, "datetime": {"datetime": "2023-11-14 17:14:00", "elapsed": 0.430198, "delta": 0.001378}}
{"target": 0.6875596594777816, "params": {"p1": -2.3726401492145226, "p2": 1.5816372021136558, "p3": 114.76010458113697}, "datetime": {"datetime": "2023-11-14 17:14:00", "elapsed": 0.431649, "delta": 0.001451}}
{"target": 0.6699821607078025, "params": {"p1": -2.4063974808771667, "p2": 2.3080223131114392, "p3": 114.53715851169028}, "datetime": {"datetime": "2023-11-14 17:14:00", "elapsed": 0.433026, "delta": 0.001377}}
{"target": 0.6693311422348404, "params": {"p1": -1.7769258899910245, "p2": 2.4135399259566723, "p3": 271.31958553745994}, "datetime": {"datetime": "2023-11-14 17:14:00", "elapsed": 0.434429, "delta": 0.001403}}
{"target": 0.6898382241331493, "params": {"p1": -1.6579802796296512, "p2": 1.9313972940305697, "p3": 157.63963065607823}, "datetime": {"datetime": "2023-11-14 17:14:00", "elapsed": 0.435845, "delta": 0.001416}}
{"target": 0.7119728522138637, "params": {"p1": -2.485686672167488, "p2": 2.0403776457479896, "p3": 497.2564736657036}, "datetime": {"datetime": "2023-11-14 17:14:00", "elapsed": 0.43725, "delta": 0.001405}}
{"target": 0.6911402610790737, "params": {"p1": -2.2813869459776432, "p2": 1.6575860429990286, "p3": 137.74520103574628}, "datetime": {"datetime": "2023-11-14 17:14:00", "elapsed": 0.438781, "delta": 0.001531}}
{"target": 0.6826770209305653, "params": {"p1": -1.8550623864591294, "p2": 1.8690860354113739, "p3": 315.139304835322}, "datetime": {"datetime": "2023-11-14 17:14:00", "elapsed": 0.494936, "delta": 0.056155}}
{"target": 0.6849555855859328, "params": {"p1": -1.9402678084265301, "p2": 1.947425660847625, "p3": 220.39760382569307}, "datetime": {"datetime": "2023-11-14 17:14:00", "elapsed": 0.497135, "delta": 0.002199}}
{"target": 0.6794219285657543, "params": {"p1": -2.1105508478813326, "p2": 2.230666238839903, "p3": 271.0409725663891}, "datetime": {"datetime": "2023-11-14 17:14:00", "elapsed": 0.498665, "delta": 0.00153}}
{"target": 0.6859321132953762, "params": {"p1": -2.158889253276717, "p2": 2.065335638783285, "p3": 160.59369233309206}, "datetime": {"datetime": "2023-11-14 17:14:00", "elapsed": 0.500106, "delta": 0.001441}}
{"target": 0.6709586884172458, "params": {"p1": -1.520606625121753, "p2": 1.5199772844386108, "p3": 549.3508797330326}, "datetime": {"datetime": "2023-11-14 17:14:00", "elapsed": 0.501557, "delta": 0.001451}}
{"target": 0.6693311422348404, "params": {"p1": -1.6635665895811451, "p2": 2.459304629256554, "p3": 264.42133418920713}, "datetime": {"datetime": "2023-11-14 17:14:00", "elapsed": 0.503005, "delta": 0.001448}}
{"target": 0.6878851687142628, "params": {"p1": -2.4062956092200096, "p2": 1.8502769707611135, "p3": 177.75324788798247}, "datetime": {"datetime": "2023-11-14 17:14:00", "elapsed": 0.504433, "delta": 0.001428}}
{"target": 0.7103453060314582, "params": {"p1": -2.332290505314978, "p2": 1.9735482999698777, "p3": 475.381606058704}, "datetime": {"datetime": "2023-11-14 17:14:00", "elapsed": 0.505918, "delta": 0.001485}}
{"target": 0.6807239655116786, "params": {"p1": -1.8532227880499108, "p2": 2.294389141801541, "p3": 288.53581674712893}, "datetime": {"datetime": "2023-11-14 17:14:00", "elapsed": 0.507334, "delta": 0.001416}}
{"target": 0.6885361871872249, "params": {"p1": -2.2194622774124495, "p2": 1.9203223719732376, "p3": 283.32176905316874}, "datetime": {"datetime": "2023-11-14 17:14:00", "elapsed": 0.508785, "delta": 0.001451}}
{"target": 0.6745392900185379, "params": {"p1": -1.6261141735503877, "p2": 2.1957962164792377, "p3": 321.5132860388117}, "datetime": {"datetime": "2023-11-14 17:14:00", "elapsed": 0.510236, "delta": 0.001451}}
{"target": 0.699277991991101, "params": {"p1": -2.3470357947062745, "p2": 1.8738969351081307, "p3": 362.87207523220866}, "datetime": {"datetime": "2023-11-14 17:14:00", "elapsed": 0.511723, "delta": 0.001487}}
{"target": 0.6869086410048195, "params": {"p1": -2.4767062229032657, "p2": 1.5841064985354962, "p3": 232.39348283326973}, "datetime": {"datetime": "2023-11-14 17:14:00", "elapsed": 0.513183, "delta": 0.00146}}
{"target": 0.6712841976537269, "params": {"p1": -2.0277656800991175, "p2": 2.429164088423902, "p3": 240.53659002692802}, "datetime": {"datetime": "2023-11-14 17:14:00", "elapsed": 0.514656, "delta": 0.001473}}
{"target": 0.6650995221605861, "params": {"p1": -1.6635573348016595, "p2": 2.0136579199881233, "p3": 515.4354972151086}, "datetime": {"datetime": "2023-11-14 17:14:00", "elapsed": 0.516129, "delta": 0.001473}}
{"target": 0.6914657703155548, "params": {"p1": -2.4000905034159477, "p2": 2.2654052476870428, "p3": 313.292767012976}, "datetime": {"datetime": "2023-11-14 17:14:00", "elapsed": 0.517588, "delta": 0.001459}}
{"target": 0.668029105288916, "params": {"p1": -1.5265938429278902, "p2": 2.4112386561418306, "p3": 189.92576378952538}, "datetime": {"datetime": "2023-11-14 17:14:00", "elapsed": 0.519021, "delta": 0.001433}}
{"target": 0.6624954482687373, "params": {"p1": -1.5345442214517035, "p2": 2.117792256973317, "p3": 540.1645205171469}, "datetime": {"datetime": "2023-11-14 17:14:00", "elapsed": 0.520476, "delta": 0.001455}}
{"target": 0.6849555855859328, "params": {"p1": -2.0962266618871754, "p2": 2.008734163792678, "p3": 380.4229695845567}, "datetime": {"datetime": "2023-11-14 17:14:00", "elapsed": 0.521927, "delta": 0.001451}}
{"target": 0.6628209575052184, "params": {"p1": -1.562292671753372, "p2": 2.329842796365254, "p3": 463.49178274170004}, "datetime": {"datetime": "2023-11-14 17:14:00", "elapsed": 0.523375, "delta": 0.001448}}
{"target": 0.6703076699442836, "params": {"p1": -1.6492939445875012, "p2": 2.270826548562499, "p3": 405.36322310250654}, "datetime": {"datetime": "2023-11-14 17:14:00", "elapsed": 0.524822, "delta": 0.001447}}
{"target": 0.7044861397747986, "params": {"p1": -2.2110268707660805, "p2": 1.9384622271842227, "p3": 516.5720329871081}, "datetime": {"datetime": "2023-11-14 17:14:00", "elapsed": 0.526276, "delta": 0.001454}}
{"target": 0.6917912795520358, "params": {"p1": -2.2749369323843296, "p2": 2.2056089568405737, "p3": 429.9876262186595}, "datetime": {"datetime": "2023-11-14 17:14:00", "elapsed": 0.527758, "delta": 0.001482}}
{"target": 0.6875596594777816, "params": {"p1": -2.1513389299733054, "p2": 2.0327282940609956, "p3": 186.50381175557345}, "datetime": {"datetime": "2023-11-14 17:14:00", "elapsed": 0.52922, "delta": 0.001462}}
{"target": 0.6872341502413005, "params": {"p1": -1.6702664464301267, "p2": 1.875816925997813, "p3": 242.29503274976824}, "datetime": {"datetime": "2023-11-14 17:14:00", "elapsed": 0.530722, "delta": 0.001502}}
{"target": 0.6947208626803657, "params": {"p1": -2.217941326576488, "p2": 2.1237411281509995, "p3": 372.4436050716082}, "datetime": {"datetime": "2023-11-14 17:14:00", "elapsed": 0.532208, "delta": 0.001486}}
{"target": 0.6846300763494517, "params": {"p1": -1.7495060699764264, "p2": 1.5984962582997264, "p3": 427.5392430066479}, "datetime": {"datetime": "2023-11-14 17:14:00", "elapsed": 0.533646, "delta": 0.001438}}
{"target": 0.682026002457603, "params": {"p1": -1.996868221949459, "p2": 2.2632156142885624, "p3": 425.31310713911347}, "datetime": {"datetime": "2023-11-14 17:14:00", "elapsed": 0.535113, "delta": 0.001467}}
{"target": 0.6843045671129707, "params": {"p1": -1.7574950725846548, "p2": 1.7114019056691576, "p3": 381.12556271398176}, "datetime": {"datetime": "2023-11-14 17:14:00", "elapsed": 0.536636, "delta": 0.001523}}
{"target": 0.6764923454374244, "params": {"p1": -1.8314043371786195, "p2": 2.320767567841155, "p3": 516.2741274257636}, "datetime": {"datetime": "2023-11-14 17:14:00", "elapsed": 0.538086, "delta": 0.00145}}
{"target": 0.6807239655116786, "params": {"p1": -1.8347607075125114, "p2": 2.3647215464153604, "p3": 507.07386586617054}, "datetime": {"datetime": "2023-11-14 17:14:00", "elapsed": 0.539551, "delta": 0.001465}}
{"target": 0.692442298024998, "params": {"p1": -2.1287335338312467, "p2": 1.6702881725077954, "p3": 228.82549992837139}, "datetime": {"datetime": "2023-11-14 17:14:00", "elapsed": 0.541004, "delta": 0.001453}}
{"target": 0.7158789630516369, "params": {"p1": -2.340535331708457, "p2": 2.47821990089558, "p3": 535.5343753706906}, "datetime": {"datetime": "2023-11-14 17:14:00", "elapsed": 0.542472, "delta": 0.001468}}
