{"target": 0.702533084355912, "params": {"p1": -2.336484081603647, "p2": 2.1446196692280934, "p3": 423.93102073237065}, "datetime": {"datetime": "2023-11-14 17:14:01", "elapsed": 1.075252, "delta": 0.001909}}
{"target": 0.6833280394035275, "params": {"p1": -1.7835381678367623, "p2": 2.065217191154577, "p3": 241.79405145396217}, "datetime": {"datetime": "2023-11-14 17:14:01", "elapsed": 1.077155, "delta": 0.001903}}
{"target": 0.6677035960524349, "params": {"p1": -1.5678127458269482, "p2": 2.3432373701094447, "p3": 237.49980319747922}, "datetime": {"datetime": "2023-11-14 17:14:01", "elapsed": 1.079072, "delta": 0.001917}}
{"target": 0.6940698442074036, "params": {"p1": -2.214399271946451, "p2": 1.5779209178740685, "p3": 400.6508261735609}, "datetime": {"datetime": "2023-11-14 17:14:01", "elapsed": 1.080989, "delta": 0.001917}}
{"target": 0.6787709100927921, "params": {"p1": -1.809757292444735, "p2": 2.041012333422784, "p3": 213.38597152190468}, "datetime": {"datetime": "2023-11-14 17:14:01", "elapsed": 1.082999, "delta": 0.00201}}
{"target": 0.6790964193292732, "params": {"p1": -1.6274423458082017, "p2": 2.390265069064165, "p3": 153.78836901806426}, "datetime": {"datetime": "2023-11-14 17:14:01", "elapsed": 1.084951, "delta": 0.001952}}
{"target": 0.688861696423706, "params": {"p1": -2.1306572919289373, "p2": 1.8047252159194596, "p3": 303.4249659241624}, "datetime": {"datetime": "2023-11-14 17:14:01", "elapsed": 1.086849, "delta": 0.001898}}
{"target": 0.671609706890208, "params": {"p1": -2.272499507196428, "p2": 2.4305657847984463, "p3": 235.06174250411576}, "datetime": {"datetime": "2023-11-14 17:14:01", "elapsed": 1.088811, "delta": 0.001962}}
{"target": 0.6930933164979602, "params": {"p1": -2.4611686501066683, "p2": 1.5859180320967425, "p3": 441.02815829737057}, "datetime": {"datetime": "2023-11-14 17:14:01", "elapsed": 1.090714, "delta": 0.001903}}
{"target": 0.6647740129241051, "params": {"p1": -1.7749013848294577, "p2": 2.4292291342800287, "p3": 106.01128274026172}, "datetime": {"datetime": "2023-11-14 17:14:01", "elapsed": 1.092609, "delta": 0.001895}}
{"target": 0.7152279445786747, "params": {"p1": -2.438795268475254, "p2": 2.283426353253305, "p3": 547.9856162269454}, "datetime": {"datetime": "2023-11-14 17:14:01", "elapsed": 1.094535, "delta": 0.001926}}
{"target": 0.6898382241331493, "params": {"p1": -2.1226693243641086, "p2": 2.0704660056363187, "p3": 394.98996872130857}, "datetime": {"datetime": "2023-11-14 17:14:01", "elapsed": 1.096455, "delta": 0.00192}}
{"target": 0.6830025301670464, "params": {"p1": -1.8146832436354603, "p2": 1.5472544219007767, "p3": 402.428915484998}, "datetime": {"datetime": "2023-11-14 17:14:01", "elapsed": 1.098353, "delta": 0.001898}}
{"target": 0.6895127148966682, "params": {"p1": -2.46425147494171, "p2": 1.8891859132011195, "p3": 105.906185341277}, "datetime": {"datetime": "2023-11-14 17:14:01", "elapsed": 1.100309, "delta": 0.001956}}
{"target": 0.6735627623090945, "params": {"p1": -1.8377596137813497, "p2": 1.789123898891421, "p3": 419.1653611720451}, "datetime": {"datetime": "2023-11-14 17:14:01", "elapsed": 1.102246, "delta": 0.001937}}
{"target": 0.6706331791807647, "params": {"p1": -1.710820845720272, "p2": 2.3563440881611304, "p3": 455.4251351121686}, "datetime": {"datetime": "2023-11-14 17:14:01", "elapsed": 1.104187, "delta": 0.001941}}
{"target": 0.6859321132953762, "params": {"p1": -1.9421918058693786, "p2": 2.209933688979169, "p3": 274.3453868731998}, "datetime": {"datetime": "2023-11-14 17:14:01", "elapsed": 1.106105, "delta": 0.001918}}
{"target": 0.6781198916198299, "params": {"p1": -1.5059953575526044, "p2": 1.6506153576215807, "p3": 433.0325135898003}, "datetime": {"datetime": "2023-11-14 17:14:01", "elapsed": 1.108051, "delta": 0.001946}}
{"target": 0.6859321132953762, "params": {"p1": -2.064751513674492, "p2": 2.027050326435039, "p3": 159.9804026437934}, "datetime": {"datetime": "2023-11-14 17:14:01", "elapsed": 1.110011, "delta": 0.00196}}
{"target": 0.6976504458086956, "params": {"p1": -2.412261721777103, "p2": 1.7920944334332787, "p3": 274.26242295160034}, "datetime": {"datetime": "2023-11-14 17:14:01", "elapsed": 1.111939, "delta": 0.001928}}
{"target": 0.6963484088627712, "params": {"p1": -2.1016253986026765, "p2": 1.8474685495445928, "p3": 491.4774527632755}, "datetime": {"datetime": "2023-11-14 17:14:01", "elapsed": 1.113866, "delta": 0.001927}}
{"target": 0.678445400856311, "params": {"p1": -1.8993048777385515, "p2": 2.451526731014361, "p3": 379.56725396875527}, "datetime": {"datetime": "2023-11-14 17:14:01", "elapsed": 1.115795, "delta": 0.001929}}
{"target": 0.6745392900185379, "params": {"p1": -1.5093859644057734, "p2": 2.000733656929093, "p3": 329.10610921623874}, "datetime": {"datetime": "2023-11-14 17:14:01", "elapsed": 1.117723, "delta": 0.001928}}
{"target": 0.6976504458086956, "params": {"p1": -2.0791108956956768, "p2": 1.6724450116597946, "p3": 228.94425208465202}, "datetime": {"datetime": "2023-11-14 17:14:01", "elapsed": 1.119703, "delta": 0.00198}}
{"target": 0.6729117438361324, "params": {"p1": -1.921912053017707, "p2": 2.4972559970469077, "p3": 181.8156291997114}, "datetime": {"datetime": "2023-11-14 17:14:01", "elapsed": 1.12168, "delta": 0.001977}}
{"target": 0.6908147518425926, "params": {"p1": -2.2590583472171897, "p2": 1.9826504735485775, "p3": 185.57917841366924}, "datetime": {"datetime": "2023-11-14 17:14:01", "elapsed": 1.123612, "delta": 0.001932}}
{"target": 0.6777943823833488, "params": {"p1": -1.8126149009022345, "p2": 2.2282896405317865, "p3": 484.82827374186}, "datetime": {"datetime": "2023-11-14 17:14:01", "elapsed": 1.125537, "delta": 0.001925}}
{"target": 0.6846300763494517, "params": {"p1": -2.237177949811898, "p2": 1.8394421057823263, "p3": 258.18038551913986}, "datetime": {"datetime": "2023-11-14 17:14:01", "elapsed": 1.127462, "delta": 0.001925}}
{"target": 0.6660760498700293, "params": {"p1": -1.5674985961340004, "p2": 2.124797568412164, "p3": 323.0512247073132}, "datetime": {"datetime": "2023-11-14 17:14:01", "elapsed": 1.129406, "delta": 0.001944}}
{"target": 0.6660760498700293, "params": {"p1": -1.618117603755418, "p2": 2.3450088439059504, "p3": 372.70815224953964}, "datetime": {"datetime": "2023-11-14 17:14:01", "elapsed": 1.13139, "delta": 0.001984}}
{"target": 0.6836535486400085, "params": {"p1": -1.871146871251546, "p2": 1.7093581677102323, "p3": 469.3023595210254}, "datetime": {"datetime": "2023-11-14 17:14:01", "elapsed": 1.133303, "delta": 0.001913}}
{"target": 0.6722607253631703, "params": {"p1": -1.8240821975842225, "p2": 2.2382645761327393, "p3": 127.28514044874423}, "datetime": {"datetime": "2023-11-14 17:14:01", "elapsed": 1.13524, "delta": 0.001937}}
{"target": 0.6758413269644623, "params": {"p1": -2.4765923249981885, "p2": 2.125141645627615, "p3": 239.37668257049947}, "datetime": {"datetime": "2023-11-14 17:14:01", "elapsed": 1.137205, "delta": 0.001965}}
{"target": 0.6869086410048195, "params": {"p1": -2.4250815948061066, "p2": 2.4301100595568585, "p3": 332.2611673898623}, "datetime": {"datetime": "2023-11-14 17:14:01", "elapsed": 1.139139, "delta": 0.001934}}
{"target": 0.6813749839846408, "params": {"p1": -2.117432948481296, "p2": 2.1646036087677505, "p3": 292.1272710027316}, "datetime": {"datetime": "2023-11-14 17:14:01", "elapsed": 1.141106, "delta": 0.001967}}
{"target": 0.6921167887885169, "params": {"p1": -1.6274676000733908, "p2": 1.793337225674816, "p3": 234.07614406654784}, "datetime": {"datetime": "2023-11-14 17:14:01", "elapsed": 1.14306, "delta": 0.001954}}
{"target": 0.6914657703155548, "params": {"p1": -2.1803440336919095, "p2": 1.9647487927923484, "p3": 392.85564267429436}, "datetime": {"datetime": "2023-11-14 17:14:01", "elapsed": 1.145009, "delta": 0.001949}}
{"target": 0.6634719759781806, "params": {"p1": -1.5455020635469143, "p2": 2.0014240345376, "p3": 518.4552598305766}, "datetime": {"datetime": "2023-11-14 17:14:01", "elapsed": 1.146951, "delta": 0.001942}}
{"target": 0.69895248275462, "params": {"p1": -1.6976505093086471, "p2": 2.0174094280538952, "p3": 109.9139269922497}, "datetime": {"datetime": "2023-11-14 17:14:01", "elapsed": 1.148915, "delta": 0.001964}}
{"target": 0.7048116490112797, "params": {"p1": -2.360726935087115, "p2": 1.9262672163755838, "p3": 513.6443259035159}, "datetime": {"datetime": "2023-11-14 17:14:01", "elapsed": 1.150888, "delta": 0.001973}}
{"target": 0.6862576225318573, "params": {"p1": -1.5966562084551579, "p2": 1.8596408565757314, "p3": 274.32251051629885}, "datetime": {"datetime": "2023-11-14 17:14:01", "elapsed": 1.152863, "delta": 0.001975}}
{"target": 0.6895127148966682, "params": {"p1": -1.6649178530937567, "p2": 1.791544646010017, "p3": 201.0059024003453}, "datetime": {"datetime": "2023-11-14 17:14:01", "elapsed": 1.154907, "delta": 0.002044}}
{"target": 0.6592403559039264, "params": {"p1": -1.5784525904135873, "p2": 2.373272017361665, "p3": 312.97145252151176}, "datetime": {"datetime": "2023-11-14 17:14:01", "elapsed": 1.156889, "delta": 0.001982}}
{"target": 0.6797474378022353, "params": {"p1": -1.9086606161889597, "p2": 2.0769092845641626, "p3": 504.9339626489014}, "datetime": {"datetime": "2023-11-14 17:14:01", "elapsed": 1.158822, "delta": 0.001933}}
{"target": 0.6696566514713214, "params": {"p1": -2.1002860774460244, "p2": 2.2893754907871857, "p3": 145.79336618675262}, "datetime": {"datetime": "2023-11-14 17:14:01", "elapsed": 1.160825, "delta": 0.002003}}
{"target": 0.7028585935923931, "params": {"p1": -2.4317079226067455, "p2": 2.321599284449842, "p3": 464.36261987657707}, "datetime": {"datetime": "2023-11-14 17:14:01", "elapsed": 1.162775, "delta": 0.00195}}
{"target": 0.6790964193292732, "params": {"p1": -2.1499043397708877, "p2": 2.30234851961593, "p3": 255.60103074524335}, "datetime": {"datetime": "2023-11-14 17:14:01", "elapsed": 1.164716, "delta": 0.001941}}
{"target": 0.7077412321396095, "params": {"p1": -2.181967481695584, "p2": 2.1122877428336206, "p3": 543.4195656464121}, "datetime": {"datetime": "2023-11-14 17:14:01", "elapsed": 1.166719, "delta": 0.002003}}
{"target": 0.7005800289370254, "params": {"p1": -2.1570124744179484, "p2": 1.917406372118779, "p3": 506.98984937673714}, "datetime": {"datetime": "2023-11-14 17:14:01", "elapsed": 1.16872, "delta": 0.002001}}
{"target": 0.6703076699442836, "params": {"p1": -2.3731188342763243, "p2": 2.4894744615418287, "p3": 273.0380425396159}, "datetime": {"datetime": "2023-11-14 17:14:01", "elapsed": 1.170737, "delta": 0.002017}}
{"target": 0.6969994273357334, "params": {"p1": -1.620215895416513, "p2": 1.7353668807904985, "p3": 196.15865640291233}, "datetime": {"datetime": "2023-11-14 17:14:01", "elapsed": 1.17273, "delta": 0.001993}}
{"target": 0.6742137807820567, "params": {"p1": -1.6892435686858644, "p2": 1.646002275242649, "p3": 513.2993457879361}, "datetime": {"datetime": "2023-11-14 17:14:01", "elapsed": 1.174721, "delta": 0.001991}}
{"target": 0.6930933164979602, "params": {"p1": -2.0837000109491437, "p2": 1.7324869575670485, "p3": 117.29715825599102}, "datetime": {"datetime": "2023-11-14 17:14:01", "elapsed": 1.176707, "delta": 0.001986}}
{"target": 0.6833280394035275, "params": {"p1": -2.3782960255021086, "p2": 2.2989310803572858, "p3": 314.28067095054917}, "datetime": {"datetime": "2023-11-14 17:14:01", "elapsed": 1.178689, "delta": 0.001982}}
{"target": 0.6592403559039264, "params": {"p1": -2.05973585859443, "p2": 2.442096790969102, "p3": 151.54490717362452}, "datetime": {"datetime": "2023-11-14 17:14:01", "elapsed": 1.180701, "delta": 0.002012}}
{"target": 0.688861696423706, "params": {"p1": -2.0841611816618757, "p2": 1.756520343468185, "p3": 504.0576873944251}, "datetime": {"datetime": "2023-11-14 17:14:01", "elapsed": 1.182665, "delta": 0.001964}}
{"target": 0.6631464667416995, "params": {"p1": -1.7598483378749623, "p2": 2.4511739256840768, "p3": 321.9308348132457}, "datetime": {"datetime": "2023-11-14 17:14:01", "elapsed": 1.184608, "delta": 0.001943}}
{"target": 0.7041606305383175, "params": {"p1": -2.3958909921057305, "p2": 2.1067301231439113, "p3": 509.69183952513475}, "datetime": {"datetime": "2023-11-14 17:14:01", "elapsed": 1.186542, "delta": 0.001934}}
{"target": 0.69602289962629, "params": {"p1": -1.9762294364344482, "p2": 1.6141113146767738, "p3": 108.16341153000879}, "datetime": {"datetime": "2023-11-14 17:14:01", "elapsed": 1.188538, "delta": 0.001996}}
{"target": 0.6927678072614791, "params": {"p1": -2.4069654591087497, "p2": 1.7759636681604622, "p3": 195.689861741298}, "datetime": {"datetime": "2023-11-14 17:14:01", "elapsed": 1.190545, "delta": 0.002007}}
{"target": 0.69895248275462, "params": {"p1": -2.4388418909267924, "p2": 1.6190345929411984, "p3": 187.89975165722626}, "datetime": {"datetime": "2023-11-14 17:14:01", "elapsed": 1.192524, "delta": 0.001979}}
{"target": 0.678445400856311, "params": {"p1": -1.7105958117106725, "p2": 2.210511545264834, "p3": 280.73046128238883}, "datetime": {"datetime": "2023-11-14 17:14:01", "elapsed": 1.194664, "delta": 0.00214}}
{"target": 0.7028585935923931, "params": {"p1": -1.623193178573406, "p2": 1.770300929314073, "p3": 143.3888467875966}, "datetime": {"datetime": "2023-11-14 17:14:01", "elapsed": 1.19666, "delta": 0.001996}}
{"target": 0.6781198916198299, "params": {"p1": -1.6789251761151018, "p2": 1.6738112912411522, "p3": 535.4947081170283}, "datetime": {"datetime": "2023-11-14 17:14:01", "elapsed": 1.198647, "delta": 0.001987}}
{"target": 0.6628209575052184, "params": {"p1": -1.594006120891685, "p2": 2.248337160583923, "p3": 357.7944773751501}, "datetime": {"datetime": "2023-11-14 17:14:01", "elapsed": 1.200639, "delta": 0.001992}}
{"target": 0.7028585935923931, "params": {"p1": -2.258345345208148, "p2": 1.946554293196173, "p3": 416.26565543206124}, "datetime": {"datetime": "2023-11-14 17:14:01", "elapsed": 1.202631, "delta": 0.001992}}
{"target": 0.699277991991101, "params": {"p1": -1.7031302797282524, "p2": 1.504446607246141, "p3": 117.09034750084889}, "datetime": {"datetime": "2023-11-14 17:14:01", "elapsed": 1.204653, "delta": 0.002022}}
{"target": 0.6833280394035275, "params": {"p1": -1.9167476669851782, "p2": 1.8457880422802047, "p3": 541.9627478638524}, "datetime": {"datetime": "2023-11-14 17:14:01", "elapsed": 1.206654, "delta": 0.002001}}
{"target": 0.7096942875584961, "params": {"p1": -2.3944513135846073, "p2": 2.1111137087190106, "p3": 502.0350327511386}, "datetime": {"datetime": "2023-11-14 17:14:01", "elapsed": 1.208665, "delta": 0.002011}}
{"target": 0.7106708152679393, "params": {"p1": -2.404974250581915, "p2": 2.111403316542158, "p3": 489.78677437327514}, "datetime": {"datetime": "2023-11-14 17:14:01", "elapsed": 1.210812, "delta": 0.002147}}
{"target": 0.6690056329983592, "params": {"p1": -1.7038726202763022, "p2": 2.4734514714171785, "p3": 200.39660804801616}, "datetime": {"datetime": "2023-11-14 17:14:01", "elapsed": 1.212805, "delta": 0.001993}}
{"target": 0.6686801237618781, "params": {"p1": -2.248456771140626, "p2": 2.411951330008189, "p3": 146.5929981205362}, "datetime": {"datetime": "2023-11-14 17:14:01", "elapsed": 1.214803, "delta": 0.001998}}
{"target": 0.6869086410048195, "params": {"p1": -2.0659056234931583, "p2": 2.0101407147922643, "p3": 369.1903611141567}, "datetime": {"datetime": "2023-11-14 17:14:01", "elapsed": 1.216806, "delta": 0.002003}}
{"target": 0.6947208626803657, "params": {"p1": -2.0758772071516804, "p2": 2.022463291277054, "p3": 415.8946032478264}, "datetime": {"datetime": "2023-11-14 17:14:01", "elapsed": 1.218824, "delta": 0.002018}}
{"target": 0.6891872056601871, "params": {"p1": -2.332272980141174, "p2": 2.0205649827465613, "p3": 319.574540989302}, "datetime": {"datetime": "2023-11-14 17:14:01", "elapsed": 1.220826, "delta": 0.002002}}
{"target": 0.6670525775794727, "params": {"p1": -1.6423912525934674, "p2": 2.2882944606006372, "p3": 157.03248384240837}, "datetime": {"datetime": "2023-11-14 17:14:01", "elapsed": 1.222828, "delta": 0.002002}}
{"target": 0.664448503687624, "params": {"p1": -1.7750161190830054, "p2": 2.147131027369096, "p3": 325.21825320831135}, "datetime": {"datetime": "2023-11-14 17:14:01", "elapsed": 1.224817, "delta": 0.001989}}
{"target": 0.6973249365722145, "params": {"p1": -2.4585353890981207, "p2": 1.6828419619568489, "p3": 274.1694300672575}, "datetime": {"datetime": "2023-11-14 17:14:01", "elapsed": 1.226825, "delta": 0.002008}}
{"target": 0.7041606305383175, "params": {"p1": -2.216895076016085, "p2": 1.7235381763668762, "p3": 430.3472126772993}, "datetime": {"datetime": "2023-11-14 17:14:01", "elapsed": 1.228848, "delta": 0.002023}}
{"target": 0.6800729470387165, "params": {"p1": -1.707362540388303, "p2": 2.1219053187318684, "p3": 265.20002434849926}, "datetime": {"datetime": "2023-11-14 17:14:01", "elapsed": 1.230862, "delta": 0.002014}}
{"target": 0.6904892426061116, "params": {"p1": -2.2518730502941113, "p2": 1.9153864276615864, "p3": 379.7059896184094}, "datetime": {"datetime": "2023-11-14 17:14:01", "elapsed": 1.232869, "delta": 0.002007}}
{"target": 0.6790964193292732, "params": {"p1": -1.7864198788715338, "p2": 1.9646258522390263, "p3": 337.3743960310473}, "datetime": {"datetime": "2023-11-14 17:14:01", "elapsed": 1.234865, "delta": 0.001996}}
{"target": 0.6833280394035275, "params": {"p1": -1.8100353317516698, "p2": 1.5770050594296903, "p3": 486.9245076791093}, "datetime": {"datetime": "2023-11-14 17:14:01", "elapsed": 1.236908, "delta": 0.002043}}
{"target": 0.6817004932211219, "params": {"p1": -2.305082672170821, "p2": 1.9507405629559569, "p3": 267.207180208385}, "datetime": {"datetime": "2023-11-14 17:14:01", "elapsed": 1.238958, "delta": 0.00205}}
{"target": 0.6771433639103865, "params": {"p1": -1.5060926391734795, "p2": 2.0787068564498044, "p3": 171.00017031430116}, "datetime": {"datetime": "2023-11-14 17:14:01", "elapsed": 1.240989, "delta": 0.002031}}
{"target": 0.6703076699442836, "params": {"p1": -2.308700825121889, "p2": 2.3102875699029397, "p3": 145.32626851270135}, "datetime": {"datetime": "2023-11-14 17:14:01", "elapsed": 1.243011, "delta": 0.002022}}
{"target": 0.678445400856311, "params": {"p1": -1.8580528291011174, "p2": 1.6816700890040202, "p3": 312.48039005827076}, "datetime": {"datetime": "2023-11-14 17:14:01", "elapsed": 1.245023, "delta": 0.002012}}
{"target": 0.6862576225318573, "params": {"p1": -1.7136104397359602, "p2": 1.8212557014806614, "p3": 457.0594671848319}, "datetime": {"datetime": "2023-11-14 17:14:01", "elapsed": 1.247046, "delta": 0.002023}}
{"target": 0.6589148466674453, "params": {"p1": -1.5118426901067892, "p2": 1.727806055587028, "p3": 497.0561119726058}, "datetime": {"datetime": "2023-11-14 17:14:01", "elapsed": 1.249072, "delta": 0.002026}}
{"target": 0.6817004932211219, "params": {"p1": -1.675027337966541, "p2": 1.9060430336295073, "p3": 288.3982440748993}, "datetime": {"datetime": "2023-11-14 17:14:01", "elapsed": 1.25115, "delta": 0.002078}}
{"target": 0.6872341502413005, "params": {"p1": -2.352318881690216, "p2": 2.1853838817517532, "p3": 293.7973421570223}, "datetime": {"datetime": "2023-11-14 17:14:01", "elapsed": 1.253152, "delta": 0.002002}}
{"target": 0.6729117438361324, "params": {"p1": -2.189958447622613, "p2": 2.3336231458586276, "p3": 166.4547968404768}, "datetime": {"datetime": "2023-11-14 17:14:01", "elapsed": 1.255209, "delta": 0.002057}}
{"target": 0.6908147518425926, "params": {"p1": -1.7921352402140227, "p2": 1.8637432566589716, "p3": 432.38245520059365}, "datetime": {"datetime": "2023-11-14 17:14:01", "elapsed": 1.257233, "delta": 0.002024}}
{"target": 0.6846300763494517, "params": {"p1": -1.9719750282122805, "p2": 1.9858363580316873, "p3": 480.8922263074854}, "datetime": {"datetime": "2023-11-14 17:14:01", "elapsed": 1.259247, "delta": 0.002014}}
{"target": 0.6670525775794727, "params": {"p1": -2.4450962928865367, "p2": 2.321577023200234, "p3": 183.95930659217447}, "datetime": {"datetime": "2023-11-14 17:14:01", "elapsed": 1.261265, "delta": 0.002018}}
{"target": 0.6605423928498508, "params": {"p1": -2.43151503193714, "p2": 2.421673099611115, "p3": 124.14874125601474}, "datetime": {"datetime": "2023-11-14 17:14:01", "elapsed": 1.263342, "delta": 0.002077}}
{"target": 0.7100197967949772, "params": {"p1": -2.38290237953483, "p2": 2.160764269163696, "p3": 534.7611514223522}, "datetime": {"datetime": "2023-11-14 17:14:01", "elapsed": 1.265387, "delta": 0.002045}}
{"target": 0.6878851687142628, "params": {"p1": -2.169823364558649, "p2": 2.210737696549308, "p3": 309.67541881137697}, "datetime": {"datetime": "2023-11-14 17:14:01", "elapsed": 1.267422, "delta": 0.002035}}
{"target": 0.6904892426061116, "params": {"p1": -1.9339231718441394, "p2": 1.5040233913736798, "p3": 200.2794894703576}, "datetime": {"datetime": "2023-11-14 17:14:01", "elapsed": 1.269482, "delta": 0.00206}}
{"target": 0.7119728522138637, "params": {"p1": -2.322543655566476, "p2": 2.3051346168090614, "p3": 541.3619524284609}, "datetime": {"datetime": "2023-11-14 17:14:01", "elapsed": 1.271484, "delta": 0.002002}}
{"target": 0.6664015591065104, "params": {"p1": -1.548639138090787, "p2": 2.305278393820476, "p3": 290.7208024597468}, "datetime": {"datetime": "2023-11-14 17:14:01", "elapsed": 1.273552, "delta": 0.002068}}
{"target": 0.692442298024998, "params": {"p1": -2.0841529845062756, "p2": 1.6465381899196885, "p3": 270.26624303445703}, "datetime": {"datetime": "2023-11-14 17:14:01", "elapsed": 1.275584, "delta": 0.002032}}
{"target": 0.6882106779507438, "params": {"p1": -1.9529000175408657, "p2": 1.6104184482612327, "p3": 305.33865840216527}, "datetime": {"datetime": "2023-11-14 17:14:01", "elapsed": 1.27762, "delta": 0.002036}}
{"target": 0.6950463719168468, "params": {"p1": -2.2025579456385835, "p2": 1.7242423427723765, "p3": 265.4627825048989}, "datetime": {"datetime": "2023-11-14 17:14:01", "elapsed": 1.279671, "delta": 0.002051}}
{"target": 0.7194595646529289, "params": {"p1": -2.467915000820278, "p2": 2.3891117394616304, "p3": 516.8825974878903}, "datetime": {"datetime": "2023-11-14 17:14:01", "elapsed": 1.281727, "delta": 0.002056}}
