{"target": 0.6794219285657543, "params": {"p1": -1.8331190336379861, "p2": 1.6554161815397115, "p3": 310.90086492235537}, "datetime": {"datetime": "2023-11-14 17:14:02", "elapsed": 2.149803, "delta": 0.002332}}
{"target": 0.69895248275462, "params": {"p1": -2.1749872178169096, "p2": 1.7162057819490522, "p3": 439.4391046112314}, "datetime": {"datetime": "2023-11-14 17:14:02", "elapsed": 2.152172, "delta": 0.002369}}
{"target": 0.6803984562751976, "params": {"p1": -2.042508996904752, "p2": 2.2210327086039623, "p3": 385.71781314095335}, "datetime": {"datetime": "2023-11-14 17:14:02", "elapsed": 2.154685, "delta": 0.002513}}
{"target": 0.6621699390322562, "params": {"p1": -2.279398097819403, "p2": 2.4604149453292026, "p3": 162.3739021111477}, "datetime": {"datetime": "2023-11-14 17:14:02", "elapsed": 2.157169, "delta": 0.002484}}
{"target": 0.6956973903898089, "params": {"p1": -2.146104724422419, "p2": 2.3465901803899283, "p3": 497.95361928961313}, "datetime": {"datetime": "2023-11-14 17:14:02", "elapsed": 2.159676, "delta": 0.002507}}
{"target": 0.6973249365722145, "params": {"p1": -2.3811839468821265, "p2": 1.818596157234552, "p3": 258.62419381464497}, "datetime": {"datetime": "2023-11-14 17:14:02", "elapsed": 2.162153, "delta": 0.002477}}
{"target": 0.6774688731468677, "params": {"p1": -1.787336384416675, "p2": 1.5538928422507743, "p3": 524.6468280296372}, "datetime": {"datetime": "2023-11-14 17:14:02", "elapsed": 2.164652, "delta": 0.002499}}
{"target": 0.7044861397747986, "params": {"p1": -2.2958043793500744, "p2": 1.506405383662186, "p3": 452.6203582073391}, "datetime": {"datetime": "2023-11-14 17:14:02", "elapsed": 2.167082, "delta": 0.00243}}
{"target": 0.6654250313970672, "params": {"p1": -1.6043226066907221, "p2": 2.3318613959467887, "p3": 135.55257529233165}, "datetime": {"datetime": "2023-11-14 17:14:02", "elapsed": 2.169584, "delta": 0.002502}}
{"target": 0.6934188257344414, "params": {"p1": -2.1027269701931095, "p2": 2.28993565673566, "p3": 434.81512894187904}, "datetime": {"datetime": "2023-11-14 17:14:02", "elapsed": 2.172131, "delta": 0.002547}}
{"target": 0.6898382241331493, "params": {"p1": -2.4678799091858763, "p2": 2.034890284477548, "p3": 297.40432806882995}, "datetime": {"datetime": "2023-11-14 17:14:02", "elapsed": 2.174627, "delta": 0.002496}}
{"target": 0.6986269735181388, "params": {"p1": -2.490630352699749, "p2": 2.0883891121172553, "p3": 388.2466254895403}, "datetime": {"datetime": "2023-11-14 17:14:02", "elapsed": 2.177082, "delta": 0.002455}}
{"target": 0.6836535486400085, "params": {"p1": -2.406946962044732, "p2": 2.4296247655089336, "p3": 285.6732245479767}, "datetime": {"datetime": "2023-11-14 17:14:02", "elapsed": 2.179631, "delta": 0.002549}}
{"target": 0.682026002457603, "params": {"p1": -2.1896732852776886, "p2": 2.0721606057340685, "p3": 222.69072218299033}, "datetime": {"datetime": "2023-11-14 17:14:02", "elapsed": 2.182106, "delta": 0.002475}}
{"target": 0.6729117438361324, "params": {"p1": -1.725447655391247, "p2": 2.441239385608186, "p3": 234.9633313305084}, "datetime": {"datetime": "2023-11-14 17:14:02", "elapsed": 2.184567, "delta": 0.002461}}
{"target": 0.6865831317683384, "params": {"p1": -2.1668228519276136, "p2": 1.907546186605444, "p3": 228.12000857711897}, "datetime": {"datetime": "2023-11-14 17:14:02", "elapsed": 2.18702, "delta": 0.002453}}
{"target": 0.6856066040588951, "params": {"p1": -2.062620658713953, "p2": 2.281202358074479, "p3": 357.6261255663276}, "datetime": {"datetime": "2023-11-14 17:14:02", "elapsed": 2.189583, "delta": 0.002563}}
{"target": 0.6833280394035275, "params": {"p1": -1.9497378413401893, "p2": 1.8224766582713963, "p3": 411.89637853931583}, "datetime": {"datetime": "2023-11-14 17:14:02", "elapsed": 2.192103, "delta": 0.00252}}
{"target": 0.6885361871872249, "params": {"p1": -2.1210223282129927, "p2": 2.2368398203425026, "p3": 283.9877560051417}, "datetime": {"datetime": "2023-11-14 17:14:02", "elapsed": 2.194588, "delta": 0.002485}}
{"target": 0.6862576225318573, "params": {"p1": -1.9727007774432597, "p2": 1.5837285710876028, "p3": 321.377667436137}, "datetime": {"datetime": "2023-11-14 17:14:02", "elapsed": 2.197087, "delta": 0.002499}}
{"target": 0.6823515116940841, "params": {"p1": -1.9732353265592648, "p2": 1.5494206151100678, "p3": 522.503693443019}, "datetime": {"datetime": "2023-11-14 17:14:02", "elapsed": 2.199613, "delta": 0.002526}}
{"target": 0.6865831317683384, "params": {"p1": -2.1966154283056842, "p2": 1.9483302008756602, "p3": 138.08105218627128}, "datetime": {"datetime": "2023-11-14 17:14:02", "elapsed": 2.202184, "delta": 0.002571}}
{"target": 0.674864799255019, "params": {"p1": -1.7444578362306569, "p2": 1.96511208541258, "p3": 290.90445612387947}, "datetime": {"datetime": "2023-11-14 17:14:02", "elapsed": 2.204718, "delta": 0.002534}}
{"target": 0.6872341502413005, "params": {"p1": -2.223849294984069, "p2": 1.881488832414011, "p3": 174.8359823746406}, "datetime": {"datetime": "2023-11-14 17:14:02", "elapsed": 2.207232, "delta": 0.002514}}
{"target": 0.6911402610790737, "params": {"p1": -1.8037457660510046, "p2": 1.5394674785304452, "p3": 220.72857120713195}, "datetime": {"datetime": "2023-11-14 17:14:02", "elapsed": 2.209792, "delta": 0.00256}}
{"target": 0.6709586884172458, "params": {"p1": -1.616917811627176, "p2": 2.0714531000864023, "p3": 345.01043270949754}, "datetime": {"datetime": "2023-11-14 17:14:02", "elapsed": 2.212352, "delta": 0.00256}}
{"target": 0.6908147518425926, "params": {"p1": -1.500060681773383, "p2": 1.9450422911129688, "p3": 162.3604128636283}, "datetime": {"datetime": "2023-11-14 17:14:02", "elapsed": 2.214904, "delta": 0.002552}}
{"target": 0.6833280394035275, "params": {"p1": -1.5382379703183706, "p2": 2.23587283325622, "p3": 103.80380474928175}, "datetime": {"datetime": "2023-11-14 17:14:02", "elapsed": 2.217813, "delta": 0.002909}}
{"target": 0.6914657703155548, "params": {"p1": -1.9530445720085174, "p2": 1.8918473681425358, "p3": 475.35173890134973}, "datetime": {"datetime": "2023-11-14 17:14:02", "elapsed": 2.220392, "delta": 0.002579}}
{"target": 0.6878851687142628, "params": {"p1": -2.0083800806345486, "p2": 1.9268073188778239, "p3": 220.8454754784534}, "datetime": {"datetime": "2023-11-14 17:14:02", "elapsed": 2.222955, "delta": 0.002563}}
{"target": 0.6686801237618781, "params": {"p1": -1.6715947134488287, "p2": 1.8889615190802744, "p3": 442.6831102655614}, "datetime": {"datetime": "2023-11-14 17:14:02", "elapsed": 2.225434, "delta": 0.002479}}
{"target": 0.688861696423706, "params": {"p1": -2.0366588975132442, "p2": 2.0214030193922086, "p3": 222.75885340057286}, "datetime": {"datetime": "2023-11-14 17:14:02", "elapsed": 2.227992, "delta": 0.002558}}
{"target": 0.6670525775794727, "params": {"p1": -1.835570593822367, "p2": 2.4603357405922135, "p3": 193.70006757053193}, "datetime": {"datetime": "2023-11-14 17:14:02", "elapsed": 2.23062, "delta": 0.002628}}
{"target": 0.699277991991101, "params": {"p1": -1.7449082374885885, "p2": 1.6903244555993093, "p3": 213.45094153884887}, "datetime": {"datetime": "2023-11-14 17:14:02", "elapsed": 2.233168, "delta": 0.002548}}
{"target": 0.678445400856311, "params": {"p1": -1.793298295067111, "p2": 1.8251879828557582, "p3": 456.86586219067686}, "datetime": {"datetime": "2023-11-14 17:14:02", "elapsed": 2.23581, "delta": 0.002642}}
{"target": 0.6768178546739055, "params": {"p1": -1.879791892293555, "p2": 2.4322312478534576, "p3": 352.27076796116216}, "datetime": {"datetime": "2023-11-14 17:14:02", "elapsed": 2.238354, "delta": 0.002544}}
{"target": 0.671609706890208, "params": {"p1": -2.35261117222679, "p2": 2.442114627237907, "p3": 217.69120970559248}, "datetime": {"datetime": "2023-11-14 17:14:02", "elapsed": 2.240927, "delta": 0.002573}}
{"target": 0.6862576225318573, "params": {"p1": -1.8201930034382725, "p2": 1.7507173877805564, "p3": 165.46138589745803}, "datetime": {"datetime": "2023-11-14 17:14:02", "elapsed": 2.243499, "delta": 0.002572}}
{"target": 0.6904892426061116, "params": {"p1": -2.1270237245968886, "p2": 1.7910319860229345, "p3": 133.34289071478844}, "datetime": {"datetime": "2023-11-14 17:14:02", "elapsed": 2.245989, "delta": 0.00249}}
{"target": 0.6722607253631703, "params": {"p1": -1.5493747610473876, "p2": 2.465180008891859, "p3": 163.6278630910215}, "datetime": {"datetime": "2023-11-14 17:14:02", "elapsed": 2.248453, "delta": 0.002464}}
{"target": 0.6807239655116786, "params": {"p1": -2.339516681181734, "p2": 2.39144314268696, "p3": 281.44959996365276}, "datetime": {"datetime": "2023-11-14 17:14:02", "elapsed": 2.251016, "delta": 0.002563}}
{"target": 0.6878851687142628, "params": {"p1": -2.2071005148019274, "p2": 1.9550755473968038, "p3": 288.6023612725961}, "datetime": {"datetime": "2023-11-14 17:14:02", "elapsed": 2.25356, "delta": 0.002544}}
{"target": 0.6865831317683384, "params": {"p1": -2.4770239368359643, "p2": 2.4333723969278407, "p3": 320.2927141895984}, "datetime": {"datetime": "2023-11-14 17:14:02", "elapsed": 2.256045, "delta": 0.002485}}
{"target": 0.6917912795520358, "params": {"p1": -2.097188804080086, "p2": 1.6796244500415844, "p3": 207.42859857954792}, "datetime": {"datetime": "2023-11-14 17:14:02", "elapsed": 2.258609, "delta": 0.002564}}
{"target": 0.6898382241331493, "params": {"p1": -2.1275092479972835, "p2": 1.882300412631293, "p3": 185.8424942626886}, "datetime": {"datetime": "2023-11-14 17:14:02", "elapsed": 2.261179, "delta": 0.00257}}
{"target": 0.6976504458086956, "params": {"p1": -2.1954538342685885, "p2": 1.6513537440630786, "p3": 239.7115219622835}, "datetime": {"datetime": "2023-11-14 17:14:02", "elapsed": 2.263748, "delta": 0.002569}}
{"target": 0.6582638281944831, "params": {"p1": -1.5578816445608137, "p2": 2.406227875916897, "p3": 374.385172589052}, "datetime": {"datetime": "2023-11-14 17:14:02", "elapsed": 2.266245, "delta": 0.002497}}
{"target": 0.6869086410048195, "params": {"p1": -1.96847729155206, "p2": 1.7957631911339065, "p3": 425.806148338228}, "datetime": {"datetime": "2023-11-14 17:14:02", "elapsed": 2.268771, "delta": 0.002526}}
{"target": 0.688861696423706, "params": {"p1": -2.1972048141268985, "p2": 1.7363557260406761, "p3": 317.2244765889128}, "datetime": {"datetime": "2023-11-14 17:14:02", "elapsed": 2.27131, "delta": 0.002539}}
{"target": 0.6911402610790737, "params": {"p1": -1.7614044012429717, "p2": 1.8813113051363057, "p3": 226.88409718737364}, "datetime": {"datetime": "2023-11-14 17:14:02", "elapsed": 2.273864, "delta": 0.002554}}
{"target": 0.7038351213018363, "params": {"p1": -2.2804064208833585, "p2": 2.01405228876935, "p3": 537.634404799696}, "datetime": {"datetime": "2023-11-14 17:14:02", "elapsed": 2.276378, "delta": 0.002514}}
{"target": 0.7080667413760906, "params": {"p1": -2.459935580002879, "p2": 1.9292612455890037, "p3": 483.1114910165681}, "datetime": {"datetime": "2023-11-14 17:14:02", "elapsed": 2.278901, "delta": 0.002523}}
{"target": 0.6823515116940841, "params": {"p1": -1.8949716991408097, "p2": 1.9290414268888645, "p3": 366.5048233035386}, "datetime": {"datetime": "2023-11-14 17:14:02", "elapsed": 2.281441, "delta": 0.00254}}
{"target": 0.6856066040588951, "params": {"p1": -1.5554497296358512, "p2": 1.677231963688202, "p3": 349.46477345398216}, "datetime": {"datetime": "2023-11-14 17:14:02", "elapsed": 2.284035, "delta": 0.002594}}
{"target": 0.6856066040588951, "params": {"p1": -1.9138486875616905, "p2": 2.0926577548584513, "p3": 381.8201063258982}, "datetime": {"datetime": "2023-11-14 17:14:02", "elapsed": 2.28654, "delta": 0.002505}}
{"target": 0.678445400856311, "params": {"p1": -1.6797701408104182, "p2": 1.6646297889176969, "p3": 507.6358440741449}, "datetime": {"datetime": "2023-11-14 17:14:02", "elapsed": 2.289038, "delta": 0.002498}}
{"target": 0.6891872056601871, "params": {"p1": -1.8095982664543433, "p2": 1.9642581272572972, "p3": 265.1615500564282}, "datetime": {"datetime": "2023-11-14 17:14:02", "elapsed": 2.291622, "delta": 0.002584}}
{"target": 0.6865831317683384, "params": {"p1": -1.8350046531061324, "p2": 1.9008552566609989, "p3": 185.23602143094226}, "datetime": {"datetime": "2023-11-14 17:14:02", "elapsed": 2.294181, "delta": 0.002559}}
{"target": 0.6849555855859328, "params": {"p1": -2.177180597210778, "p2": 2.4162506592194393, "p3": 383.16251224679354}, "datetime": {"datetime": "2023-11-14 17:14:02", "elapsed": 2.296749, "delta": 0.002568}}
{"target": 0.6862576225318573, "params": {"p1": -2.394781467805701, "p2": 1.9043311608603797, "p3": 151.9053999769519}, "datetime": {"datetime": "2023-11-14 17:14:02", "elapsed": 2.299291, "delta": 0.002542}}
{"target": 0.6953718811533279, "params": {"p1": -1.7123358088959417, "p2": 1.680224483123648, "p3": 176.3691734200586}, "datetime": {"datetime": "2023-11-14 17:14:02", "elapsed": 2.301903, "delta": 0.002612}}
{"target": 0.6800729470387165, "params": {"p1": -1.8421976014997228, "p2": 1.9667660038828187, "p3": 393.54428997887646}, "datetime": {"datetime": "2023-11-14 17:14:02", "elapsed": 2.30443, "delta": 0.002527}}
{"target": 0.6940698442074036, "params": {"p1": -2.320759547086063, "p2": 1.6539476761103493, "p3": 265.56542515141183}, "datetime": {"datetime": "2023-11-14 17:14:02", "elapsed": 2.306947, "delta": 0.002517}}
{"target": 0.6901637333696304, "params": {"p1": -1.9416420896916855, "p2": 1.6735010587667984, "p3": 547.4968531212795}, "datetime": {"datetime": "2023-11-14 17:14:02", "elapsed": 2.309459, "delta": 0.002512}}
{"target": 0.6872341502413005, "params": {"p1": -1.9365586872226865, "p2": 2.3865833050190997, "p3": 513.4665865019111}, "datetime": {"datetime": "2023-11-14 17:14:02", "elapsed": 2.312079, "delta": 0.00262}}
{"target": 0.6839790578764896, "params": {"p1": -1.568062304902269, "p2": 1.6073881453048307, "p3": 505.17234753844923}, "datetime": {"datetime": "2023-11-14 17:14:02", "elapsed": 2.368383, "delta": 0.056304}}
{"target": 0.6745392900185379, "params": {"p1": -1.5700236712770077, "p2": 2.029704484183254, "p3": 278.825679809845}, "datetime": {"datetime": "2023-11-14 17:14:02", "elapsed": 2.371589, "delta": 0.003206}}
{"target": 0.6885361871872249, "params": {"p1": -2.1632614991347516, "p2": 2.2546595987540243, "p3": 419.1524239671824}, "datetime": {"datetime": "2023-11-14 17:14:02", "elapsed": 2.374237, "delta": 0.002648}}
{"target": 0.6592403559039264, "params": {"p1": -1.5468261514743857, "p2": 1.8398777203853962, "p3": 512.6729894920422}, "datetime": {"datetime": "2023-11-14 17:14:02", "elapsed": 2.376862, "delta": 0.002625}}
{"target": 0.6768178546739055, "params": {"p1": -1.9352879393753937, "p2": 1.8126631248187708, "p3": 295.98167965080114}, "datetime": {"datetime": "2023-11-14 17:14:02", "elapsed": 2.379497, "delta": 0.002635}}
{"target": 0.6927678072614791, "params": {"p1": -1.5943616215110725, "p2": 1.915271046630068, "p3": 124.6256532693821}, "datetime": {"datetime": "2023-11-14 17:14:02", "elapsed": 2.382128, "delta": 0.002631}}
{"target": 0.6693311422348404, "params": {"p1": -1.5658905354454644, "p2": 1.922516954731928, "p3": 372.6839060253734}, "datetime": {"datetime": "2023-11-14 17:14:02", "elapsed": 2.38471, "delta": 0.002582}}
{"target": 0.7031841028288741, "params": {"p1": -2.4431474071386017, "p2": 1.9342467717506042, "p3": 461.190967252438}, "datetime": {"datetime": "2023-11-14 17:14:02", "elapsed": 2.387287, "delta": 0.002577}}
{"target": 0.6865831317683384, "params": {"p1": -2.106467482700764, "p2": 2.320836676139634, "p3": 506.3563748874498}, "datetime": {"datetime": "2023-11-14 17:14:02", "elapsed": 2.389916, "delta": 0.002629}}
{"target": 0.6768178546739055, "params": {"p1": -2.4757722077266857, "p2": 2.385190774101152, "p3": 233.49535407045292}, "datetime": {"datetime": "2023-11-14 17:14:02", "elapsed": 2.392557, "delta": 0.002641}}
{"target": 0.6843045671129707, "params": {"p1": -1.813189239190067, "p2": 1.9011102475948, "p3": 409.1693052664994}, "datetime": {"datetime": "2023-11-14 17:14:02", "elapsed": 2.395135, "delta": 0.002578}}
{"target": 0.6943953534438847, "params": {"p1": -1.8188481324170584, "p2": 1.8593100719107087, "p3": 145.215795743315}, "datetime": {"datetime": "2023-11-14 17:14:02", "elapsed": 2.397675, "delta": 0.00254}}
{"target": 0.6891872056601871, "params": {"p1": -2.1105198899306465, "p2": 1.8632580892787716, "p3": 112.12481584260387}, "datetime": {"datetime": "2023-11-14 17:14:02", "elapsed": 2.400263, "delta": 0.002588}}
{"target": 0.6895127148966682, "params": {"p1": -1.9341618457292111, "p2": 1.6066289904683573, "p3": 367.2623822536113}, "datetime": {"datetime": "2023-11-14 17:14:02", "elapsed": 2.402834, "delta": 0.002571}}
{"target": 0.6712841976537269, "params": {"p1": -2.215143696456428, "p2": 2.4994545443534726, "p3": 284.4667832259066}, "datetime": {"datetime": "2023-11-14 17:14:02", "elapsed": 2.405419, "delta": 0.002585}}
{"target": 0.6878851687142628, "params": {"p1": -2.4906485591476493, "p2": 1.5235652877285522, "p3": 297.50148761993796}, "datetime": {"datetime": "2023-11-14 17:14:02", "elapsed": 2.407944, "delta": 0.002525}}
{"target": 0.6686801237618781, "params": {"p1": -2.012564038725483, "p2": 2.2783810456776523, "p3": 305.79467491520097}, "datetime": {"datetime": "2023-11-14 17:14:02", "elapsed": 2.41056, "delta": 0.002616}}
{"target": 0.6758413269644623, "params": {"p1": -1.5509219973106902, "p2": 1.8386023414337298, "p3": 404.52590671670396}, "datetime": {"datetime": "2023-11-14 17:14:02", "elapsed": 2.413127, "delta": 0.002567}}
{"target": 0.6722607253631703, "params": {"p1": -1.6824452953367968, "p2": 2.1704503837535816, "p3": 191.69608675343144}, "datetime": {"datetime": "2023-11-14 17:14:02", "elapsed": 2.415747, "delta": 0.00262}}
{"target": 0.6943953534438847, "params": {"p1": -2.187144858384306, "p2": 1.9658360346425519, "p3": 310.94575057903774}, "datetime": {"datetime": "2023-11-14 17:14:02", "elapsed": 2.418364, "delta": 0.002617}}
{"target": 0.6996035012275821, "params": {"p1": -2.4229740253020426, "p2": 1.597000679270232, "p3": 353.7015355713535}, "datetime": {"datetime": "2023-11-14 17:14:02", "elapsed": 2.420953, "delta": 0.002589}}
{"target": 0.6908147518425926, "params": {"p1": -2.2031271500323255, "p2": 1.6840505614952912, "p3": 389.23352214401814}, "datetime": {"datetime": "2023-11-14 17:14:02", "elapsed": 2.423647, "delta": 0.002694}}
{"target": 0.692442298024998, "params": {"p1": -1.9890409211853473, "p2": 1.5700306551961285, "p3": 327.3750757126635}, "datetime": {"datetime": "2023-11-14 17:14:02", "elapsed": 2.42627, "delta": 0.002623}}
{"target": 0.65435771735671, "params": {"p1": -2.153493774018543, "p2": 2.499719506358468, "p3": 105.26258009873774}, "datetime": {"datetime": "2023-11-14 17:14:02", "elapsed": 2.428824, "delta": 0.002554}}
{"target": 0.692442298024998, "params": {"p1": -2.1860323978473177, "p2": 1.8320056292786426, "p3": 232.89217306153685}, "datetime": {"datetime": "2023-11-14 17:14:02", "elapsed": 2.431447, "delta": 0.002623}}
{"target": 0.6823515116940841, "params": {"p1": -1.705258233673197, "p2": 1.9514321238206327, "p3": 274.3091859355975}, "datetime": {"datetime": "2023-11-14 17:14:02", "elapsed": 2.434064, "delta": 0.002617}}
{"target": 0.674864799255019, "params": {"p1": -2.215534284214967, "p2": 2.2608851468603013, "p3": 107.3992762773075}, "datetime": {"datetime": "2023-11-14 17:14:02", "elapsed": 2.436682, "delta": 0.002618}}
{"target": 0.6810494747481597, "params": {"p1": -1.906102943298289, "p2": 2.3875890534840396, "p3": 482.2390578490303}, "datetime": {"datetime": "2023-11-14 17:14:02", "elapsed": 2.439276, "delta": 0.002594}}
{"target": 0.6865831317683384, "params": {"p1": -1.9662155513123998, "p2": 1.5219873577736727, "p3": 249.4864693329123}, "datetime": {"datetime": "2023-11-14 17:14:02", "elapsed": 2.441885, "delta": 0.002609}}
{"target": 0.6787709100927921, "params": {"p1": -1.7059174724417994, "p2": 1.6895302856402175, "p3": 481.7981606026445}, "datetime": {"datetime": "2023-11-14 17:14:02", "elapsed": 2.444479, "delta": 0.002594}}
{"target": 0.6813749839846408, "params": {"p1": -1.946597518771346, "p2": 1.9620043671422311, "p3": 290.2470024556639}, "datetime": {"datetime": "2023-11-14 17:14:02", "elapsed": 2.447054, "delta": 0.002575}}
{"target": 0.6836535486400085, "params": {"p1": -1.945097188119629, "p2": 2.1362145561353794, "p3": 538.1916345819925}, "datetime": {"datetime": "2023-11-14 17:14:02", "elapsed": 2.44965, "delta": 0.002596}}
{"target": 0.6813749839846408, "params": {"p1": -1.9888902478441954, "p2": 2.401324945751556, "p3": 430.93827148756804}, "datetime": {"datetime": "2023-11-14 17:14:02", "elapsed": 2.452268, "delta": 0.002618}}
{"target": 0.6722607253631703, "params": {"p1": -2.438788488658852, "p2": 2.4287486118515944, "p3": 227.26641581488389}, "datetime": {"datetime": "2023-11-14 17:14:02", "elapsed": 2.454855, "delta": 0.002587}}
{"target": 0.7070902136666473, "params": {"p1": -2.4601906497147366, "p2": 1.8942474682371098, "p3": 499.3160627843595}, "datetime": {"datetime": "2023-11-14 17:14:02", "elapsed": 2.457481, "delta": 0.002626}}
{"target": 0.6667270683429916, "params": {"p1": -1.5672925787747722, "p2": 2.2017182666686543, "p3": 287.82463551074727}, "datetime": {"datetime": "2023-11-14 17:14:02", "elapsed": 2.460122, "delta": 0.002641}}
{"target": 0.6777943823833488, "params": {"p1": -1.7175315669831979, "p2": 1.8690921405147878, "p3": 509.5182824608068}, "datetime": {"datetime": "2023-11-14 17:14:02", "elapsed": 2.462813, "delta": 0.002691}}
{"target": 0.6803984562751976, "params": {"p1": -2.2234590288956277, "p2": 2.1995917044135727, "p3": 239.64206838605907}, "datetime": {"datetime": "2023-11-14 17:14:02", "elapsed": 2.465388, "delta": 0.002575}}
{"target": 0.6911402610790737, "params": {"p1": -1.9039287891812253, "p2": 1.7421854084125623, "p3": 454.8880441068817}, "datetime": {"datetime": "2023-11-14 17:14:02", "elapsed": 2.467956, "delta": 0.002568}}
{"target": 0.688861696423706, "params": {"p1": -2.0388493477442373, "p2": 2.0318729040464625, "p3": 446.930478124806}, "datetime": {"datetime": "2023-11-14 17:14:02", "elapsed": 2.470524, "delta": 0.002568}}
