{"target": 0.6911402610790737, "params": {"p1": -2.023130582938213, "p2": 1.6559661822775644, "p3": 291.55462913980597}, "datetime": {"datetime": "2023-11-14 17:14:00", "elapsed": 0.215542, "delta": 0.001233}}
{"target": 0.671609706890208, "params": {"p1": -1.9327222988182315, "p2": 2.401288010943774, "p3": 197.32957537734006}, "datetime": {"datetime": "2023-11-14 17:14:00", "elapsed": 0.216786, "delta": 0.001244}}
{"target": 0.6777943823833488, "params": {"p1": -1.9960592082267978, "p2": 2.08791096319421, "p3": 282.93466265715927}, "datetime": {"datetime": "2023-11-14 17:14:00", "elapsed": 0.217954, "delta": 0.001168}}
{"target": 0.6891872056601871, "params": {"p1": -2.1049156361775387, "p2": 1.8055174639540672, "p3": 365.33488615750497}, "datetime": {"datetime": "2023-11-14 17:14:00", "elapsed": 0.219104, "delta": 0.00115}}
{"target": 0.6999290104640632, "params": {"p1": -2.3619594712729746, "p2": 1.5427328943326506, "p3": 446.038330976784}, "datetime": {"datetime": "2023-11-14 17:14:00", "elapsed": 0.220242, "delta": 0.001138}}
{"target": 0.6729117438361324, "params": {"p1": -1.6141637070875738, "p2": 2.2325023591606423, "p3": 313.71332227606706}, "datetime": {"datetime": "2023-11-14 17:14:00", "elapsed": 0.221392, "delta": 0.00115}}
{"target": 0.6843045671129707, "params": {"p1": -2.4926903165087575, "p2": 1.8379196288060808, "p3": 184.02454925102796}, "datetime": {"datetime": "2023-11-14 17:14:00", "elapsed": 0.22258, "delta": 0.001188}}
{"target": 0.6677035960524349, "params": {"p1": -2.493296848667109, "p2": 2.143028527212717, "p3": 113.43979365345346}, "datetime": {"datetime": "2023-11-14 17:14:00", "elapsed": 0.223718, "delta": 0.001138}}
{"target": 0.6797474378022353, "params": {"p1": -1.88831841036593, "p2": 1.6265155204052553, "p3": 293.3098225193602}, "datetime": {"datetime": "2023-11-14 17:14:00", "elapsed": 0.22486, "delta": 0.001142}}
{"target": 0.6950463719168468, "params": {"p1": -1.5993742034533458, "p2": 1.680687160813045, "p3": 231.75225709315345}, "datetime": {"datetime": "2023-11-14 17:14:00", "elapsed": 0.226102, "delta": 0.001242}}
{"target": 0.6696566514713214, "params": {"p1": -1.8589089508521188, "p2": 2.3935323137243776, "p3": 209.12738215626692}, "datetime": {"datetime": "2023-11-14 17:14:00", "elapsed": 0.227292, "delta": 0.00119}}
{"target": 0.6787709100927921, "params": {"p1": -1.8785874936231375, "p2": 2.239584088774392, "p3": 241.07137169497508}, "datetime": {"datetime": "2023-11-14 17:14:00", "elapsed": 0.22844, "delta": 0.001148}}
{"target": 0.6914657703155548, "params": {"p1": -2.2082450663634976, "p2": 1.7050215098336952, "p3": 465.5549607917182}, "datetime": {"datetime": "2023-11-14 17:14:00", "elapsed": 0.229603, "delta": 0.001163}}
{"target": 0.6950463719168468, "params": {"p1": -2.434684623480002, "p2": 1.504191703529428, "p3": 301.3574201275723}, "datetime": {"datetime": "2023-11-14 17:14:00", "elapsed": 0.230751, "delta": 0.001148}}
{"target": 0.6686801237618781, "params": {"p1": -1.6980310023238847, "p2": 2.1462544580003033, "p3": 369.49323451234727}, "datetime": {"datetime": "2023-11-14 17:14:00", "elapsed": 0.231957, "delta": 0.001206}}
{"target": 0.6807239655116786, "params": {"p1": -1.635014488102347, "p2": 2.0991774890685546, "p3": 108.59863367001797}, "datetime": {"datetime": "2023-11-14 17:14:00", "elapsed": 0.233114, "delta": 0.001157}}
{"target": 0.6790964193292732, "params": {"p1": -1.7447094798286198, "p2": 1.7807234390508557, "p3": 520.7732892181548}, "datetime": {"datetime": "2023-11-14 17:14:00", "elapsed": 0.234266, "delta": 0.001152}}
{"target": 0.6712841976537269, "params": {"p1": -2.014312064745624, "p2": 2.3314044743710984, "p3": 402.87969005449287}, "datetime": {"datetime": "2023-11-14 17:14:00", "elapsed": 0.23547, "delta": 0.001204}}
{"target": 0.6810494747481597, "params": {"p1": -2.2385218495532673, "p2": 2.120535401386033, "p3": 245.19885974265034}, "datetime": {"datetime": "2023-11-14 17:14:00", "elapsed": 0.236662, "delta": 0.001192}}
{"target": 0.678445400856311, "params": {"p1": -2.1057287473383797, "p2": 2.132110202572883, "p3": 110.71407656260855}, "datetime": {"datetime": "2023-11-14 17:14:00", "elapsed": 0.23783, "delta": 0.001168}}
{"target": 0.688861696423706, "params": {"p1": -2.006497890959634, "p2": 1.6361634894787458, "p3": 492.30924539103637}, "datetime": {"datetime": "2023-11-14 17:14:00", "elapsed": 0.238995, "delta": 0.001165}}
{"target": 0.7057881767207229, "params": {"p1": -2.3870935158029933, "p2": 2.312786721427254, "p3": 468.6364994827571}, "datetime": {"datetime": "2023-11-14 17:14:00", "elapsed": 0.240164, "delta": 0.001169}}
{"target": 0.6996035012275821, "params": {"p1": -2.180504191394915, "p2": 2.2978411685986018, "p3": 542.4955583748954}, "datetime": {"datetime": "2023-11-14 17:14:00", "elapsed": 0.241331, "delta": 0.001167}}
{"target": 0.6862576225318573, "params": {"p1": -1.6527634240358884, "p2": 1.8926482770054298, "p3": 246.70967733504474}, "datetime": {"datetime": "2023-11-14 17:14:00", "elapsed": 0.242537, "delta": 0.001206}}
{"target": 0.6657505406335483, "params": {"p1": -1.6797173199964073, "p2": 2.4052927079274555, "p3": 180.42297021352795}, "datetime": {"datetime": "2023-11-14 17:14:00", "elapsed": 0.243723, "delta": 0.001186}}
{"target": 0.6813749839846408, "params": {"p1": -1.7063364063988935, "p2": 2.192897310838845, "p3": 289.5143009958556}, "datetime": {"datetime": "2023-11-14 17:14:00", "elapsed": 0.244912, "delta": 0.001189}}
{"target": 0.6738882715455756, "params": {"p1": -1.600578229876875, "p2": 2.177313544038535, "p3": 353.7111071029608}, "datetime": {"datetime": "2023-11-14 17:14:00", "elapsed": 0.246096, "delta": 0.001184}}
{"target": 0.6999290104640632, "params": {"p1": -2.1423839026945277, "p2": 1.9994837276646533, "p3": 508.5486840105367}, "datetime": {"datetime": "2023-11-14 17:14:00", "elapsed": 0.247266, "delta": 0.00117}}
{"target": 0.6768178546739055, "params": {"p1": -1.8700533770067027, "p2": 2.2281403405788716, "p3": 403.27518362617025}, "datetime": {"datetime": "2023-11-14 17:14:00", "elapsed": 0.248479, "delta": 0.001213}}
{"target": 0.6921167887885169, "params": {"p1": -2.0272528332960436, "p2": 2.1534214867424804, "p3": 548.8919414870696}, "datetime": {"datetime": "2023-11-14 17:14:00", "elapsed": 0.249685, "delta": 0.001206}}
{"target": 0.6937443349709225, "params": {"p1": -2.198109409333673, "p2": 1.6521927598583324, "p3": 129.73867519431712}, "datetime": {"datetime": "2023-11-14 17:14:00", "elapsed": 0.250879, "delta": 0.001194}}
{"target": 0.688861696423706, "params": {"p1": -1.847933540184586, "p2": 1.6764533932547505, "p3": 548.9780465508736}, "datetime": {"datetime": "2023-11-14 17:14:00", "elapsed": 0.252102, "delta": 0.001223}}
{"target": 0.6921167887885169, "params": {"p1": -2.311240912706821, "p2": 2.1796770576781035, "p3": 386.25488963220175}, "datetime": {"datetime": "2023-11-14 17:14:00", "elapsed": 0.253298, "delta": 0.001196}}
{"target": 0.6605423928498508, "params": {"p1": -1.5355055483151796, "p2": 2.40333238320588, "p3": 495.3097571345071}, "datetime": {"datetime": "2023-11-14 17:14:00", "elapsed": 0.254466, "delta": 0.001168}}
{"target": 0.6830025301670464, "params": {"p1": -2.136213500102592, "p2": 2.101336202223919, "p3": 123.9583718607076}, "datetime": {"datetime": "2023-11-14 17:14:00", "elapsed": 0.255657, "delta": 0.001191}}
{"target": 0.6963484088627712, "params": {"p1": -2.345567891027343, "p2": 2.4669374412277003, "p3": 397.9930129267575}, "datetime": {"datetime": "2023-11-14 17:14:00", "elapsed": 0.256836, "delta": 0.001179}}
{"target": 0.6813749839846408, "params": {"p1": -2.0125185651391164, "p2": 2.191467236090052, "p3": 360.2241683989085}, "datetime": {"datetime": "2023-11-14 17:14:00", "elapsed": 0.258031, "delta": 0.001195}}
{"target": 0.6917912795520358, "params": {"p1": -2.089425896075648, "p2": 1.6379543000839898, "p3": 261.0078868291706}, "datetime": {"datetime": "2023-11-14 17:14:00", "elapsed": 0.259245, "delta": 0.001214}}
{"target": 0.6768178546739055, "params": {"p1": -1.8965101994574787, "p2": 2.221242751276659, "p3": 259.04006832240896}, "datetime": {"datetime": "2023-11-14 17:14:00", "elapsed": 0.260443, "delta": 0.001198}}
{"target": 0.7096942875584961, "params": {"p1": -2.4268643619151407, "p2": 2.1959936698293507, "p3": 522.8682810615163}, "datetime": {"datetime": "2023-11-14 17:14:00", "elapsed": 0.261676, "delta": 0.001233}}
{"target": 0.6647740129241051, "params": {"p1": -1.6243492406135394, "p2": 2.342102596196458, "p3": 413.65745273152646}, "datetime": {"datetime": "2023-11-14 17:14:00", "elapsed": 0.262862, "delta": 0.001186}}
{"target": 0.6761668362009433, "params": {"p1": -2.0535426446894727, "p2": 2.4825249985100792, "p3": 325.98943594093}, "datetime": {"datetime": "2023-11-14 17:14:00", "elapsed": 0.264045, "delta": 0.001183}}
{"target": 0.657938318958002, "params": {"p1": -1.5766129719121436, "p2": 2.1783794813416737, "p3": 520.8685101670831}, "datetime": {"datetime": "2023-11-14 17:14:00", "elapsed": 0.265229, "delta": 0.001184}}
{"target": 0.7145769261057124, "params": {"p1": -2.429866034737135, "p2": 2.4768376985177607, "p3": 463.70811293813324}, "datetime": {"datetime": "2023-11-14 17:14:00", "elapsed": 0.266418, "delta": 0.001189}}
{"target": 0.7048116490112797, "params": {"p1": -2.3462110155325817, "p2": 2.4279351180074276, "p3": 445.62752993353234}, "datetime": {"datetime": "2023-11-14 17:14:00", "elapsed": 0.267606, "delta": 0.001188}}
{"target": 0.7214126200718154, "params": {"p1": -2.4957811019821436, "p2": 2.1991108500845344, "p3": 514.9617339844474}, "datetime": {"datetime": "2023-11-14 17:14:00", "elapsed": 0.268838, "delta": 0.001232}}
{"target": 0.692442298024998, "params": {"p1": -1.9515584179410341, "p2": 1.5974299044016362, "p3": 273.0714012377691}, "datetime": {"datetime": "2023-11-14 17:14:00", "elapsed": 0.270063, "delta": 0.001225}}
{"target": 0.7041606305383175, "params": {"p1": -2.4876536173732604, "p2": 1.9885004768140897, "p3": 447.6100307272826}, "datetime": {"datetime": "2023-11-14 17:14:00", "elapsed": 0.271281, "delta": 0.001218}}
{"target": 0.6891872056601871, "params": {"p1": -1.729347205724852, "p2": 1.5284486461761178, "p3": 317.58781752202685}, "datetime": {"datetime": "2023-11-14 17:14:00", "elapsed": 0.27254, "delta": 0.001259}}
{"target": 0.6807239655116786, "params": {"p1": -2.1480138643013653, "p2": 2.303375086365849, "p3": 320.27100113726635}, "datetime": {"datetime": "2023-11-14 17:14:00", "elapsed": 0.273743, "delta": 0.001203}}
{"target": 0.6764923454374244, "params": {"p1": -2.1837830467370862, "p2": 2.1874518500862754, "p3": 110.10475707179656}, "datetime": {"datetime": "2023-11-14 17:14:00", "elapsed": 0.274951, "delta": 0.001208}}
{"target": 0.6937443349709225, "params": {"p1": -2.1963148756141937, "p2": 1.9169769697380534, "p3": 489.09630674766044}, "datetime": {"datetime": "2023-11-14 17:14:00", "elapsed": 0.276159, "delta": 0.001208}}
{"target": 0.6550087358296721, "params": {"p1": -1.5609407748042126, "p2": 2.2940764250544152, "p3": 439.53418372194346}, "datetime": {"datetime": "2023-11-14 17:14:00", "elapsed": 0.277355, "delta": 0.001196}}
{"target": 0.7113218337409015, "params": {"p1": -2.4628345098598694, "p2": 2.0895819186100306, "p3": 470.57946586681146}, "datetime": {"datetime": "2023-11-14 17:14:00", "elapsed": 0.278564, "delta": 0.001209}}
{"target": 0.7080667413760906, "params": {"p1": -2.411338277380722, "p2": 1.8379789925996435, "p3": 518.5065927283499}, "datetime": {"datetime": "2023-11-14 17:14:00", "elapsed": 0.279773, "delta": 0.001209}}
{"target": 0.6670525775794727, "params": {"p1": -1.6784438873821421, "p2": 2.4347139230582515, "p3": 113.2067411161401}, "datetime": {"datetime": "2023-11-14 17:14:00", "elapsed": 0.280994, "delta": 0.001221}}
{"target": 0.6917912795520358, "params": {"p1": -2.2933147688843865, "p2": 2.1613214505164473, "p3": 390.65854504486185}, "datetime": {"datetime": "2023-11-14 17:14:00", "elapsed": 0.282289, "delta": 0.001295}}
{"target": 0.7012310474099877, "params": {"p1": -2.4083237017992407, "p2": 2.0333559304342916, "p3": 440.1972754141358}, "datetime": {"datetime": "2023-11-14 17:14:00", "elapsed": 0.283531, "delta": 0.001242}}
{"target": 0.6862576225318573, "params": {"p1": -2.1538799342498587, "p2": 1.9816166489864928, "p3": 427.60191135165127}, "datetime": {"datetime": "2023-11-14 17:14:00", "elapsed": 0.284749, "delta": 0.001218}}
{"target": 0.685281094822414, "params": {"p1": -1.731003657743532, "p2": 1.5321115428275052, "p3": 422.68715771360525}, "datetime": {"datetime": "2023-11-14 17:14:00", "elapsed": 0.285987, "delta": 0.001238}}
{"target": 0.674864799255019, "params": {"p1": -1.5971386021589775, "p2": 1.7615945248949294, "p3": 420.77894613875407}, "datetime": {"datetime": "2023-11-14 17:14:00", "elapsed": 0.287183, "delta": 0.001196}}
{"target": 0.6764923454374244, "params": {"p1": -1.5049888143625016, "p2": 2.2266798984732596, "p3": 143.98061674087108}, "datetime": {"datetime": "2023-11-14 17:14:00", "elapsed": 0.288396, "delta": 0.001213}}
{"target": 0.6738882715455756, "params": {"p1": -2.4119581398039225, "p2": 2.354500607075904, "p3": 174.31153287369983}, "datetime": {"datetime": "2023-11-14 17:14:00", "elapsed": 0.289605, "delta": 0.001209}}
{"target": 0.6794219285657543, "params": {"p1": -1.5775196231774444, "p2": 1.80334473306075, "p3": 283.1264288680702}, "datetime": {"datetime": "2023-11-14 17:14:00", "elapsed": 0.290817, "delta": 0.001212}}
{"target": 0.6898382241331493, "params": {"p1": -2.228702401475338, "p2": 1.691558064952082, "p3": 363.97754209288945}, "datetime": {"datetime": "2023-11-14 17:14:00", "elapsed": 0.292094, "delta": 0.001277}}
{"target": 0.7054626674842419, "params": {"p1": -2.425348934109428, "p2": 1.6996154284033471, "p3": 404.4285143107518}, "datetime": {"datetime": "2023-11-14 17:14:00", "elapsed": 0.29331, "delta": 0.001216}}
{"target": 0.6934188257344414, "params": {"p1": -1.6047862087550415, "p2": 1.5732120677963932, "p3": 166.02788314201848}, "datetime": {"datetime": "2023-11-14 17:14:00", "elapsed": 0.294537, "delta": 0.001227}}
{"target": 0.6862576225318573, "params": {"p1": -2.2150819944870603, "p2": 1.7888664887364385, "p3": 317.6538906329048}, "datetime": {"datetime": "2023-11-14 17:14:00", "elapsed": 0.295764, "delta": 0.001227}}
{"target": 0.6768178546739055, "params": {"p1": -1.968357205168751, "p2": 2.480857974782003, "p3": 306.55511444449064}, "datetime": {"datetime": "2023-11-14 17:14:00", "elapsed": 0.296993, "delta": 0.001229}}
{"target": 0.6901637333696304, "params": {"p1": -2.0757172927915737, "p2": 1.9354211294384194, "p3": 192.3868356576547}, "datetime": {"datetime": "2023-11-14 17:14:00", "elapsed": 0.298203, "delta": 0.00121}}
{"target": 0.7005800289370254, "params": {"p1": -2.2869222703019063, "p2": 1.7995330593855678, "p3": 365.2220401876411}, "datetime": {"datetime": "2023-11-14 17:14:00", "elapsed": 0.299406, "delta": 0.001203}}
{"target": 0.6895127148966682, "params": {"p1": -2.1866235876784836, "p2": 1.899805569168791, "p3": 369.9539340484736}, "datetime": {"datetime": "2023-11-14 17:14:00", "elapsed": 0.30064, "delta": 0.001234}}
{"target": 0.6693311422348404, "params": {"p1": -2.360949589457033, "p2": 2.0791674786251075, "p3": 134.38856869303163}, "datetime": {"datetime": "2023-11-14 17:14:00", "elapsed": 0.301885, "delta": 0.001245}}
{"target": 0.6865831317683384, "params": {"p1": -2.3312933162519283, "p2": 2.034510743589277, "p3": 105.33612395300335}, "datetime": {"datetime": "2023-11-14 17:14:00", "elapsed": 0.303103, "delta": 0.001218}}
{"target": 0.6624954482687373, "params": {"p1": -1.5978418367272724, "p2": 2.4312699618484768, "p3": 475.21360051031166}, "datetime": {"datetime": "2023-11-14 17:14:00", "elapsed": 0.304353, "delta": 0.00125}}
{"target": 0.6999290104640632, "params": {"p1": -1.9359059786488384, "p2": 1.552216202334369, "p3": 530.3972166314064}, "datetime": {"datetime": "2023-11-14 17:14:00", "elapsed": 0.305599, "delta": 0.001246}}
{"target": 0.6986269735181388, "params": {"p1": -2.4044744680785866, "p2": 2.245977235609726, "p3": 296.21064055341833}, "datetime": {"datetime": "2023-11-14 17:14:00", "elapsed": 0.306828, "delta": 0.001229}}
{"target": 0.6865831317683384, "params": {"p1": -1.8478430451477532, "p2": 1.7191991985743753, "p3": 225.61908219500322}, "datetime": {"datetime": "2023-11-14 17:14:00", "elapsed": 0.308054, "delta": 0.001226}}
{"target": 0.6794219285657543, "params": {"p1": -2.463837125065676, "p2": 2.3011490298840025, "p3": 237.53017590651456}, "datetime": {"datetime": "2023-11-14 17:14:00", "elapsed": 0.309271, "delta": 0.001217}}
{"target": 0.6803984562751976, "params": {"p1": -1.6740584369186717, "p2": 1.9460033849873901, "p3": 351.02815400197824}, "datetime": {"datetime": "2023-11-14 17:14:00", "elapsed": 0.310502, "delta": 0.001231}}
{"target": 0.6774688731468677, "params": {"p1": -2.16185530324953, "p2": 2.2173945455320068, "p3": 218.40535398210926}, "datetime": {"datetime": "2023-11-14 17:14:00", "elapsed": 0.311775, "delta": 0.001273}}
{"target": 0.688861696423706, "params": {"p1": -2.0003994251385295, "p2": 1.5794006334534152, "p3": 402.9278613810727}, "datetime": {"datetime": "2023-11-14 17:14:00", "elapsed": 0.313019, "delta": 0.001244}}
{"target": 0.6830025301670464, "params": {"p1": -2.2526089745126647, "p2": 2.4652451176737853, "p3": 352.38837013567723}, "datetime": {"datetime": "2023-11-14 17:14:00", "elapsed": 0.314335, "delta": 0.001316}}
{"target": 0.6670525775794727, "params": {"p1": -1.7130064891375913, "p2": 2.373583306126866, "p3": 539.3938862333041}, "datetime": {"datetime": "2023-11-14 17:14:00", "elapsed": 0.315586, "delta": 0.001251}}
{"target": 0.6953718811533279, "params": {"p1": -2.0462701385221083, "p2": 1.907598451030963, "p3": 466.85650990023885}, "datetime": {"datetime": "2023-11-14 17:14:00", "elapsed": 0.316986, "delta": 0.0014}}
{"target": 0.6895127148966682, "params": {"p1": -2.195797280933978, "p2": 1.9217273391900211, "p3": 142.49822834271538}, "datetime": {"datetime": "2023-11-14 17:14:00", "elapsed": 0.318257, "delta": 0.001271}}
{"target": 0.6950463719168468, "params": {"p1": -1.8954679872552647, "p2": 1.5317206883101453, "p3": 229.39566414682452}, "datetime": {"datetime": "2023-11-14 17:14:00", "elapsed": 0.319545, "delta": 0.001288}}
{"target": 0.6859321132953762, "params": {"p1": -2.2168239548035267, "p2": 1.6397059064327322, "p3": 235.2603520580053}, "datetime": {"datetime": "2023-11-14 17:14:00", "elapsed": 0.320876, "delta": 0.001331}}
{"target": 0.668029105288916, "params": {"p1": -2.123802571255887, "p2": 2.375404042003812, "p3": 139.64570963204216}, "datetime": {"datetime": "2023-11-14 17:14:00", "elapsed": 0.322182, "delta": 0.001306}}
{"target": 0.7064391951936851, "params": {"p1": -2.492219048717774, "p2": 1.8850455603015133, "p3": 512.777087593269}, "datetime": {"datetime": "2023-11-14 17:14:00", "elapsed": 0.323425, "delta": 0.001243}}
{"target": 0.7149024353421936, "params": {"p1": -2.4908313754362315, "p2": 1.9312787984286364, "p3": 517.183875711977}, "datetime": {"datetime": "2023-11-14 17:14:00", "elapsed": 0.3247, "delta": 0.001275}}
{"target": 0.6904892426061116, "params": {"p1": -2.2307235570995263, "p2": 2.0380529408721495, "p3": 317.05187442889655}, "datetime": {"datetime": "2023-11-14 17:14:00", "elapsed": 0.325953, "delta": 0.001253}}
{"target": 0.6813749839846408, "params": {"p1": -1.5378762720174786, "p2": 1.7900830373681273, "p3": 374.0419242726275}, "datetime": {"datetime": "2023-11-14 17:14:00", "elapsed": 0.327212, "delta": 0.001259}}
{"target": 0.6735627623090945, "params": {"p1": -1.6567481085431002, "p2": 1.6772356996371194, "p3": 453.96246660698966}, "datetime": {"datetime": "2023-11-14 17:14:00", "elapsed": 0.328484, "delta": 0.001272}}
{"target": 0.6865831317683384, "params": {"p1": -2.030785824346716, "p2": 2.368022250980568, "p3": 431.83927179321}, "datetime": {"datetime": "2023-11-14 17:14:00", "elapsed": 0.329762, "delta": 0.001278}}
{"target": 0.671609706890208, "params": {"p1": -1.6333762273507646, "p2": 2.133017611876988, "p3": 217.8273032642504}, "datetime": {"datetime": "2023-11-14 17:14:00", "elapsed": 0.331033, "delta": 0.001271}}
{"target": 0.6966739180992523, "params": {"p1": -2.419074798286605, "p2": 1.9638904816286549, "p3": 364.22395332734965}, "datetime": {"datetime": "2023-11-14 17:14:00", "elapsed": 0.332335, "delta": 0.001302}}
{"target": 0.6729117438361324, "params": {"p1": -2.122173680344277, "p2": 2.4188881895477072, "p3": 299.79734341086214}, "datetime": {"datetime": "2023-11-14 17:14:00", "elapsed": 0.33362, "delta": 0.001285}}
{"target": 0.6849555855859328, "params": {"p1": -2.4145327288762006, "p2": 2.169861814812532, "p3": 193.06064944808264}, "datetime": {"datetime": "2023-11-14 17:14:00", "elapsed": 0.334905, "delta": 0.001285}}
{"target": 0.682026002457603, "params": {"p1": -2.1656316320849407, "p2": 1.929294249780176, "p3": 415.5756908129295}, "datetime": {"datetime": "2023-11-14 17:14:00", "elapsed": 0.336182, "delta": 0.001277}}
{"target": 0.6966739180992523, "params": {"p1": -2.157842241510995, "p2": 1.583236368054672, "p3": 545.908878524288}, "datetime": {"datetime": "2023-11-14 17:14:00", "elapsed": 0.337447, "delta": 0.001265}}
{"target": 0.6654250313970672, "params": {"p1": -1.7201009391882125, "p2": 2.455965793309981, "p3": 197.48608847028436}, "datetime": {"datetime": "2023-11-14 17:14:00", "elapsed": 0.338722, "delta": 0.001275}}
{"target": 0.6826770209305653, "params": {"p1": -1.6867871373586707, "p2": 1.8968326679601322, "p3": 244.87878921951628}, "datetime": {"datetime": "2023-11-14 17:14:00", "elapsed": 0.340014, "delta": 0.001292}}
{"target": 0.6823515116940841, "params": {"p1": -2.4899089673321715, "p2": 2.377156904732649, "p3": 319.54112403135184}, "datetime": {"datetime": "2023-11-14 17:14:00", "elapsed": 0.341311, "delta": 0.001297}}
{"target": 0.6885361871872249, "params": {"p1": -1.8631920924898195, "p2": 1.7520071086613744, "p3": 103.11195778644885}, "datetime": {"datetime": "2023-11-14 17:14:00", "elapsed": 0.34263, "delta": 0.001319}}
