{"target": 0.6794219285657543, "params": {"p1": -1.7290579120104845, "p2": 1.9000027445058483, "p3": 488.32573771535715}, "datetime": {"datetime": "2023-11-14 17:14:00", "elapsed": 0.0, "delta": 0.0}}
{"target": 0.6722607253631703, "params": {"p1": -1.769121197376335, "p2": 2.3761601616141554, "p3": 500.8307026924119}, "datetime": {"datetime": "2023-11-14 17:14:00", "elapsed": 0.002703, "delta": 0.002703}}
{"target": 0.6836535486400085, "params": {"p1": -1.880385671784432, "p2": 1.816852538892419, "p3": 371.979703404144}, "datetime": {"datetime": "2023-11-14 17:14:00", "elapsed": 0.003702, "delta": 0.000999}}
{"target": 0.6758413269644623, "params": {"p1": -1.7844331691425195, "p2": 1.9363653250281043, "p3": 471.34016531641055}, "datetime": {"datetime": "2023-11-14 17:14:00", "elapsed": 0.004588, "delta": 0.000886}}
{"target": 0.6862576225318573, "params": {"p1": -1.8043593036927326, "p2": 1.9218214995388307, "p3": 191.7056045851648}, "datetime": {"datetime": "2023-11-14 17:14:00", "elapsed": 0.005461, "delta": 0.000873}}
{"target": 0.6732372530726134, "params": {"p1": -1.7750812397639852, "p2": 2.379617844111231, "p3": 486.3377257200995}, "datetime": {"datetime": "2023-11-14 17:14:00", "elapsed": 0.006304, "delta": 0.000843}}
{"target": 0.6930933164979602, "params": {"p1": -2.1146362564352024, "p2": 2.054168940030965, "p3": 453.19336777651574}, "datetime": {"datetime": "2023-11-14 17:14:00", "elapsed": 0.007174, "delta": 0.00087}}
{"target": 0.6927678072614791, "params": {"p1": -2.039758550815536, "p2": 2.3773238105137424, "p3": 426.9806184756638}, "datetime": {"datetime": "2023-11-14 17:14:00", "elapsed": 0.00803, "delta": 0.000856}}
{"target": 0.6869086410048195, "params": {"p1": -1.7754116651715228, "p2": 1.5924643089737316, "p3": 543.3744305975574}, "datetime": {"datetime": "2023-11-14 17:14:00", "elapsed": 0.008915, "delta": 0.000885}}
{"target": 0.6966739180992523, "params": {"p1": -1.7597779146394839, "p2": 1.9136431100075444, "p3": 117.87720732617309}, "datetime": {"datetime": "2023-11-14 17:14:00", "elapsed": 0.009784, "delta": 0.000869}}
{"target": 0.6755158177279812, "params": {"p1": -1.6761637199908752, "p2": 1.5300499078474716, "p3": 531.4187469532903}, "datetime": {"datetime": "2023-11-14 17:14:00", "elapsed": 0.010675, "delta": 0.000891}}
{"target": 0.6735627623090945, "params": {"p1": -2.119479172277856, "p2": 2.09513856487391, "p3": 111.86077156622153}, "datetime": {"datetime": "2023-11-14 17:14:00", "elapsed": 0.011545, "delta": 0.00087}}
{"target": 0.6553342450661532, "params": {"p1": -1.5401862930588859, "p2": 2.443927867291797, "p3": 236.1961951788379}, "datetime": {"datetime": "2023-11-14 17:14:00", "elapsed": 0.012411, "delta": 0.000866}}
{"target": 0.6722607253631703, "params": {"p1": -2.2757545446257654, "p2": 2.18615401142487, "p3": 100.88198435416025}, "datetime": {"datetime": "2023-11-14 17:14:00", "elapsed": 0.013282, "delta": 0.000871}}
{"target": 0.6843045671129707, "params": {"p1": -1.931940530950813, "p2": 2.0374482227177166, "p3": 309.0302505318944}, "datetime": {"datetime": "2023-11-14 17:14:00", "elapsed": 0.014153, "delta": 0.000871}}
{"target": 0.6768178546739055, "params": {"p1": -2.0177695254353587, "p2": 2.1120989692533265, "p3": 194.56358016310094}, "datetime": {"datetime": "2023-11-14 17:14:00", "elapsed": 0.015019, "delta": 0.000866}}
{"target": 0.6755158177279812, "params": {"p1": -2.0142013499192033, "p2": 2.4604211556841955, "p3": 291.7247462536417}, "datetime": {"datetime": "2023-11-14 17:14:00", "elapsed": 0.015948, "delta": 0.000929}}
{"target": 0.7054626674842419, "params": {"p1": -2.393028191230449, "p2": 2.2996203719616815, "p3": 470.81821078690035}, "datetime": {"datetime": "2023-11-14 17:14:00", "elapsed": 0.016836, "delta": 0.000888}}
{"target": 0.6846300763494517, "params": {"p1": -1.9167497715405029, "p2": 1.7247036749488958, "p3": 425.0918629980892}, "datetime": {"datetime": "2023-11-14 17:14:00", "elapsed": 0.017719, "delta": 0.000883}}
{"target": 0.6937443349709225, "params": {"p1": -2.021185946375206, "p2": 1.7623703743015133, "p3": 354.068445495956}, "datetime": {"datetime": "2023-11-14 17:14:00", "elapsed": 0.018589, "delta": 0.00087}}
{"target": 0.6914657703155548, "params": {"p1": -2.335779462671988, "p2": 2.1587964008615237, "p3": 340.44447152395}, "datetime": {"datetime": "2023-11-14 17:14:00", "elapsed": 0.019474, "delta": 0.000885}}
{"target": 0.6908147518425926, "params": {"p1": -1.6795517716465707, "p2": 2.031981943975132, "p3": 194.01874093292872}, "datetime": {"datetime": "2023-11-14 17:14:00", "elapsed": 0.020383, "delta": 0.000909}}
{"target": 0.6634719759781806, "params": {"p1": -1.7328108762688812, "p2": 2.4084846482922235, "p3": 430.93102633875617}, "datetime": {"datetime": "2023-11-14 17:14:00", "elapsed": 0.021347, "delta": 0.000964}}
{"target": 0.6953718811533279, "params": {"p1": -1.7163331894935892, "p2": 1.8258672363079569, "p3": 134.35529968984275}, "datetime": {"datetime": "2023-11-14 17:14:00", "elapsed": 0.022237, "delta": 0.00089}}
{"target": 0.6875596594777816, "params": {"p1": -1.9489479352081243, "p2": 1.7711521695544454, "p3": 536.1734269532615}, "datetime": {"datetime": "2023-11-14 17:14:00", "elapsed": 0.023151, "delta": 0.000914}}
{"target": 0.6742137807820567, "params": {"p1": -1.7100049249826919, "p2": 1.8081178590773894, "p3": 548.597093476669}, "datetime": {"datetime": "2023-11-14 17:14:00", "elapsed": 0.02415, "delta": 0.000999}}
{"target": 0.6833280394035275, "params": {"p1": -1.6391048168015767, "p2": 2.121953125203851, "p3": 150.83267428901848}, "datetime": {"datetime": "2023-11-14 17:14:00", "elapsed": 0.025091, "delta": 0.000941}}
{"target": 0.671609706890208, "params": {"p1": -1.7210466968741789, "p2": 2.150338921869216, "p3": 521.3325328339813}, "datetime": {"datetime": "2023-11-14 17:14:00", "elapsed": 0.025995, "delta": 0.000904}}
{"target": 0.6986269735181388, "params": {"p1": -2.031924959394822, "p2": 1.5858369851644194, "p3": 357.76158665221266}, "datetime": {"datetime": "2023-11-14 17:14:00", "elapsed": 0.026877, "delta": 0.000882}}
{"target": 0.6768178546739055, "params": {"p1": -1.8073215704112606, "p2": 2.097433664371767, "p3": 229.03565890679295}, "datetime": {"datetime": "2023-11-14 17:14:00", "elapsed": 0.027773, "delta": 0.000896}}
{"target": 0.6768178546739055, "params": {"p1": -1.922897150674794, "p2": 2.0621734496836823, "p3": 416.7493751525184}, "datetime": {"datetime": "2023-11-14 17:14:00", "elapsed": 0.028667, "delta": 0.000894}}
{"target": 0.6878851687142628, "params": {"p1": -1.9742851127154388, "p2": 1.7032976185894704, "p3": 255.89503051052108}, "datetime": {"datetime": "2023-11-14 17:14:00", "elapsed": 0.029559, "delta": 0.000892}}
{"target": 0.664448503687624, "params": {"p1": -2.2506221538458884, "p2": 2.339888955327977, "p3": 234.6590541295386}, "datetime": {"datetime": "2023-11-14 17:14:00", "elapsed": 0.030438, "delta": 0.000879}}
{"target": 0.6807239655116786, "params": {"p1": -1.9499627222723466, "p2": 1.6884051139908116, "p3": 509.1942359803024}, "datetime": {"datetime": "2023-11-14 17:14:00", "elapsed": 0.031336, "delta": 0.000898}}
{"target": 0.6755158177279812, "params": {"p1": -2.2743624965630014, "p2": 2.1822672613585525, "p3": 152.50688712969716}, "datetime": {"datetime": "2023-11-14 17:14:00", "elapsed": 0.032235, "delta": 0.000899}}
{"target": 0.6569617912485588, "params": {"p1": -1.6063593897888202, "p2": 2.4368447629927013, "p3": 407.41743412644394}, "datetime": {"datetime": "2023-11-14 17:14:00", "elapsed": 0.033138, "delta": 0.000903}}
{"target": 0.6882106779507438, "params": {"p1": -2.229219818798963, "p2": 1.80810284825839, "p3": 254.37916978317296}, "datetime": {"datetime": "2023-11-14 17:14:00", "elapsed": 0.034048, "delta": 0.00091}}
{"target": 0.6654250313970672, "params": {"p1": -1.9435292737906282, "p2": 2.3633603084945496, "p3": 191.6582058696718}, "datetime": {"datetime": "2023-11-14 17:14:00", "elapsed": 0.034958, "delta": 0.00091}}
{"target": 0.6878851687142628, "params": {"p1": -1.946181836534147, "p2": 1.627681119209866, "p3": 230.24952356191244}, "datetime": {"datetime": "2023-11-14 17:14:00", "elapsed": 0.035923, "delta": 0.000965}}
{"target": 0.6670525775794727, "params": {"p1": -1.5709269376001873, "p2": 2.3629117282934424, "p3": 271.9519106094458}, "datetime": {"datetime": "2023-11-14 17:14:00", "elapsed": 0.036838, "delta": 0.000915}}
{"target": 0.6878851687142628, "params": {"p1": -1.846972505595778, "p2": 2.400896422346353, "p3": 538.027566887929}, "datetime": {"datetime": "2023-11-14 17:14:00", "elapsed": 0.037809, "delta": 0.000971}}
{"target": 0.6670525775794727, "params": {"p1": -1.5771405989754887, "p2": 1.8087556414951713, "p3": 457.248195119477}, "datetime": {"datetime": "2023-11-14 17:14:00", "elapsed": 0.038753, "delta": 0.000944}}
{"target": 0.6550087358296721, "params": {"p1": -1.6066028899962896, "p2": 2.412694103819099, "p3": 366.83347185380154}, "datetime": {"datetime": "2023-11-14 17:14:00", "elapsed": 0.039681, "delta": 0.000928}}
{"target": 0.6963484088627712, "params": {"p1": -2.078724859122086, "p2": 2.2755822215254518, "p3": 536.1866742068628}, "datetime": {"datetime": "2023-11-14 17:14:00", "elapsed": 0.040598, "delta": 0.000917}}
{"target": 0.7122983614503449, "params": {"p1": -2.4414600054224045, "p2": 2.04941810463172, "p3": 549.4041982794952}, "datetime": {"datetime": "2023-11-14 17:14:00", "elapsed": 0.0415, "delta": 0.000902}}
{"target": 0.6839790578764896, "params": {"p1": -2.0991751750128644, "p2": 1.6818847067546736, "p3": 493.3081771327309}, "datetime": {"datetime": "2023-11-14 17:14:00", "elapsed": 0.042407, "delta": 0.000907}}
{"target": 0.706113685957204, "params": {"p1": -2.4299616818342327, "p2": 1.83249348967564, "p3": 504.4311274317204}, "datetime": {"datetime": "2023-11-14 17:14:00", "elapsed": 0.043328, "delta": 0.000921}}
{"target": 0.692442298024998, "params": {"p1": -1.9168700453151186, "p2": 2.4623972369338363, "p3": 529.4361205821023}, "datetime": {"datetime": "2023-11-14 17:14:00", "elapsed": 0.044247, "delta": 0.000919}}
{"target": 0.6934188257344414, "params": {"p1": -1.8234229750625008, "p2": 1.5443097313109369, "p3": 201.96557688316113}, "datetime": {"datetime": "2023-11-14 17:14:00", "elapsed": 0.045184, "delta": 0.000937}}
{"target": 0.6790964193292732, "params": {"p1": -1.8326992195862943, "p2": 2.356045536540252, "p3": 499.04354656206266}, "datetime": {"datetime": "2023-11-14 17:14:00", "elapsed": 0.046099, "delta": 0.000915}}
{"target": 0.6976504458086956, "params": {"p1": -2.441658466551772, "p2": 2.4065480648285966, "p3": 358.62486822403685}, "datetime": {"datetime": "2023-11-14 17:14:00", "elapsed": 0.047026, "delta": 0.000927}}
{"target": 0.6859321132953762, "params": {"p1": -2.479160146066383, "p2": 2.324043866447795, "p3": 303.41610824008205}, "datetime": {"datetime": "2023-11-14 17:14:00", "elapsed": 0.047964, "delta": 0.000938}}
{"target": 0.6885361871872249, "params": {"p1": -2.0768025957617464, "p2": 2.3951041447046446, "p3": 393.1757910983072}, "datetime": {"datetime": "2023-11-14 17:14:00", "elapsed": 0.048921, "delta": 0.000957}}
{"target": 0.6745392900185379, "params": {"p1": -2.001644073215533, "p2": 2.4535289209306397, "p3": 294.9561707820087}, "datetime": {"datetime": "2023-11-14 17:14:00", "elapsed": 0.049852, "delta": 0.000931}}
{"target": 0.6875596594777816, "params": {"p1": -1.944896218226911, "p2": 1.937030688648109, "p3": 296.28416966956183}, "datetime": {"datetime": "2023-11-14 17:14:00", "elapsed": 0.0508, "delta": 0.000948}}
{"target": 0.6800729470387165, "params": {"p1": -2.2339272533216867, "p2": 2.2817678089323445, "p3": 284.0728548170147}, "datetime": {"datetime": "2023-11-14 17:14:00", "elapsed": 0.051767, "delta": 0.000967}}
{"target": 0.6794219285657543, "params": {"p1": -1.8103981192317407, "p2": 2.292846231787807, "p3": 337.1473990534515}, "datetime": {"datetime": "2023-11-14 17:14:00", "elapsed": 0.052698, "delta": 0.000931}}
{"target": 0.6719352161266892, "params": {"p1": -1.5235005262823849, "p2": 1.7454908806482963, "p3": 442.60047555684736}, "datetime": {"datetime": "2023-11-14 17:14:00", "elapsed": 0.053621, "delta": 0.000923}}
{"target": 0.6755158177279812, "params": {"p1": -1.5171942267864065, "p2": 2.0351194128917394, "p3": 260.86998283719737}, "datetime": {"datetime": "2023-11-14 17:14:00", "elapsed": 0.054563, "delta": 0.000942}}
{"target": 0.6904892426061116, "params": {"p1": -1.8391551387349065, "p2": 1.6233585102169443, "p3": 208.7537414132537}, "datetime": {"datetime": "2023-11-14 17:14:00", "elapsed": 0.055565, "delta": 0.001002}}
{"target": 0.6732372530726134, "params": {"p1": -1.8498731482990203, "p2": 2.4063572508589974, "p3": 392.43751730715593}, "datetime": {"datetime": "2023-11-14 17:14:00", "elapsed": 0.056493, "delta": 0.000928}}
{"target": 0.7184830369434856, "params": {"p1": -2.4711035882400076, "p2": 1.5806325021072665, "p3": 494.51107131852666}, "datetime": {"datetime": "2023-11-14 17:14:00", "elapsed": 0.057496, "delta": 0.001003}}
{"target": 0.6800729470387165, "params": {"p1": -1.9373599031249138, "p2": 2.086181052254015, "p3": 188.92260417408767}, "datetime": {"datetime": "2023-11-14 17:14:00", "elapsed": 0.058483, "delta": 0.000987}}
{"target": 0.6983014642816577, "params": {"p1": -2.2806938656342446, "p2": 1.661282603916816, "p3": 160.70287273993307}, "datetime": {"datetime": "2023-11-14 17:14:00", "elapsed": 0.059445, "delta": 0.000962}}
{"target": 0.6751903084915001, "params": {"p1": -1.5816442338390644, "p2": 2.2986522654733434, "p3": 252.82877907992443}, "datetime": {"datetime": "2023-11-14 17:14:00", "elapsed": 0.060396, "delta": 0.000951}}
{"target": 0.6996035012275821, "params": {"p1": -1.684003241924675, "p2": 1.5293493392014548, "p3": 227.48350874649037}, "datetime": {"datetime": "2023-11-14 17:14:00", "elapsed": 0.061355, "delta": 0.000959}}
{"target": 0.6764923454374244, "params": {"p1": -1.8520400328123179, "p2": 2.150362657153827, "p3": 257.7712642583555}, "datetime": {"datetime": "2023-11-14 17:14:00", "elapsed": 0.062299, "delta": 0.000944}}
{"target": 0.6898382241331493, "params": {"p1": -1.5149622107465168, "p2": 1.5811349520778573, "p3": 229.81226897015515}, "datetime": {"datetime": "2023-11-14 17:14:00", "elapsed": 0.063252, "delta": 0.000953}}
{"target": 0.6904892426061116, "params": {"p1": -1.9946070883249072, "p2": 2.0244315751539634, "p3": 332.75631624267305}, "datetime": {"datetime": "2023-11-14 17:14:00", "elapsed": 0.064207, "delta": 0.000955}}
{"target": 0.6836535486400085, "params": {"p1": -1.7875950201690283, "p2": 2.0931416455660052, "p3": 328.6554612557085}, "datetime": {"datetime": "2023-11-14 17:14:00", "elapsed": 0.065181, "delta": 0.000974}}
{"target": 0.6934188257344414, "params": {"p1": -2.192821771977484, "p2": 1.9371935476784117, "p3": 356.91931471120154}, "datetime": {"datetime": "2023-11-14 17:14:00", "elapsed": 0.066151, "delta": 0.00097}}
{"target": 0.6664015591065104, "params": {"p1": -2.151858029763786, "p2": 2.475865564636159, "p3": 120.80015675579052}, "datetime": {"datetime": "2023-11-14 17:14:00", "elapsed": 0.06712, "delta": 0.000969}}
{"target": 0.6826770209305653, "params": {"p1": -2.093784538236597, "p2": 1.643063015328537, "p3": 531.4175569349791}, "datetime": {"datetime": "2023-11-14 17:14:00", "elapsed": 0.068082, "delta": 0.000962}}
{"target": 0.6745392900185379, "params": {"p1": -1.7764593614989357, "p2": 2.1960588317036596, "p3": 449.0728027961556}, "datetime": {"datetime": "2023-11-14 17:14:00", "elapsed": 0.06904, "delta": 0.000958}}
{"target": 0.6859321132953762, "params": {"p1": -2.1006044868308007, "p2": 2.0070203723109996, "p3": 312.75473082210834}, "datetime": {"datetime": "2023-11-14 17:14:00", "elapsed": 0.069997, "delta": 0.000957}}
{"target": 0.6725862345996513, "params": {"p1": -1.5970491132375748, "p2": 1.6305192460947566, "p3": 360.1825454794924}, "datetime": {"datetime": "2023-11-14 17:14:00", "elapsed": 0.070965, "delta": 0.000968}}
{"target": 0.6803984562751976, "params": {"p1": -2.300102807818706, "p2": 1.5172785517367822, "p3": 141.7691014467149}, "datetime": {"datetime": "2023-11-14 17:14:00", "elapsed": 0.071934, "delta": 0.000969}}
{"target": 0.6885361871872249, "params": {"p1": -2.2467163567891983, "p2": 2.222019122532914, "p3": 350.45373303185056}, "datetime": {"datetime": "2023-11-14 17:14:00", "elapsed": 0.072906, "delta": 0.000972}}
{"target": 0.6712841976537269, "params": {"p1": -1.761886289431685, "p2": 2.3288864458349714, "p3": 331.8423083904663}, "datetime": {"datetime": "2023-11-14 17:14:00", "elapsed": 0.073888, "delta": 0.000982}}
{"target": 0.6800729470387165, "params": {"p1": -1.8223723751165364, "p2": 1.871552153975422, "p3": 200.5733875887055}, "datetime": {"datetime": "2023-11-14 17:14:00", "elapsed": 0.074872, "delta": 0.000984}}
{"target": 0.6693311422348404, "params": {"p1": -1.7858597162383583, "p2": 2.477174550490261, "p3": 485.61229215503477}, "datetime": {"datetime": "2023-11-14 17:14:00", "elapsed": 0.075893, "delta": 0.001021}}
{"target": 0.6677035960524349, "params": {"p1": -1.6602664802214604, "p2": 2.1824019264047707, "p3": 434.8920284224079}, "datetime": {"datetime": "2023-11-14 17:14:00", "elapsed": 0.076888, "delta": 0.000995}}
{"target": 0.6810494747481597, "params": {"p1": -1.9271103051791871, "p2": 1.9900051770251208, "p3": 436.6992823314992}, "datetime": {"datetime": "2023-11-14 17:14:00", "elapsed": 0.077856, "delta": 0.000968}}
{"target": 0.6947208626803657, "params": {"p1": -2.0910185093519673, "p2": 1.6204927714335802, "p3": 199.906974956566}, "datetime": {"datetime": "2023-11-14 17:14:00", "elapsed": 0.078833, "delta": 0.000977}}
{"target": 0.6872341502413005, "params": {"p1": -2.09790573546129, "p2": 2.0951506699592133, "p3": 340.13685449040656}, "datetime": {"datetime": "2023-11-14 17:14:00", "elapsed": 0.079815, "delta": 0.000982}}
{"target": 0.6813749839846408, "params": {"p1": -1.8285302261507828, "p2": 1.9913321176603411, "p3": 533.6110238147457}, "datetime": {"datetime": "2023-11-14 17:14:00", "elapsed": 0.08079, "delta": 0.000975}}
{"target": 0.6885361871872249, "params": {"p1": -1.9209802398034457, "p2": 2.0079012456151646, "p3": 227.3071461499173}, "datetime": {"datetime": "2023-11-14 17:14:00", "elapsed": 0.081796, "delta": 0.001006}}
{"target": 0.6947208626803657, "params": {"p1": -1.763050522310137, "p2": 1.7904612787619059, "p3": 120.54544864879887}, "datetime": {"datetime": "2023-11-14 17:14:00", "elapsed": 0.082783, "delta": 0.000987}}
{"target": 0.7103453060314582, "params": {"p1": -2.4345890128628946, "p2": 2.3028631585964914, "p3": 478.63062214709385}, "datetime": {"datetime": "2023-11-14 17:14:00", "elapsed": 0.083775, "delta": 0.000992}}
{"target": 0.6950463719168468, "params": {"p1": -1.7186054894633709, "p2": 1.8471662197522893, "p3": 145.91845886209543}, "datetime": {"datetime": "2023-11-14 17:14:00", "elapsed": 0.084788, "delta": 0.001013}}
{"target": 0.6976504458086956, "params": {"p1": -1.9945066470455688, "p2": 1.6649410799327935, "p3": 169.1018507016463}, "datetime": {"datetime": "2023-11-14 17:14:00", "elapsed": 0.085787, "delta": 0.000999}}
{"target": 0.6921167887885169, "params": {"p1": -1.6190312393404067, "p2": 1.5329013517981582, "p3": 301.9179388316775}, "datetime": {"datetime": "2023-11-14 17:14:00", "elapsed": 0.086778, "delta": 0.000991}}
{"target": 0.7002545197005443, "params": {"p1": -2.3318933157276276, "p2": 1.8592706731282769, "p3": 446.44571634357493}, "datetime": {"datetime": "2023-11-14 17:14:00", "elapsed": 0.08777, "delta": 0.000992}}
{"target": 0.6885361871872249, "params": {"p1": -1.816590505292713, "p2": 1.989126045555186, "p3": 258.4071879109098}, "datetime": {"datetime": "2023-11-14 17:14:00", "elapsed": 0.08877, "delta": 0.001}}
{"target": 0.660867902086332, "params": {"p1": -1.5547198664129198, "p2": 2.1775607733226487, "p3": 548.977631859435}, "datetime": {"datetime": "2023-11-14 17:14:00", "elapsed": 0.089763, "delta": 0.000993}}
{"target": 0.6696566514713214, "params": {"p1": -2.3002163255291648, "p2": 2.3390632657667516, "p3": 196.8156749127427}, "datetime": {"datetime": "2023-11-14 17:14:00", "elapsed": 0.090751, "delta": 0.000988}}
{"target": 0.6882106779507438, "params": {"p1": -2.079950281648709, "p2": 2.0015351926574683, "p3": 304.4971722154098}, "datetime": {"datetime": "2023-11-14 17:14:00", "elapsed": 0.091794, "delta": 0.001043}}
{"target": 0.6683546145253971, "params": {"p1": -1.519439264766006, "p2": 2.2086164707705596, "p3": 309.7642323118267}, "datetime": {"datetime": "2023-11-14 17:14:00", "elapsed": 0.09287, "delta": 0.001076}}
{"target": 0.6833280394035275, "params": {"p1": -2.2011746093120896, "p2": 2.309144120332225, "p3": 387.5289552706037}, "datetime": {"datetime": "2023-11-14 17:14:00", "elapsed": 0.093877, "delta": 0.001007}}
{"target": 0.6963484088627712, "params": {"p1": -1.982101588057939, "p2": 1.8509223298577293, "p3": 538.1429925564809}, "datetime": {"datetime": "2023-11-14 17:14:00", "elapsed": 0.094932, "delta": 0.001055}}
{"target": 0.6595658651404075, "params": {"p1": -2.485372932291404, "p2": 2.360432069605305, "p3": 127.60416110458316}, "datetime": {"datetime": "2023-11-14 17:14:00", "elapsed": 0.095979, "delta": 0.001047}}
{"target": 0.6706331791807647, "params": {"p1": -2.417757217521426, "p2": 2.20037440236449, "p3": 142.2785310903924}, "datetime": {"datetime": "2023-11-14 17:14:00", "elapsed": 0.097017, "delta": 0.001038}}
{"target": 0.6787709100927921, "params": {"p1": -1.5952404008319232, "p2": 1.885471054030858, "p3": 315.34737946320666}, "datetime": {"datetime": "2023-11-14 17:14:00", "elapsed": 0.098033, "delta": 0.001016}}
{"target": 0.692442298024998, "params": {"p1": -2.2337510702503103, "p2": 1.7864430577294992, "p3": 203.21256570121423}, "datetime": {"datetime": "2023-11-14 17:14:00", "elapsed": 0.099079, "delta": 0.001046}}
{"target": 0.6901637333696304, "params": {"p1": -2.2886762878614735, "p2": 1.9599022703000042, "p3": 219.97511563506214}, "datetime": {"datetime": "2023-11-14 17:14:00", "elapsed": 0.100106, "delta": 0.001027}}
