{"target": 0.6768178546739055, "params": {"p1": -2.3697967960312276, "p2": 2.4359232267081934, "p3": 313.75993801430366}, "datetime": {"datetime": "2023-11-14 17:14:04", "elapsed": 3.812495, "delta": 0.003278}}
{"target": 0.6787709100927921, "params": {"p1": -1.8831683923448947, "p2": 1.9581109249022948, "p3": 367.89223041725353}, "datetime": {"datetime": "2023-11-14 17:14:04", "elapsed": 3.815784, "delta": 0.003289}}
{"target": 0.7074157229031284, "params": {"p1": -2.4798844236341226, "p2": 1.9953163338294129, "p3": 369.40009750907393}, "datetime": {"datetime": "2023-11-14 17:14:04", "elapsed": 3.819069, "delta": 0.003285}}
{"target": 0.6937443349709225, "params": {"p1": -2.0204989153711437, "p2": 2.0039881068561254, "p3": 338.7121132585875}, "datetime": {"datetime": "2023-11-14 17:14:04", "elapsed": 3.822373, "delta": 0.003304}}
{"target": 0.6927678072614791, "params": {"p1": -2.2801155150438666, "p2": 1.5589746616723423, "p3": 373.98799014244395}, "datetime": {"datetime": "2023-11-14 17:14:04", "elapsed": 3.825575, "delta": 0.003202}}
{"target": 0.678445400856311, "params": {"p1": -2.368785372034542, "p2": 2.3148037229903085, "p3": 304.0681548493869}, "datetime": {"datetime": "2023-11-14 17:14:04", "elapsed": 3.828822, "delta": 0.003247}}
{"target": 0.6602168836133697, "params": {"p1": -1.831087825868579, "p2": 2.477645804534022, "p3": 170.1577767673756}, "datetime": {"datetime": "2023-11-14 17:14:04", "elapsed": 3.83207, "delta": 0.003248}}
{"target": 0.6865831317683384, "params": {"p1": -1.9858320407658716, "p2": 2.0886101758755973, "p3": 136.13745183520484}, "datetime": {"datetime": "2023-11-14 17:14:04", "elapsed": 3.835291, "delta": 0.003221}}
{"target": 0.6810494747481597, "params": {"p1": -1.81565784489664, "p2": 2.331380940067432, "p3": 378.33047676540787}, "datetime": {"datetime": "2023-11-14 17:14:04", "elapsed": 3.838538, "delta": 0.003247}}
{"target": 0.6862576225318573, "params": {"p1": -1.7055568533156586, "p2": 2.0535825771778082, "p3": 101.91480767355873}, "datetime": {"datetime": "2023-11-14 17:14:04", "elapsed": 3.841778, "delta": 0.00324}}
{"target": 0.6830025301670464, "params": {"p1": -2.14018330193588, "p2": 1.9877913209013873, "p3": 143.39640448520714}, "datetime": {"datetime": "2023-11-14 17:14:04", "elapsed": 3.845037, "delta": 0.003259}}
{"target": 0.6943953534438847, "params": {"p1": -1.641501689575609, "p2": 1.7573186969084724, "p3": 175.6672790091219}, "datetime": {"datetime": "2023-11-14 17:14:04", "elapsed": 3.848285, "delta": 0.003248}}
{"target": 0.6856066040588951, "params": {"p1": -1.634367087541783, "p2": 2.057196053100217, "p3": 136.92359711732138}, "datetime": {"datetime": "2023-11-14 17:14:04", "elapsed": 3.851529, "delta": 0.003244}}
{"target": 0.6803984562751976, "params": {"p1": -1.8591943619341262, "p2": 2.209705049348896, "p3": 272.465324493039}, "datetime": {"datetime": "2023-11-14 17:14:04", "elapsed": 3.854752, "delta": 0.003223}}
{"target": 0.688861696423706, "params": {"p1": -2.260249053883235, "p2": 1.7422693070049262, "p3": 338.37621381075365}, "datetime": {"datetime": "2023-11-14 17:14:04", "elapsed": 3.858054, "delta": 0.003302}}
{"target": 0.6650995221605861, "params": {"p1": -1.653271007817526, "p2": 2.386792457511114, "p3": 334.16664115827473}, "datetime": {"datetime": "2023-11-14 17:14:04", "elapsed": 3.861308, "delta": 0.003254}}
{"target": 0.6950463719168468, "params": {"p1": -2.1222252523152503, "p2": 1.90354141822194, "p3": 487.0555828361131}, "datetime": {"datetime": "2023-11-14 17:14:04", "elapsed": 3.864594, "delta": 0.003286}}
{"target": 0.69895248275462, "params": {"p1": -2.2434243585441904, "p2": 1.8060045349553602, "p3": 256.3263892057744}, "datetime": {"datetime": "2023-11-14 17:14:04", "elapsed": 3.867853, "delta": 0.003259}}
{"target": 0.6826770209305653, "params": {"p1": -1.5649181397456733, "p2": 2.0368762203053192, "p3": 176.7210812128473}, "datetime": {"datetime": "2023-11-14 17:14:04", "elapsed": 3.871143, "delta": 0.00329}}
{"target": 0.7048116490112797, "params": {"p1": -2.388591593503639, "p2": 1.6144208110253433, "p3": 471.59491238976153}, "datetime": {"datetime": "2023-11-14 17:14:04", "elapsed": 3.874413, "delta": 0.00327}}
{"target": 0.6660760498700293, "params": {"p1": -2.3772623696986863, "p2": 2.390271257554179, "p3": 155.2189266988649}, "datetime": {"datetime": "2023-11-14 17:14:04", "elapsed": 3.877674, "delta": 0.003261}}
{"target": 0.6787709100927921, "params": {"p1": -2.1318309452206146, "p2": 2.1947763254720396, "p3": 296.62569818096983}, "datetime": {"datetime": "2023-11-14 17:14:04", "elapsed": 3.880877, "delta": 0.003203}}
{"target": 0.6875596594777816, "params": {"p1": -1.6197199989560935, "p2": 1.5801957036649918, "p3": 255.45175683558043}, "datetime": {"datetime": "2023-11-14 17:14:04", "elapsed": 3.884154, "delta": 0.003277}}
{"target": 0.6703076699442836, "params": {"p1": -1.5686479905310353, "p2": 1.5769762564511494, "p3": 429.91890660377123}, "datetime": {"datetime": "2023-11-14 17:14:04", "elapsed": 3.887447, "delta": 0.003293}}
{"target": 0.6826770209305653, "params": {"p1": -1.96344183562783, "p2": 1.6922617107527915, "p3": 483.58557618506495}, "datetime": {"datetime": "2023-11-14 17:14:04", "elapsed": 3.890698, "delta": 0.003251}}
{"target": 0.6859321132953762, "params": {"p1": -2.4219836574518974, "p2": 1.7003525806676314, "p3": 218.73470082730606}, "datetime": {"datetime": "2023-11-14 17:14:04", "elapsed": 3.89396, "delta": 0.003262}}
{"target": 0.6898382241331493, "params": {"p1": -2.0648987590958034, "p2": 1.6393441166163933, "p3": 183.81729560654608}, "datetime": {"datetime": "2023-11-14 17:14:04", "elapsed": 3.897215, "delta": 0.003255}}
{"target": 0.6787709100927921, "params": {"p1": -2.1298666606070773, "p2": 2.4527615604893325, "p3": 315.4541638360974}, "datetime": {"datetime": "2023-11-14 17:14:04", "elapsed": 3.90055, "delta": 0.003335}}
{"target": 0.6862576225318573, "params": {"p1": -2.0018543665386335, "p2": 1.7276540243484795, "p3": 461.40555541304536}, "datetime": {"datetime": "2023-11-14 17:14:04", "elapsed": 3.903839, "delta": 0.003289}}
{"target": 0.7054626674842419, "params": {"p1": -2.429317988270328, "p2": 1.8566427602911624, "p3": 456.628053514478}, "datetime": {"datetime": "2023-11-14 17:14:04", "elapsed": 3.907049, "delta": 0.00321}}
{"target": 0.6823515116940841, "params": {"p1": -1.8454647283056718, "p2": 2.2750863976612283, "p3": 467.95461228118484}, "datetime": {"datetime": "2023-11-14 17:14:04", "elapsed": 3.91029, "delta": 0.003241}}
{"target": 0.6846300763494517, "params": {"p1": -2.0198930854877957, "p2": 1.6182153220605593, "p3": 483.7538582188169}, "datetime": {"datetime": "2023-11-14 17:14:04", "elapsed": 3.913558, "delta": 0.003268}}
{"target": 0.7035096120653552, "params": {"p1": -1.5194163352199421, "p2": 1.5432679480358702, "p3": 135.68209720403186}, "datetime": {"datetime": "2023-11-14 17:14:04", "elapsed": 3.916794, "delta": 0.003236}}
{"target": 0.6803984562751976, "params": {"p1": -1.980892047107989, "p2": 2.2474768764378257, "p3": 180.88396080623227}, "datetime": {"datetime": "2023-11-14 17:14:04", "elapsed": 3.920039, "delta": 0.003245}}
{"target": 0.6869086410048195, "params": {"p1": -1.848731816720977, "p2": 1.646219453909536, "p3": 197.27132831394763}, "datetime": {"datetime": "2023-11-14 17:14:04", "elapsed": 3.923298, "delta": 0.003259}}
{"target": 0.6862576225318573, "params": {"p1": -1.8981928261084953, "p2": 1.6550944699018602, "p3": 357.024510523537}, "datetime": {"datetime": "2023-11-14 17:14:04", "elapsed": 3.926598, "delta": 0.0033}}
{"target": 0.6777943823833488, "params": {"p1": -1.5385547873793308, "p2": 1.8798025558867102, "p3": 449.2576693648684}, "datetime": {"datetime": "2023-11-14 17:14:04", "elapsed": 3.929926, "delta": 0.003328}}
{"target": 0.6901637333696304, "params": {"p1": -1.962796593044955, "p2": 1.6013082443201028, "p3": 201.35958588168617}, "datetime": {"datetime": "2023-11-14 17:14:04", "elapsed": 3.933176, "delta": 0.00325}}
{"target": 0.6836535486400085, "params": {"p1": -2.2473441560051324, "p2": 2.254639031210717, "p3": 298.5552856004341}, "datetime": {"datetime": "2023-11-14 17:14:04", "elapsed": 3.936479, "delta": 0.003303}}
{"target": 0.6781198916198299, "params": {"p1": -1.9349008574776865, "p2": 2.111492998327207, "p3": 335.1222720725557}, "datetime": {"datetime": "2023-11-14 17:14:04", "elapsed": 3.939748, "delta": 0.003269}}
{"target": 0.6969994273357334, "params": {"p1": -2.1878637923185837, "p2": 2.0985901715261845, "p3": 408.65269928155425}, "datetime": {"datetime": "2023-11-14 17:14:04", "elapsed": 3.942981, "delta": 0.003233}}
{"target": 0.6930933164979602, "params": {"p1": -2.198364895734355, "p2": 1.8170187650449674, "p3": 100.99962700804043}, "datetime": {"datetime": "2023-11-14 17:14:04", "elapsed": 3.946263, "delta": 0.003282}}
{"target": 0.664448503687624, "params": {"p1": -1.5944424420806231, "p2": 2.318665925314478, "p3": 443.0023039149855}, "datetime": {"datetime": "2023-11-14 17:14:04", "elapsed": 3.949548, "delta": 0.003285}}
{"target": 0.7044861397747986, "params": {"p1": -1.6501543083585097, "p2": 1.8998340808229228, "p3": 159.80832791485278}, "datetime": {"datetime": "2023-11-14 17:14:04", "elapsed": 3.95281, "delta": 0.003262}}
{"target": 0.7044861397747986, "params": {"p1": -2.462537981614998, "p2": 2.3768829245186613, "p3": 423.7264959110287}, "datetime": {"datetime": "2023-11-14 17:14:04", "elapsed": 3.9561, "delta": 0.00329}}
{"target": 0.6794219285657543, "params": {"p1": -1.8223572217200754, "p2": 1.8956017715868039, "p3": 261.500661990099}, "datetime": {"datetime": "2023-11-14 17:14:04", "elapsed": 3.959323, "delta": 0.003223}}
{"target": 0.6927678072614791, "params": {"p1": -2.111044171667788, "p2": 1.6653177374362769, "p3": 316.7310124794907}, "datetime": {"datetime": "2023-11-14 17:14:04", "elapsed": 3.962574, "delta": 0.003251}}
{"target": 0.6859321132953762, "params": {"p1": -2.265032949306028, "p2": 1.9039241450269841, "p3": 204.61196209470648}, "datetime": {"datetime": "2023-11-14 17:14:04", "elapsed": 3.965852, "delta": 0.003278}}
{"target": 0.6660760498700293, "params": {"p1": -2.1027387686559105, "p2": 2.3836885586347707, "p3": 125.63182312262346}, "datetime": {"datetime": "2023-11-14 17:14:04", "elapsed": 3.96907, "delta": 0.003218}}
{"target": 0.6735627623090945, "params": {"p1": -1.6289321407504498, "p2": 1.7693349659467978, "p3": 517.0499181512423}, "datetime": {"datetime": "2023-11-14 17:14:04", "elapsed": 3.972292, "delta": 0.003222}}
{"target": 0.682026002457603, "params": {"p1": -1.5143790202921177, "p2": 1.5046984466872497, "p3": 296.70754923466274}, "datetime": {"datetime": "2023-11-14 17:14:04", "elapsed": 3.975605, "delta": 0.003313}}
{"target": 0.6751903084915001, "params": {"p1": -1.9486565417663066, "p2": 2.3373837639261525, "p3": 337.1195692517132}, "datetime": {"datetime": "2023-11-14 17:14:04", "elapsed": 3.978884, "delta": 0.003279}}
{"target": 0.678445400856311, "params": {"p1": -2.2418270286822306, "p2": 2.1229730685235664, "p3": 142.75304908922328}, "datetime": {"datetime": "2023-11-14 17:14:04", "elapsed": 3.982139, "delta": 0.003255}}
{"target": 0.6904892426061116, "params": {"p1": -2.2914912276011483, "p2": 1.8637509291930587, "p3": 251.38097914364542}, "datetime": {"datetime": "2023-11-14 17:14:04", "elapsed": 3.985442, "delta": 0.003303}}
{"target": 0.6934188257344414, "params": {"p1": -2.1153186472734773, "p2": 2.359132939439931, "p3": 370.41437350047994}, "datetime": {"datetime": "2023-11-14 17:14:04", "elapsed": 3.98872, "delta": 0.003278}}
{"target": 0.6956973903898089, "params": {"p1": -2.0607834317793747, "p2": 1.6495677958164778, "p3": 541.8183987433233}, "datetime": {"datetime": "2023-11-14 17:14:04", "elapsed": 3.99201, "delta": 0.00329}}
{"target": 0.6927678072614791, "params": {"p1": -1.9563582963417332, "p2": 1.8616801983615212, "p3": 130.1865596953037}, "datetime": {"datetime": "2023-11-14 17:14:04", "elapsed": 3.995292, "delta": 0.003282}}
{"target": 0.671609706890208, "params": {"p1": -1.6086654616361895, "p2": 1.8525434977684714, "p3": 362.38069596409946}, "datetime": {"datetime": "2023-11-14 17:14:04", "elapsed": 3.998586, "delta": 0.003294}}
{"target": 0.6895127148966682, "params": {"p1": -1.5890246339810197, "p2": 1.7581688477090391, "p3": 102.5341303824055}, "datetime": {"datetime": "2023-11-14 17:14:04", "elapsed": 4.001871, "delta": 0.003285}}
{"target": 0.6934188257344414, "params": {"p1": -2.0691355806430933, "p2": 2.2810498828415167, "p3": 518.1806708457763}, "datetime": {"datetime": "2023-11-14 17:14:04", "elapsed": 4.005122, "delta": 0.003251}}
{"target": 0.7096942875584961, "params": {"p1": -2.456397002139675, "p2": 2.32301338055334, "p3": 472.7142259585238}, "datetime": {"datetime": "2023-11-14 17:14:04", "elapsed": 4.008494, "delta": 0.003372}}
{"target": 0.6882106779507438, "params": {"p1": -1.9562058163644958, "p2": 1.9202302599648742, "p3": 431.55478073839873}, "datetime": {"datetime": "2023-11-14 17:14:04", "elapsed": 4.011714, "delta": 0.00322}}
{"target": 0.6755158177279812, "params": {"p1": -1.6147016074248675, "p2": 1.8588235189882856, "p3": 515.5002024838363}, "datetime": {"datetime": "2023-11-14 17:14:04", "elapsed": 4.014991, "delta": 0.003277}}
{"target": 0.6735627623090945, "params": {"p1": -2.1844860395065426, "p2": 2.294663373982343, "p3": 193.5202033726176}, "datetime": {"datetime": "2023-11-14 17:14:04", "elapsed": 4.018305, "delta": 0.003314}}
{"target": 0.6660760498700293, "params": {"p1": -1.69586253368678, "p2": 2.4267290030336555, "p3": 345.8514131798047}, "datetime": {"datetime": "2023-11-14 17:14:04", "elapsed": 4.021602, "delta": 0.003297}}
{"target": 0.661193411322813, "params": {"p1": -1.6146624303112254, "p2": 1.8040951875459414, "p3": 548.4247461904197}, "datetime": {"datetime": "2023-11-14 17:14:04", "elapsed": 4.024886, "delta": 0.003284}}
{"target": 0.6966739180992523, "params": {"p1": -2.2676852301271193, "p2": 1.8681550890137986, "p3": 316.2521866045374}, "datetime": {"datetime": "2023-11-14 17:14:04", "elapsed": 4.028299, "delta": 0.003413}}
{"target": 0.6729117438361324, "params": {"p1": -1.735528631313209, "p2": 2.2127336645682334, "p3": 350.8630334769567}, "datetime": {"datetime": "2023-11-14 17:14:04", "elapsed": 4.031594, "delta": 0.003295}}
{"target": 0.6830025301670464, "params": {"p1": -2.3610786519871594, "p2": 1.85451216352883, "p3": 259.2996176323123}, "datetime": {"datetime": "2023-11-14 17:14:04", "elapsed": 4.03491, "delta": 0.003316}}
{"target": 0.6624954482687373, "params": {"p1": -2.394962771141487, "p2": 2.2805746999536067, "p3": 137.27723823174804}, "datetime": {"datetime": "2023-11-14 17:14:04", "elapsed": 4.038234, "delta": 0.003324}}
{"target": 0.7041606305383175, "params": {"p1": -2.2490331807195623, "p2": 2.3406395078248448, "p3": 506.2721957988837}, "datetime": {"datetime": "2023-11-14 17:14:04", "elapsed": 4.041551, "delta": 0.003317}}
{"target": 0.6856066040588951, "params": {"p1": -1.9255326485818234, "p2": 2.0651877039260294, "p3": 168.14395599988012}, "datetime": {"datetime": "2023-11-14 17:14:04", "elapsed": 4.044831, "delta": 0.00328}}
{"target": 0.6865831317683384, "params": {"p1": -2.3966549666243773, "p2": 2.043765454945627, "p3": 152.75522664910108}, "datetime": {"datetime": "2023-11-14 17:14:04", "elapsed": 4.048137, "delta": 0.003306}}
{"target": 0.6966739180992523, "params": {"p1": -1.9884787910362296, "p2": 1.5620714828523135, "p3": 398.78384190551213}, "datetime": {"datetime": "2023-11-14 17:14:04", "elapsed": 4.05147, "delta": 0.003333}}
{"target": 0.682026002457603, "params": {"p1": -2.237752400590854, "p2": 1.724984479713024, "p3": 263.96124508417415}, "datetime": {"datetime": "2023-11-14 17:14:04", "elapsed": 4.054776, "delta": 0.003306}}
{"target": 0.7145769261057124, "params": {"p1": -2.2166883140266256, "p2": 2.493381827464396, "p3": 529.5872702386881}, "datetime": {"datetime": "2023-11-14 17:14:04", "elapsed": 4.058136, "delta": 0.00336}}
{"target": 0.6813749839846408, "params": {"p1": -2.1526542479209647, "p2": 2.4817100046412315, "p3": 374.8440339934027}, "datetime": {"datetime": "2023-11-14 17:14:04", "elapsed": 4.061457, "delta": 0.003321}}
{"target": 0.6790964193292732, "params": {"p1": -1.774974676796898, "p2": 1.9491487684648519, "p3": 525.9262085514201}, "datetime": {"datetime": "2023-11-14 17:14:04", "elapsed": 4.064807, "delta": 0.00335}}
{"target": 0.682026002457603, "params": {"p1": -2.3323619942241605, "p2": 2.148901178668133, "p3": 314.2665674724218}, "datetime": {"datetime": "2023-11-14 17:14:04", "elapsed": 4.068175, "delta": 0.003368}}
{"target": 0.6768178546739055, "params": {"p1": -2.0704771837273483, "p2": 2.2221029865426654, "p3": 297.03236974791196}, "datetime": {"datetime": "2023-11-14 17:14:04", "elapsed": 4.071507, "delta": 0.003332}}
{"target": 0.6803984562751976, "params": {"p1": -2.01416142658568, "p2": 1.5255450638756387, "p3": 342.7182356725479}, "datetime": {"datetime": "2023-11-14 17:14:04", "elapsed": 4.074837, "delta": 0.00333}}
{"target": 0.6777943823833488, "params": {"p1": -1.6329114206289255, "p2": 1.5430546603961663, "p3": 290.15207029832027}, "datetime": {"datetime": "2023-11-14 17:14:04", "elapsed": 4.078233, "delta": 0.003396}}
{"target": 0.6735627623090945, "params": {"p1": -1.650706379134738, "p2": 1.9561603400067766, "p3": 269.146415789752}, "datetime": {"datetime": "2023-11-14 17:14:04", "elapsed": 4.08159, "delta": 0.003357}}
{"target": 0.6856066040588951, "params": {"p1": -1.827049213329813, "p2": 1.8265295215063384, "p3": 495.5724171989082}, "datetime": {"datetime": "2023-11-14 17:14:04", "elapsed": 4.084913, "delta": 0.003323}}
{"target": 0.6911402610790737, "params": {"p1": -2.1011366377622496, "p2": 1.6306659822804965, "p3": 366.6673342022998}, "datetime": {"datetime": "2023-11-14 17:14:04", "elapsed": 4.08825, "delta": 0.003337}}
{"target": 0.6719352161266892, "params": {"p1": -2.297711941077092, "p2": 2.2147708559919073, "p3": 153.417621478289}, "datetime": {"datetime": "2023-11-14 17:14:04", "elapsed": 4.091596, "delta": 0.003346}}
{"target": 0.6664015591065104, "params": {"p1": -1.565099526649775, "p2": 2.1996106802172233, "p3": 490.7019505826249}, "datetime": {"datetime": "2023-11-14 17:14:04", "elapsed": 4.094917, "delta": 0.003321}}
{"target": 0.6755158177279812, "params": {"p1": -1.54311774653928, "p2": 2.337769290772746, "p3": 296.29385940581415}, "datetime": {"datetime": "2023-11-14 17:14:04", "elapsed": 4.098273, "delta": 0.003356}}
{"target": 0.6908147518425926, "params": {"p1": -1.9989383633766937, "p2": 2.3183168598004955, "p3": 467.83700576733526}, "datetime": {"datetime": "2023-11-14 17:14:04", "elapsed": 4.101674, "delta": 0.003401}}
{"target": 0.6891872056601871, "params": {"p1": -2.4011290450954608, "p2": 2.2310311039001967, "p3": 358.4760273417477}, "datetime": {"datetime": "2023-11-14 17:14:04", "elapsed": 4.105027, "delta": 0.003353}}
{"target": 0.6859321132953762, "params": {"p1": -2.257266593668263, "p2": 2.4840281752427398, "p3": 410.8865686414099}, "datetime": {"datetime": "2023-11-14 17:14:04", "elapsed": 4.10837, "delta": 0.003343}}
{"target": 0.6904892426061116, "params": {"p1": -1.9879015347242424, "p2": 2.4595579796251155, "p3": 481.4978497592817}, "datetime": {"datetime": "2023-11-14 17:14:04", "elapsed": 4.111665, "delta": 0.003295}}
{"target": 0.6709586884172458, "params": {"p1": -1.6440145200422092, "p2": 2.2471016032488698, "p3": 259.648300593866}, "datetime": {"datetime": "2023-11-14 17:14:04", "elapsed": 4.114989, "delta": 0.003324}}
{"target": 0.6618444297957752, "params": {"p1": -1.6285921004500112, "p2": 2.4132399900533503, "p3": 319.66443321517124}, "datetime": {"datetime": "2023-11-14 17:14:04", "elapsed": 4.118283, "delta": 0.003294}}
{"target": 0.6963484088627712, "params": {"p1": -2.1633846032814406, "p2": 2.4128683957951993, "p3": 449.1126472510195}, "datetime": {"datetime": "2023-11-14 17:14:04", "elapsed": 4.12163, "delta": 0.003347}}
{"target": 0.6794219285657543, "params": {"p1": -2.2550012862834863, "p2": 2.0611862946548634, "p3": 115.9255621902054}, "datetime": {"datetime": "2023-11-14 17:14:04", "elapsed": 4.124984, "delta": 0.003354}}
{"target": 0.6930933164979602, "params": {"p1": -2.2606806028139466, "p2": 1.898840711439358, "p3": 302.47088147359386}, "datetime": {"datetime": "2023-11-14 17:14:04", "elapsed": 4.128334, "delta": 0.00335}}
{"target": 0.6882106779507438, "params": {"p1": -1.715770501346314, "p2": 1.7660371842166085, "p3": 251.7809230004732}, "datetime": {"datetime": "2023-11-14 17:14:04", "elapsed": 4.131653, "delta": 0.003319}}
{"target": 0.6885361871872249, "params": {"p1": -1.6207868395342397, "p2": 1.950570511191886, "p3": 181.2544754742561}, "datetime": {"datetime": "2023-11-14 17:14:04", "elapsed": 4.134989, "delta": 0.003336}}
{"target": 0.6634719759781806, "params": {"p1": -1.7999938088767746, "p2": 2.3929838201337468, "p3": 223.29748049223775}, "datetime": {"datetime": "2023-11-14 17:14:04", "elapsed": 4.138343, "delta": 0.003354}}
{"target": 0.682026002457603, "params": {"p1": -2.2829263882492272, "p2": 2.012669510577281, "p3": 120.58204973907826}, "datetime": {"datetime": "2023-11-14 17:14:04", "elapsed": 4.141629, "delta": 0.003286}}
{"target": 0.6930933164979602, "params": {"p1": -2.140924254141911, "p2": 2.182641033150933, "p3": 487.2487140526871}, "datetime": {"datetime": "2023-11-14 17:14:04", "elapsed": 4.144976, "delta": 0.003347}}
{"target": 0.6849555855859328, "params": {"p1": -2.3504802472598336, "p2": 2.0479903138103843, "p3": 172.73815845035924}, "datetime": {"datetime": "2023-11-14 17:14:04", "elapsed": 4.148374, "delta": 0.003398}}
{"target": 0.6797474378022353, "params": {"p1": -1.8434811406911311, "p2": 1.7225780568299656, "p3": 258.3074981246975}, "datetime": {"datetime": "2023-11-14 17:14:04", "elapsed": 4.151718, "delta": 0.003344}}
{"target": 0.6745392900185379, "params": {"p1": -1.591812045722313, "p2": 1.5140479639821618, "p3": 490.9922636125171}, "datetime": {"datetime": "2023-11-14 17:14:04", "elapsed": 4.155098, "delta": 0.00338}}
