{"target": 0.6882106779507438, "params": {"p1": -1.9434894837740546, "p2": 1.6654764582228916, "p3": 282.01322543407264}, "datetime": {"datetime": "2023-11-14 17:14:00", "elapsed": 0.707714, "delta": 0.001602}}
{"target": 0.6794219285657543, "params": {"p1": -1.9255100666081844, "p2": 2.2191157377963315, "p3": 361.2592094077037}, "datetime": {"datetime": "2023-11-14 17:14:00", "elapsed": 0.709319, "delta": 0.001605}}
{"target": 0.6712841976537269, "params": {"p1": -1.5780565047538646, "p2": 1.9095572702684227, "p3": 439.40268787305695}, "datetime": {"datetime": "2023-11-14 17:14:00", "elapsed": 0.710922, "delta": 0.001603}}
{"target": 0.6650995221605861, "params": {"p1": -1.6465130041851845, "p2": 2.378206597914999, "p3": 280.35674474058135}, "datetime": {"datetime": "2023-11-14 17:14:00", "elapsed": 0.712526, "delta": 0.001604}}
{"target": 0.6904892426061116, "params": {"p1": -2.1999031075526694, "p2": 1.639403217422826, "p3": 174.8372889182328}, "datetime": {"datetime": "2023-11-14 17:14:00", "elapsed": 0.714138, "delta": 0.001612}}
{"target": 0.6690056329983592, "params": {"p1": -1.8216585622965467, "p2": 2.495846481242868, "p3": 287.84900783616536}, "datetime": {"datetime": "2023-11-14 17:14:00", "elapsed": 0.715785, "delta": 0.001647}}
{"target": 0.6943953534438847, "params": {"p1": -2.0480705695920935, "p2": 1.847019810383296, "p3": 510.516020337571}, "datetime": {"datetime": "2023-11-14 17:14:00", "elapsed": 0.717375, "delta": 0.00159}}
{"target": 0.6764923454374244, "params": {"p1": -1.5870584606019835, "p2": 1.9640317310565334, "p3": 392.3406139025874}, "datetime": {"datetime": "2023-11-14 17:14:00", "elapsed": 0.718997, "delta": 0.001622}}
{"target": 0.6953718811533279, "params": {"p1": -2.0941585792098723, "p2": 2.2712275845202905, "p3": 435.477866261544}, "datetime": {"datetime": "2023-11-14 17:14:00", "elapsed": 0.720604, "delta": 0.001607}}
{"target": 0.7175065092340424, "params": {"p1": -2.4288977141493717, "p2": 2.335814764166762, "p3": 535.7350999238238}, "datetime": {"datetime": "2023-11-14 17:14:00", "elapsed": 0.722184, "delta": 0.00158}}
{"target": 0.6641229944511429, "params": {"p1": -1.6737697987162665, "p2": 2.1359391750167593, "p3": 417.21994305979166}, "datetime": {"datetime": "2023-11-14 17:14:00", "elapsed": 0.723812, "delta": 0.001628}}
{"target": 0.6745392900185379, "params": {"p1": -1.530220981809866, "p2": 1.8515681514233562, "p3": 350.357578161211}, "datetime": {"datetime": "2023-11-14 17:14:00", "elapsed": 0.725398, "delta": 0.001586}}
{"target": 0.6758413269644623, "params": {"p1": -1.7653504482018767, "p2": 1.8221237879023935, "p3": 475.0920404488576}, "datetime": {"datetime": "2023-11-14 17:14:00", "elapsed": 0.727264, "delta": 0.001866}}
{"target": 0.6882106779507438, "params": {"p1": -2.103753278150047, "p2": 1.9766268500147182, "p3": 126.5997014579134}, "datetime": {"datetime": "2023-11-14 17:14:00", "elapsed": 0.729029, "delta": 0.001765}}
{"target": 0.6917912795520358, "params": {"p1": -2.0019007442964383, "p2": 2.399735363788978, "p3": 490.86513246381}, "datetime": {"datetime": "2023-11-14 17:14:00", "elapsed": 0.730846, "delta": 0.001817}}
{"target": 0.6826770209305653, "params": {"p1": -2.097558164169415, "p2": 2.2355702549070138, "p3": 302.4418947282105}, "datetime": {"datetime": "2023-11-14 17:14:00", "elapsed": 0.732488, "delta": 0.001642}}
{"target": 0.7106708152679393, "params": {"p1": -2.327530220780451, "p2": 2.2828731801850126, "p3": 536.2947540687969}, "datetime": {"datetime": "2023-11-14 17:14:00", "elapsed": 0.734118, "delta": 0.00163}}
{"target": 0.685281094822414, "params": {"p1": -1.9379972486584416, "p2": 2.218750603158081, "p3": 423.2397584495064}, "datetime": {"datetime": "2023-11-14 17:14:00", "elapsed": 0.735754, "delta": 0.001636}}
{"target": 0.6810494747481597, "params": {"p1": -2.1314692617998023, "p2": 2.0412584046235405, "p3": 142.16277850393624}, "datetime": {"datetime": "2023-11-14 17:14:00", "elapsed": 0.737388, "delta": 0.001634}}
{"target": 0.6618444297957752, "params": {"p1": -1.5275629709547478, "p2": 2.47552161332254, "p3": 424.1480216357237}, "datetime": {"datetime": "2023-11-14 17:14:00", "elapsed": 0.739015, "delta": 0.001627}}
{"target": 0.6745392900185379, "params": {"p1": -1.5926971730438129, "p2": 1.5882038602202613, "p3": 472.55941199912326}, "datetime": {"datetime": "2023-11-14 17:14:00", "elapsed": 0.740625, "delta": 0.00161}}
{"target": 0.6898382241331493, "params": {"p1": -2.011361764902852, "p2": 2.2994852806729513, "p3": 445.1823311861111}, "datetime": {"datetime": "2023-11-14 17:14:01", "elapsed": 0.742247, "delta": 0.001622}}
{"target": 0.6943953534438847, "params": {"p1": -2.289103445697061, "p2": 2.1628967794598384, "p3": 332.0485254415944}, "datetime": {"datetime": "2023-11-14 17:14:01", "elapsed": 0.743921, "delta": 0.001674}}
{"target": 0.6696566514713214, "params": {"p1": -1.6394620681343053, "p2": 2.491177540045997, "p3": 537.2787354774002}, "datetime": {"datetime": "2023-11-14 17:14:01", "elapsed": 0.745637, "delta": 0.001716}}
{"target": 0.6800729470387165, "params": {"p1": -1.8499639409545425, "p2": 2.0962042095842532, "p3": 517.5341823243468}, "datetime": {"datetime": "2023-11-14 17:14:01", "elapsed": 0.747312, "delta": 0.001675}}
{"target": 0.6963484088627712, "params": {"p1": -2.2009125161900736, "p2": 1.7975529455392947, "p3": 389.9706586299957}, "datetime": {"datetime": "2023-11-14 17:14:01", "elapsed": 0.748954, "delta": 0.001642}}
{"target": 0.702533084355912, "params": {"p1": -2.1984769755142093, "p2": 1.8263867286051603, "p3": 509.53717423469476}, "datetime": {"datetime": "2023-11-14 17:14:01", "elapsed": 0.75061, "delta": 0.001656}}
{"target": 0.6768178546739055, "params": {"p1": -1.5826086598058928, "p2": 2.019073434801928, "p3": 243.77409145316048}, "datetime": {"datetime": "2023-11-14 17:14:01", "elapsed": 0.752231, "delta": 0.001621}}
{"target": 0.6953718811533279, "params": {"p1": -1.7364183411089407, "p2": 1.6982787176352636, "p3": 142.9415575902791}, "datetime": {"datetime": "2023-11-14 17:14:01", "elapsed": 0.753868, "delta": 0.001637}}
{"target": 0.6862576225318573, "params": {"p1": -2.3128441818192194, "p2": 1.8992015484221616, "p3": 189.16827559806762}, "datetime": {"datetime": "2023-11-14 17:14:01", "elapsed": 0.755557, "delta": 0.001689}}
{"target": 0.6777943823833488, "params": {"p1": -1.5508067463577946, "p2": 2.2804093888190993, "p3": 158.43352609533872}, "datetime": {"datetime": "2023-11-14 17:14:01", "elapsed": 0.757213, "delta": 0.001656}}
{"target": 0.6833280394035275, "params": {"p1": -1.6957108991487404, "p2": 1.9840507915060994, "p3": 163.41241682067255}, "datetime": {"datetime": "2023-11-14 17:14:01", "elapsed": 0.758821, "delta": 0.001608}}
{"target": 0.6686801237618781, "params": {"p1": -2.2146163788222304, "p2": 2.1897216153989967, "p3": 239.62224723812758}, "datetime": {"datetime": "2023-11-14 17:14:01", "elapsed": 0.76045, "delta": 0.001629}}
{"target": 0.6862576225318573, "params": {"p1": -2.08264001000488, "p2": 1.9999094332232557, "p3": 131.42078365915978}, "datetime": {"datetime": "2023-11-14 17:14:01", "elapsed": 0.762093, "delta": 0.001643}}
{"target": 0.6738882715455756, "params": {"p1": -1.579023895363938, "p2": 2.402414882579607, "p3": 167.98339127632067}, "datetime": {"datetime": "2023-11-14 17:14:01", "elapsed": 0.763733, "delta": 0.00164}}
{"target": 0.6969994273357334, "params": {"p1": -2.2278994821256526, "p2": 2.242415241363566, "p3": 520.5933955028725}, "datetime": {"datetime": "2023-11-14 17:14:01", "elapsed": 0.765384, "delta": 0.001651}}
{"target": 0.6833280394035275, "params": {"p1": -2.099512111728169, "p2": 1.9579212297018742, "p3": 258.2991073398608}, "datetime": {"datetime": "2023-11-14 17:14:01", "elapsed": 0.767082, "delta": 0.001698}}
{"target": 0.6937443349709225, "params": {"p1": -2.228482430301737, "p2": 1.8759424076946183, "p3": 379.85323984419813}, "datetime": {"datetime": "2023-11-14 17:14:01", "elapsed": 0.768736, "delta": 0.001654}}
{"target": 0.7158789630516369, "params": {"p1": -2.4198824624393933, "p2": 2.120566183795546, "p3": 441.5706979412186}, "datetime": {"datetime": "2023-11-14 17:14:01", "elapsed": 0.770406, "delta": 0.00167}}
{"target": 0.692442298024998, "params": {"p1": -2.169508918998597, "p2": 1.6648821901267805, "p3": 337.2787257917548}, "datetime": {"datetime": "2023-11-14 17:14:01", "elapsed": 0.772095, "delta": 0.001689}}
{"target": 0.6771433639103865, "params": {"p1": -1.645274057081271, "p2": 2.2504073408269702, "p3": 234.32307743530916}, "datetime": {"datetime": "2023-11-14 17:14:01", "elapsed": 0.773759, "delta": 0.001664}}
{"target": 0.6891872056601871, "params": {"p1": -2.3439529453396197, "p2": 1.991471788220208, "p3": 347.97196845859537}, "datetime": {"datetime": "2023-11-14 17:14:01", "elapsed": 0.775442, "delta": 0.001683}}
{"target": 0.6751903084915001, "params": {"p1": -2.4400037923023676, "p2": 2.494313328499802, "p3": 267.68532952334726}, "datetime": {"datetime": "2023-11-14 17:14:01", "elapsed": 0.777167, "delta": 0.001725}}
{"target": 0.6891872056601871, "params": {"p1": -2.1554245890284074, "p2": 2.1792726962468296, "p3": 428.569338316659}, "datetime": {"datetime": "2023-11-14 17:14:01", "elapsed": 0.778826, "delta": 0.001659}}
{"target": 0.6709586884172458, "params": {"p1": -1.978427331505185, "p2": 2.4409499848506644, "p3": 279.8543502682917}, "datetime": {"datetime": "2023-11-14 17:14:01", "elapsed": 0.780484, "delta": 0.001658}}
{"target": 0.6904892426061116, "params": {"p1": -1.9795569206989907, "p2": 1.809040221406169, "p3": 295.9986157086707}, "datetime": {"datetime": "2023-11-14 17:14:01", "elapsed": 0.782146, "delta": 0.001662}}
{"target": 0.6807239655116786, "params": {"p1": -1.9531989475621074, "p2": 1.6251324435873764, "p3": 238.25734327819515}, "datetime": {"datetime": "2023-11-14 17:14:01", "elapsed": 0.783836, "delta": 0.00169}}
{"target": 0.6904892426061116, "params": {"p1": -1.9039095283841103, "p2": 2.40265080430015, "p3": 500.34461924747893}, "datetime": {"datetime": "2023-11-14 17:14:01", "elapsed": 0.785488, "delta": 0.001652}}
{"target": 0.6927678072614791, "params": {"p1": -2.0859632099915766, "p2": 1.574651852573775, "p3": 421.7209122091763}, "datetime": {"datetime": "2023-11-14 17:14:01", "elapsed": 0.787171, "delta": 0.001683}}
{"target": 0.688861696423706, "params": {"p1": -2.330998194365547, "p2": 1.8205233505181302, "p3": 121.09735955038838}, "datetime": {"datetime": "2023-11-14 17:14:01", "elapsed": 0.788849, "delta": 0.001678}}
{"target": 0.6914657703155548, "params": {"p1": -1.9717170990525856, "p2": 2.3357694748212223, "p3": 510.60678909790875}, "datetime": {"datetime": "2023-11-14 17:14:01", "elapsed": 0.790494, "delta": 0.001645}}
{"target": 0.6677035960524349, "params": {"p1": -1.7087502955046319, "p2": 2.296664905826021, "p3": 437.50863833943583}, "datetime": {"datetime": "2023-11-14 17:14:01", "elapsed": 0.792174, "delta": 0.00168}}
{"target": 0.6996035012275821, "params": {"p1": -2.4098014770750846, "p2": 1.939875062239746, "p3": 370.2566844378358}, "datetime": {"datetime": "2023-11-14 17:14:01", "elapsed": 0.793883, "delta": 0.001709}}
{"target": 0.6800729470387165, "params": {"p1": -1.9194569802916797, "p2": 2.0647355922264894, "p3": 433.6127948998894}, "datetime": {"datetime": "2023-11-14 17:14:01", "elapsed": 0.79561, "delta": 0.001727}}
{"target": 0.6934188257344414, "params": {"p1": -2.4240928528528194, "p2": 1.8062663904975964, "p3": 167.55160734942706}, "datetime": {"datetime": "2023-11-14 17:14:01", "elapsed": 0.797304, "delta": 0.001694}}
{"target": 0.7002545197005443, "params": {"p1": -2.0939651846223573, "p2": 2.173542802254013, "p3": 450.6440562880315}, "datetime": {"datetime": "2023-11-14 17:14:01", "elapsed": 0.798983, "delta": 0.001679}}
{"target": 0.6817004932211219, "params": {"p1": -1.9408532918916452, "p2": 1.6772049889801175, "p3": 394.1312539032648}, "datetime": {"datetime": "2023-11-14 17:14:01", "elapsed": 0.800669, "delta": 0.001686}}
{"target": 0.6719352161266892, "params": {"p1": -2.3573538406156724, "p2": 2.3170520484084824, "p3": 301.2657834672198}, "datetime": {"datetime": "2023-11-14 17:14:01", "elapsed": 0.802324, "delta": 0.001655}}
{"target": 0.6979759550451767, "params": {"p1": -1.686948863148306, "p2": 1.8224148482558702, "p3": 182.93861364947168}, "datetime": {"datetime": "2023-11-14 17:14:01", "elapsed": 0.804017, "delta": 0.001693}}
{"target": 0.6917912795520358, "params": {"p1": -2.383016549271993, "p2": 1.7023061137464461, "p3": 251.21629933245745}, "datetime": {"datetime": "2023-11-14 17:14:01", "elapsed": 0.805724, "delta": 0.001707}}
{"target": 0.6878851687142628, "params": {"p1": -2.3223771533605495, "p2": 1.7504830638002282, "p3": 251.63257638913473}, "datetime": {"datetime": "2023-11-14 17:14:01", "elapsed": 0.807393, "delta": 0.001669}}
{"target": 0.6917912795520358, "params": {"p1": -1.7726526940782215, "p2": 1.5008412075610094, "p3": 307.7689410557442}, "datetime": {"datetime": "2023-11-14 17:14:01", "elapsed": 0.809086, "delta": 0.001693}}
{"target": 0.6849555855859328, "params": {"p1": -1.7949257362668178, "p2": 2.089619676270252, "p3": 412.5814212899986}, "datetime": {"datetime": "2023-11-14 17:14:01", "elapsed": 0.810805, "delta": 0.001719}}
{"target": 0.6882106779507438, "params": {"p1": -2.0548124321111967, "p2": 1.5298108744091543, "p3": 368.38117511435536}, "datetime": {"datetime": "2023-11-14 17:14:01", "elapsed": 0.812474, "delta": 0.001669}}
{"target": 0.674864799255019, "params": {"p1": -1.691446959368884, "p2": 1.6064674587435661, "p3": 454.5599327767643}, "datetime": {"datetime": "2023-11-14 17:14:01", "elapsed": 0.814161, "delta": 0.001687}}
{"target": 0.6706331791807647, "params": {"p1": -1.594559452692922, "p2": 2.4014624165814284, "p3": 200.63614670223694}, "datetime": {"datetime": "2023-11-14 17:14:01", "elapsed": 0.81589, "delta": 0.001729}}
{"target": 0.6999290104640632, "params": {"p1": -2.4474876256420908, "p2": 1.7065613757062512, "p3": 218.55221790940828}, "datetime": {"datetime": "2023-11-14 17:14:01", "elapsed": 0.817587, "delta": 0.001697}}
{"target": 0.6969994273357334, "params": {"p1": -1.824322860739525, "p2": 1.648072096707865, "p3": 271.1418458322913}, "datetime": {"datetime": "2023-11-14 17:14:01", "elapsed": 0.819282, "delta": 0.001695}}
{"target": 0.6904892426061116, "params": {"p1": -2.2040270855436024, "p2": 2.3243690456696737, "p3": 321.7160095999942}, "datetime": {"datetime": "2023-11-14 17:14:01", "elapsed": 0.820998, "delta": 0.001716}}
{"target": 0.6930933164979602, "params": {"p1": -1.6957177454578711, "p2": 1.8466040936791666, "p3": 163.97780555172528}, "datetime": {"datetime": "2023-11-14 17:14:01", "elapsed": 0.822717, "delta": 0.001719}}
{"target": 0.6553342450661532, "params": {"p1": -1.5302267870651733, "p2": 2.4339693864924374, "p3": 318.95194676144047}, "datetime": {"datetime": "2023-11-14 17:14:01", "elapsed": 0.824448, "delta": 0.001731}}
{"target": 0.6833280394035275, "params": {"p1": -2.373290356616058, "p2": 1.5311426764413665, "p3": 128.22091702049815}, "datetime": {"datetime": "2023-11-14 17:14:01", "elapsed": 0.826261, "delta": 0.001813}}
{"target": 0.6930933164979602, "params": {"p1": -2.2932991201437805, "p2": 1.6262791889540038, "p3": 355.86413338587624}, "datetime": {"datetime": "2023-11-14 17:14:01", "elapsed": 0.828019, "delta": 0.001758}}
{"target": 0.6869086410048195, "params": {"p1": -1.9996937368038656, "p2": 2.382972726644094, "p3": 350.53066407064443}, "datetime": {"datetime": "2023-11-14 17:14:01", "elapsed": 0.829718, "delta": 0.001699}}
{"target": 0.6921167887885169, "params": {"p1": -2.3062487594959644, "p2": 1.8222967919538888, "p3": 265.37275094601125}, "datetime": {"datetime": "2023-11-14 17:14:01", "elapsed": 0.831388, "delta": 0.00167}}
{"target": 0.6745392900185379, "params": {"p1": -1.6381226330276224, "p2": 2.105593717355133, "p3": 428.2095382782021}, "datetime": {"datetime": "2023-11-14 17:14:01", "elapsed": 0.833086, "delta": 0.001698}}
{"target": 0.6856066040588951, "params": {"p1": -2.491168883692786, "p2": 1.6213067889612305, "p3": 123.66504757780046}, "datetime": {"datetime": "2023-11-14 17:14:01", "elapsed": 0.834795, "delta": 0.001709}}
{"target": 0.7015565566464688, "params": {"p1": -1.6258327606019103, "p2": 1.7348503390207983, "p3": 119.28277501009937}, "datetime": {"datetime": "2023-11-14 17:14:01", "elapsed": 0.836503, "delta": 0.001708}}
{"target": 0.6882106779507438, "params": {"p1": -1.8630784406118908, "p2": 1.5946826844371345, "p3": 305.23147273759787}, "datetime": {"datetime": "2023-11-14 17:14:01", "elapsed": 0.838235, "delta": 0.001732}}
{"target": 0.6865831317683384, "params": {"p1": -1.5404785209000325, "p2": 1.973622071577159, "p3": 183.6798006636047}, "datetime": {"datetime": "2023-11-14 17:14:01", "elapsed": 0.839934, "delta": 0.001699}}
{"target": 0.6898382241331493, "params": {"p1": -2.3968266164241494, "p2": 1.7108334275175205, "p3": 243.5508818455361}, "datetime": {"datetime": "2023-11-14 17:14:01", "elapsed": 0.841652, "delta": 0.001718}}
{"target": 0.692442298024998, "params": {"p1": -2.04007979528523, "p2": 2.2958549923098324, "p3": 503.7760776102096}, "datetime": {"datetime": "2023-11-14 17:14:01", "elapsed": 0.84341, "delta": 0.001758}}
{"target": 0.6670525775794727, "params": {"p1": -1.5659225200086704, "p2": 2.441733203230321, "p3": 220.76135247283443}, "datetime": {"datetime": "2023-11-14 17:14:01", "elapsed": 0.845138, "delta": 0.001728}}
{"target": 0.6755158177279812, "params": {"p1": -2.493709884740695, "p2": 2.295783143171196, "p3": 203.63876090270776}, "datetime": {"datetime": "2023-11-14 17:14:01", "elapsed": 0.846862, "delta": 0.001724}}
{"target": 0.6745392900185379, "params": {"p1": -1.7716372937530616, "p2": 2.4046680057414638, "p3": 482.4052415371521}, "datetime": {"datetime": "2023-11-14 17:14:01", "elapsed": 0.848588, "delta": 0.001726}}
{"target": 0.688861696423706, "params": {"p1": -2.4618265155764503, "p2": 1.7915796338728385, "p3": 213.57736014278294}, "datetime": {"datetime": "2023-11-14 17:14:01", "elapsed": 0.850304, "delta": 0.001716}}
{"target": 0.6787709100927921, "params": {"p1": -2.225640182598629, "p2": 1.9973601589360541, "p3": 216.94842829054153}, "datetime": {"datetime": "2023-11-14 17:14:01", "elapsed": 0.852046, "delta": 0.001742}}
{"target": 0.6878851687142628, "params": {"p1": -1.942270460707527, "p2": 1.5703876243760932, "p3": 407.9332691520098}, "datetime": {"datetime": "2023-11-14 17:14:01", "elapsed": 0.853811, "delta": 0.001765}}
{"target": 0.6921167887885169, "params": {"p1": -1.9383031629561298, "p2": 1.568427196418382, "p3": 534.7201713622737}, "datetime": {"datetime": "2023-11-14 17:14:01", "elapsed": 0.855543, "delta": 0.001732}}
{"target": 0.6908147518425926, "params": {"p1": -2.153578977947022, "p2": 1.7537130965377452, "p3": 239.61257054519226}, "datetime": {"datetime": "2023-11-14 17:14:01", "elapsed": 0.857282, "delta": 0.001739}}
{"target": 0.671609706890208, "params": {"p1": -1.770936755564063, "p2": 2.2592223746265447, "p3": 207.1828318773388}, "datetime": {"datetime": "2023-11-14 17:14:01", "elapsed": 0.859026, "delta": 0.001744}}
{"target": 0.6862576225318573, "params": {"p1": -1.8036945848341475, "p2": 1.8855378368173425, "p3": 336.0784150167374}, "datetime": {"datetime": "2023-11-14 17:14:01", "elapsed": 0.860743, "delta": 0.001717}}
{"target": 0.6996035012275821, "params": {"p1": -2.451718665113342, "p2": 2.138121554831668, "p3": 437.47260800395816}, "datetime": {"datetime": "2023-11-14 17:14:01", "elapsed": 0.86246, "delta": 0.001717}}
{"target": 0.6735627623090945, "params": {"p1": -1.6173784874474648, "p2": 2.122687815642337, "p3": 369.1610696666986}, "datetime": {"datetime": "2023-11-14 17:14:01", "elapsed": 0.864198, "delta": 0.001738}}
{"target": 0.6891872056601871, "params": {"p1": -2.2618068945043803, "p2": 2.0893378639197535, "p3": 339.864950919208}, "datetime": {"datetime": "2023-11-14 17:14:01", "elapsed": 0.865916, "delta": 0.001718}}
{"target": 0.6865831317683384, "params": {"p1": -1.690097298392979, "p2": 2.068720195276262, "p3": 136.4197783663424}, "datetime": {"datetime": "2023-11-14 17:14:01", "elapsed": 0.867656, "delta": 0.00174}}
{"target": 0.6813749839846408, "params": {"p1": -1.6503772538218977, "p2": 2.2273021092920984, "p3": 131.87384085310129}, "datetime": {"datetime": "2023-11-14 17:14:01", "elapsed": 0.869393, "delta": 0.001737}}
{"target": 0.6699821607078025, "params": {"p1": -1.69702767163836, "p2": 2.1864016116342064, "p3": 366.7862313911554}, "datetime": {"datetime": "2023-11-14 17:14:01", "elapsed": 0.871091, "delta": 0.001698}}
{"target": 0.6830025301670464, "params": {"p1": -2.044168418448118, "p2": 2.1073104858651837, "p3": 272.29372532492357}, "datetime": {"datetime": "2023-11-14 17:14:01", "elapsed": 0.872852, "delta": 0.001761}}
{"target": 0.69895248275462, "params": {"p1": -2.497816191693936, "p2": 1.7150140114702492, "p3": 376.2393090634015}, "datetime": {"datetime": "2023-11-14 17:14:01", "elapsed": 0.874571, "delta": 0.001719}}
{"target": 0.688861696423706, "params": {"p1": -2.192631235553872, "p2": 1.7391494463508017, "p3": 157.19744447502345}, "datetime": {"datetime": "2023-11-14 17:14:01", "elapsed": 0.876306, "delta": 0.001735}}
{"target": 0.6885361871872249, "params": {"p1": -2.033646257923664, "p2": 1.5296365775490965, "p3": 480.83815241705815}, "datetime": {"datetime": "2023-11-14 17:14:01", "elapsed": 0.878089, "delta": 0.001783}}
{"target": 0.6836535486400085, "params": {"p1": -1.809283771517285, "p2": 1.6651015009547896, "p3": 357.4130412505745}, "datetime": {"datetime": "2023-11-14 17:14:01", "elapsed": 0.879818, "delta": 0.001729}}
{"target": 0.6859321132953762, "params": {"p1": -2.120636910442116, "p2": 2.2211936289260708, "p3": 458.66286511052385}, "datetime": {"datetime": "2023-11-14 17:14:01", "elapsed": 0.881549, "delta": 0.001731}}
{"target": 0.6937443349709225, "params": {"p1": -1.6091551828120907, "p2": 1.725880718538725, "p3": 223.787345511832}, "datetime": {"datetime": "2023-11-14 17:14:01", "elapsed": 0.883284, "delta": 0.001735}}
