{"target": 0.6859321132953762, "params": {"p1": -2.314951717775913, "p2": 1.7917774724728268, "p3": 164.07864302218482}, "datetime": {"datetime": "2023-11-14 17:14:02", "elapsed": 2.473199, "delta": 0.002675}}
{"target": 0.6699821607078025, "params": {"p1": -1.6647065164895078, "p2": 1.9878178170120386, "p3": 515.6413737820537}, "datetime": {"datetime": "2023-11-14 17:14:02", "elapsed": 2.475834, "delta": 0.002635}}
{"target": 0.69602289962629, "params": {"p1": -2.228453545475316, "p2": 1.6809679952824146, "p3": 410.82653798464617}, "datetime": {"datetime": "2023-11-14 17:14:02", "elapsed": 2.478478, "delta": 0.002644}}
{"target": 0.6751903084915001, "params": {"p1": -2.195977190047524, "p2": 2.2440442476971967, "p3": 144.20643012771814}, "datetime": {"datetime": "2023-11-14 17:14:02", "elapsed": 2.48112, "delta": 0.002642}}
{"target": 0.682026002457603, "params": {"p1": -1.7989125166006796, "p2": 2.1069598710055573, "p3": 131.18123688398472}, "datetime": {"datetime": "2023-11-14 17:14:02", "elapsed": 2.483791, "delta": 0.002671}}
{"target": 0.6953718811533279, "params": {"p1": -1.9992372111060017, "p2": 1.6120421394186308, "p3": 526.1507462256961}, "datetime": {"datetime": "2023-11-14 17:14:02", "elapsed": 2.486401, "delta": 0.00261}}
{"target": 0.6650995221605861, "params": {"p1": -2.477964178797662, "p2": 2.335732664500674, "p3": 144.88530472167193}, "datetime": {"datetime": "2023-11-14 17:14:02", "elapsed": 2.489013, "delta": 0.002612}}
{"target": 0.6846300763494517, "params": {"p1": -1.8046328157923754, "p2": 1.8957092321453461, "p3": 508.1851563717642}, "datetime": {"datetime": "2023-11-14 17:14:02", "elapsed": 2.491704, "delta": 0.002691}}
{"target": 0.688861696423706, "params": {"p1": -1.9860714839006612, "p2": 1.9147068457013035, "p3": 209.749037116668}, "datetime": {"datetime": "2023-11-14 17:14:02", "elapsed": 2.494354, "delta": 0.00265}}
{"target": 0.692442298024998, "params": {"p1": -2.27898733706916, "p2": 1.742968957222904, "p3": 135.30132051344287}, "datetime": {"datetime": "2023-11-14 17:14:02", "elapsed": 2.496971, "delta": 0.002617}}
{"target": 0.6895127148966682, "params": {"p1": -2.0103900099280874, "p2": 2.4915037783730316, "p3": 506.30521839773184}, "datetime": {"datetime": "2023-11-14 17:14:02", "elapsed": 2.499673, "delta": 0.002702}}
{"target": 0.6696566514713214, "params": {"p1": -2.1511890975665278, "p2": 2.3851929778132686, "p3": 141.50882473663782}, "datetime": {"datetime": "2023-11-14 17:14:02", "elapsed": 2.502299, "delta": 0.002626}}
{"target": 0.6755158177279812, "params": {"p1": -2.295682549664906, "p2": 2.264725017903879, "p3": 172.30861105166878}, "datetime": {"datetime": "2023-11-14 17:14:02", "elapsed": 2.504953, "delta": 0.002654}}
{"target": 0.6839790578764896, "params": {"p1": -1.781662001711179, "p2": 1.5964606958757885, "p3": 431.3197203524895}, "datetime": {"datetime": "2023-11-14 17:14:02", "elapsed": 2.507578, "delta": 0.002625}}
{"target": 0.692442298024998, "params": {"p1": -2.1437582321487345, "p2": 1.6591154517446614, "p3": 236.3562262614997}, "datetime": {"datetime": "2023-11-14 17:14:02", "elapsed": 2.510163, "delta": 0.002585}}
{"target": 0.6943953534438847, "params": {"p1": -2.327318025040569, "p2": 2.0808684862271467, "p3": 332.4167801332392}, "datetime": {"datetime": "2023-11-14 17:14:02", "elapsed": 2.512785, "delta": 0.002622}}
{"target": 0.6790964193292732, "params": {"p1": -2.1870982075020327, "p2": 2.0534271935820048, "p3": 131.4594356219016}, "datetime": {"datetime": "2023-11-14 17:14:02", "elapsed": 2.515425, "delta": 0.00264}}
{"target": 0.6996035012275821, "params": {"p1": -2.249449304360429, "p2": 1.5738444539884449, "p3": 454.7243320519674}, "datetime": {"datetime": "2023-11-14 17:14:02", "elapsed": 2.518019, "delta": 0.002594}}
{"target": 0.674864799255019, "params": {"p1": -1.5460932939270067, "p2": 2.0143403204812067, "p3": 249.88851575602743}, "datetime": {"datetime": "2023-11-14 17:14:02", "elapsed": 2.520626, "delta": 0.002607}}
{"target": 0.7106708152679393, "params": {"p1": -2.4074148708763152, "p2": 2.2199135671209858, "p3": 476.31363387409493}, "datetime": {"datetime": "2023-11-14 17:14:02", "elapsed": 2.523239, "delta": 0.002613}}
{"target": 0.6677035960524349, "params": {"p1": -1.5962173757515672, "p2": 2.453391778031178, "p3": 249.5856195990085}, "datetime": {"datetime": "2023-11-14 17:14:02", "elapsed": 2.525893, "delta": 0.002654}}
{"target": 0.6621699390322562, "params": {"p1": -2.3141995594905294, "p2": 2.4980157599713424, "p3": 127.53843496179064}, "datetime": {"datetime": "2023-11-14 17:14:02", "elapsed": 2.528552, "delta": 0.002659}}
{"target": 0.6875596594777816, "params": {"p1": -1.768109824995829, "p2": 1.7442776145607977, "p3": 309.48335866686705}, "datetime": {"datetime": "2023-11-14 17:14:02", "elapsed": 2.531183, "delta": 0.002631}}
{"target": 0.7028585935923931, "params": {"p1": -2.1968683072322386, "p2": 1.8518923791045518, "p3": 523.2570424787912}, "datetime": {"datetime": "2023-11-14 17:14:02", "elapsed": 2.53386, "delta": 0.002677}}
{"target": 0.6901637333696304, "params": {"p1": -2.447320624562482, "p2": 1.6992002656015988, "p3": 211.067512548776}, "datetime": {"datetime": "2023-11-14 17:14:02", "elapsed": 2.536588, "delta": 0.002728}}
{"target": 0.678445400856311, "params": {"p1": -1.8636063579564326, "p2": 2.130755605553113, "p3": 425.2971027913822}, "datetime": {"datetime": "2023-11-14 17:14:02", "elapsed": 2.539264, "delta": 0.002676}}
{"target": 0.6836535486400085, "params": {"p1": -1.9020419011136331, "p2": 1.9086328345836825, "p3": 251.6606645027269}, "datetime": {"datetime": "2023-11-14 17:14:02", "elapsed": 2.541912, "delta": 0.002648}}
{"target": 0.6911402610790737, "params": {"p1": -2.4384808779991505, "p2": 1.5546107511837628, "p3": 112.08688649641766}, "datetime": {"datetime": "2023-11-14 17:14:02", "elapsed": 2.544546, "delta": 0.002634}}
{"target": 0.6862576225318573, "params": {"p1": -2.0842131869909544, "p2": 1.5087095030565756, "p3": 478.71729577903164}, "datetime": {"datetime": "2023-11-14 17:14:02", "elapsed": 2.547197, "delta": 0.002651}}
{"target": 0.6751903084915001, "params": {"p1": -1.9059708230335048, "p2": 2.3112659439410863, "p3": 357.57012629605674}, "datetime": {"datetime": "2023-11-14 17:14:02", "elapsed": 2.549808, "delta": 0.002611}}
{"target": 0.6937443349709225, "params": {"p1": -2.300279721743731, "p2": 1.6408241828400487, "p3": 191.90478732257975}, "datetime": {"datetime": "2023-11-14 17:14:02", "elapsed": 2.552448, "delta": 0.00264}}
{"target": 0.6843045671129707, "params": {"p1": -2.3359045097298026, "p2": 2.0782411240501664, "p3": 192.9644390583349}, "datetime": {"datetime": "2023-11-14 17:14:02", "elapsed": 2.555139, "delta": 0.002691}}
{"target": 0.6667270683429916, "params": {"p1": -2.0888702558407943, "p2": 2.4058276941952963, "p3": 206.61223836022378}, "datetime": {"datetime": "2023-11-14 17:14:02", "elapsed": 2.55784, "delta": 0.002701}}
{"target": 0.6937443349709225, "params": {"p1": -1.8568079051696804, "p2": 1.5078952199574727, "p3": 415.9241334679231}, "datetime": {"datetime": "2023-11-14 17:14:02", "elapsed": 2.560507, "delta": 0.002667}}
{"target": 0.6934188257344414, "params": {"p1": -2.0726864524848807, "p2": 1.8092700179133225, "p3": 103.28467563055038}, "datetime": {"datetime": "2023-11-14 17:14:02", "elapsed": 2.563171, "delta": 0.002664}}
{"target": 0.661193411322813, "params": {"p1": -1.8541464339583122, "p2": 2.411680824064801, "p3": 184.81343889454308}, "datetime": {"datetime": "2023-11-14 17:14:02", "elapsed": 2.565816, "delta": 0.002645}}
{"target": 0.6986269735181388, "params": {"p1": -1.9827102616753711, "p2": 1.5141529839908774, "p3": 356.0732428667388}, "datetime": {"datetime": "2023-11-14 17:14:02", "elapsed": 2.568487, "delta": 0.002671}}
{"target": 0.7018820658829498, "params": {"p1": -2.1057566903252205, "p2": 1.8846571647356773, "p3": 510.9545604135532}, "datetime": {"datetime": "2023-11-14 17:14:02", "elapsed": 2.57112, "delta": 0.002633}}
{"target": 0.6839790578764896, "params": {"p1": -1.953347451341288, "p2": 2.467047280722859, "p3": 411.6442761270707}, "datetime": {"datetime": "2023-11-14 17:14:02", "elapsed": 2.573789, "delta": 0.002669}}
{"target": 0.6976504458086956, "params": {"p1": -1.7382955652252514, "p2": 1.88618706955355, "p3": 105.06376920427228}, "datetime": {"datetime": "2023-11-14 17:14:02", "elapsed": 2.576485, "delta": 0.002696}}
{"target": 0.692442298024998, "params": {"p1": -2.2372242523273864, "p2": 1.6560274216520203, "p3": 309.80073402689857}, "datetime": {"datetime": "2023-11-14 17:14:02", "elapsed": 2.579187, "delta": 0.002702}}
{"target": 0.6898382241331493, "params": {"p1": -1.909582892828273, "p2": 1.716458933062444, "p3": 340.0672679932642}, "datetime": {"datetime": "2023-11-14 17:14:02", "elapsed": 2.581913, "delta": 0.002726}}
{"target": 0.709368778322015, "params": {"p1": -2.288825484764382, "p2": 2.480385162312481, "p3": 526.3341598947139}, "datetime": {"datetime": "2023-11-14 17:14:02", "elapsed": 2.584623, "delta": 0.00271}}
{"target": 0.6969994273357334, "params": {"p1": -2.4445838967518516, "p2": 2.2861005332883493, "p3": 390.91451390734795}, "datetime": {"datetime": "2023-11-14 17:14:02", "elapsed": 2.587355, "delta": 0.002732}}
{"target": 0.6869086410048195, "params": {"p1": -1.5971898754277913, "p2": 1.6455871618293623, "p3": 289.11651969352897}, "datetime": {"datetime": "2023-11-14 17:14:02", "elapsed": 2.590067, "delta": 0.002712}}
{"target": 0.6794219285657543, "params": {"p1": -1.661395152432989, "p2": 1.8082059765818976, "p3": 461.5832137085223}, "datetime": {"datetime": "2023-11-14 17:14:02", "elapsed": 2.592781, "delta": 0.002714}}
{"target": 0.6956973903898089, "params": {"p1": -2.253234855795913, "p2": 2.24819476418878, "p3": 416.61926578816923}, "datetime": {"datetime": "2023-11-14 17:14:02", "elapsed": 2.59544, "delta": 0.002659}}
{"target": 0.6859321132953762, "params": {"p1": -2.121282555446336, "p2": 2.159641210691519, "p3": 231.6121298426454}, "datetime": {"datetime": "2023-11-14 17:14:02", "elapsed": 2.598152, "delta": 0.002712}}
{"target": 0.6686801237618781, "params": {"p1": -1.6295697951869421, "p2": 2.232307281854789, "p3": 414.05302497278575}, "datetime": {"datetime": "2023-11-14 17:14:02", "elapsed": 2.600822, "delta": 0.00267}}
{"target": 0.688861696423706, "params": {"p1": -1.8722327733377948, "p2": 1.6786003738132016, "p3": 329.880411483496}, "datetime": {"datetime": "2023-11-14 17:14:02", "elapsed": 2.603492, "delta": 0.00267}}
{"target": 0.6937443349709225, "params": {"p1": -2.4444976533103135, "p2": 1.8074512003665109, "p3": 406.77600552977856}, "datetime": {"datetime": "2023-11-14 17:14:02", "elapsed": 2.606126, "delta": 0.002634}}
{"target": 0.6921167887885169, "params": {"p1": -1.8310036953181394, "p2": 2.0408966431377045, "p3": 258.7033429072592}, "datetime": {"datetime": "2023-11-14 17:14:02", "elapsed": 2.608772, "delta": 0.002646}}
{"target": 0.6875596594777816, "params": {"p1": -1.7822873434130289, "p2": 1.5275125449525888, "p3": 238.33578996651678}, "datetime": {"datetime": "2023-11-14 17:14:02", "elapsed": 2.611467, "delta": 0.002695}}
{"target": 0.6696566514713214, "params": {"p1": -2.2242201423856396, "p2": 2.331486572259224, "p3": 190.85382272838314}, "datetime": {"datetime": "2023-11-14 17:14:02", "elapsed": 2.614097, "delta": 0.00263}}
{"target": 0.69602289962629, "params": {"p1": -2.1957739129735936, "p2": 2.107409013968028, "p3": 419.306743896275}, "datetime": {"datetime": "2023-11-14 17:14:02", "elapsed": 2.616755, "delta": 0.002658}}
{"target": 0.6849555855859328, "params": {"p1": -1.7683903793296398, "p2": 1.7479522552479814, "p3": 517.8290825670499}, "datetime": {"datetime": "2023-11-14 17:14:02", "elapsed": 2.619472, "delta": 0.002717}}
{"target": 0.6650995221605861, "params": {"p1": -1.5433246827223934, "p2": 2.4518676577833878, "p3": 385.7421239185752}, "datetime": {"datetime": "2023-11-14 17:14:02", "elapsed": 2.622149, "delta": 0.002677}}
{"target": 0.6667270683429916, "params": {"p1": -1.6305802384982444, "p2": 2.3527066692049017, "p3": 358.2416659738974}, "datetime": {"datetime": "2023-11-14 17:14:02", "elapsed": 2.624826, "delta": 0.002677}}
{"target": 0.6839790578764896, "params": {"p1": -2.1548650064592465, "p2": 2.2645914511500393, "p3": 264.09789007017895}, "datetime": {"datetime": "2023-11-14 17:14:02", "elapsed": 2.627489, "delta": 0.002663}}
{"target": 0.6781198916198299, "params": {"p1": -1.9365912392585543, "p2": 2.3828063120292704, "p3": 368.70974283022866}, "datetime": {"datetime": "2023-11-14 17:14:02", "elapsed": 2.63013, "delta": 0.002641}}
{"target": 0.6895127148966682, "params": {"p1": -1.820238490051632, "p2": 1.5271584831191087, "p3": 223.31476093478744}, "datetime": {"datetime": "2023-11-14 17:14:02", "elapsed": 2.63284, "delta": 0.00271}}
{"target": 0.6686801237618781, "params": {"p1": -1.7159015706462282, "p2": 2.334172012880554, "p3": 540.2364006146424}, "datetime": {"datetime": "2023-11-14 17:14:02", "elapsed": 2.63553, "delta": 0.00269}}
{"target": 0.6937443349709225, "params": {"p1": -2.0394515602158396, "p2": 1.6684120827683269, "p3": 535.8674951696187}, "datetime": {"datetime": "2023-11-14 17:14:02", "elapsed": 2.638203, "delta": 0.002673}}
{"target": 0.688861696423706, "params": {"p1": -2.3405834504501306, "p2": 1.6415898703931102, "p3": 203.49595695290236}, "datetime": {"datetime": "2023-11-14 17:14:02", "elapsed": 2.640874, "delta": 0.002671}}
{"target": 0.6914657703155548, "params": {"p1": -2.3489685783572294, "p2": 1.990642049814333, "p3": 250.07117747631338}, "datetime": {"datetime": "2023-11-14 17:14:02", "elapsed": 2.643533, "delta": 0.002659}}
{"target": 0.6774688731468677, "params": {"p1": -1.6222478978275112, "p2": 2.172920750943669, "p3": 158.1172131089303}, "datetime": {"datetime": "2023-11-14 17:14:02", "elapsed": 2.646234, "delta": 0.002701}}
{"target": 0.6787709100927921, "params": {"p1": -1.603189214542333, "p2": 2.0444337284058003, "p3": 203.9851537888062}, "datetime": {"datetime": "2023-11-14 17:14:02", "elapsed": 2.64904, "delta": 0.002806}}
{"target": 0.6836535486400085, "params": {"p1": -1.8137703468386057, "p2": 2.250239730052313, "p3": 345.49388097107567}, "datetime": {"datetime": "2023-11-14 17:14:02", "elapsed": 2.651739, "delta": 0.002699}}
{"target": 0.6657505406335483, "params": {"p1": -1.9538562588122375, "p2": 2.463160746898234, "p3": 224.8515622594859}, "datetime": {"datetime": "2023-11-14 17:14:02", "elapsed": 2.654467, "delta": 0.002728}}
{"target": 0.6631464667416995, "params": {"p1": -2.4512525281808086, "p2": 2.236220088094065, "p3": 113.46964279886794}, "datetime": {"datetime": "2023-11-14 17:14:02", "elapsed": 2.65719, "delta": 0.002723}}
{"target": 0.709043269085534, "params": {"p1": -2.3487772323230853, "p2": 2.1779368118645097, "p3": 520.3293085328287}, "datetime": {"datetime": "2023-11-14 17:14:02", "elapsed": 2.659937, "delta": 0.002747}}
{"target": 0.6953718811533279, "params": {"p1": -2.142476110628193, "p2": 1.6667250375403704, "p3": 388.2655053492994}, "datetime": {"datetime": "2023-11-14 17:14:02", "elapsed": 2.662632, "delta": 0.002695}}
{"target": 0.6843045671129707, "params": {"p1": -1.7579922930938738, "p2": 1.8543166858282212, "p3": 314.5370065317249}, "datetime": {"datetime": "2023-11-14 17:14:02", "elapsed": 2.665392, "delta": 0.00276}}
{"target": 0.6758413269644623, "params": {"p1": -1.8253210035147482, "p2": 2.010776319597012, "p3": 441.1759501620055}, "datetime": {"datetime": "2023-11-14 17:14:02", "elapsed": 2.668125, "delta": 0.002733}}
{"target": 0.7012310474099877, "params": {"p1": -2.4297954058151796, "p2": 2.081518329517005, "p3": 456.6238610062598}, "datetime": {"datetime": "2023-11-14 17:14:02", "elapsed": 2.670856, "delta": 0.002731}}
{"target": 0.664448503687624, "params": {"p1": -1.5093714641940132, "p2": 1.873254603163933, "p3": 497.01517544898155}, "datetime": {"datetime": "2023-11-14 17:14:02", "elapsed": 2.67353, "delta": 0.002674}}
{"target": 0.668029105288916, "params": {"p1": -1.8904842947965153, "p2": 2.404496556220738, "p3": 223.6455780095}, "datetime": {"datetime": "2023-11-14 17:14:02", "elapsed": 2.676269, "delta": 0.002739}}
{"target": 0.692442298024998, "params": {"p1": -1.8911963100416158, "p2": 1.7546891674052594, "p3": 215.2096704329553}, "datetime": {"datetime": "2023-11-14 17:14:02", "elapsed": 2.678937, "delta": 0.002668}}
{"target": 0.6722607253631703, "params": {"p1": -1.796204555532, "p2": 2.2880879487348658, "p3": 397.52070955252304}, "datetime": {"datetime": "2023-11-14 17:14:02", "elapsed": 2.681665, "delta": 0.002728}}
{"target": 0.6817004932211219, "params": {"p1": -1.7200870229389689, "p2": 1.651852563298183, "p3": 439.9374962066107}, "datetime": {"datetime": "2023-11-14 17:14:02", "elapsed": 2.684351, "delta": 0.002686}}
{"target": 0.6878851687142628, "params": {"p1": -2.2060851121600478, "p2": 2.0449428769570486, "p3": 419.9357964231085}, "datetime": {"datetime": "2023-11-14 17:14:02", "elapsed": 2.687113, "delta": 0.002762}}
{"target": 0.6875596594777816, "params": {"p1": -1.981387164043225, "p2": 1.5864434851813511, "p3": 317.55812068909495}, "datetime": {"datetime": "2023-11-14 17:14:02", "elapsed": 2.689872, "delta": 0.002759}}
{"target": 0.688861696423706, "params": {"p1": -2.384418174335602, "p2": 2.4250608709038275, "p3": 410.6165287020339}, "datetime": {"datetime": "2023-11-14 17:14:02", "elapsed": 2.692679, "delta": 0.002807}}
{"target": 0.6732372530726134, "params": {"p1": -1.8030680929003873, "p2": 2.28855137563387, "p3": 204.4799675417931}, "datetime": {"datetime": "2023-11-14 17:14:02", "elapsed": 2.695363, "delta": 0.002684}}
{"target": 0.6836535486400085, "params": {"p1": -2.2678346377684107, "p2": 2.041353465166932, "p3": 194.43741991793055}, "datetime": {"datetime": "2023-11-14 17:14:02", "elapsed": 2.698065, "delta": 0.002702}}
{"target": 0.6856066040588951, "params": {"p1": -2.219703131468161, "p2": 1.7573717826378337, "p3": 164.0139892846477}, "datetime": {"datetime": "2023-11-14 17:14:02", "elapsed": 2.700753, "delta": 0.002688}}
{"target": 0.6969994273357334, "params": {"p1": -2.4623653517500976, "p2": 1.8217138170776774, "p3": 328.0193752891953}, "datetime": {"datetime": "2023-11-14 17:14:02", "elapsed": 2.703484, "delta": 0.002731}}
{"target": 0.6904892426061116, "params": {"p1": -2.3791309243726677, "p2": 1.6992966699265932, "p3": 474.30206287793976}, "datetime": {"datetime": "2023-11-14 17:14:02", "elapsed": 2.706176, "delta": 0.002692}}
{"target": 0.6891872056601871, "params": {"p1": -2.1683565954137576, "p2": 1.8174070275803198, "p3": 147.10270319668186}, "datetime": {"datetime": "2023-11-14 17:14:02", "elapsed": 2.70895, "delta": 0.002774}}
{"target": 0.6911402610790737, "params": {"p1": -1.6972326310539683, "p2": 1.7777684226695554, "p3": 372.3024879188273}, "datetime": {"datetime": "2023-11-14 17:14:02", "elapsed": 2.711671, "delta": 0.002721}}
{"target": 0.6758413269644623, "params": {"p1": -2.2690894532328705, "p2": 2.2854762278468277, "p3": 208.71521092143885}, "datetime": {"datetime": "2023-11-14 17:14:02", "elapsed": 2.714399, "delta": 0.002728}}
{"target": 0.6745392900185379, "params": {"p1": -1.5113158438209249, "p2": 1.6296736778261554, "p3": 427.13545189066025}, "datetime": {"datetime": "2023-11-14 17:14:02", "elapsed": 2.717132, "delta": 0.002733}}
{"target": 0.6771433639103865, "params": {"p1": -2.276965132107856, "p2": 2.432516321400267, "p3": 219.08679789742712}, "datetime": {"datetime": "2023-11-14 17:14:02", "elapsed": 2.719895, "delta": 0.002763}}
{"target": 0.6810494747481597, "params": {"p1": -2.1594897467338576, "p2": 1.9432604984741584, "p3": 247.66784520325712}, "datetime": {"datetime": "2023-11-14 17:14:02", "elapsed": 2.722651, "delta": 0.002756}}
{"target": 0.7070902136666473, "params": {"p1": -2.300014610823909, "p2": 2.4306873198357613, "p3": 507.11007196309777}, "datetime": {"datetime": "2023-11-14 17:14:02", "elapsed": 2.725382, "delta": 0.002731}}
{"target": 0.6803984562751976, "params": {"p1": -1.7091283426858792, "p2": 1.605683974341015, "p3": 303.49882329123125}, "datetime": {"datetime": "2023-11-14 17:14:02", "elapsed": 2.728105, "delta": 0.002723}}
{"target": 0.6856066040588951, "params": {"p1": -1.9212515982434017, "p2": 1.8486815021146072, "p3": 246.16109709810846}, "datetime": {"datetime": "2023-11-14 17:14:02", "elapsed": 2.730827, "delta": 0.002722}}
{"target": 0.6849555855859328, "params": {"p1": -1.9050408768433456, "p2": 2.4662898363890577, "p3": 405.53726385427433}, "datetime": {"datetime": "2023-11-14 17:14:02", "elapsed": 2.733558, "delta": 0.002731}}
{"target": 0.6963484088627712, "params": {"p1": -2.001263400432194, "p2": 2.007842767026781, "p3": 493.35111629800343}, "datetime": {"datetime": "2023-11-14 17:14:02", "elapsed": 2.736248, "delta": 0.00269}}
{"target": 0.685281094822414, "params": {"p1": -2.139205715862712, "p2": 2.1938548355805496, "p3": 466.7614105393334}, "datetime": {"datetime": "2023-11-14 17:14:02", "elapsed": 2.738987, "delta": 0.002739}}
{"target": 0.6813749839846408, "params": {"p1": -2.190818530520814, "p2": 2.3653666229663477, "p3": 413.31909949415507}, "datetime": {"datetime": "2023-11-14 17:14:03", "elapsed": 2.741727, "delta": 0.00274}}
{"target": 0.6908147518425926, "params": {"p1": -1.9753565857370885, "p2": 1.9349192431736917, "p3": 287.0577300691166}, "datetime": {"datetime": "2023-11-14 17:14:03", "elapsed": 2.744422, "delta": 0.002695}}
{"target": 0.6559852635391155, "params": {"p1": -2.464985963506159, "p2": 2.4845476587544004, "p3": 185.84120707609333}, "datetime": {"datetime": "2023-11-14 17:14:03", "elapsed": 2.747196, "delta": 0.002774}}
{"target": 0.6979759550451767, "params": {"p1": -2.0764705472669327, "p2": 2.337159249126868, "p3": 472.50110323499973}, "datetime": {"datetime": "2023-11-14 17:14:03", "elapsed": 2.749972, "delta": 0.002776}}
{"target": 0.6699821607078025, "params": {"p1": -1.5776651980892658, "p2": 1.8068132918474902, "p3": 480.8778183420131}, "datetime": {"datetime": "2023-11-14 17:14:03", "elapsed": 2.752752, "delta": 0.00278}}
