{"target": 0.668029105288916, "params": {"p1": -2.43139158988479, "p2": 2.2550255287752425, "p3": 144.72573040123268}, "datetime": {"datetime": "2023-11-14 17:14:05", "elapsed": 4.956096, "delta": 0.00365}}
{"target": 0.6807239655116786, "params": {"p1": -1.67622259075445, "p2": 2.1534865825122003, "p3": 145.8606785625929}, "datetime": {"datetime": "2023-11-14 17:14:05", "elapsed": 4.959802, "delta": 0.003706}}
{"target": 0.6830025301670464, "params": {"p1": -2.1050872829458798, "p2": 2.283452084109511, "p3": 292.2998735919891}, "datetime": {"datetime": "2023-11-14 17:14:05", "elapsed": 4.963571, "delta": 0.003769}}
{"target": 0.6725862345996513, "params": {"p1": -2.4536937943620947, "p2": 2.3043660806857518, "p3": 231.34536932535437}, "datetime": {"datetime": "2023-11-14 17:14:05", "elapsed": 4.967269, "delta": 0.003698}}
{"target": 0.6953718811533279, "params": {"p1": -2.3970835112250204, "p2": 1.9183142987262496, "p3": 338.1993627539707}, "datetime": {"datetime": "2023-11-14 17:14:05", "elapsed": 4.970965, "delta": 0.003696}}
{"target": 0.6803984562751976, "params": {"p1": -2.3628588945054103, "p2": 2.411095220651986, "p3": 239.74034933011964}, "datetime": {"datetime": "2023-11-14 17:14:44", "elapsed": 44.407669, "delta": 39.436704}}
{"target": 0.7122983614503449, "params": {"p1": -2.479251926653959, "p2": 2.1306206521387407, "p3": 516.8907844312336}, "datetime": {"datetime": "2023-11-14 17:15:09", "elapsed": 68.954108, "delta": 24.546439}}
{"target": 0.7054626674842419, "params": {"p1": -2.4242679283605297, "p2": 2.3149317415786994, "p3": 512.9722454467612}, "datetime": {"datetime": "2023-11-14 17:15:48", "elapsed": 108.342949, "delta": 39.388841}}
{"target": 0.7116473429773826, "params": {"p1": -2.357986347751932, "p2": 1.914554869118592, "p3": 548.2352583148494}, "datetime": {"datetime": "2023-11-14 17:16:17", "elapsed": 137.351661, "delta": 29.008712}}
{"target": 0.7152279445786747, "params": {"p1": -2.32196395458412, "p2": 2.259208446542818, "p3": 529.3522047182678}, "datetime": {"datetime": "2023-11-14 17:16:43", "elapsed": 162.829571, "delta": 25.47791}}
{"target": 0.682026002457603, "params": {"p1": -1.7659129873456578, "p2": 1.8533177184642473, "p3": 345.7184529980996}, "datetime": {"datetime": "2023-11-14 17:16:53", "elapsed": 173.449247, "delta": 10.619676}}
{"target": 0.674864799255019, "params": {"p1": -1.6983426743955428, "p2": 2.194548225145631, "p3": 468.09543101612525}, "datetime": {"datetime": "2023-11-14 17:17:04", "elapsed": 184.334125, "delta": 10.884878}}
{"target": 0.6826770209305653, "params": {"p1": -2.1964483071817105, "p2": 2.220607638878577, "p3": 239.97693108307658}, "datetime": {"datetime": "2023-11-14 17:17:28", "elapsed": 208.003828, "delta": 23.669703}}
{"target": 0.7246677124366264, "params": {"p1": -2.448387513358627, "p2": 2.4584378538139933, "p3": 529.3606248553457}, "datetime": {"datetime": "2023-11-14 17:17:45", "elapsed": 225.38957, "delta": 17.385742}}
{"target": 0.7109963245044204, "params": {"p1": -2.495675988156644, "p2": 1.9784219010612094, "p3": 514.9118524059346}, "datetime": {"datetime": "2023-11-14 17:18:11", "elapsed": 251.038836, "delta": 25.649266}}
{"target": 0.7136003983962692, "params": {"p1": -2.479841745680303, "p2": 2.2110256990887507, "p3": 548.357389040985}, "datetime": {"datetime": "2023-11-14 17:18:47", "elapsed": 287.42271, "delta": 36.383874}}
{"target": 0.7240166939636643, "params": {"p1": -2.4626037427217886, "p2": 2.2771011339323644, "p3": 514.7715912280195}, "datetime": {"datetime": "2023-11-14 17:19:22", "elapsed": 322.733468, "delta": 35.310758}}
{"target": 0.6898382241331493, "params": {"p1": -2.19129523913724, "p2": 1.6962685887022309, "p3": 117.91005467969799}, "datetime": {"datetime": "2023-11-14 17:19:33", "elapsed": 333.384917, "delta": 10.651449}}
{"target": 0.69602289962629, "params": {"p1": -2.168829191343787, "p2": 1.6954332093692663, "p3": 296.1566528218408}, "datetime": {"datetime": "2023-11-14 17:19:51", "elapsed": 351.208354, "delta": 17.823437}}
{"target": 0.7109963245044204, "params": {"p1": -2.3193875806080073, "p2": 2.377344999521309, "p3": 517.0760626425706}, "datetime": {"datetime": "2023-11-14 17:20:15", "elapsed": 375.114421, "delta": 23.906067}}
{"target": 0.7184830369434856, "params": {"p1": -2.4345283111489033, "p2": 2.219733908831954, "p3": 531.4495659752595}, "datetime": {"datetime": "2023-11-14 17:20:36", "elapsed": 396.201777, "delta": 21.087356}}
{"target": 0.6859321132953762, "params": {"p1": -2.138641285764181, "p2": 2.207753062659873, "p3": 211.71398660832423}, "datetime": {"datetime": "2023-11-14 17:20:46", "elapsed": 406.155041, "delta": 9.953264}}
{"target": 0.709368778322015, "params": {"p1": -2.3268769616737743, "p2": 2.334862164969448, "p3": 524.4873230924682}, "datetime": {"datetime": "2023-11-14 17:20:55", "elapsed": 415.701086, "delta": 9.546045}}
{"target": 0.7223891477812587, "params": {"p1": -2.478247353024341, "p2": 1.9851898488248496, "p3": 548.5471744271374}, "datetime": {"datetime": "2023-11-14 17:21:26", "elapsed": 446.245697, "delta": 30.544611}}
{"target": 0.7142514168692313, "params": {"p1": -2.4969025495506187, "p2": 2.2268756447093234, "p3": 513.4761067064269}, "datetime": {"datetime": "2023-11-14 17:21:55", "elapsed": 474.828737, "delta": 28.58304}}
{"target": 0.7145769261057124, "params": {"p1": -2.259719925138147, "p2": 2.3809064865531013, "p3": 514.8842980546392}, "datetime": {"datetime": "2023-11-14 17:22:30", "elapsed": 510.2397, "delta": 35.410963}}
{"target": 0.709368778322015, "params": {"p1": -2.325262900308677, "p2": 2.1641585995659645, "p3": 514.7930993070862}, "datetime": {"datetime": "2023-11-14 17:22:58", "elapsed": 537.805669, "delta": 27.565969}}
{"target": 0.6800729470387165, "params": {"p1": -2.047308085904058, "p2": 2.440368425851486, "p3": 286.58065482119133}, "datetime": {"datetime": "2023-11-14 17:23:09", "elapsed": 549.451899, "delta": 11.64623}}
{"target": 0.6999290104640632, "params": {"p1": -2.2765208852540098, "p2": 1.9732530162913442, "p3": 548.5064653411334}, "datetime": {"datetime": "2023-11-14 17:23:32", "elapsed": 572.257359, "delta": 22.80546}}
{"target": 0.688861696423706, "params": {"p1": -2.2969927151649996, "p2": 2.151512540025468, "p3": 307.17107460056553}, "datetime": {"datetime": "2023-11-14 17:23:41", "elapsed": 581.671917, "delta": 9.414558}}
{"target": 0.7044861397747986, "params": {"p1": -2.367002904371464, "p2": 1.5715663562423479, "p3": 527.6752054512632}, "datetime": {"datetime": "2023-11-14 17:23:53", "elapsed": 593.167121, "delta": 11.495204}}
{"target": 0.7106708152679393, "params": {"p1": -2.388873671893545, "p2": 1.9777784137729066, "p3": 543.6962523094629}, "datetime": {"datetime": "2023-11-14 17:24:36", "elapsed": 636.258815, "delta": 43.091694}}
{"target": 0.6846300763494517, "params": {"p1": -1.5210264992084248, "p2": 1.6889116612725714, "p3": 278.01446042263694}, "datetime": {"datetime": "2023-11-14 17:24:47", "elapsed": 646.772838, "delta": 10.514023}}
{"target": 0.7168554907610801, "params": {"p1": -2.4911459330991823, "p2": 2.1594775353495557, "p3": 517.2684137224458}, "datetime": {"datetime": "2023-11-14 17:25:05", "elapsed": 665.378898, "delta": 18.60606}}
