{"target": 0.6891872056601871, "params": {"p1": -2.0547676422482266, "p2": 1.7234431214139634, "p3": 144.8774797656613}, "datetime": {"datetime": "2023-11-14 17:14:02", "elapsed": 1.895585, "delta": 0.002369}}
{"target": 0.6667270683429916, "params": {"p1": -1.66437888260195, "p2": 1.7473244858782058, "p3": 407.1736445517731}, "datetime": {"datetime": "2023-11-14 17:14:02", "elapsed": 1.897924, "delta": 0.002339}}
{"target": 0.6891872056601871, "params": {"p1": -2.359724030412874, "p2": 2.4580927242778596, "p3": 383.6077876821933}, "datetime": {"datetime": "2023-11-14 17:14:02", "elapsed": 1.900219, "delta": 0.002295}}
{"target": 0.6781198916198299, "params": {"p1": -2.3969689197313295, "p2": 2.333269952514857, "p3": 268.4371750447255}, "datetime": {"datetime": "2023-11-14 17:14:02", "elapsed": 1.902576, "delta": 0.002357}}
{"target": 0.6930933164979602, "params": {"p1": -2.350156169121724, "p2": 1.9959753658353772, "p3": 305.7801872720246}, "datetime": {"datetime": "2023-11-14 17:14:02", "elapsed": 1.904864, "delta": 0.002288}}
{"target": 0.6504516065189369, "params": {"p1": -1.5268309593616374, "p2": 2.4229772377389818, "p3": 491.48440606772266}, "datetime": {"datetime": "2023-11-14 17:14:02", "elapsed": 1.907177, "delta": 0.002313}}
{"target": 0.7015565566464688, "params": {"p1": -1.7883412313602658, "p2": 1.5481906169860107, "p3": 269.9780868998332}, "datetime": {"datetime": "2023-11-14 17:14:02", "elapsed": 1.909498, "delta": 0.002321}}
{"target": 0.7005800289370254, "params": {"p1": -2.107054590855427, "p2": 1.592962414282253, "p3": 341.11460654731263}, "datetime": {"datetime": "2023-11-14 17:14:02", "elapsed": 1.91183, "delta": 0.002332}}
{"target": 0.6927678072614791, "params": {"p1": -1.7818388956580107, "p2": 1.6496418498317693, "p3": 102.5487241867253}, "datetime": {"datetime": "2023-11-14 17:14:02", "elapsed": 1.914191, "delta": 0.002361}}
{"target": 0.6677035960524349, "params": {"p1": -1.9561319120088554, "p2": 2.273268858432477, "p3": 173.32524288597716}, "datetime": {"datetime": "2023-11-14 17:14:02", "elapsed": 1.916523, "delta": 0.002332}}
{"target": 0.6904892426061116, "params": {"p1": -2.316217241764302, "p2": 2.1396280724444185, "p3": 377.90478918846975}, "datetime": {"datetime": "2023-11-14 17:14:02", "elapsed": 1.918818, "delta": 0.002295}}
{"target": 0.6686801237618781, "params": {"p1": -1.5567621664810602, "p2": 1.9048364011421655, "p3": 539.8516880885661}, "datetime": {"datetime": "2023-11-14 17:14:02", "elapsed": 1.921135, "delta": 0.002317}}
{"target": 0.688861696423706, "params": {"p1": -2.1391973437827265, "p2": 2.1478993750553346, "p3": 402.3151375702378}, "datetime": {"datetime": "2023-11-14 17:14:02", "elapsed": 1.923482, "delta": 0.002347}}
{"target": 0.6781198916198299, "params": {"p1": -1.9883628739504864, "p2": 2.3345675767634, "p3": 353.5367329790739}, "datetime": {"datetime": "2023-11-14 17:14:02", "elapsed": 1.925833, "delta": 0.002351}}
{"target": 0.6709586884172458, "params": {"p1": -1.542981792704591, "p2": 2.2150841982754463, "p3": 276.9081862351218}, "datetime": {"datetime": "2023-11-14 17:14:02", "elapsed": 1.928146, "delta": 0.002313}}
{"target": 0.6729117438361324, "params": {"p1": -1.7936017325046287, "p2": 2.370227652713307, "p3": 228.81523627574924}, "datetime": {"datetime": "2023-11-14 17:14:02", "elapsed": 1.930438, "delta": 0.002292}}
{"target": 0.69895248275462, "params": {"p1": -2.320741608919345, "p2": 1.523558761103975, "p3": 463.74725613782726}, "datetime": {"datetime": "2023-11-14 17:14:02", "elapsed": 1.932821, "delta": 0.002383}}
{"target": 0.6930933164979602, "params": {"p1": -2.419463561483087, "p2": 1.675635150623089, "p3": 119.97758885428281}, "datetime": {"datetime": "2023-11-14 17:14:02", "elapsed": 1.935223, "delta": 0.002402}}
{"target": 0.6865831317683384, "params": {"p1": -1.858842480757035, "p2": 1.812460989446412, "p3": 302.6826559864618}, "datetime": {"datetime": "2023-11-14 17:14:02", "elapsed": 1.937595, "delta": 0.002372}}
{"target": 0.6797474378022353, "params": {"p1": -2.484100047416309, "p2": 2.1438277523364357, "p3": 232.51509628071233}, "datetime": {"datetime": "2023-11-14 17:14:02", "elapsed": 1.939891, "delta": 0.002296}}
{"target": 0.6859321132953762, "params": {"p1": -1.8118802492755943, "p2": 1.8956691679974025, "p3": 215.26554365654187}, "datetime": {"datetime": "2023-11-14 17:14:02", "elapsed": 1.942203, "delta": 0.002312}}
{"target": 0.69602289962629, "params": {"p1": -2.2601510226146586, "p2": 1.787460209138232, "p3": 512.028466068723}, "datetime": {"datetime": "2023-11-14 17:14:02", "elapsed": 1.944621, "delta": 0.002418}}
{"target": 0.69602289962629, "params": {"p1": -1.8574701076795828, "p2": 1.8221700405544468, "p3": 111.53695127640948}, "datetime": {"datetime": "2023-11-14 17:14:02", "elapsed": 1.947008, "delta": 0.002387}}
{"target": 0.688861696423706, "params": {"p1": -2.334342073591589, "p2": 2.4725068187157433, "p3": 367.31924960763075}, "datetime": {"datetime": "2023-11-14 17:14:02", "elapsed": 1.949354, "delta": 0.002346}}
{"target": 0.6976504458086956, "params": {"p1": -2.3751899398701743, "p2": 1.6378510120391958, "p3": 421.2808014053309}, "datetime": {"datetime": "2023-11-14 17:14:02", "elapsed": 1.951705, "delta": 0.002351}}
{"target": 0.6927678072614791, "params": {"p1": -2.352515233158269, "p2": 2.0228535156481464, "p3": 194.93535836607344}, "datetime": {"datetime": "2023-11-14 17:14:02", "elapsed": 1.954064, "delta": 0.002359}}
{"target": 0.6768178546739055, "params": {"p1": -1.6873314762494935, "p2": 1.7686233829312819, "p3": 438.111231990119}, "datetime": {"datetime": "2023-11-14 17:14:02", "elapsed": 1.956415, "delta": 0.002351}}
{"target": 0.6904892426061116, "params": {"p1": -2.064401136679296, "p2": 1.6861786158942618, "p3": 349.97304344561155}, "datetime": {"datetime": "2023-11-14 17:14:02", "elapsed": 1.958794, "delta": 0.002379}}
{"target": 0.6722607253631703, "params": {"p1": -1.669142101357199, "p2": 1.9881656139831012, "p3": 222.10048458547408}, "datetime": {"datetime": "2023-11-14 17:14:02", "elapsed": 1.961118, "delta": 0.002324}}
{"target": 0.6807239655116786, "params": {"p1": -2.2622259516346666, "p2": 1.9928122437671072, "p3": 350.7928823205466}, "datetime": {"datetime": "2023-11-14 17:14:02", "elapsed": 1.963452, "delta": 0.002334}}
{"target": 0.6996035012275821, "params": {"p1": -2.3959742437783387, "p2": 1.9138601733493426, "p3": 478.64072880049406}, "datetime": {"datetime": "2023-11-14 17:14:02", "elapsed": 1.965799, "delta": 0.002347}}
{"target": 0.6758413269644623, "params": {"p1": -2.347945179527322, "p2": 2.170283954000098, "p3": 233.3979195490109}, "datetime": {"datetime": "2023-11-14 17:14:02", "elapsed": 1.968102, "delta": 0.002303}}
{"target": 0.6817004932211219, "params": {"p1": -2.042667694602298, "p2": 1.8656126992333402, "p3": 410.5722961033062}, "datetime": {"datetime": "2023-11-14 17:14:02", "elapsed": 1.970445, "delta": 0.002343}}
{"target": 0.6768178546739055, "params": {"p1": -1.7953084815232183, "p2": 2.0492447726691676, "p3": 374.8833766895682}, "datetime": {"datetime": "2023-11-14 17:14:02", "elapsed": 1.972795, "delta": 0.00235}}
{"target": 0.6738882715455756, "params": {"p1": -1.5603045022748747, "p2": 2.208448521895236, "p3": 315.04060589031087}, "datetime": {"datetime": "2023-11-14 17:14:02", "elapsed": 1.975185, "delta": 0.00239}}
{"target": 0.6800729470387165, "params": {"p1": -1.6851507661916396, "p2": 1.5186800557930993, "p3": 380.1528548088886}, "datetime": {"datetime": "2023-11-14 17:14:02", "elapsed": 1.977623, "delta": 0.002438}}
{"target": 0.685281094822414, "params": {"p1": -1.8460526290051211, "p2": 1.6130311781002094, "p3": 541.2044912022325}, "datetime": {"datetime": "2023-11-14 17:14:02", "elapsed": 1.980078, "delta": 0.002455}}
{"target": 0.6732372530726134, "params": {"p1": -2.1420835112829164, "p2": 2.2570916356942448, "p3": 194.74441021741777}, "datetime": {"datetime": "2023-11-14 17:14:02", "elapsed": 1.982503, "delta": 0.002425}}
{"target": 0.6901637333696304, "params": {"p1": -1.5938110318192387, "p2": 1.532057603681248, "p3": 336.9219374680667}, "datetime": {"datetime": "2023-11-14 17:14:02", "elapsed": 1.984894, "delta": 0.002391}}
{"target": 0.7002545197005443, "params": {"p1": -2.473060165196266, "p2": 1.719951351546356, "p3": 325.3722950372178}, "datetime": {"datetime": "2023-11-14 17:14:02", "elapsed": 1.987352, "delta": 0.002458}}
{"target": 0.682026002457603, "params": {"p1": -1.883511371562982, "p2": 1.7466372557681349, "p3": 533.9952105908576}, "datetime": {"datetime": "2023-11-14 17:14:02", "elapsed": 1.98975, "delta": 0.002398}}
{"target": 0.6908147518425926, "params": {"p1": -2.1747836267849734, "p2": 2.1337774106143597, "p3": 358.43363937040044}, "datetime": {"datetime": "2023-11-14 17:14:02", "elapsed": 1.992146, "delta": 0.002396}}
{"target": 0.6810494747481597, "params": {"p1": -2.0441000730360983, "p2": 2.0540727983472107, "p3": 172.87446444401803}, "datetime": {"datetime": "2023-11-14 17:14:02", "elapsed": 1.994527, "delta": 0.002381}}
{"target": 0.6865831317683384, "params": {"p1": -2.200075498535938, "p2": 1.740741655324455, "p3": 176.9050476020562}, "datetime": {"datetime": "2023-11-14 17:14:02", "elapsed": 1.996912, "delta": 0.002385}}
{"target": 0.682026002457603, "params": {"p1": -2.079048953111204, "p2": 1.999132182039821, "p3": 167.92033082595214}, "datetime": {"datetime": "2023-11-14 17:14:02", "elapsed": 1.999275, "delta": 0.002363}}
{"target": 0.6761668362009433, "params": {"p1": -1.8269696058270393, "p2": 2.2946582810526115, "p3": 348.09218248012985}, "datetime": {"datetime": "2023-11-14 17:14:02", "elapsed": 2.001708, "delta": 0.002433}}
{"target": 0.6800729470387165, "params": {"p1": -1.9312216836769376, "p2": 1.9271091896061607, "p3": 222.42186306572992}, "datetime": {"datetime": "2023-11-14 17:14:02", "elapsed": 2.004127, "delta": 0.002419}}
{"target": 0.6833280394035275, "params": {"p1": -1.8621161891497509, "p2": 2.1643726319955543, "p3": 207.7118688713009}, "datetime": {"datetime": "2023-11-14 17:14:02", "elapsed": 2.006592, "delta": 0.002465}}
{"target": 0.682026002457603, "params": {"p1": -2.4995833409011765, "p2": 1.9441031135577718, "p3": 144.45813560272802}, "datetime": {"datetime": "2023-11-14 17:14:02", "elapsed": 2.009004, "delta": 0.002412}}
{"target": 0.6917912795520358, "params": {"p1": -2.049306597306874, "p2": 1.9145559602209667, "p3": 137.89734173181523}, "datetime": {"datetime": "2023-11-14 17:14:02", "elapsed": 2.011425, "delta": 0.002421}}
{"target": 0.6862576225318573, "params": {"p1": -1.5699716406392263, "p2": 1.7753950501775861, "p3": 258.67238742119304}, "datetime": {"datetime": "2023-11-14 17:14:02", "elapsed": 2.013848, "delta": 0.002423}}
{"target": 0.6768178546739055, "params": {"p1": -2.2805617632096666, "p2": 2.2547254482615573, "p3": 275.8444323665118}, "datetime": {"datetime": "2023-11-14 17:14:02", "elapsed": 2.016216, "delta": 0.002368}}
{"target": 0.6738882715455756, "params": {"p1": -1.511218104848931, "p2": 2.058964429991904, "p3": 339.74012046045357}, "datetime": {"datetime": "2023-11-14 17:14:02", "elapsed": 2.018707, "delta": 0.002491}}
{"target": 0.6908147518425926, "params": {"p1": -2.0979414537454066, "p2": 2.1304442603009193, "p3": 502.0693297125536}, "datetime": {"datetime": "2023-11-14 17:14:02", "elapsed": 2.021156, "delta": 0.002449}}
{"target": 0.7044861397747986, "params": {"p1": -2.4546490726344143, "p2": 1.6637832363604201, "p3": 430.9184048565989}, "datetime": {"datetime": "2023-11-14 17:14:02", "elapsed": 2.023582, "delta": 0.002426}}
{"target": 0.6891872056601871, "params": {"p1": -2.0533451451669356, "p2": 1.9541926441896678, "p3": 324.62464855902886}, "datetime": {"datetime": "2023-11-14 17:14:02", "elapsed": 2.025955, "delta": 0.002373}}
{"target": 0.6859321132953762, "params": {"p1": -1.916753447657593, "p2": 2.0094463708855224, "p3": 441.0411021568403}, "datetime": {"datetime": "2023-11-14 17:14:02", "elapsed": 2.028386, "delta": 0.002431}}
{"target": 0.6973249365722145, "params": {"p1": -2.0938037357222665, "p2": 2.439282130524927, "p3": 524.7511432783617}, "datetime": {"datetime": "2023-11-14 17:14:02", "elapsed": 2.030798, "delta": 0.002412}}
{"target": 0.6699821607078025, "params": {"p1": -1.5870054634955408, "p2": 2.2586438009804644, "p3": 515.9059857902496}, "datetime": {"datetime": "2023-11-14 17:14:02", "elapsed": 2.033206, "delta": 0.002408}}
{"target": 0.6872341502413005, "params": {"p1": -2.4926851535540866, "p2": 1.7878725114547473, "p3": 320.04411816500954}, "datetime": {"datetime": "2023-11-14 17:14:02", "elapsed": 2.035653, "delta": 0.002447}}
{"target": 0.6904892426061116, "params": {"p1": -2.4286742691288765, "p2": 1.5974931418561236, "p3": 151.59119428639528}, "datetime": {"datetime": "2023-11-14 17:14:02", "elapsed": 2.038091, "delta": 0.002438}}
{"target": 0.6891872056601871, "params": {"p1": -1.9021693578256462, "p2": 2.105987556256468, "p3": 104.45939363063218}, "datetime": {"datetime": "2023-11-14 17:14:02", "elapsed": 2.040565, "delta": 0.002474}}
{"target": 0.6693311422348404, "params": {"p1": -1.7425094111509378, "p2": 2.3344991254144154, "p3": 206.43927214929906}, "datetime": {"datetime": "2023-11-14 17:14:02", "elapsed": 2.042987, "delta": 0.002422}}
{"target": 0.6904892426061116, "params": {"p1": -2.1500651438345812, "p2": 2.2472150619290354, "p3": 481.7388897137459}, "datetime": {"datetime": "2023-11-14 17:14:02", "elapsed": 2.045385, "delta": 0.002398}}
{"target": 0.6764923454374244, "params": {"p1": -1.9082613978584457, "p2": 2.355523206079887, "p3": 199.8746310778909}, "datetime": {"datetime": "2023-11-14 17:14:02", "elapsed": 2.047881, "delta": 0.002496}}
{"target": 0.6875596594777816, "params": {"p1": -2.2105107520625333, "p2": 1.787455937120816, "p3": 277.3908165618526}, "datetime": {"datetime": "2023-11-14 17:14:02", "elapsed": 2.050377, "delta": 0.002496}}
{"target": 0.6823515116940841, "params": {"p1": -1.991267091821272, "p2": 1.5984095294249516, "p3": 444.5648743180368}, "datetime": {"datetime": "2023-11-14 17:14:02", "elapsed": 2.052782, "delta": 0.002405}}
{"target": 0.6878851687142628, "params": {"p1": -1.9986489820308515, "p2": 1.682540436767542, "p3": 426.5534360185326}, "datetime": {"datetime": "2023-11-14 17:14:02", "elapsed": 2.055205, "delta": 0.002423}}
{"target": 0.6904892426061116, "params": {"p1": -2.269402779909709, "p2": 1.6863491528738042, "p3": 273.9716313613408}, "datetime": {"datetime": "2023-11-14 17:14:02", "elapsed": 2.057688, "delta": 0.002483}}
{"target": 0.6872341502413005, "params": {"p1": -2.4070055990432757, "p2": 1.813803227626216, "p3": 185.47892178349926}, "datetime": {"datetime": "2023-11-14 17:14:02", "elapsed": 2.060153, "delta": 0.002465}}
{"target": 0.6996035012275821, "params": {"p1": -2.380113763043285, "p2": 1.699366187606766, "p3": 440.21233334361875}, "datetime": {"datetime": "2023-11-14 17:14:02", "elapsed": 2.062623, "delta": 0.00247}}
{"target": 0.692442298024998, "params": {"p1": -2.0903604837127574, "p2": 1.6493972415771239, "p3": 306.2619465817004}, "datetime": {"datetime": "2023-11-14 17:14:02", "elapsed": 2.065074, "delta": 0.002451}}
{"target": 0.7051371582477608, "params": {"p1": -2.14294194553428, "p2": 1.7360836419861543, "p3": 409.404655547217}, "datetime": {"datetime": "2023-11-14 17:14:02", "elapsed": 2.067502, "delta": 0.002428}}
{"target": 0.6976504458086956, "params": {"p1": -2.2649835218240852, "p2": 2.129782912271483, "p3": 423.58423120382116}, "datetime": {"datetime": "2023-11-14 17:14:02", "elapsed": 2.069967, "delta": 0.002465}}
{"target": 0.685281094822414, "params": {"p1": -1.68864834712352, "p2": 1.624671009843361, "p3": 350.4299917369809}, "datetime": {"datetime": "2023-11-14 17:14:02", "elapsed": 2.072371, "delta": 0.002404}}
{"target": 0.6983014642816577, "params": {"p1": -1.7505464997916382, "p2": 1.8985133958651388, "p3": 101.45581916215015}, "datetime": {"datetime": "2023-11-14 17:14:02", "elapsed": 2.074768, "delta": 0.002397}}
{"target": 0.6969994273357334, "params": {"p1": -1.5622485730620594, "p2": 1.7128991888721679, "p3": 120.72065968907312}, "datetime": {"datetime": "2023-11-14 17:14:02", "elapsed": 2.077222, "delta": 0.002454}}
{"target": 0.6690056329983592, "params": {"p1": -2.0614747505721005, "p2": 2.4609281738600286, "p3": 258.89230722836305}, "datetime": {"datetime": "2023-11-14 17:14:02", "elapsed": 2.079721, "delta": 0.002499}}
{"target": 0.7067647044301661, "params": {"p1": -2.3628392344753495, "p2": 2.186260593789466, "p3": 498.1958663991803}, "datetime": {"datetime": "2023-11-14 17:14:02", "elapsed": 2.082153, "delta": 0.002432}}
{"target": 0.6699821607078025, "params": {"p1": -1.7395865792045158, "p2": 2.498522923653774, "p3": 391.4406392834781}, "datetime": {"datetime": "2023-11-14 17:14:02", "elapsed": 2.084626, "delta": 0.002473}}
{"target": 0.6940698442074036, "params": {"p1": -1.974162984638462, "p2": 1.8357989327594788, "p3": 108.15337322620405}, "datetime": {"datetime": "2023-11-14 17:14:02", "elapsed": 2.087057, "delta": 0.002431}}
{"target": 0.7054626674842419, "params": {"p1": -1.6011940501456512, "p2": 1.549244153911626, "p3": 131.8428966918568}, "datetime": {"datetime": "2023-11-14 17:14:02", "elapsed": 2.089548, "delta": 0.002491}}
{"target": 0.6761668362009433, "params": {"p1": -1.8262318460893414, "p2": 2.2046060848451874, "p3": 493.2381801099394}, "datetime": {"datetime": "2023-11-14 17:14:02", "elapsed": 2.091957, "delta": 0.002409}}
{"target": 0.6878851687142628, "params": {"p1": -2.2911569333842476, "p2": 1.6853264236312535, "p3": 213.17277147510902}, "datetime": {"datetime": "2023-11-14 17:14:02", "elapsed": 2.09439, "delta": 0.002433}}
{"target": 0.6725862345996513, "params": {"p1": -1.846840336166684, "p2": 2.145108586651097, "p3": 391.98451312111047}, "datetime": {"datetime": "2023-11-14 17:14:02", "elapsed": 2.096842, "delta": 0.002452}}
{"target": 0.7015565566464688, "params": {"p1": -2.038719399183678, "p2": 1.5534922886641325, "p3": 109.8810431099353}, "datetime": {"datetime": "2023-11-14 17:14:02", "elapsed": 2.099396, "delta": 0.002554}}
{"target": 0.7057881767207229, "params": {"p1": -2.3848964957230536, "p2": 1.7888853534849507, "p3": 527.4740060241941}, "datetime": {"datetime": "2023-11-14 17:14:02", "elapsed": 2.101836, "delta": 0.00244}}
{"target": 0.6901637333696304, "params": {"p1": -2.3271954974574682, "p2": 2.1007230605701226, "p3": 273.9676803729631}, "datetime": {"datetime": "2023-11-14 17:14:02", "elapsed": 2.104271, "delta": 0.002435}}
{"target": 0.6797474378022353, "params": {"p1": -1.99826338449774, "p2": 2.2332887213540875, "p3": 272.3276402664733}, "datetime": {"datetime": "2023-11-14 17:14:02", "elapsed": 2.106782, "delta": 0.002511}}
{"target": 0.682026002457603, "params": {"p1": -2.4537508598572213, "p2": 2.422996718593795, "p3": 288.77776948016606}, "datetime": {"datetime": "2023-11-14 17:14:02", "elapsed": 2.109323, "delta": 0.002541}}
{"target": 0.6869086410048195, "params": {"p1": -2.1520440484512395, "p2": 2.3475608479708105, "p3": 434.23506016134354}, "datetime": {"datetime": "2023-11-14 17:14:02", "elapsed": 2.111789, "delta": 0.002466}}
{"target": 0.6817004932211219, "params": {"p1": -1.7569402699892622, "p2": 1.6848437594564907, "p3": 399.18105230876154}, "datetime": {"datetime": "2023-11-14 17:14:02", "elapsed": 2.114221, "delta": 0.002432}}
{"target": 0.678445400856311, "params": {"p1": -2.0066987141762658, "p2": 2.036416367083488, "p3": 116.69424473217893}, "datetime": {"datetime": "2023-11-14 17:14:02", "elapsed": 2.116708, "delta": 0.002487}}
{"target": 0.6839790578764896, "params": {"p1": -2.1359752372790255, "p2": 1.9890248347314516, "p3": 150.01594571773586}, "datetime": {"datetime": "2023-11-14 17:14:02", "elapsed": 2.119231, "delta": 0.002523}}
{"target": 0.6937443349709225, "params": {"p1": -1.5868116680001252, "p2": 1.684433840526267, "p3": 140.40918892608238}, "datetime": {"datetime": "2023-11-14 17:14:02", "elapsed": 2.1217, "delta": 0.002469}}
{"target": 0.6878851687142628, "params": {"p1": -1.607460719715164, "p2": 1.8569825048588653, "p3": 259.36641529087257}, "datetime": {"datetime": "2023-11-14 17:14:02", "elapsed": 2.124192, "delta": 0.002492}}
{"target": 0.6966739180992523, "params": {"p1": -1.802847607768922, "p2": 1.699311819264055, "p3": 270.33275377769246}, "datetime": {"datetime": "2023-11-14 17:14:02", "elapsed": 2.126643, "delta": 0.002451}}
{"target": 0.6849555855859328, "params": {"p1": -2.1373212529781678, "p2": 1.9675772372225673, "p3": 119.66714678648046}, "datetime": {"datetime": "2023-11-14 17:14:02", "elapsed": 2.129211, "delta": 0.002568}}
{"target": 0.6973249365722145, "params": {"p1": -2.3648803340195133, "p2": 1.876810896352827, "p3": 468.4350251196654}, "datetime": {"datetime": "2023-11-14 17:14:02", "elapsed": 2.13247, "delta": 0.003259}}
{"target": 0.6722607253631703, "params": {"p1": -2.135481056428448, "p2": 2.185639278990832, "p3": 105.22939619378826}, "datetime": {"datetime": "2023-11-14 17:14:02", "elapsed": 2.135156, "delta": 0.002686}}
{"target": 0.7012310474099877, "params": {"p1": -2.3948542361646794, "p2": 1.7783367854328471, "p3": 377.19010997362255}, "datetime": {"datetime": "2023-11-14 17:14:02", "elapsed": 2.137681, "delta": 0.002525}}
{"target": 0.6950463719168468, "params": {"p1": -1.5702319497807036, "p2": 1.8437714119352302, "p3": 119.94510512180332}, "datetime": {"datetime": "2023-11-14 17:14:02", "elapsed": 2.140186, "delta": 0.002505}}
{"target": 0.6865831317683384, "params": {"p1": -1.8886808071241243, "p2": 1.8148042181089115, "p3": 346.2230258732445}, "datetime": {"datetime": "2023-11-14 17:14:02", "elapsed": 2.142622, "delta": 0.002436}}
{"target": 0.6930933164979602, "params": {"p1": -2.2988363277935813, "p2": 1.9873130413947093, "p3": 395.4882769337904}, "datetime": {"datetime": "2023-11-14 17:14:02", "elapsed": 2.145051, "delta": 0.002429}}
{"target": 0.685281094822414, "params": {"p1": -1.5588146166718229, "p2": 1.501557976810611, "p3": 287.6292412653403}, "datetime": {"datetime": "2023-11-14 17:14:02", "elapsed": 2.147471, "delta": 0.00242}}
