{"target": 0.6940698442074036, "params": {"p1": -2.115342984092499, "p2": 1.8288009395878133, "p3": 520.441298528983}, "datetime": {"datetime": "2023-11-14 17:14:01", "elapsed": 1.28378, "delta": 0.002053}}
{"target": 0.6813749839846408, "params": {"p1": -2.2383353084665316, "p2": 2.0965793290855963, "p3": 107.07184816467141}, "datetime": {"datetime": "2023-11-14 17:14:01", "elapsed": 1.285836, "delta": 0.002056}}
{"target": 0.6849555855859328, "params": {"p1": -1.9491188521240441, "p2": 1.6854256308380446, "p3": 365.42918723236414}, "datetime": {"datetime": "2023-11-14 17:14:01", "elapsed": 1.288076, "delta": 0.00224}}
{"target": 0.6725862345996513, "params": {"p1": -2.257161805224879, "p2": 2.4767356921311845, "p3": 288.48359731005166}, "datetime": {"datetime": "2023-11-14 17:14:01", "elapsed": 1.290254, "delta": 0.002178}}
{"target": 0.682026002457603, "params": {"p1": -2.3444423613784555, "p2": 1.8617676295332402, "p3": 105.81817470706011}, "datetime": {"datetime": "2023-11-14 17:14:01", "elapsed": 1.29237, "delta": 0.002116}}
{"target": 0.6930933164979602, "params": {"p1": -2.0888104443550626, "p2": 1.8396189710669275, "p3": 527.9889425006859}, "datetime": {"datetime": "2023-11-14 17:14:01", "elapsed": 1.294556, "delta": 0.002186}}
{"target": 0.6664015591065104, "params": {"p1": -1.6096874593102033, "p2": 1.8090712585915345, "p3": 536.1377566472195}, "datetime": {"datetime": "2023-11-14 17:14:01", "elapsed": 1.296838, "delta": 0.002282}}
{"target": 0.6937443349709225, "params": {"p1": -1.719670871925687, "p2": 1.8435265254579045, "p3": 270.0460970372028}, "datetime": {"datetime": "2023-11-14 17:14:01", "elapsed": 1.298831, "delta": 0.001993}}
{"target": 0.6673780868159538, "params": {"p1": -1.56075462266373, "p2": 2.0003480171007566, "p3": 375.1150985514499}, "datetime": {"datetime": "2023-11-14 17:14:01", "elapsed": 1.300794, "delta": 0.001963}}
{"target": 0.6843045671129707, "params": {"p1": -1.7700743256049907, "p2": 1.7902897105516429, "p3": 262.96418922664617}, "datetime": {"datetime": "2023-11-14 17:14:01", "elapsed": 1.304599, "delta": 0.003805}}
{"target": 0.6709586884172458, "params": {"p1": -2.483405738393021, "p2": 2.2342663411783596, "p3": 121.11277610175223}, "datetime": {"datetime": "2023-11-14 17:14:01", "elapsed": 1.309632, "delta": 0.005033}}
{"target": 0.6869086410048195, "params": {"p1": -2.4985877854211873, "p2": 2.102598063586279, "p3": 192.51739788002212}, "datetime": {"datetime": "2023-11-14 17:14:01", "elapsed": 1.314589, "delta": 0.004957}}
{"target": 0.6758413269644623, "params": {"p1": -1.6892078834298263, "p2": 2.268771990806614, "p3": 261.1627772786471}, "datetime": {"datetime": "2023-11-14 17:14:01", "elapsed": 1.319552, "delta": 0.004963}}
{"target": 0.6654250313970672, "params": {"p1": -1.548254654932192, "p2": 1.6175872353120324, "p3": 509.5494100459513}, "datetime": {"datetime": "2023-11-14 17:14:01", "elapsed": 1.324385, "delta": 0.004833}}
{"target": 0.6637974852146618, "params": {"p1": -1.546418721427099, "p2": 2.165461224118306, "p3": 373.3608737907858}, "datetime": {"datetime": "2023-11-14 17:14:01", "elapsed": 1.329306, "delta": 0.004921}}
{"target": 0.6598913743768886, "params": {"p1": -1.6135455446247127, "p2": 2.2661131624279007, "p3": 357.85778198454807}, "datetime": {"datetime": "2023-11-14 17:14:01", "elapsed": 1.334167, "delta": 0.004861}}
{"target": 0.6735627623090945, "params": {"p1": -2.1353293484234266, "p2": 2.290873833560041, "p3": 123.8485982294894}, "datetime": {"datetime": "2023-11-14 17:14:01", "elapsed": 1.339054, "delta": 0.004887}}
{"target": 0.6862576225318573, "params": {"p1": -2.227149055911423, "p2": 1.6514305577231991, "p3": 231.12165720053892}, "datetime": {"datetime": "2023-11-14 17:14:01", "elapsed": 1.344009, "delta": 0.004955}}
{"target": 0.6875596594777816, "params": {"p1": -1.778259416734158, "p2": 1.9841717565665735, "p3": 139.6017511904985}, "datetime": {"datetime": "2023-11-14 17:14:01", "elapsed": 1.348923, "delta": 0.004914}}
{"target": 0.6751903084915001, "params": {"p1": -1.5908024868875659, "p2": 2.13912617250858, "p3": 243.81198025523483}, "datetime": {"datetime": "2023-11-14 17:14:01", "elapsed": 1.353811, "delta": 0.004888}}
{"target": 0.6891872056601871, "params": {"p1": -1.699666287754105, "p2": 1.772334273759352, "p3": 212.22703055014537}, "datetime": {"datetime": "2023-11-14 17:14:01", "elapsed": 1.358867, "delta": 0.005056}}
{"target": 0.6703076699442836, "params": {"p1": -1.5545875905104705, "p2": 1.9177159580066787, "p3": 508.6745726743133}, "datetime": {"datetime": "2023-11-14 17:14:01", "elapsed": 1.363828, "delta": 0.004961}}
{"target": 0.6771433639103865, "params": {"p1": -1.672234281017365, "p2": 1.5531524698874084, "p3": 296.2070030497076}, "datetime": {"datetime": "2023-11-14 17:14:01", "elapsed": 1.36872, "delta": 0.004892}}
{"target": 0.6943953534438847, "params": {"p1": -2.135527046916927, "p2": 1.6319943951747966, "p3": 488.3829741418688}, "datetime": {"datetime": "2023-11-14 17:14:01", "elapsed": 1.373677, "delta": 0.004957}}
{"target": 0.6670525775794727, "params": {"p1": -1.6357796270757998, "p2": 2.3451471704835, "p3": 297.6942910197676}, "datetime": {"datetime": "2023-11-14 17:14:01", "elapsed": 1.378619, "delta": 0.004942}}
{"target": 0.7100197967949772, "params": {"p1": -2.3023978205926605, "p2": 2.4591870648888907, "p3": 512.6735603057714}, "datetime": {"datetime": "2023-11-14 17:14:01", "elapsed": 1.38177, "delta": 0.003151}}
{"target": 0.6810494747481597, "params": {"p1": -1.9293413742119645, "p2": 1.7051183830753605, "p3": 342.549554276589}, "datetime": {"datetime": "2023-11-14 17:14:01", "elapsed": 1.384384, "delta": 0.002614}}
{"target": 0.6898382241331493, "params": {"p1": -1.8805814259173488, "p2": 1.6797245906081102, "p3": 243.02460519311404}, "datetime": {"datetime": "2023-11-14 17:14:01", "elapsed": 1.38933, "delta": 0.004946}}
{"target": 0.7054626674842419, "params": {"p1": -2.309073295249807, "p2": 1.5499080472115052, "p3": 496.88790729649884}, "datetime": {"datetime": "2023-11-14 17:14:01", "elapsed": 1.394273, "delta": 0.004943}}
{"target": 0.6898382241331493, "params": {"p1": -1.9036920082147504, "p2": 1.6138379441654522, "p3": 380.89628583409035}, "datetime": {"datetime": "2023-11-14 17:14:01", "elapsed": 1.398646, "delta": 0.004373}}
{"target": 0.6686801237618781, "params": {"p1": -2.4096385557232844, "p2": 2.4710013550778815, "p3": 255.29127321787897}, "datetime": {"datetime": "2023-11-14 17:14:01", "elapsed": 1.402298, "delta": 0.003652}}
{"target": 0.6914657703155548, "params": {"p1": -2.0629747471436817, "p2": 1.6036066090703858, "p3": 182.2321089396661}, "datetime": {"datetime": "2023-11-14 17:14:01", "elapsed": 1.40594, "delta": 0.003642}}
{"target": 0.6810494747481597, "params": {"p1": -1.8566851847118966, "p2": 1.5996590390534013, "p3": 393.92703521091585}, "datetime": {"datetime": "2023-11-14 17:14:01", "elapsed": 1.409619, "delta": 0.003679}}
{"target": 0.6878851687142628, "params": {"p1": -2.0688759586531655, "p2": 2.4186235525563444, "p3": 448.01985476981133}, "datetime": {"datetime": "2023-11-14 17:14:01", "elapsed": 1.413269, "delta": 0.00365}}
{"target": 0.6657505406335483, "params": {"p1": -2.3985687519876877, "p2": 2.4450876320501838, "p3": 209.87399331332313}, "datetime": {"datetime": "2023-11-14 17:14:01", "elapsed": 1.416884, "delta": 0.003615}}
{"target": 0.674864799255019, "params": {"p1": -1.760420630059797, "p2": 2.3300197487042666, "p3": 114.460071880382}, "datetime": {"datetime": "2023-11-14 17:14:01", "elapsed": 1.420534, "delta": 0.00365}}
{"target": 0.6830025301670464, "params": {"p1": -2.2939880610629357, "p2": 1.9409714074153221, "p3": 106.17999024649407}, "datetime": {"datetime": "2023-11-14 17:14:01", "elapsed": 1.424154, "delta": 0.00362}}
{"target": 0.6856066040588951, "params": {"p1": -1.9420680965440944, "p2": 2.1079358097741996, "p3": 162.02690229335826}, "datetime": {"datetime": "2023-11-14 17:14:01", "elapsed": 1.427849, "delta": 0.003695}}
{"target": 0.6875596594777816, "params": {"p1": -1.6859588380734443, "p2": 1.679824662932616, "p3": 269.46351092379996}, "datetime": {"datetime": "2023-11-14 17:14:01", "elapsed": 1.431473, "delta": 0.003624}}
{"target": 0.6738882715455756, "params": {"p1": -1.9252232981968374, "p2": 2.33961865420374, "p3": 343.0249884757832}, "datetime": {"datetime": "2023-11-14 17:14:01", "elapsed": 1.435167, "delta": 0.003694}}
{"target": 0.6882106779507438, "params": {"p1": -2.2133790608569224, "p2": 1.6347053763440473, "p3": 153.66274636723256}, "datetime": {"datetime": "2023-11-14 17:14:01", "elapsed": 1.438831, "delta": 0.003664}}
{"target": 0.7165299815245991, "params": {"p1": -2.4413314620509103, "p2": 1.808430913573774, "p3": 544.2405903027674}, "datetime": {"datetime": "2023-11-14 17:14:01", "elapsed": 1.442499, "delta": 0.003668}}
{"target": 0.7087177598490528, "params": {"p1": -2.425115973503405, "p2": 2.2758639975999797, "p3": 488.55179702299273}, "datetime": {"datetime": "2023-11-14 17:14:01", "elapsed": 1.446147, "delta": 0.003648}}
{"target": 0.6719352161266892, "params": {"p1": -1.720834665371796, "p2": 2.176363062691852, "p3": 181.77421890876826}, "datetime": {"datetime": "2023-11-14 17:14:01", "elapsed": 1.449839, "delta": 0.003692}}
{"target": 0.6807239655116786, "params": {"p1": -1.7347793368981552, "p2": 1.5608428704955606, "p3": 386.67299962966496}, "datetime": {"datetime": "2023-11-14 17:14:01", "elapsed": 1.453459, "delta": 0.00362}}
{"target": 0.6846300763494517, "params": {"p1": -1.8053364829627676, "p2": 1.8921733877956957, "p3": 496.6808060342632}, "datetime": {"datetime": "2023-11-14 17:14:01", "elapsed": 1.457087, "delta": 0.003628}}
{"target": 0.702533084355912, "params": {"p1": -2.2607008176894774, "p2": 1.9150586306324655, "p3": 438.2710614054388}, "datetime": {"datetime": "2023-11-14 17:14:01", "elapsed": 1.460753, "delta": 0.003666}}
{"target": 0.6908147518425926, "params": {"p1": -2.3543337968452263, "p2": 1.5550031604437133, "p3": 226.4887526255215}, "datetime": {"datetime": "2023-11-14 17:14:01", "elapsed": 1.464364, "delta": 0.003611}}
{"target": 0.6882106779507438, "params": {"p1": -1.9116293238923348, "p2": 2.048746783998881, "p3": 529.4833961299844}, "datetime": {"datetime": "2023-11-14 17:14:01", "elapsed": 1.468052, "delta": 0.003688}}
{"target": 0.6904892426061116, "params": {"p1": -1.9349691613745987, "p2": 1.8891768329183982, "p3": 132.2281341294658}, "datetime": {"datetime": "2023-11-14 17:14:01", "elapsed": 1.47177, "delta": 0.003718}}
{"target": 0.6839790578764896, "params": {"p1": -1.9010116866774043, "p2": 1.9549793958754447, "p3": 533.9599425146515}, "datetime": {"datetime": "2023-11-14 17:14:01", "elapsed": 1.475585, "delta": 0.003815}}
{"target": 0.699277991991101, "params": {"p1": -2.3196273199472937, "p2": 1.6791042299061774, "p3": 220.6724741556567}, "datetime": {"datetime": "2023-11-14 17:14:01", "elapsed": 1.478236, "delta": 0.002651}}
{"target": 0.6729117438361324, "params": {"p1": -1.878887856454168, "p2": 2.259585599867857, "p3": 267.7311645041999}, "datetime": {"datetime": "2023-11-14 17:14:01", "elapsed": 1.480418, "delta": 0.002182}}
{"target": 0.6631464667416995, "params": {"p1": -2.0166810619759707, "p2": 2.281332857018229, "p3": 142.85695510708}, "datetime": {"datetime": "2023-11-14 17:14:01", "elapsed": 1.48261, "delta": 0.002192}}
{"target": 0.7080667413760906, "params": {"p1": -2.4598258969346856, "p2": 2.4909343331645375, "p3": 465.4504809150011}, "datetime": {"datetime": "2023-11-14 17:14:01", "elapsed": 1.484749, "delta": 0.002139}}
{"target": 0.6875596594777816, "params": {"p1": -2.018109152509412, "p2": 1.8970179275957437, "p3": 438.74030517799156}, "datetime": {"datetime": "2023-11-14 17:14:01", "elapsed": 1.486942, "delta": 0.002193}}
{"target": 0.6856066040588951, "params": {"p1": -2.3070900331698643, "p2": 2.0067202676322586, "p3": 207.17516460072875}, "datetime": {"datetime": "2023-11-14 17:14:01", "elapsed": 1.489152, "delta": 0.00221}}
{"target": 0.6921167887885169, "params": {"p1": -1.8624242704286518, "p2": 1.7346819551746433, "p3": 284.1830661081534}, "datetime": {"datetime": "2023-11-14 17:14:01", "elapsed": 1.491322, "delta": 0.00217}}
{"target": 0.7005800289370254, "params": {"p1": -2.1495929106538463, "p2": 2.2402267939906233, "p3": 477.7150632741738}, "datetime": {"datetime": "2023-11-14 17:14:01", "elapsed": 1.493542, "delta": 0.00222}}
{"target": 0.6631464667416995, "params": {"p1": -1.5884616365077608, "p2": 2.269344836585089, "p3": 403.4512965536825}, "datetime": {"datetime": "2023-11-14 17:14:01", "elapsed": 1.495719, "delta": 0.002177}}
{"target": 0.6917912795520358, "params": {"p1": -2.476570557241043, "p2": 1.9310995363785834, "p3": 366.74946753205217}, "datetime": {"datetime": "2023-11-14 17:14:01", "elapsed": 1.497899, "delta": 0.00218}}
{"target": 0.6624954482687373, "params": {"p1": -1.691270673042768, "p2": 2.3663917861585686, "p3": 186.62940915301806}, "datetime": {"datetime": "2023-11-14 17:14:01", "elapsed": 1.500072, "delta": 0.002173}}
{"target": 0.6983014642816577, "params": {"p1": -2.4730785512601803, "p2": 1.52229741428479, "p3": 391.9264212949843}, "datetime": {"datetime": "2023-11-14 17:14:01", "elapsed": 1.502238, "delta": 0.002166}}
{"target": 0.6556597543026343, "params": {"p1": -1.662198712234439, "p2": 2.4629875266557244, "p3": 481.78195162216537}, "datetime": {"datetime": "2023-11-14 17:14:01", "elapsed": 1.504443, "delta": 0.002205}}
{"target": 0.6706331791807647, "params": {"p1": -2.3458783223181436, "p2": 2.2577528048941655, "p3": 121.61850205023981}, "datetime": {"datetime": "2023-11-14 17:14:01", "elapsed": 1.506622, "delta": 0.002179}}
{"target": 0.6963484088627712, "params": {"p1": -2.1989380174717637, "p2": 1.7779683921821845, "p3": 461.3045865222726}, "datetime": {"datetime": "2023-11-14 17:14:01", "elapsed": 1.508784, "delta": 0.002162}}
{"target": 0.6686801237618781, "params": {"p1": -2.4878976572144618, "p2": 2.3705407786531, "p3": 189.19303654475945}, "datetime": {"datetime": "2023-11-14 17:14:01", "elapsed": 1.511009, "delta": 0.002225}}
{"target": 0.6826770209305653, "params": {"p1": -1.936529361850917, "p2": 1.805877756092934, "p3": 382.69804082521114}, "datetime": {"datetime": "2023-11-14 17:14:01", "elapsed": 1.513231, "delta": 0.002222}}
{"target": 0.6803984562751976, "params": {"p1": -2.2490068639787193, "p2": 2.375104660385296, "p3": 329.18199158629614}, "datetime": {"datetime": "2023-11-14 17:14:01", "elapsed": 1.5155, "delta": 0.002269}}
{"target": 0.6869086410048195, "params": {"p1": -2.0772478481390375, "p2": 2.1308450945626363, "p3": 320.54012167256997}, "datetime": {"datetime": "2023-11-14 17:14:01", "elapsed": 1.5177, "delta": 0.0022}}
{"target": 0.6751903084915001, "params": {"p1": -1.7213275582944645, "p2": 2.20058367482205, "p3": 229.10321184005497}, "datetime": {"datetime": "2023-11-14 17:14:01", "elapsed": 1.519904, "delta": 0.002204}}
{"target": 0.6556597543026343, "params": {"p1": -1.9109877900104608, "p2": 2.4636393153561897, "p3": 147.3416649533753}, "datetime": {"datetime": "2023-11-14 17:14:01", "elapsed": 1.522062, "delta": 0.002158}}
{"target": 0.6996035012275821, "params": {"p1": -2.3080307644253892, "p2": 2.0292499204776866, "p3": 476.3026156944376}, "datetime": {"datetime": "2023-11-14 17:14:01", "elapsed": 1.524248, "delta": 0.002186}}
{"target": 0.6631464667416995, "params": {"p1": -1.579301251390437, "p2": 2.118430265651523, "p3": 487.1342915659426}, "datetime": {"datetime": "2023-11-14 17:14:01", "elapsed": 1.526501, "delta": 0.002253}}
{"target": 0.6823515116940841, "params": {"p1": -2.07557879031427, "p2": 2.2715476492017403, "p3": 316.72176357452327}, "datetime": {"datetime": "2023-11-14 17:14:01", "elapsed": 1.528724, "delta": 0.002223}}
{"target": 0.674864799255019, "params": {"p1": -1.848947745414935, "p2": 2.4012874263623973, "p3": 305.1964972007986}, "datetime": {"datetime": "2023-11-14 17:14:01", "elapsed": 1.530924, "delta": 0.0022}}
{"target": 0.688861696423706, "params": {"p1": -1.9704467335194096, "p2": 1.9665957634536402, "p3": 452.97590201912163}, "datetime": {"datetime": "2023-11-14 17:14:01", "elapsed": 1.533108, "delta": 0.002184}}
{"target": 0.685281094822414, "params": {"p1": -2.2642503259167825, "p2": 1.6722786456223004, "p3": 405.20834183734854}, "datetime": {"datetime": "2023-11-14 17:14:01", "elapsed": 1.5353, "delta": 0.002192}}
{"target": 0.6817004932211219, "params": {"p1": -1.7131248780502442, "p2": 1.7415376045763202, "p3": 270.23574860939254}, "datetime": {"datetime": "2023-11-14 17:14:01", "elapsed": 1.537528, "delta": 0.002228}}
{"target": 0.6983014642816577, "params": {"p1": -2.0924174034980205, "p2": 1.7913974276411555, "p3": 311.28371191406745}, "datetime": {"datetime": "2023-11-14 17:14:01", "elapsed": 1.539755, "delta": 0.002227}}
{"target": 0.6843045671129707, "params": {"p1": -1.546818136390516, "p2": 1.683766145456996, "p3": 341.3869203643626}, "datetime": {"datetime": "2023-11-14 17:14:01", "elapsed": 1.54195, "delta": 0.002195}}
{"target": 0.6937443349709225, "params": {"p1": -2.300922836416171, "p2": 1.887472175642852, "p3": 264.71725358567096}, "datetime": {"datetime": "2023-11-14 17:14:01", "elapsed": 1.544177, "delta": 0.002227}}
{"target": 0.6787709100927921, "params": {"p1": -1.5894269798486547, "p2": 2.1559339450123254, "p3": 260.09997615489317}, "datetime": {"datetime": "2023-11-14 17:14:01", "elapsed": 1.546377, "delta": 0.0022}}
{"target": 0.6891872056601871, "params": {"p1": -1.7790786248487451, "p2": 1.8115857572869243, "p3": 229.80891289240316}, "datetime": {"datetime": "2023-11-14 17:14:01", "elapsed": 1.548637, "delta": 0.00226}}
{"target": 0.6751903084915001, "params": {"p1": -1.5106655497252164, "p2": 2.3092355423344206, "p3": 193.79354608079603}, "datetime": {"datetime": "2023-11-14 17:14:01", "elapsed": 1.550817, "delta": 0.00218}}
{"target": 0.6950463719168468, "params": {"p1": -2.1221569067052064, "p2": 1.9447062202279342, "p3": 531.073950134544}, "datetime": {"datetime": "2023-11-14 17:14:01", "elapsed": 1.553036, "delta": 0.002219}}
{"target": 0.6670525775794727, "params": {"p1": -1.56476028586773, "p2": 1.7454051748047705, "p3": 507.77994095278393}, "datetime": {"datetime": "2023-11-14 17:14:01", "elapsed": 1.55524, "delta": 0.002204}}
{"target": 0.6966739180992523, "params": {"p1": -2.071336848998929, "p2": 2.004500735784839, "p3": 479.3890696036944}, "datetime": {"datetime": "2023-11-14 17:14:01", "elapsed": 1.557485, "delta": 0.002245}}
{"target": 0.6810494747481597, "params": {"p1": -1.8913320769917967, "p2": 2.2276387415217886, "p3": 353.06611427188545}, "datetime": {"datetime": "2023-11-14 17:14:01", "elapsed": 1.559745, "delta": 0.00226}}
{"target": 0.6647740129241051, "params": {"p1": -2.364048751942242, "p2": 2.365933937888067, "p3": 175.15921383898655}, "datetime": {"datetime": "2023-11-14 17:14:01", "elapsed": 1.562044, "delta": 0.002299}}
{"target": 0.702533084355912, "params": {"p1": -2.2924092616264176, "p2": 2.0874894965487445, "p3": 481.06401141338864}, "datetime": {"datetime": "2023-11-14 17:14:01", "elapsed": 1.564295, "delta": 0.002251}}
{"target": 0.69602289962629, "params": {"p1": -2.302731432004224, "p2": 2.074306840596777, "p3": 330.9388647610128}, "datetime": {"datetime": "2023-11-14 17:14:01", "elapsed": 1.566535, "delta": 0.00224}}
{"target": 0.6703076699442836, "params": {"p1": -1.9549996560713483, "p2": 2.361561394096655, "p3": 108.00853358177912}, "datetime": {"datetime": "2023-11-14 17:14:01", "elapsed": 1.568749, "delta": 0.002214}}
{"target": 0.6709586884172458, "params": {"p1": -1.8777105922606772, "p2": 2.426056199912395, "p3": 316.51655543719835}, "datetime": {"datetime": "2023-11-14 17:14:01", "elapsed": 1.571033, "delta": 0.002284}}
{"target": 0.6895127148966682, "params": {"p1": -2.2709505293618184, "p2": 1.7218542804706067, "p3": 197.57950854058217}, "datetime": {"datetime": "2023-11-14 17:14:01", "elapsed": 1.573278, "delta": 0.002245}}
{"target": 0.6572873004850399, "params": {"p1": -1.603468052298911, "p2": 2.313691316720391, "p3": 328.38610583887134}, "datetime": {"datetime": "2023-11-14 17:14:01", "elapsed": 1.575574, "delta": 0.002296}}
{"target": 0.6719352161266892, "params": {"p1": -1.7217839549092724, "p2": 2.133938446398139, "p3": 263.0323535479041}, "datetime": {"datetime": "2023-11-14 17:14:01", "elapsed": 1.578038, "delta": 0.002464}}
{"target": 0.6833280394035275, "params": {"p1": -2.207257596164519, "p2": 2.1177746199005414, "p3": 340.2123607448094}, "datetime": {"datetime": "2023-11-14 17:14:01", "elapsed": 1.580432, "delta": 0.002394}}
{"target": 0.657938318958002, "params": {"p1": -1.5669810283151033, "p2": 2.4517466843991826, "p3": 384.81376918550194}, "datetime": {"datetime": "2023-11-14 17:14:01", "elapsed": 1.582712, "delta": 0.00228}}
{"target": 0.6709586884172458, "params": {"p1": -1.8645033837121106, "p2": 2.2789281840063023, "p3": 250.2779921197808}, "datetime": {"datetime": "2023-11-14 17:14:01", "elapsed": 1.584953, "delta": 0.002241}}
{"target": 0.6823515116940841, "params": {"p1": -2.1002335501280176, "p2": 2.3543109661589967, "p3": 341.89418224905205}, "datetime": {"datetime": "2023-11-14 17:14:01", "elapsed": 1.587194, "delta": 0.002241}}
{"target": 0.6966739180992523, "params": {"p1": -2.219505955220164, "p2": 1.856600462121739, "p3": 403.2818445366598}, "datetime": {"datetime": "2023-11-14 17:14:01", "elapsed": 1.589415, "delta": 0.002221}}
{"target": 0.6869086410048195, "params": {"p1": -2.256895265754249, "p2": 1.7155279856091405, "p3": 132.2198987320384}, "datetime": {"datetime": "2023-11-14 17:14:01", "elapsed": 1.591681, "delta": 0.002266}}
{"target": 0.7002545197005443, "params": {"p1": -2.2124326413385385, "p2": 1.60636525823843, "p3": 548.3416653787804}, "datetime": {"datetime": "2023-11-14 17:14:01", "elapsed": 1.593953, "delta": 0.002272}}
{"target": 0.6904892426061116, "params": {"p1": -2.217539418036778, "p2": 2.31241124527119, "p3": 366.60906890749095}, "datetime": {"datetime": "2023-11-14 17:14:01", "elapsed": 1.596279, "delta": 0.002326}}
