{"target": 0.6917912795520358, "params": {"p1": -2.2615127605752883, "p2": 2.213251383325375, "p3": 292.26190765468084}, "datetime": {"datetime": "2023-11-14 17:14:00", "elapsed": 0.543941, "delta": 0.001469}}
{"target": 0.6976504458086956, "params": {"p1": -2.2126555139773956, "p2": 1.505292804733437, "p3": 545.3822641801236}, "datetime": {"datetime": "2023-11-14 17:14:00", "elapsed": 0.54542, "delta": 0.001479}}
{"target": 0.6891872056601871, "params": {"p1": -2.090672359945779, "p2": 1.5774854842211279, "p3": 465.2695806661236}, "datetime": {"datetime": "2023-11-14 17:14:00", "elapsed": 0.546925, "delta": 0.001505}}
{"target": 0.7035096120653552, "params": {"p1": -2.2137189498184893, "p2": 1.8625872148017435, "p3": 487.0570930227445}, "datetime": {"datetime": "2023-11-14 17:14:00", "elapsed": 0.5484, "delta": 0.001475}}
{"target": 0.7077412321396095, "params": {"p1": -2.3278348657235686, "p2": 1.8687281407556682, "p3": 479.896830289632}, "datetime": {"datetime": "2023-11-14 17:14:00", "elapsed": 0.549883, "delta": 0.001483}}
{"target": 0.6826770209305653, "params": {"p1": -2.1203416027658974, "p2": 2.395931590723336, "p3": 388.6650256878738}, "datetime": {"datetime": "2023-11-14 17:14:00", "elapsed": 0.551351, "delta": 0.001468}}
{"target": 0.6882106779507438, "params": {"p1": -1.7138029460655662, "p2": 1.5594904057244543, "p3": 233.75337067727412}, "datetime": {"datetime": "2023-11-14 17:14:00", "elapsed": 0.552828, "delta": 0.001477}}
{"target": 0.6624954482687373, "params": {"p1": -1.5162201345062092, "p2": 1.6980960729445806, "p3": 462.62439120010987}, "datetime": {"datetime": "2023-11-14 17:14:00", "elapsed": 0.554299, "delta": 0.001471}}
{"target": 0.6901637333696304, "params": {"p1": -2.1793190263644733, "p2": 1.735141477207495, "p3": 178.32817597929764}, "datetime": {"datetime": "2023-11-14 17:14:00", "elapsed": 0.555815, "delta": 0.001516}}
{"target": 0.6986269735181388, "params": {"p1": -2.103426730724175, "p2": 1.829772225927862, "p3": 115.85214041519016}, "datetime": {"datetime": "2023-11-14 17:14:00", "elapsed": 0.557297, "delta": 0.001482}}
{"target": 0.685281094822414, "params": {"p1": -1.9989631386802507, "p2": 2.0707023878310413, "p3": 293.71395053209187}, "datetime": {"datetime": "2023-11-14 17:14:00", "elapsed": 0.558785, "delta": 0.001488}}
{"target": 0.6869086410048195, "params": {"p1": -1.9318914189134533, "p2": 1.9955066565788493, "p3": 476.4154100165724}, "datetime": {"datetime": "2023-11-14 17:14:00", "elapsed": 0.560273, "delta": 0.001488}}
{"target": 0.7015565566464688, "params": {"p1": -2.1491291680752678, "p2": 1.5343375761169162, "p3": 296.3874030446783}, "datetime": {"datetime": "2023-11-14 17:14:00", "elapsed": 0.561752, "delta": 0.001479}}
{"target": 0.7002545197005443, "params": {"p1": -2.1474143421716865, "p2": 1.9625501121659843, "p3": 444.72296805503316}, "datetime": {"datetime": "2023-11-14 17:14:00", "elapsed": 0.563252, "delta": 0.0015}}
{"target": 0.6843045671129707, "params": {"p1": -1.7966972236038856, "p2": 1.8316277257216, "p3": 412.51081498481636}, "datetime": {"datetime": "2023-11-14 17:14:00", "elapsed": 0.56476, "delta": 0.001508}}
{"target": 0.6742137807820567, "params": {"p1": -1.8405018974693927, "p2": 1.8614794261769765, "p3": 400.67225223217116}, "datetime": {"datetime": "2023-11-14 17:14:00", "elapsed": 0.566282, "delta": 0.001522}}
{"target": 0.6738882715455756, "params": {"p1": -1.8960794153397158, "p2": 2.470736718349609, "p3": 421.16580454495784}, "datetime": {"datetime": "2023-11-14 17:14:00", "elapsed": 0.567809, "delta": 0.001527}}
{"target": 0.6927678072614791, "params": {"p1": -1.5227493968901618, "p2": 1.976635667044612, "p3": 161.8071016813912}, "datetime": {"datetime": "2023-11-14 17:14:00", "elapsed": 0.569333, "delta": 0.001524}}
{"target": 0.6745392900185379, "params": {"p1": -1.6404070342570707, "p2": 1.5916717177756026, "p3": 457.2381334151627}, "datetime": {"datetime": "2023-11-14 17:14:00", "elapsed": 0.570943, "delta": 0.00161}}
{"target": 0.7220636385447776, "params": {"p1": -2.426464062716845, "p2": 1.9352860239167438, "p3": 548.4026362550811}, "datetime": {"datetime": "2023-11-14 17:14:00", "elapsed": 0.572447, "delta": 0.001504}}
{"target": 0.6774688731468677, "params": {"p1": -1.7861697132570107, "p2": 2.0422728569598614, "p3": 472.67009175295823}, "datetime": {"datetime": "2023-11-14 17:14:00", "elapsed": 0.573966, "delta": 0.001519}}
{"target": 0.6908147518425926, "params": {"p1": -1.9499756001623956, "p2": 2.0530768037536125, "p3": 340.78479737082296}, "datetime": {"datetime": "2023-11-14 17:14:00", "elapsed": 0.575459, "delta": 0.001493}}
{"target": 0.69602289962629, "params": {"p1": -2.064756140646671, "p2": 1.8185972471048593, "p3": 243.63242496122893}, "datetime": {"datetime": "2023-11-14 17:14:00", "elapsed": 0.577005, "delta": 0.001546}}
{"target": 0.7048116490112797, "params": {"p1": -2.356379277349467, "p2": 2.2695954158352696, "p3": 406.0465767510852}, "datetime": {"datetime": "2023-11-14 17:14:00", "elapsed": 0.578504, "delta": 0.001499}}
{"target": 0.7096942875584961, "params": {"p1": -2.3110891538384397, "p2": 2.4876377796934843, "p3": 500.88335913820157}, "datetime": {"datetime": "2023-11-14 17:14:00", "elapsed": 0.580033, "delta": 0.001529}}
{"target": 0.685281094822414, "params": {"p1": -2.40513380647332, "p2": 2.0556409493312584, "p3": 193.88888665379244}, "datetime": {"datetime": "2023-11-14 17:14:00", "elapsed": 0.581548, "delta": 0.001515}}
{"target": 0.6624954482687373, "params": {"p1": -1.9318092416726267, "p2": 2.4227104383066673, "p3": 107.63437906889698}, "datetime": {"datetime": "2023-11-14 17:14:00", "elapsed": 0.583038, "delta": 0.00149}}
{"target": 0.6595658651404075, "params": {"p1": -1.6121086710452484, "p2": 2.4967148230142517, "p3": 154.57896363544643}, "datetime": {"datetime": "2023-11-14 17:14:00", "elapsed": 0.58457, "delta": 0.001532}}
{"target": 0.7064391951936851, "params": {"p1": -2.444473400256566, "p2": 2.364182827723579, "p3": 456.4821764460075}, "datetime": {"datetime": "2023-11-14 17:14:00", "elapsed": 0.586099, "delta": 0.001529}}
{"target": 0.6810494747481597, "params": {"p1": -1.8152417587199379, "p2": 2.221490888281277, "p3": 503.32355128425564}, "datetime": {"datetime": "2023-11-14 17:14:00", "elapsed": 0.587593, "delta": 0.001494}}
{"target": 0.6862576225318573, "params": {"p1": -2.009321378404179, "p2": 1.502213676392745, "p3": 430.26422898421174}, "datetime": {"datetime": "2023-11-14 17:14:00", "elapsed": 0.589081, "delta": 0.001488}}
{"target": 0.6856066040588951, "params": {"p1": -1.9204650876007041, "p2": 1.520038839324073, "p3": 480.411866556601}, "datetime": {"datetime": "2023-11-14 17:14:00", "elapsed": 0.590601, "delta": 0.00152}}
{"target": 0.6891872056601871, "params": {"p1": -2.1756212781187623, "p2": 1.9821106691420338, "p3": 509.6322237463564}, "datetime": {"datetime": "2023-11-14 17:14:00", "elapsed": 0.592083, "delta": 0.001482}}
{"target": 0.6605423928498508, "params": {"p1": -1.7329687568948946, "p2": 2.382396084075357, "p3": 338.2744914592456}, "datetime": {"datetime": "2023-11-14 17:14:00", "elapsed": 0.593587, "delta": 0.001504}}
{"target": 0.6810494747481597, "params": {"p1": -1.6442277213536896, "p2": 1.6133584646839016, "p3": 263.87811148512117}, "datetime": {"datetime": "2023-11-14 17:14:00", "elapsed": 0.595102, "delta": 0.001515}}
{"target": 0.6758413269644623, "params": {"p1": -2.057119511317032, "p2": 2.4350493141432406, "p3": 251.7856023428007}, "datetime": {"datetime": "2023-11-14 17:14:00", "elapsed": 0.596703, "delta": 0.001601}}
{"target": 0.6807239655116786, "params": {"p1": -1.6987409200556676, "p2": 1.9176980511282933, "p3": 334.17533504503706}, "datetime": {"datetime": "2023-11-14 17:14:00", "elapsed": 0.598312, "delta": 0.001609}}
{"target": 0.6878851687142628, "params": {"p1": -1.6207175003108856, "p2": 1.8379885685739445, "p3": 169.2990044035076}, "datetime": {"datetime": "2023-11-14 17:14:00", "elapsed": 0.599979, "delta": 0.001667}}
{"target": 0.6618444297957752, "params": {"p1": -1.74702294947443, "p2": 2.382421572494096, "p3": 289.03878229572933}, "datetime": {"datetime": "2023-11-14 17:14:00", "elapsed": 0.601585, "delta": 0.001606}}
{"target": 0.7018820658829498, "params": {"p1": -2.3678473828167674, "p2": 2.021852212508803, "p3": 365.5536892588009}, "datetime": {"datetime": "2023-11-14 17:14:00", "elapsed": 0.603095, "delta": 0.00151}}
{"target": 0.6722607253631703, "params": {"p1": -2.415767115325235, "p2": 2.1317253163624534, "p3": 128.19270486528058}, "datetime": {"datetime": "2023-11-14 17:14:00", "elapsed": 0.604646, "delta": 0.001551}}
{"target": 0.6966739180992523, "params": {"p1": -2.4535198309200803, "p2": 1.7005752244607253, "p3": 459.653326654086}, "datetime": {"datetime": "2023-11-14 17:14:00", "elapsed": 0.606245, "delta": 0.001599}}
{"target": 0.6898382241331493, "params": {"p1": -2.460424697404765, "p2": 1.948581070437395, "p3": 245.4263729585891}, "datetime": {"datetime": "2023-11-14 17:14:00", "elapsed": 0.607807, "delta": 0.001562}}
{"target": 0.7038351213018363, "params": {"p1": -2.339332424279462, "p2": 1.751670071029888, "p3": 454.9676985564559}, "datetime": {"datetime": "2023-11-14 17:14:00", "elapsed": 0.609316, "delta": 0.001509}}
{"target": 0.6807239655116786, "params": {"p1": -2.26527493453779, "p2": 1.8835251854240393, "p3": 132.41414042502544}, "datetime": {"datetime": "2023-11-14 17:14:00", "elapsed": 0.610824, "delta": 0.001508}}
{"target": 0.6650995221605861, "params": {"p1": -1.8170751991548952, "p2": 2.449726304519752, "p3": 297.3136083152933}, "datetime": {"datetime": "2023-11-14 17:14:00", "elapsed": 0.612332, "delta": 0.001508}}
{"target": 0.6833280394035275, "params": {"p1": -1.8357154645005886, "p2": 2.3937276705512787, "p3": 498.62640725554553}, "datetime": {"datetime": "2023-11-14 17:14:00", "elapsed": 0.613852, "delta": 0.00152}}
{"target": 0.6729117438361324, "params": {"p1": -1.6778504535125356, "p2": 2.2633625340486194, "p3": 517.4225387817904}, "datetime": {"datetime": "2023-11-14 17:14:00", "elapsed": 0.615349, "delta": 0.001497}}
{"target": 0.6904892426061116, "params": {"p1": -1.964426211526657, "p2": 1.8630278583525184, "p3": 287.5180307936572}, "datetime": {"datetime": "2023-11-14 17:14:00", "elapsed": 0.616986, "delta": 0.001637}}
{"target": 0.6895127148966682, "params": {"p1": -2.0604730637426365, "p2": 2.2609259917057782, "p3": 399.89174308836533}, "datetime": {"datetime": "2023-11-14 17:14:00", "elapsed": 0.618524, "delta": 0.001538}}
{"target": 0.6911402610790737, "params": {"p1": -2.0940856311591185, "p2": 2.02366549552798, "p3": 533.9330328403128}, "datetime": {"datetime": "2023-11-14 17:14:00", "elapsed": 0.620065, "delta": 0.001541}}
{"target": 0.6973249365722145, "params": {"p1": -2.3311795220557205, "p2": 1.7471496408261675, "p3": 354.2220859355008}, "datetime": {"datetime": "2023-11-14 17:14:00", "elapsed": 0.621699, "delta": 0.001634}}
{"target": 0.6830025301670464, "params": {"p1": -1.9184397289260535, "p2": 1.8532978299876388, "p3": 337.1523028084024}, "datetime": {"datetime": "2023-11-14 17:14:00", "elapsed": 0.623445, "delta": 0.001746}}
{"target": 0.6950463719168468, "params": {"p1": -1.7825363298228032, "p2": 1.7296929921767221, "p3": 137.4883916271025}, "datetime": {"datetime": "2023-11-14 17:14:00", "elapsed": 0.625233, "delta": 0.001788}}
{"target": 0.7139259076327503, "params": {"p1": -2.315346202453495, "p2": 2.2496769198518045, "p3": 538.1614566777121}, "datetime": {"datetime": "2023-11-14 17:14:00", "elapsed": 0.627, "delta": 0.001767}}
{"target": 0.6683546145253971, "params": {"p1": -1.6266101453183404, "p2": 2.223415106718318, "p3": 461.0605190055578}, "datetime": {"datetime": "2023-11-14 17:14:00", "elapsed": 0.628754, "delta": 0.001754}}
{"target": 0.6817004932211219, "params": {"p1": -1.6177832990629641, "p2": 1.8347945627773012, "p3": 275.8088734634822}, "datetime": {"datetime": "2023-11-14 17:14:00", "elapsed": 0.63033, "delta": 0.001576}}
{"target": 0.6797474378022353, "params": {"p1": -2.109948625018339, "p2": 1.9379559394670913, "p3": 259.1153951767874}, "datetime": {"datetime": "2023-11-14 17:14:00", "elapsed": 0.631875, "delta": 0.001545}}
{"target": 0.6843045671129707, "params": {"p1": -2.0514821440324527, "p2": 2.431729811441155, "p3": 457.76749423006925}, "datetime": {"datetime": "2023-11-14 17:14:00", "elapsed": 0.633403, "delta": 0.001528}}
{"target": 0.7028585935923931, "params": {"p1": -2.2376521541137655, "p2": 1.91441988687505, "p3": 444.5786516584401}, "datetime": {"datetime": "2023-11-14 17:14:00", "elapsed": 0.634947, "delta": 0.001544}}
{"target": 0.6637974852146618, "params": {"p1": -1.9031626869484741, "p2": 2.4861870507354378, "p3": 249.21840541916328}, "datetime": {"datetime": "2023-11-14 17:14:00", "elapsed": 0.636482, "delta": 0.001535}}
{"target": 0.6904892426061116, "params": {"p1": -2.1812812060600333, "p2": 1.6916173690453566, "p3": 117.93023882142924}, "datetime": {"datetime": "2023-11-14 17:14:00", "elapsed": 0.638039, "delta": 0.001557}}
{"target": 0.6843045671129707, "params": {"p1": -1.9921386158673413, "p2": 2.2222853539871315, "p3": 318.04035260506146}, "datetime": {"datetime": "2023-11-14 17:14:00", "elapsed": 0.639583, "delta": 0.001544}}
{"target": 0.6885361871872249, "params": {"p1": -2.3646127321079353, "p2": 1.7340496639036966, "p3": 215.50246703110062}, "datetime": {"datetime": "2023-11-14 17:14:00", "elapsed": 0.641126, "delta": 0.001543}}
{"target": 0.6670525775794727, "params": {"p1": -1.61181782229745, "p2": 2.017454478339404, "p3": 539.0108704342427}, "datetime": {"datetime": "2023-11-14 17:14:00", "elapsed": 0.642655, "delta": 0.001529}}
{"target": 0.6911402610790737, "params": {"p1": -2.071000050208009, "p2": 1.7582438633100188, "p3": 398.20499660522756}, "datetime": {"datetime": "2023-11-14 17:14:00", "elapsed": 0.644188, "delta": 0.001533}}
{"target": 0.6843045671129707, "params": {"p1": -2.1983200848411437, "p2": 1.58496830428644, "p3": 286.4252912877556}, "datetime": {"datetime": "2023-11-14 17:14:00", "elapsed": 0.645762, "delta": 0.001574}}
{"target": 0.6878851687142628, "params": {"p1": -2.2224582015975036, "p2": 2.003634546667251, "p3": 386.9018068135484}, "datetime": {"datetime": "2023-11-14 17:14:00", "elapsed": 0.647307, "delta": 0.001545}}
{"target": 0.6761668362009433, "params": {"p1": -2.2562402029665005, "p2": 2.0442393047513447, "p3": 175.5635040312635}, "datetime": {"datetime": "2023-11-14 17:14:00", "elapsed": 0.648851, "delta": 0.001544}}
{"target": 0.6914657703155548, "params": {"p1": -1.656206265435486, "p2": 1.894261264512597, "p3": 182.42936725599395}, "datetime": {"datetime": "2023-11-14 17:14:00", "elapsed": 0.650404, "delta": 0.001553}}
{"target": 0.6914657703155548, "params": {"p1": -2.2238938520398417, "p2": 1.9315546100685064, "p3": 428.0517831420895}, "datetime": {"datetime": "2023-11-14 17:14:00", "elapsed": 0.651951, "delta": 0.001547}}
{"target": 0.6709586884172458, "params": {"p1": -1.5174830441779736, "p2": 1.529164240079722, "p3": 437.05294785594174}, "datetime": {"datetime": "2023-11-14 17:14:00", "elapsed": 0.653487, "delta": 0.001536}}
{"target": 0.6976504458086956, "params": {"p1": -2.138697518426836, "p2": 1.5846812261017962, "p3": 341.9349340072066}, "datetime": {"datetime": "2023-11-14 17:14:00", "elapsed": 0.655087, "delta": 0.0016}}
{"target": 0.6895127148966682, "params": {"p1": -2.284113679594983, "p2": 1.606907030792374, "p3": 471.02987206742097}, "datetime": {"datetime": "2023-11-14 17:14:00", "elapsed": 0.656735, "delta": 0.001648}}
{"target": 0.6787709100927921, "params": {"p1": -1.6592654622202776, "p2": 2.0855778844842194, "p3": 415.66751350896}, "datetime": {"datetime": "2023-11-14 17:14:00", "elapsed": 0.658308, "delta": 0.001573}}
{"target": 0.6872341502413005, "params": {"p1": -1.5861046737096776, "p2": 1.8379943643622227, "p3": 206.45106949454674}, "datetime": {"datetime": "2023-11-14 17:14:00", "elapsed": 0.659892, "delta": 0.001584}}
{"target": 0.6966739180992523, "params": {"p1": -2.3386379758676874, "p2": 1.7837060049283657, "p3": 183.53404834285405}, "datetime": {"datetime": "2023-11-14 17:14:00", "elapsed": 0.66143, "delta": 0.001538}}
{"target": 0.6839790578764896, "params": {"p1": -1.9789170177903161, "p2": 1.797792931616875, "p3": 344.3987555005622}, "datetime": {"datetime": "2023-11-14 17:14:00", "elapsed": 0.663006, "delta": 0.001576}}
{"target": 0.6856066040588951, "params": {"p1": -1.8489054009284185, "p2": 1.8762784462963085, "p3": 418.0400209394118}, "datetime": {"datetime": "2023-11-14 17:14:00", "elapsed": 0.664574, "delta": 0.001568}}
{"target": 0.699277991991101, "params": {"p1": -2.4144989817577107, "p2": 2.0112042512734725, "p3": 377.1418417931624}, "datetime": {"datetime": "2023-11-14 17:14:00", "elapsed": 0.666166, "delta": 0.001592}}
{"target": 0.6690056329983592, "params": {"p1": -1.8755670633558323, "p2": 2.3762068458283387, "p3": 393.3187351701035}, "datetime": {"datetime": "2023-11-14 17:14:00", "elapsed": 0.667737, "delta": 0.001571}}
{"target": 0.6898382241331493, "params": {"p1": -1.5958197366866242, "p2": 1.7047501563925165, "p3": 132.7631233786474}, "datetime": {"datetime": "2023-11-14 17:14:00", "elapsed": 0.66932, "delta": 0.001583}}
{"target": 0.6810494747481597, "params": {"p1": -1.5691809465547175, "p2": 1.564630911972757, "p3": 290.8449868523576}, "datetime": {"datetime": "2023-11-14 17:14:00", "elapsed": 0.670886, "delta": 0.001566}}
{"target": 0.6937443349709225, "params": {"p1": -2.426034075686723, "p2": 1.8696766957951567, "p3": 242.7950326673506}, "datetime": {"datetime": "2023-11-14 17:14:00", "elapsed": 0.672452, "delta": 0.001566}}
{"target": 0.6849555855859328, "params": {"p1": -1.87843831061341, "p2": 2.404590665696368, "p3": 384.6362538946395}, "datetime": {"datetime": "2023-11-14 17:14:00", "elapsed": 0.67404, "delta": 0.001588}}
{"target": 0.6878851687142628, "params": {"p1": -2.4042581228922613, "p2": 2.082438905459269, "p3": 122.42456113933751}, "datetime": {"datetime": "2023-11-14 17:14:00", "elapsed": 0.675669, "delta": 0.001629}}
{"target": 0.6803984562751976, "params": {"p1": -1.7338589478653286, "p2": 2.1102217352430497, "p3": 123.90900549123262}, "datetime": {"datetime": "2023-11-14 17:14:00", "elapsed": 0.677245, "delta": 0.001576}}
{"target": 0.6803984562751976, "params": {"p1": -1.9452872573849405, "p2": 1.8187379714910894, "p3": 422.213503551513}, "datetime": {"datetime": "2023-11-14 17:14:00", "elapsed": 0.678845, "delta": 0.0016}}
{"target": 0.6800729470387165, "params": {"p1": -1.8587889114331513, "p2": 2.2306856070754115, "p3": 292.7987876871984}, "datetime": {"datetime": "2023-11-14 17:14:00", "elapsed": 0.680454, "delta": 0.001609}}
{"target": 0.6872341502413005, "params": {"p1": -1.9668124980073616, "p2": 1.7583713171410698, "p3": 300.14638527179477}, "datetime": {"datetime": "2023-11-14 17:14:00", "elapsed": 0.682068, "delta": 0.001614}}
{"target": 0.6937443349709225, "params": {"p1": -2.1890189140514127, "p2": 1.5388419323076437, "p3": 247.91860356574034}, "datetime": {"datetime": "2023-11-14 17:14:00", "elapsed": 0.68365, "delta": 0.001582}}
{"target": 0.6885361871872249, "params": {"p1": -1.9320593757827826, "p2": 1.6588564819511202, "p3": 272.18322349286063}, "datetime": {"datetime": "2023-11-14 17:14:00", "elapsed": 0.685229, "delta": 0.001579}}
{"target": 0.6963484088627712, "params": {"p1": -2.3417283544481475, "p2": 2.4478279620995194, "p3": 394.98978487990644}, "datetime": {"datetime": "2023-11-14 17:14:00", "elapsed": 0.686849, "delta": 0.00162}}
{"target": 0.688861696423706, "params": {"p1": -2.294855472581058, "p2": 2.4566921901829426, "p3": 347.19720912560183}, "datetime": {"datetime": "2023-11-14 17:14:00", "elapsed": 0.688411, "delta": 0.001562}}
{"target": 0.682026002457603, "params": {"p1": -2.037358614448731, "p2": 1.915466254167728, "p3": 334.53189761817293}, "datetime": {"datetime": "2023-11-14 17:14:00", "elapsed": 0.69, "delta": 0.001589}}
{"target": 0.7038351213018363, "params": {"p1": -2.3984541013909677, "p2": 1.9560289683104344, "p3": 459.7940707836629}, "datetime": {"datetime": "2023-11-14 17:14:00", "elapsed": 0.691599, "delta": 0.001599}}
{"target": 0.6650995221605861, "params": {"p1": -1.8452585934829193, "p2": 2.3846386087514446, "p3": 158.62617272264131}, "datetime": {"datetime": "2023-11-14 17:14:00", "elapsed": 0.693153, "delta": 0.001554}}
{"target": 0.6947208626803657, "params": {"p1": -2.000930310894239, "p2": 1.8202886115036088, "p3": 339.3108168707888}, "datetime": {"datetime": "2023-11-14 17:14:00", "elapsed": 0.694712, "delta": 0.001559}}
{"target": 0.6670525775794727, "params": {"p1": -1.8356192410754444, "p2": 2.423635186885753, "p3": 191.27093816280671}, "datetime": {"datetime": "2023-11-14 17:14:00", "elapsed": 0.696343, "delta": 0.001631}}
{"target": 0.6885361871872249, "params": {"p1": -2.0479579125608565, "p2": 1.904773357786985, "p3": 115.88735006473566}, "datetime": {"datetime": "2023-11-14 17:14:00", "elapsed": 0.698007, "delta": 0.001664}}
{"target": 0.6849555855859328, "params": {"p1": -2.226218068837933, "p2": 2.1742353564324284, "p3": 292.9928966846062}, "datetime": {"datetime": "2023-11-14 17:14:00", "elapsed": 0.699688, "delta": 0.001681}}
{"target": 0.6950463719168468, "params": {"p1": -1.9141470751488723, "p2": 2.282781369464182, "p3": 538.784048583973}, "datetime": {"datetime": "2023-11-14 17:14:00", "elapsed": 0.701309, "delta": 0.001621}}
{"target": 0.6745392900185379, "params": {"p1": -1.7463919044014644, "p2": 1.8885582507663705, "p3": 456.23264758400137}, "datetime": {"datetime": "2023-11-14 17:14:00", "elapsed": 0.702887, "delta": 0.001578}}
{"target": 0.7067647044301661, "params": {"p1": -2.376580876091882, "p2": 1.8221240746318794, "p3": 474.4012838012427}, "datetime": {"datetime": "2023-11-14 17:14:00", "elapsed": 0.704481, "delta": 0.001594}}
{"target": 0.6911402610790737, "params": {"p1": -1.9450033518594587, "p2": 1.5041154285478209, "p3": 332.89681345065094}, "datetime": {"datetime": "2023-11-14 17:14:00", "elapsed": 0.706112, "delta": 0.001631}}
